#
# There is insufficient memory for the Java Runtime Environment to continue.
# Native memory allocation (mmap) failed to map 63438848 bytes for committing reserved memory.
# Possible reasons:
#   The system is out of physical RAM or swap space
#   In 32 bit mode, the process size limit was hit
# Possible solutions:
#   Reduce memory load on the system
#   Increase physical memory or swap space
#   Check if swap backing store is full
#   Use 64 bit Java on a 64 bit OS
#   Decrease Java heap size (-Xmx/-Xms)
#   Decrease number of Java threads
#   Decrease Java thread stack sizes (-Xss)
#   Set larger code cache with -XX:ReservedCodeCacheSize=
# This output file may be truncated or incomplete.
#
#  Out of Memory Error (os_linux.cpp:2671), pid=6400, tid=1673386816
#
# JRE version: Java(TM) SE Runtime Environment (8.0_31-b13) (build 1.8.0_31-b13)
# Java VM: Java HotSpot(TM) Server VM (25.31-b07 mixed mode linux-x86 )
# Failed to write core dump. Core dumps have been disabled. To enable core dumping, try "ulimit -c unlimited" before starting Java again
#

---------------  T H R E A D  ---------------

Current thread (0x63a81000):  VMThread [stack: 0x63b5d000,0x63bde000] [id=6410]

Stack: [0x63b5d000,0x63bde000],  sp=0x63bdc890,  free space=510k
Native frames: (J=compiled Java code, j=interpreted, Vv=VM code, C=native code)
V  [libjvm.so+0x8941c9]  VMError::report_and_die()+0x179
V  [libjvm.so+0x375385]  report_vm_out_of_memory(char const*, int, unsigned int, VMErrorType, char const*)+0x55
V  [libjvm.so+0x720f66]  os::Linux::commit_memory_impl(char*, unsigned int, bool)+0xe6
V  [libjvm.so+0x721388]  os::pd_commit_memory(char*, unsigned int, unsigned int, bool)+0x28
V  [libjvm.so+0x71ad5c]  os::commit_memory(char*, unsigned int, unsigned int, bool)+0x2c
V  [libjvm.so+0x782e98]  PSVirtualSpace::expand_by(unsigned int)+0x48
V  [libjvm.so+0x7762d1]  PSOldGen::expand(unsigned int)+0x141
V  [libjvm.so+0x77639f]  PSOldGen::resize(unsigned int)+0x8f
V  [libjvm.so+0x77cde4]  PSParallelCompact::invoke_no_policy(bool)+0x8a4
V  [libjvm.so+0x7814fd]  PSScavenge::invoke()+0x16d
V  [libjvm.so+0x7418ba]  ParallelScavengeHeap::failed_mem_allocate(unsigned int)+0x5a
V  [libjvm.so+0x89591a]  VM_ParallelGCFailedAllocation::doit()+0x7a
V  [libjvm.so+0x89ea77]  VM_Operation::evaluate()+0x47
V  [libjvm.so+0x89cb43]  VMThread::evaluate_operation(VM_Operation*)+0xb3
V  [libjvm.so+0x89cee0]  VMThread::loop()+0x1b0
V  [libjvm.so+0x89d345]  VMThread::run()+0x85
V  [libjvm.so+0x723929]  java_start(Thread*)+0x119
C  [libpthread.so.0+0x6f70]  start_thread+0xd0

VM_Operation (0x633a9324): ParallelGCFailedAllocation, mode: safepoint, requested by thread 0x63290400


---------------  P R O C E S S  ---------------

Java Threads: ( => current thread )
  0x63293000 JavaThread "pool-2-thread-4" [_thread_blocked, id=6423, stack(0x6310d000,0x6315e000)]
  0x63291800 JavaThread "pool-2-thread-3" [_thread_blocked, id=6422, stack(0x6315e000,0x631af000)]
  0x63290400 JavaThread "pool-2-thread-2" [_thread_blocked, id=6421, stack(0x6335a000,0x633ab000)]
  0x63287800 JavaThread "pool-3-thread-1" [_thread_blocked, id=6420, stack(0x631af000,0x63200000)]
  0x63284800 JavaThread "pool-2-thread-1" [_thread_blocked, id=6419, stack(0x63305000,0x63356000)]
  0x63aaa800 JavaThread "Service Thread" daemon [_thread_blocked, id=6417, stack(0x6342c000,0x6347d000)]
  0x63aa7400 JavaThread "C1 CompilerThread2" daemon [_thread_blocked, id=6416, stack(0x6347d000,0x634fe000)]
  0x63aa5c00 JavaThread "C2 CompilerThread1" daemon [_thread_blocked, id=6415, stack(0x634fe000,0x6357f000)]
  0x63aa4000 JavaThread "C2 CompilerThread0" daemon [_thread_blocked, id=6414, stack(0x6357f000,0x63600000)]
  0x63aa2400 JavaThread "Signal Dispatcher" daemon [_thread_blocked, id=6413, stack(0x63b0c000,0x63b5d000)]
  0x63a85800 JavaThread "Finalizer" daemon [_thread_blocked, id=6412, stack(0x6672e000,0x6677f000)]
  0x63a84000 JavaThread "Reference Handler" daemon [_thread_blocked, id=6411, stack(0x6692e000,0x6697f000)]
  0xb6607800 JavaThread "main" [_thread_blocked, id=6405, stack(0xb6703000,0xb6754000)]

Other Threads:
=>0x63a81000 VMThread [stack: 0x63b5d000,0x63bde000] [id=6410]
  0x63aac000 WatcherThread [stack: 0x633ab000,0x6342c000] [id=6418]

VM state:at safepoint (normal execution)

VM Mutex/Monitor currently owned by a thread:  ([mutex/lock_event])
[0xb66049b8] ExpandHeap_lock - owner thread: 0x63a81000
[0xb6604f00] Threads_lock - owner thread: 0x63a81000
[0xb6605310] Heap_lock - owner thread: 0x63290400

Heap:
 PSYoungGen      total 271104K, used 26257K [0x91ac0000, 0xa5080000, 0xa7000000)
  eden space 236288K, 0% used [0x91ac0000,0x91ac0000,0xa0180000)
  from space 34816K, 75% used [0xa2700000,0xa40a4730,0xa4900000)
  to   space 38400K, 0% used [0xa0180000,0xa0180000,0xa2700000)
 ParOldGen       total 84992K, used 84958K [0x67000000, 0x6c300000, 0x91ac0000)
  object space 84992K, 99% used [0x67000000,0x6c2f7be8,0x6c300000)
 Metaspace       used 4213K, capacity 4262K, committed 4376K, reserved 4400K

Card table byte_map: [0x66dff000,0x67000000] byte_map_base: 0x66ac7000

Marking Bits: (ParMarkBitMap*) 0xb7153580
 Begin Bits: [0x64600000, 0x65600000)
 End Bits:   [0x65600000, 0x66600000)

Polling page: 0xb7757000

CodeCache: size=245760Kb used=7801Kb max_used=7810Kb free=237958Kb
 bounds [0xa7567000, 0xa7d17000, 0xb6567000]
 total_blobs=2453 nmethods=2294 adapters=74
 compilation: enabled

Compilation events (10 events):
Event: 7.015 Thread 0x63aa7400 2483       3       com.android.dx.ssa.back.FirstFitLocalCombiningAllocator::getLocalItemForReg (97 bytes)
Event: 7.017 Thread 0x63aa7400 nmethod 2483 0xa7cb9a48 code [0xa7cb9c60, 0xa7cba880]
Event: 7.024 Thread 0x63aa7400 2484 % !   3       com.android.dx.cf.direct.MemberListParser::parse @ 90 (641 bytes)
Event: 7.039 Thread 0x63aa5c00 nmethod 2461 0xa7cf2d08 code [0xa7cf41a0, 0xa7cf9fd0]
Event: 7.039 Thread 0x63aa5c00 2476       4       com.android.dx.rop.code.BasicBlockList::getInstructionCount (48 bytes)
Event: 7.041 Thread 0x63aa7400 nmethod 2484% 0xa7d02108 code [0xa7d02dc0, 0xa7d0a278]
Event: 7.044 Thread 0x63aa5c00 nmethod 2476 0xa7cb6888 code [0xa7cb69a0, 0xa7cb6b50]
Event: 7.044 Thread 0x63aa5c00 2308   !   4       com.android.dx.rop.type.Type::intern (319 bytes)
Event: 7.077 Thread 0x63aa7400 2485       3       com.android.dx.rop.type.StdTypeList::getWordCount (33 bytes)
Event: 7.078 Thread 0x63aa7400 nmethod 2485 0xa7cb9208 code [0xa7cb9360, 0xa7cb9858]

GC Heap History (10 events):
Event: 3.681 GC heap after
Heap after GC invocations=9 (full 0):
 PSYoungGen      total 138752K, used 19703K [0x91ac0000, 0xa0b40000, 0xa7000000)
  eden space 119040K, 0% used [0x91ac0000,0x91ac0000,0x98f00000)
  from space 19712K, 99% used [0x98f00000,0x9a23dc60,0x9a240000)
  to   space 27904K, 0% used [0x9f000000,0x9f000000,0xa0b40000)
 ParOldGen       total 42496K, used 30098K [0x67000000, 0x69980000, 0x91ac0000)
  object space 42496K, 70% used [0x67000000,0x68d64b20,0x69980000)
 Metaspace       used 4108K, capacity 4134K, committed 4248K, reserved 4400K
}
Event: 4.360 GC heap before
{Heap before GC invocations=10 (full 0):
 PSYoungGen      total 138752K, used 138743K [0x91ac0000, 0xa0b40000, 0xa7000000)
  eden space 119040K, 100% used [0x91ac0000,0x98f00000,0x98f00000)
  from space 19712K, 99% used [0x98f00000,0x9a23dc60,0x9a240000)
  to   space 27904K, 0% used [0x9f000000,0x9f000000,0xa0b40000)
 ParOldGen       total 42496K, used 30098K [0x67000000, 0x69980000, 0x91ac0000)
  object space 42496K, 70% used [0x67000000,0x68d64b20,0x69980000)
 Metaspace       used 4152K, capacity 4198K, committed 4248K, reserved 4400K
Event: 4.433 GC heap after
Heap after GC invocations=10 (full 0):
 PSYoungGen      total 214016K, used 26408K [0x91ac0000, 0xa13c0000, 0xa7000000)
  eden space 186112K, 0% used [0x91ac0000,0x91ac0000,0x9d080000)
  from space 27904K, 94% used [0x9f000000,0xa09ca030,0xa0b40000)
  to   space 32256K, 0% used [0x9d080000,0x9d080000,0x9f000000)
 ParOldGen       total 42496K, used 39758K [0x67000000, 0x69980000, 0x91ac0000)
  object space 42496K, 93% used [0x67000000,0x696d3b98,0x69980000)
 Metaspace       used 4152K, capacity 4198K, committed 4248K, reserved 4400K
}
Event: 4.433 GC heap before
{Heap before GC invocations=11 (full 1):
 PSYoungGen      total 214016K, used 26408K [0x91ac0000, 0xa13c0000, 0xa7000000)
  eden space 186112K, 0% used [0x91ac0000,0x91ac0000,0x9d080000)
  from space 27904K, 94% used [0x9f000000,0xa09ca030,0xa0b40000)
  to   space 32256K, 0% used [0x9d080000,0x9d080000,0x9f000000)
 ParOldGen       total 42496K, used 39758K [0x67000000, 0x69980000, 0x91ac0000)
  object space 42496K, 93% used [0x67000000,0x696d3b98,0x69980000)
 Metaspace       used 4152K, capacity 4198K, committed 4248K, reserved 4400K
Event: 4.864 GC heap after
Heap after GC invocations=11 (full 1):
 PSYoungGen      total 214016K, used 20039K [0x91ac0000, 0xa13c0000, 0xa7000000)
  eden space 186112K, 0% used [0x91ac0000,0x91ac0000,0x9d080000)
  from space 27904K, 71% used [0x9f000000,0xa0391df0,0xa0b40000)
  to   space 32256K, 0% used [0x9d080000,0x9d080000,0x9f000000)
 ParOldGen       total 78592K, used 42400K [0x67000000, 0x6bcc0000, 0x91ac0000)
  object space 78592K, 53% used [0x67000000,0x69968118,0x6bcc0000)
 Metaspace       used 4152K, capacity 4198K, committed 4248K, reserved 4400K
}
Event: 5.745 GC heap before
{Heap before GC invocations=12 (full 1):
 PSYoungGen      total 214016K, used 206151K [0x91ac0000, 0xa13c0000, 0xa7000000)
  eden space 186112K, 100% used [0x91ac0000,0x9d080000,0x9d080000)
  from space 27904K, 71% used [0x9f000000,0xa0391df0,0xa0b40000)
  to   space 32256K, 0% used [0x9d080000,0x9d080000,0x9f000000)
 ParOldGen       total 78592K, used 42400K [0x67000000, 0x6bcc0000, 0x91ac0000)
  object space 78592K, 53% used [0x67000000,0x69968118,0x6bcc0000)
 Metaspace       used 4201K, capacity 4230K, committed 4248K, reserved 4400K
Event: 5.861 GC heap after
Heap after GC invocations=12 (full 1):
 PSYoungGen      total 218368K, used 24314K [0x91ac0000, 0xa4900000, 0xa7000000)
  eden space 186112K, 0% used [0x91ac0000,0x91ac0000,0x9d080000)
  from space 32256K, 75% used [0x9d080000,0x9e83e860,0x9f000000)
  to   space 34816K, 0% used [0xa2700000,0xa2700000,0xa4900000)
 ParOldGen       total 78592K, used 61505K [0x67000000, 0x6bcc0000, 0x91ac0000)
  object space 78592K, 78% used [0x67000000,0x6ac106b8,0x6bcc0000)
 Metaspace       used 4201K, capacity 4230K, committed 4248K, reserved 4400K
}
Event: 7.130 GC heap before
{Heap before GC invocations=13 (full 1):
 PSYoungGen      total 218368K, used 210426K [0x91ac0000, 0xa4900000, 0xa7000000)
  eden space 186112K, 100% used [0x91ac0000,0x9d080000,0x9d080000)
  from space 32256K, 75% used [0x9d080000,0x9e83e860,0x9f000000)
  to   space 34816K, 0% used [0xa2700000,0xa2700000,0xa4900000)
 ParOldGen       total 78592K, used 61505K [0x67000000, 0x6bcc0000, 0x91ac0000)
  object space 78592K, 78% used [0x67000000,0x6ac106b8,0x6bcc0000)
 Metaspace       used 4213K, capacity 4262K, committed 4376K, reserved 4400K
Event: 7.249 GC heap after
Heap after GC invocations=13 (full 1):
 PSYoungGen      total 271104K, used 28860K [0x91ac0000, 0xa5080000, 0xa7000000)
  eden space 236288K, 0% used [0x91ac0000,0x91ac0000,0xa0180000)
  from space 34816K, 82% used [0xa2700000,0xa432f0e8,0xa4900000)
  to   space 38400K, 0% used [0xa0180000,0xa0180000,0xa2700000)
 ParOldGen       total 84992K, used 84495K [0x67000000, 0x6c300000, 0x91ac0000)
  object space 84992K, 99% used [0x67000000,0x6c283fd0,0x6c300000)
 Metaspace       used 4213K, capacity 4262K, committed 4376K, reserved 4400K
}
Event: 7.249 GC heap before
{Heap before GC invocations=14 (full 2):
 PSYoungGen      total 271104K, used 28860K [0x91ac0000, 0xa5080000, 0xa7000000)
  eden space 236288K, 0% used [0x91ac0000,0x91ac0000,0xa0180000)
  from space 34816K, 82% used [0xa2700000,0xa432f0e8,0xa4900000)
  to   space 38400K, 0% used [0xa0180000,0xa0180000,0xa2700000)
 ParOldGen       total 84992K, used 84495K [0x67000000, 0x6c300000, 0x91ac0000)
  object space 84992K, 99% used [0x67000000,0x6c283fd0,0x6c300000)
 Metaspace       used 4213K, capacity 4262K, committed 4376K, reserved 4400K

Deoptimization events (10 events):
Event: 3.941 Thread 0xb6607800 Uncommon trap: reason=bimorphic action=maybe_recompile pc=0xa7b55984 method=com.android.dx.cf.code.BytecodeArray.parseInstruction(ILcom/android/dx/cf/code/BytecodeArray$Visitor;)I @ 1417
Event: 3.941 Thread 0xb6607800 Uncommon trap: reason=bimorphic action=maybe_recompile pc=0xa7b55984 method=com.android.dx.cf.code.BytecodeArray.parseInstruction(ILcom/android/dx/cf/code/BytecodeArray$Visitor;)I @ 1417
Event: 4.138 Thread 0x63290400 Uncommon trap: reason=unreached action=reinterpret pc=0xa78abfb8 method=java.util.HashMap.putVal(ILjava/lang/Object;Ljava/lang/Object;ZZ)Ljava/lang/Object; @ 109
Event: 5.282 Thread 0x63290400 Uncommon trap: reason=bimorphic action=maybe_recompile pc=0xa7bd66a8 method=com.android.dx.rop.code.RegisterSpec.withSimpleType()Lcom/android/dx/rop/code/RegisterSpec; @ 21
Event: 5.283 Thread 0x63290400 Uncommon trap: reason=bimorphic action=maybe_recompile pc=0xa7bd66a8 method=com.android.dx.rop.code.RegisterSpec.withSimpleType()Lcom/android/dx/rop/code/RegisterSpec; @ 21
Event: 5.318 Thread 0x63291800 Uncommon trap: reason=bimorphic action=maybe_recompile pc=0xa7bd66a8 method=com.android.dx.rop.code.RegisterSpec.withSimpleType()Lcom/android/dx/rop/code/RegisterSpec; @ 21
Event: 5.327 Thread 0x63291800 Uncommon trap: reason=unreached action=reinterpret pc=0xa7bd66cc method=com.android.dx.rop.code.RegisterSpec.intersect(Lcom/android/dx/rop/code/RegisterSpec;Z)Lcom/android/dx/rop/code/RegisterSpec; @ 59
Event: 5.713 Thread 0x63291800 Uncommon trap: reason=unreached action=reinterpret pc=0xa7c5bd9c method=com.android.dx.cf.code.BaseMachine.getLocalTarget(Z)Lcom/android/dx/rop/code/RegisterSpec; @ 131
Event: 6.592 Thread 0x63290400 Uncommon trap: reason=bimorphic action=maybe_recompile pc=0xa7c66268 method=com.android.dx.cf.code.BytecodeArray.parseInstruction(ILcom/android/dx/cf/code/BytecodeArray$Visitor;)I @ 1357
Event: 6.595 Thread 0x63290400 Uncommon trap: reason=bimorphic action=maybe_recompile pc=0xa7c66268 method=com.android.dx.cf.code.BytecodeArray.parseInstruction(ILcom/android/dx/cf/code/BytecodeArray$Visitor;)I @ 1357

Internal exceptions (10 events):
Event: 1.297 Thread 0x63284800 Implicit null exception at 0xa77c07a3 to 0xa77c2115
Event: 1.321 Thread 0x63293000 Exception <a 'java/security/PrivilegedActionException'> (0x926c7a18) thrown at [/HUDSON3/workspace/8-2-build-linux-i586/jdk8u31/2394/hotspot/src/share/vm/prims/jvm.cpp, line 1312]
Event: 1.489 Thread 0x63284800 Implicit null exception at 0xa77b88aa to 0xa77ba7c5
Event: 1.501 Thread 0xb6607800 Exception <a 'java/security/PrivilegedActionException'> (0x937b9a48) thrown at [/HUDSON3/workspace/8-2-build-linux-i586/jdk8u31/2394/hotspot/src/share/vm/prims/jvm.cpp, line 1312]
Event: 2.154 Thread 0xb6607800 Exception <a 'java/security/PrivilegedActionException'> (0x946bcf80) thrown at [/HUDSON3/workspace/8-2-build-linux-i586/jdk8u31/2394/hotspot/src/share/vm/prims/jvm.cpp, line 1312]
Event: 2.471 Thread 0x63290400 Exception <a 'java/security/PrivilegedActionException'> (0x93795228) thrown at [/HUDSON3/workspace/8-2-build-linux-i586/jdk8u31/2394/hotspot/src/share/vm/prims/jvm.cpp, line 1312]
Event: 2.790 Thread 0xb6607800 Exception <a 'java/lang/ArrayIndexOutOfBoundsException': 18> (0x91cb84e8) thrown at [/HUDSON3/workspace/8-2-build-linux-i586/jdk8u31/2394/hotspot/src/share/vm/interpreter/interpreterRuntime.cpp, line 366]
Event: 2.791 Thread 0xb6607800 Exception <a 'java/lang/ArrayIndexOutOfBoundsException': 145> (0x91cb9cb0) thrown at [/HUDSON3/workspace/8-2-build-linux-i586/jdk8u31/2394/hotspot/src/share/vm/interpreter/interpreterRuntime.cpp, line 366]
Event: 2.791 Thread 0xb6607800 Exception <a 'java/lang/ArrayIndexOutOfBoundsException'> (0x91cbacd0) thrown at [/HUDSON3/workspace/8-2-build-linux-i586/jdk8u31/2394/hotspot/src/share/vm/runtime/sharedRuntime.cpp, line 604]
Event: 4.947 Thread 0xb6607800 Exception <a 'java/security/PrivilegedActionException'> (0x91e4ee70) thrown at [/HUDSON3/workspace/8-2-build-linux-i586/jdk8u31/2394/hotspot/src/share/vm/prims/jvm.cpp, line 1312]

Events (10 events):
Event: 6.956 Thread 0x63284800 DEOPT UNPACKING pc=0xa75a3310 sp=0x633545fc mode 0
Event: 6.987 Thread 0x63284800 DEOPT PACKING pc=0xa77d8cab sp=0x63354710
Event: 6.987 Thread 0x63284800 DEOPT UNPACKING pc=0xa75a3310 sp=0x633545d0 mode 0
Event: 7.068 Thread 0x63290400 DEOPT PACKING pc=0xa77d8cab sp=0x633a9610
Event: 7.068 Thread 0x63290400 DEOPT UNPACKING pc=0xa75a3310 sp=0x633a94d0 mode 0
Event: 7.108 Thread 0x63284800 DEOPT PACKING pc=0xa78487b9 sp=0x63354610
Event: 7.108 Thread 0x63284800 DEOPT UNPACKING pc=0xa75a3310 sp=0x633544cc mode 0
Event: 7.115 Thread 0x63284800 DEOPT PACKING pc=0xa77eb5cd sp=0x63354630
Event: 7.115 Thread 0x63284800 DEOPT UNPACKING pc=0xa75a3310 sp=0x63354528 mode 0
Event: 7.129 Executing VM operation: ParallelGCFailedAllocation


Dynamic libraries:
08048000-08049000 r-xp 00000000 08:06 1556514    /usr/lib/jvm/java-8-oracle/bin/java
08049000-0804a000 rw-p 00000000 08:06 1556514    /usr/lib/jvm/java-8-oracle/bin/java
08284000-082a6000 rw-p 00000000 00:00 0          [heap]
61a00000-61afb000 rw-p 00000000 00:00 0 
61afb000-61b00000 ---p 00000000 00:00 0 
61b00000-61bea000 rw-p 00000000 00:00 0 
61bea000-61c00000 ---p 00000000 00:00 0 
61e00000-61e80000 rw-p 00000000 00:00 0 
61e80000-61f00000 ---p 00000000 00:00 0 
61f00000-61ff4000 rw-p 00000000 00:00 0 
61ff4000-62000000 ---p 00000000 00:00 0 
62000000-620fa000 rw-p 00000000 00:00 0 
620fa000-62100000 ---p 00000000 00:00 0 
62100000-621f4000 rw-p 00000000 00:00 0 
621f4000-62200000 ---p 00000000 00:00 0 
62200000-622fb000 rw-p 00000000 00:00 0 
622fb000-62300000 ---p 00000000 00:00 0 
62300000-62400000 rw-p 00000000 00:00 0 
62400000-624fa000 rw-p 00000000 00:00 0 
624fa000-62500000 ---p 00000000 00:00 0 
62500000-625ff000 rw-p 00000000 00:00 0 
625ff000-62600000 ---p 00000000 00:00 0 
62600000-626fc000 rw-p 00000000 00:00 0 
626fc000-62700000 ---p 00000000 00:00 0 
62700000-627fd000 rw-p 00000000 00:00 0 
627fd000-62800000 ---p 00000000 00:00 0 
62800000-628fd000 rw-p 00000000 00:00 0 
628fd000-62900000 ---p 00000000 00:00 0 
62a00000-62afb000 rw-p 00000000 00:00 0 
62afb000-62b00000 ---p 00000000 00:00 0 
62c00000-62ce4000 rw-p 00000000 00:00 0 
62ce4000-62d00000 ---p 00000000 00:00 0 
62d00000-62dfb000 rw-p 00000000 00:00 0 
62dfb000-62e00000 ---p 00000000 00:00 0 
62e00000-62eee000 rw-p 00000000 00:00 0 
62eee000-62f00000 ---p 00000000 00:00 0 
62f00000-62ff9000 rw-p 00000000 00:00 0 
62ff9000-63000000 ---p 00000000 00:00 0 
63000000-630fe000 rw-p 00000000 00:00 0 
630fe000-63100000 ---p 00000000 00:00 0 
6310d000-63110000 ---p 00000000 00:00 0 
63110000-6315e000 rw-p 00000000 00:00 0          [stack:6423]
6315e000-63161000 ---p 00000000 00:00 0 
63161000-631af000 rw-p 00000000 00:00 0          [stack:6422]
631af000-631b2000 ---p 00000000 00:00 0 
631b2000-63200000 rw-p 00000000 00:00 0          [stack:6420]
63200000-632fe000 rw-p 00000000 00:00 0 
632fe000-63300000 ---p 00000000 00:00 0 
63305000-63308000 ---p 00000000 00:00 0 
63308000-63356000 rw-p 00000000 00:00 0          [stack:6419]
6335a000-6335d000 ---p 00000000 00:00 0 
6335d000-633ab000 rw-p 00000000 00:00 0          [stack:6421]
633ab000-633ac000 ---p 00000000 00:00 0 
633ac000-6342c000 rw-p 00000000 00:00 0          [stack:6418]
6342c000-6342f000 ---p 00000000 00:00 0 
6342f000-6347d000 rw-p 00000000 00:00 0          [stack:6417]
6347d000-63480000 ---p 00000000 00:00 0 
63480000-634fe000 rw-p 00000000 00:00 0          [stack:6416]
634fe000-63501000 ---p 00000000 00:00 0 
63501000-6357f000 rw-p 00000000 00:00 0          [stack:6415]
6357f000-63582000 ---p 00000000 00:00 0 
63582000-63600000 rw-p 00000000 00:00 0          [stack:6414]
63600000-63800000 r--p 00000000 08:06 1093651    /usr/lib/locale/locale-archive
63800000-638fc000 rw-p 00000000 00:00 0 
638fc000-63900000 ---p 00000000 00:00 0 
63900000-63921000 rw-p 00000000 00:00 0 
63921000-63a00000 ---p 00000000 00:00 0 
63a00000-63aff000 rw-p 00000000 00:00 0 
63aff000-63b00000 ---p 00000000 00:00 0 
63b0c000-63b0f000 ---p 00000000 00:00 0 
63b0f000-63b5d000 rw-p 00000000 00:00 0          [stack:6413]
63b5d000-63b5e000 ---p 00000000 00:00 0 
63b5e000-63bde000 rw-p 00000000 00:00 0          [stack:6410]
63bde000-63db4000 r--s 03cae000 08:06 1516955    /usr/lib/jvm/java-8-oracle/jre/lib/rt.jar
63db4000-641fa000 rw-p 00000000 00:00 0 
641fa000-64200000 ---p 00000000 00:00 0 
64200000-66600000 rw-p 00000000 00:00 0 
66600000-66700000 rw-p 00000000 00:00 0 
6672e000-66731000 ---p 00000000 00:00 0 
66731000-6677f000 rw-p 00000000 00:00 0          [stack:6412]
6677f000-66780000 ---p 00000000 00:00 0 
66780000-66800000 rw-p 00000000 00:00 0          [stack:6409]
66800000-66900000 rw-p 00000000 00:00 0 
6692e000-66931000 ---p 00000000 00:00 0 
66931000-6697f000 rw-p 00000000 00:00 0          [stack:6411]
6697f000-66980000 ---p 00000000 00:00 0 
66980000-66a00000 rw-p 00000000 00:00 0          [stack:6408]
66a00000-66a21000 rw-p 00000000 00:00 0 
66a21000-66b00000 ---p 00000000 00:00 0 
66b30000-66b7f000 rw-p 00000000 00:00 0 
66b7f000-66b80000 ---p 00000000 00:00 0 
66b80000-66c00000 rw-p 00000000 00:00 0          [stack:6407]
66c00000-66c21000 rw-p 00000000 00:00 0 
66c21000-66d00000 ---p 00000000 00:00 0 
66d23000-66d7e000 rw-p 00000000 00:00 0 
66d7e000-66d7f000 ---p 00000000 00:00 0 
66d7f000-66e29000 rw-p 00000000 00:00 0          [stack:6406]
66e29000-66f54000 ---p 00000000 00:00 0 
66f54000-66ff0000 rw-p 00000000 00:00 0 
66ff0000-66fff000 ---p 00000000 00:00 0 
66fff000-6c300000 rw-p 00000000 00:00 0 
6fd3d000-6ff80000 rw-p 00000000 00:00 0 
6ff80000-91ac0000 ---p 00000000 00:00 0 
91ac0000-a5080000 rw-p 00000000 00:00 0 
a5080000-a7000000 ---p 00000000 00:00 0 
a7001000-a7039000 r--s 002cb000 08:06 140098     /home/priya/matrix/Kurukshetra/app/build/intermediates/transforms/jarMerging/debug/jars/1/1f/combined.jar
a7039000-a707b000 rw-p 00000000 00:00 0 
a707b000-a71a7000 ---p 00000000 00:00 0 
a71a7000-a71c6000 rw-p 00000000 00:00 0 
a71c6000-a7567000 ---p 00000000 00:00 0 
a7567000-a7d17000 rwxp 00000000 00:00 0 
a7d17000-b6567000 ---p 00000000 00:00 0 
b6567000-b6580000 r-xp 00000000 08:06 1549768    /usr/lib/jvm/java-8-oracle/jre/lib/i386/libzip.so
b6580000-b6581000 rw-p 00018000 08:06 1549768    /usr/lib/jvm/java-8-oracle/jre/lib/i386/libzip.so
b6581000-b658c000 r-xp 00000000 08:06 1933402    /lib/i386-linux-gnu/libnss_files-2.19.so
b658c000-b658d000 r--p 0000a000 08:06 1933402    /lib/i386-linux-gnu/libnss_files-2.19.so
b658d000-b658e000 rw-p 0000b000 08:06 1933402    /lib/i386-linux-gnu/libnss_files-2.19.so
b658e000-b6598000 r-xp 00000000 08:06 1933406    /lib/i386-linux-gnu/libnss_nis-2.19.so
b6598000-b6599000 r--p 00009000 08:06 1933406    /lib/i386-linux-gnu/libnss_nis-2.19.so
b6599000-b659a000 rw-p 0000a000 08:06 1933406    /lib/i386-linux-gnu/libnss_nis-2.19.so
b659a000-b65af000 r-xp 00000000 08:06 1933415    /lib/i386-linux-gnu/libnsl-2.19.so
b65af000-b65b0000 r--p 00015000 08:06 1933415    /lib/i386-linux-gnu/libnsl-2.19.so
b65b0000-b65b1000 rw-p 00016000 08:06 1933415    /lib/i386-linux-gnu/libnsl-2.19.so
b65b1000-b65b3000 rw-p 00000000 00:00 0 
b65b3000-b65ba000 r-xp 00000000 08:06 1933343    /lib/i386-linux-gnu/libnss_compat-2.19.so
b65ba000-b65bb000 r--p 00006000 08:06 1933343    /lib/i386-linux-gnu/libnss_compat-2.19.so
b65bb000-b65bc000 rw-p 00007000 08:06 1933343    /lib/i386-linux-gnu/libnss_compat-2.19.so
b65c3000-b65d2000 r--s 000df000 08:06 3122779    /home/priya/Android/Sdk/build-tools/23.0.2/lib/dx.jar
b65d2000-b65f6000 r-xp 00000000 08:06 1549783    /usr/lib/jvm/java-8-oracle/jre/lib/i386/libjava.so
b65f6000-b65f7000 rw-p 00023000 08:06 1549783    /usr/lib/jvm/java-8-oracle/jre/lib/i386/libjava.so
b65f7000-b65fe000 r-xp 00000000 08:06 1933332    /lib/i386-linux-gnu/librt-2.19.so
b65fe000-b65ff000 r--p 00006000 08:06 1933332    /lib/i386-linux-gnu/librt-2.19.so
b65ff000-b6600000 rw-p 00007000 08:06 1933332    /lib/i386-linux-gnu/librt-2.19.so
b6600000-b66fa000 rw-p 00000000 00:00 0 
b66fa000-b6700000 ---p 00000000 00:00 0 
b6700000-b6702000 rw-p 00000000 00:00 0 
b6702000-b6703000 r--p 00850000 08:06 1093651    /usr/lib/locale/locale-archive
b6703000-b6706000 ---p 00000000 00:00 0 
b6706000-b6754000 rw-p 00000000 00:00 0          [stack:6405]
b6754000-b6798000 r-xp 00000000 08:06 1933416    /lib/i386-linux-gnu/libm-2.19.so
b6798000-b6799000 r--p 00043000 08:06 1933416    /lib/i386-linux-gnu/libm-2.19.so
b6799000-b679a000 rw-p 00044000 08:06 1933416    /lib/i386-linux-gnu/libm-2.19.so
b679a000-b70d7000 r-xp 00000000 08:06 1549788    /usr/lib/jvm/java-8-oracle/jre/lib/i386/server/libjvm.so
b70d7000-b7143000 rw-p 0093c000 08:06 1549788    /usr/lib/jvm/java-8-oracle/jre/lib/i386/server/libjvm.so
b7143000-b7568000 rw-p 00000000 00:00 0 
b7568000-b7711000 r-xp 00000000 08:06 1933403    /lib/i386-linux-gnu/libc-2.19.so
b7711000-b7713000 r--p 001a9000 08:06 1933403    /lib/i386-linux-gnu/libc-2.19.so
b7713000-b7714000 rw-p 001ab000 08:06 1933403    /lib/i386-linux-gnu/libc-2.19.so
b7714000-b7717000 rw-p 00000000 00:00 0 
b7717000-b771a000 r-xp 00000000 08:06 1933409    /lib/i386-linux-gnu/libdl-2.19.so
b771a000-b771b000 r--p 00002000 08:06 1933409    /lib/i386-linux-gnu/libdl-2.19.so
b771b000-b771c000 rw-p 00003000 08:06 1933409    /lib/i386-linux-gnu/libdl-2.19.so
b771c000-b7730000 r-xp 00000000 08:06 1550414    /usr/lib/jvm/java-8-oracle/lib/i386/jli/libjli.so
b7730000-b7731000 rw-p 00013000 08:06 1550414    /usr/lib/jvm/java-8-oracle/lib/i386/jli/libjli.so
b7731000-b7732000 rw-p 00000000 00:00 0 
b7732000-b774a000 r-xp 00000000 08:06 1933405    /lib/i386-linux-gnu/libpthread-2.19.so
b774a000-b774b000 r--p 00018000 08:06 1933405    /lib/i386-linux-gnu/libpthread-2.19.so
b774b000-b774c000 rw-p 00019000 08:06 1933405    /lib/i386-linux-gnu/libpthread-2.19.so
b774c000-b774e000 rw-p 00000000 00:00 0 
b774e000-b7756000 rw-s 00000000 08:06 385922     /tmp/hsperfdata_priya/6400
b7756000-b7757000 rw-p 00000000 00:00 0 
b7757000-b7758000 ---p 00000000 00:00 0 
b7758000-b7763000 r-xp 00000000 08:06 1549739    /usr/lib/jvm/java-8-oracle/jre/lib/i386/libverify.so
b7763000-b7764000 rw-p 0000b000 08:06 1549739    /usr/lib/jvm/java-8-oracle/jre/lib/i386/libverify.so
b7764000-b7766000 rw-p 00000000 00:00 0 
b7766000-b7767000 r-xp 00000000 00:00 0          [vdso]
b7767000-b7787000 r-xp 00000000 08:06 1936058    /lib/i386-linux-gnu/ld-2.19.so
b7787000-b7788000 r--p 0001f000 08:06 1936058    /lib/i386-linux-gnu/ld-2.19.so
b7788000-b7789000 rw-p 00020000 08:06 1936058    /lib/i386-linux-gnu/ld-2.19.so
bf9bc000-bf9bd000 rwxp 00000000 00:00 0 
bf9ef000-bfa10000 rw-p 00000000 00:00 0          [stack]

VM Arguments:
jvm_args: -Djava.awt.headless=true -Xmx1024M -Dfile.encoding=UTF-8 -Duser.country=IN -Duser.language=en -Duser.variant 
java_command: com.android.dx.command.Main --dex --num-threads=4 --multi-dex --main-dex-list /home/priya/matrix/Kurukshetra/app/build/intermediates/multi-dex/debug/maindexlist.txt --output /home/priya/matrix/Kurukshetra/app/build/intermediates/transforms/dex/debug/folders/1000/1f/main /home/priya/matrix/Kurukshetra/app/build/intermediates/transforms/jarMerging/debug/jars/1/1f/combined.jar
java_class_path (initial): /home/priya/Android/Sdk/build-tools/23.0.2/lib/dx.jar
Launcher Type: SUN_STANDARD

Environment Variables:
JAVA_HOME=/usr/lib/jvm/java-8-oracle
PATH=/usr/local/sbin:/usr/local/bin:/usr/sbin:/usr/bin:/sbin:/bin:/usr/games:/usr/local/games:/home/priya/matrix/proxy/google_appengine/
LD_LIBRARY_PATH=bin:
SHELL=/bin/bash
DISPLAY=:0

Signal Handlers:
SIGSEGV: [libjvm.so+0x894cb0], sa_mask[0]=11111111011111111101111111111110, sa_flags=SA_RESTART|SA_SIGINFO
SIGBUS: [libjvm.so+0x894cb0], sa_mask[0]=11111111011111111101111111111110, sa_flags=SA_RESTART|SA_SIGINFO
SIGFPE: [libjvm.so+0x71dd00], sa_mask[0]=11111111011111111101111111111110, sa_flags=SA_RESTART|SA_SIGINFO
SIGPIPE: [libjvm.so+0x71dd00], sa_mask[0]=11111111011111111101111111111110, sa_flags=SA_RESTART|SA_SIGINFO
SIGXFSZ: [libjvm.so+0x71dd00], sa_mask[0]=11111111011111111101111111111110, sa_flags=SA_RESTART|SA_SIGINFO
SIGILL: [libjvm.so+0x71dd00], sa_mask[0]=11111111011111111101111111111110, sa_flags=SA_RESTART|SA_SIGINFO
SIGUSR1: SIG_DFL, sa_mask[0]=00000000000000000000000000000000, sa_flags=none
SIGUSR2: [libjvm.so+0x71f4b0], sa_mask[0]=00100000000000000000000000000000, sa_flags=SA_RESTART|SA_SIGINFO
SIGHUP: [libjvm.so+0x7209b0], sa_mask[0]=11111111011111111101111111111110, sa_flags=SA_RESTART|SA_SIGINFO
SIGINT: [libjvm.so+0x7209b0], sa_mask[0]=11111111011111111101111111111110, sa_flags=SA_RESTART|SA_SIGINFO
SIGTERM: [libjvm.so+0x7209b0], sa_mask[0]=11111111011111111101111111111110, sa_flags=SA_RESTART|SA_SIGINFO
SIGQUIT: [libjvm.so+0x7209b0], sa_mask[0]=11111111011111111101111111111110, sa_flags=SA_RESTART|SA_SIGINFO


---------------  S Y S T E M  ---------------

OS:DISTRIB_ID=Ubuntu
DISTRIB_RELEASE=14.04
DISTRIB_CODENAME=trusty
DISTRIB_DESCRIPTION="Ubuntu 14.04.1 LTS"

uname:Linux 3.13.0-45-generic #74-Ubuntu SMP Tue Jan 13 19:37:48 UTC 2015 i686
libc:glibc 2.19 NPTL 2.19 
rlimit: STACK 8192k, CORE 0k, NPROC 31374, NOFILE 4096, AS infinity
load average:4.21 3.24 3.01

/proc/meminfo:
MemTotal:        4035208 kB
MemFree:          222728 kB
Buffers:            1764 kB
Cached:           653332 kB
SwapCached:            0 kB
Active:          2618884 kB
Inactive:         639496 kB
Active(anon):    2607168 kB
Inactive(anon):   606668 kB
Active(file):      11716 kB
Inactive(file):    32828 kB
Unevictable:          64 kB
Mlocked:              64 kB
HighTotal:       3182980 kB
HighFree:          56928 kB
LowTotal:         852228 kB
LowFree:          165800 kB
SwapTotal:             0 kB
SwapFree:              0 kB
Dirty:               288 kB
Writeback:             0 kB
AnonPages:       2603748 kB
Mapped:           720128 kB
Shmem:            610152 kB
Slab:              47512 kB
SReclaimable:      21904 kB
SUnreclaim:        25608 kB
KernelStack:        4960 kB
PageTables:        16616 kB
NFS_Unstable:          0 kB
Bounce:               76 kB
WritebackTmp:          0 kB
CommitLimit:     2017604 kB
Committed_AS:    7837052 kB
VmallocTotal:     122880 kB
VmallocUsed:       73656 kB
VmallocChunk:      42280 kB
HardwareCorrupted:     0 kB
AnonHugePages:   1433600 kB
HugePages_Total:       0
HugePages_Free:        0
HugePages_Rsvd:        0
HugePages_Surp:        0
Hugepagesize:       2048 kB
DirectMap4k:       36856 kB
DirectMap2M:      876544 kB


CPU:total 4 (2 cores per cpu, 2 threads per core) family 6 model 69 stepping 1, cmov, cx8, fxsr, mmx, sse, sse2, sse3, ssse3, sse4.1, sse4.2, popcnt, avx, avx2, aes, clmul, erms, lzcnt, ht, tsc, tscinvbit, bmi1, bmi2

/proc/cpuinfo:
processor	: 0
vendor_id	: GenuineIntel
cpu family	: 6
model		: 69
model name	: Intel(R) Core(TM) i5-4210U CPU @ 1.70GHz
stepping	: 1
microcode	: 0x17
cpu MHz		: 782.000
cache size	: 3072 KB
physical id	: 0
siblings	: 4
core id		: 0
cpu cores	: 2
apicid		: 0
initial apicid	: 0
fdiv_bug	: no
f00f_bug	: no
coma_bug	: no
fpu		: yes
fpu_exception	: yes
cpuid level	: 13
wp		: yes
flags		: fpu vme de pse tsc msr pae mce cx8 apic sep mtrr pge mca cmov pat pse36 clflush dts acpi mmx fxsr sse sse2 ss ht tm pbe nx pdpe1gb rdtscp lm constant_tsc arch_perfmon pebs bts xtopology nonstop_tsc aperfmperf eagerfpu pni pclmulqdq dtes64 monitor ds_cpl vmx est tm2 ssse3 fma cx16 xtpr pdcm pcid sse4_1 sse4_2 movbe popcnt tsc_deadline_timer aes xsave avx f16c rdrand lahf_lm abm ida arat epb xsaveopt pln pts dtherm tpr_shadow vnmi flexpriority ept vpid fsgsbase tsc_adjust bmi1 avx2 smep bmi2 erms invpcid
bogomips	: 3392.13
clflush size	: 64
cache_alignment	: 64
address sizes	: 39 bits physical, 48 bits virtual
power management:

processor	: 1
vendor_id	: GenuineIntel
cpu family	: 6
model		: 69
model name	: Intel(R) Core(TM) i5-4210U CPU @ 1.70GHz
stepping	: 1
microcode	: 0x17
cpu MHz		: 1700.000
cache size	: 3072 KB
physical id	: 0
siblings	: 4
core id		: 1
cpu cores	: 2
apicid		: 2
initial apicid	: 2
fdiv_bug	: no
f00f_bug	: no
coma_bug	: no
fpu		: yes
fpu_exception	: yes
cpuid level	: 13
wp		: yes
flags		: fpu vme de pse tsc msr pae mce cx8 apic sep mtrr pge mca cmov pat pse36 clflush dts acpi mmx fxsr sse sse2 ss ht tm pbe nx pdpe1gb rdtscp lm constant_tsc arch_perfmon pebs bts xtopology nonstop_tsc aperfmperf eagerfpu pni pclmulqdq dtes64 monitor ds_cpl vmx est tm2 ssse3 fma cx16 xtpr pdcm pcid sse4_1 sse4_2 movbe popcnt tsc_deadline_timer aes xsave avx f16c rdrand lahf_lm abm ida arat epb xsaveopt pln pts dtherm tpr_shadow vnmi flexpriority ept vpid fsgsbase tsc_adjust bmi1 avx2 smep bmi2 erms invpcid
bogomips	: 3392.13
clflush size	: 64
cache_alignment	: 64
address sizes	: 39 bits physical, 48 bits virtual
power management:

processor	: 2
vendor_id	: GenuineIntel
cpu family	: 6
model		: 69
model name	: Intel(R) Core(TM) i5-4210U CPU @ 1.70GHz
stepping	: 1
microcode	: 0x17
cpu MHz		: 782.000
cache size	: 3072 KB
physical id	: 0
siblings	: 4
core id		: 0
cpu cores	: 2
apicid		: 1
initial apicid	: 1
fdiv_bug	: no
f00f_bug	: no
coma_bug	: no
fpu		: yes
fpu_exception	: yes
cpuid level	: 13
wp		: yes
flags		: fpu vme de pse tsc msr pae mce cx8 apic sep mtrr pge mca cmov pat pse36 clflush dts acpi mmx fxsr sse sse2 ss ht tm pbe nx pdpe1gb rdtscp lm constant_tsc arch_perfmon pebs bts xtopology nonstop_tsc aperfmperf eagerfpu pni pclmulqdq dtes64 monitor ds_cpl vmx est tm2 ssse3 fma cx16 xtpr pdcm pcid sse4_1 sse4_2 movbe popcnt tsc_deadline_timer aes xsave avx f16c rdrand lahf_lm abm ida arat epb xsaveopt pln pts dtherm tpr_shadow vnmi flexpriority ept vpid fsgsbase tsc_adjust bmi1 avx2 smep bmi2 erms invpcid
bogomips	: 3392.13
clflush size	: 64
cache_alignment	: 64
address sizes	: 39 bits physical, 48 bits virtual
power management:

processor	: 3
vendor_id	: GenuineIntel
cpu family	: 6
model		: 69
model name	: Intel(R) Core(TM) i5-4210U CPU @ 1.70GHz
stepping	: 1
microcode	: 0x17
cpu MHz		: 1700.000
cache size	: 3072 KB
physical id	: 0
siblings	: 4
core id		: 1
cpu cores	: 2
apicid		: 3
initial apicid	: 3
fdiv_bug	: no
f00f_bug	: no
coma_bug	: no
fpu		: yes
fpu_exception	: yes
cpuid level	: 13
wp		: yes
flags		: fpu vme de pse tsc msr pae mce cx8 apic sep mtrr pge mca cmov pat pse36 clflush dts acpi mmx fxsr sse sse2 ss ht tm pbe nx pdpe1gb rdtscp lm constant_tsc arch_perfmon pebs bts xtopology nonstop_tsc aperfmperf eagerfpu pni pclmulqdq dtes64 monitor ds_cpl vmx est tm2 ssse3 fma cx16 xtpr pdcm pcid sse4_1 sse4_2 movbe popcnt tsc_deadline_timer aes xsave avx f16c rdrand lahf_lm abm ida arat epb xsaveopt pln pts dtherm tpr_shadow vnmi flexpriority ept vpid fsgsbase tsc_adjust bmi1 avx2 smep bmi2 erms invpcid
bogomips	: 3392.13
clflush size	: 64
cache_alignment	: 64
address sizes	: 39 bits physical, 48 bits virtual
power management:



Memory: 4k page, physical 4035208k(222728k free), swap 0k(0k free)

vm_info: Java HotSpot(TM) Server VM (25.31-b07) for linux-x86 JRE (1.8.0_31-b13), built on Dec 17 2014 20:50:14 by "java_re" with gcc 4.3.0 20080428 (Red Hat 4.3.0-8)

time: Sun Dec 20 07:46:56 2015
elapsed time: 10 seconds (0d 0h 0m 10s)

