#
# There is insufficient memory for the Java Runtime Environment to continue.
# Native memory allocation (mmap) failed to map 146800640 bytes for committing reserved memory.
# Possible reasons:
#   The system is out of physical RAM or swap space
#   In 32 bit mode, the process size limit was hit
# Possible solutions:
#   Reduce memory load on the system
#   Increase physical memory or swap space
#   Check if swap backing store is full
#   Use 64 bit Java on a 64 bit OS
#   Decrease Java heap size (-Xmx/-Xms)
#   Decrease number of Java threads
#   Decrease Java thread stack sizes (-Xss)
#   Set larger code cache with -XX:ReservedCodeCacheSize=
# This output file may be truncated or incomplete.
#
#  Out of Memory Error (os_linux.cpp:2671), pid=10133, tid=1674435392
#
# JRE version: Java(TM) SE Runtime Environment (8.0_31-b13) (build 1.8.0_31-b13)
# Java VM: Java HotSpot(TM) Server VM (25.31-b07 mixed mode linux-x86 )
# Failed to write core dump. Core dumps have been disabled. To enable core dumping, try "ulimit -c unlimited" before starting Java again
#

---------------  T H R E A D  ---------------

Current thread (0x63b81000):  VMThread [stack: 0x63c5d000,0x63cde000] [id=10143]

Stack: [0x63c5d000,0x63cde000],  sp=0x63cdc9b0,  free space=510k
Native frames: (J=compiled Java code, j=interpreted, Vv=VM code, C=native code)
V  [libjvm.so+0x8941c9]  VMError::report_and_die()+0x179
V  [libjvm.so+0x375385]  report_vm_out_of_memory(char const*, int, unsigned int, VMErrorType, char const*)+0x55
V  [libjvm.so+0x720f66]  os::Linux::commit_memory_impl(char*, unsigned int, bool)+0xe6
V  [libjvm.so+0x721388]  os::pd_commit_memory(char*, unsigned int, unsigned int, bool)+0x28
V  [libjvm.so+0x71ad5c]  os::commit_memory(char*, unsigned int, unsigned int, bool)+0x2c
V  [libjvm.so+0x782e98]  PSVirtualSpace::expand_by(unsigned int)+0x48
V  [libjvm.so+0x783f9a]  PSYoungGen::resize_generation(unsigned int, unsigned int)+0xda
V  [libjvm.so+0x7832c9]  PSYoungGen::resize(unsigned int, unsigned int)+0x19
V  [libjvm.so+0x780bfb]  PSScavenge::invoke_no_policy()+0xd2b
V  [libjvm.so+0x7813b8]  PSScavenge::invoke()+0x28
V  [libjvm.so+0x7418ba]  ParallelScavengeHeap::failed_mem_allocate(unsigned int)+0x5a
V  [libjvm.so+0x89591a]  VM_ParallelGCFailedAllocation::doit()+0x7a
V  [libjvm.so+0x89ea77]  VM_Operation::evaluate()+0x47
V  [libjvm.so+0x89cb43]  VMThread::evaluate_operation(VM_Operation*)+0xb3
V  [libjvm.so+0x89cee0]  VMThread::loop()+0x1b0
V  [libjvm.so+0x89d345]  VMThread::run()+0x85
V  [libjvm.so+0x723929]  java_start(Thread*)+0x119
C  [libpthread.so.0+0x6f70]  start_thread+0xd0

VM_Operation (0x630fe304): ParallelGCFailedAllocation, mode: safepoint, requested by thread 0x63340c00


---------------  P R O C E S S  ---------------

Java Threads: ( => current thread )
  0x63345800 JavaThread "pool-2-thread-4" [_thread_blocked, id=10156, stack(0x6305e000,0x630af000)]
  0x63340c00 JavaThread "pool-2-thread-3" [_thread_blocked, id=10155, stack(0x630af000,0x63100000)]
  0x6333f400 JavaThread "pool-2-thread-2" [_thread_blocked, id=10154, stack(0x6320d000,0x6325e000)]
  0x63344800 JavaThread "pool-3-thread-1" [_thread_blocked, id=10153, stack(0x6325e000,0x632af000)]
  0x63333000 JavaThread "pool-2-thread-1" [_thread_blocked, id=10152, stack(0x632af000,0x63300000)]
  0x63baa800 JavaThread "Service Thread" daemon [_thread_blocked, id=10150, stack(0x634db000,0x6352c000)]
  0x63ba7400 JavaThread "C1 CompilerThread2" daemon [_thread_blocked, id=10149, stack(0x6352c000,0x635ad000)]
  0x63ba5c00 JavaThread "C2 CompilerThread1" daemon [_thread_blocked, id=10148, stack(0x635ad000,0x6362e000)]
  0x63ba4000 JavaThread "C2 CompilerThread0" daemon [_thread_blocked, id=10147, stack(0x6362e000,0x636af000)]
  0x63ba2400 JavaThread "Signal Dispatcher" daemon [_thread_blocked, id=10146, stack(0x636af000,0x63700000)]
  0x63b85800 JavaThread "Finalizer" daemon [_thread_blocked, id=10145, stack(0x63c0c000,0x63c5d000)]
  0x63b84000 JavaThread "Reference Handler" daemon [_thread_blocked, id=10144, stack(0x6682e000,0x6687f000)]
  0xb6607800 JavaThread "main" [_thread_blocked, id=10138, stack(0xb6769000,0xb67ba000)]

Other Threads:
=>0x63b81000 VMThread [stack: 0x63c5d000,0x63cde000] [id=10143]
  0x63bac000 WatcherThread [stack: 0x6345a000,0x634db000] [id=10151]

VM state:at safepoint (normal execution)

VM Mutex/Monitor currently owned by a thread:  ([mutex/lock_event])
[0xb6604f00] Threads_lock - owner thread: 0x63b81000
[0xb6605310] Heap_lock - owner thread: 0x63340c00

Heap:
 PSYoungGen      total 141056K, used 16124K [0x91cc0000, 0x9b840000, 0xa7200000)
  eden space 124928K, 0% used [0x91cc0000,0x91cc0000,0x996c0000)
  from space 16128K, 99% used [0x996c0000,0x9a67f398,0x9a680000)
  to   space 14080K, 0% used [0x9a680000,0x9a680000,0x9b440000)
 ParOldGen       total 42496K, used 32153K [0x67200000, 0x69b80000, 0x91cc0000)
  object space 42496K, 75% used [0x67200000,0x69166438,0x69b80000)
 Metaspace       used 4105K, capacity 4134K, committed 4248K, reserved 4400K

Card table byte_map: [0x66fff000,0x67200000] byte_map_base: 0x66cc6000

Marking Bits: (ParMarkBitMap*) 0xb71b9580
 Begin Bits: [0x64700000, 0x65700000)
 End Bits:   [0x65700000, 0x66700000)

Polling page: 0xb77bd000

CodeCache: size=245760Kb used=5802Kb max_used=5805Kb free=239957Kb
 bounds [0xa75cd000, 0xa7b7d000, 0xb65cd000]
 total_blobs=2068 nmethods=1909 adapters=74
 compilation: enabled

Compilation events (10 events):
Event: 4.628 Thread 0x63ba7400 2121       2       com.android.dx.cf.code.ByteCatchList$Item::getExceptionClass (18 bytes)
Event: 4.629 Thread 0x63ba7400 nmethod 2121 0xa7b71788 code [0xa7b718a0, 0xa7b71980]
Event: 4.629 Thread 0x63ba7400 2123       2       com.android.dx.cf.code.Ropper$CatchInfo::getSetup (53 bytes)
Event: 4.629 Thread 0x63ba7400 nmethod 2123 0xa7b71208 code [0xa7b71360, 0xa7b715a4]
Event: 4.629 Thread 0x63ba7400 2119   !   2       com.android.dx.cf.code.ExecutionStack::change (116 bytes)
Event: 4.630 Thread 0x63ba7400 nmethod 2119 0xa7b743c8 code [0xa7b74640, 0xa7b74dd8]
Event: 4.638 Thread 0x63ba7400 2124       2       com.android.dx.ssa.NormalSsaInsn::clone (5 bytes)
Event: 4.638 Thread 0x63ba7400 nmethod 2124 0xa7b73f48 code [0xa7b74080, 0xa7b74238]
Event: 4.639 Thread 0x63ba7400 2125 %     3       com.android.dx.rop.code.DexTranslationAdvice::totalRopWidth @ 10 (36 bytes)
Event: 4.640 Thread 0x63ba7400 nmethod 2125% 0xa7b733c8 code [0xa7b73540, 0xa7b73be4]

GC Heap History (10 events):
Event: 0.440 GC heap after
Heap after GC invocations=2 (full 0):
 PSYoungGen      total 34304K, used 1056K [0x91cc0000, 0x940c0000, 0xa7200000)
  eden space 31744K, 0% used [0x91cc0000,0x91cc0000,0x93bc0000)
  from space 2560K, 41% used [0x93e40000,0x93f48050,0x940c0000)
  to   space 2560K, 0% used [0x93bc0000,0x93bc0000,0x93e40000)
 ParOldGen       total 42496K, used 8K [0x67200000, 0x69b80000, 0x91cc0000)
  object space 42496K, 0% used [0x67200000,0x67202000,0x69b80000)
 Metaspace       used 2265K, capacity 2366K, committed 2456K, reserved 4400K
}
Event: 1.481 GC heap before
{Heap before GC invocations=3 (full 0):
 PSYoungGen      total 34304K, used 32800K [0x91cc0000, 0x940c0000, 0xa7200000)
  eden space 31744K, 100% used [0x91cc0000,0x93bc0000,0x93bc0000)
  from space 2560K, 41% used [0x93e40000,0x93f48050,0x940c0000)
  to   space 2560K, 0% used [0x93bc0000,0x93bc0000,0x93e40000)
 ParOldGen       total 42496K, used 8K [0x67200000, 0x69b80000, 0x91cc0000)
  object space 42496K, 0% used [0x67200000,0x67202000,0x69b80000)
 Metaspace       used 3787K, capacity 3814K, committed 3864K, reserved 4400K
Event: 1.505 GC heap after
Heap after GC invocations=3 (full 0):
 PSYoungGen      total 34304K, used 2545K [0x91cc0000, 0x95fc0000, 0xa7200000)
  eden space 31744K, 0% used [0x91cc0000,0x91cc0000,0x93bc0000)
  from space 2560K, 99% used [0x93bc0000,0x93e3c7f8,0x93e40000)
  to   space 2560K, 0% used [0x95d40000,0x95d40000,0x95fc0000)
 ParOldGen       total 42496K, used 4077K [0x67200000, 0x69b80000, 0x91cc0000)
  object space 42496K, 9% used [0x67200000,0x675fb5c8,0x69b80000)
 Metaspace       used 3787K, capacity 3814K, committed 3864K, reserved 4400K
}
Event: 2.116 GC heap before
{Heap before GC invocations=4 (full 0):
 PSYoungGen      total 34304K, used 34289K [0x91cc0000, 0x95fc0000, 0xa7200000)
  eden space 31744K, 100% used [0x91cc0000,0x93bc0000,0x93bc0000)
  from space 2560K, 99% used [0x93bc0000,0x93e3c7f8,0x93e40000)
  to   space 2560K, 0% used [0x95d40000,0x95d40000,0x95fc0000)
 ParOldGen       total 42496K, used 4077K [0x67200000, 0x69b80000, 0x91cc0000)
  object space 42496K, 9% used [0x67200000,0x675fb5c8,0x69b80000)
 Metaspace       used 3829K, capacity 3846K, committed 3864K, reserved 4400K
Event: 2.147 GC heap after
Heap after GC invocations=4 (full 0):
 PSYoungGen      total 66048K, used 2555K [0x91cc0000, 0x95fc0000, 0xa7200000)
  eden space 63488K, 0% used [0x91cc0000,0x91cc0000,0x95ac0000)
  from space 2560K, 99% used [0x95d40000,0x95fbed88,0x95fc0000)
  to   space 2560K, 0% used [0x95ac0000,0x95ac0000,0x95d40000)
 ParOldGen       total 42496K, used 8749K [0x67200000, 0x69b80000, 0x91cc0000)
  object space 42496K, 20% used [0x67200000,0x67a8b4c8,0x69b80000)
 Metaspace       used 3829K, capacity 3846K, committed 3864K, reserved 4400K
}
Event: 2.848 GC heap before
{Heap before GC invocations=5 (full 0):
 PSYoungGen      total 66048K, used 66043K [0x91cc0000, 0x95fc0000, 0xa7200000)
  eden space 63488K, 100% used [0x91cc0000,0x95ac0000,0x95ac0000)
  from space 2560K, 99% used [0x95d40000,0x95fbed88,0x95fc0000)
  to   space 2560K, 0% used [0x95ac0000,0x95ac0000,0x95d40000)
 ParOldGen       total 42496K, used 8749K [0x67200000, 0x69b80000, 0x91cc0000)
  object space 42496K, 20% used [0x67200000,0x67a8b4c8,0x69b80000)
 Metaspace       used 3903K, capacity 3942K, committed 3992K, reserved 4400K
Event: 2.904 GC heap after
Heap after GC invocations=5 (full 0):
 PSYoungGen      total 66048K, used 2559K [0x91cc0000, 0x9b440000, 0xa7200000)
  eden space 63488K, 0% used [0x91cc0000,0x91cc0000,0x95ac0000)
  from space 2560K, 99% used [0x95ac0000,0x95d3ffa0,0x95d40000)
  to   space 14080K, 0% used [0x9a680000,0x9a680000,0x9b440000)
 ParOldGen       total 42496K, used 18586K [0x67200000, 0x69b80000, 0x91cc0000)
  object space 42496K, 43% used [0x67200000,0x68426bd0,0x69b80000)
 Metaspace       used 3903K, capacity 3942K, committed 3992K, reserved 4400K
}
Event: 3.405 GC heap before
{Heap before GC invocations=6 (full 0):
 PSYoungGen      total 66048K, used 66047K [0x91cc0000, 0x9b440000, 0xa7200000)
  eden space 63488K, 100% used [0x91cc0000,0x95ac0000,0x95ac0000)
  from space 2560K, 99% used [0x95ac0000,0x95d3ffa0,0x95d40000)
  to   space 14080K, 0% used [0x9a680000,0x9a680000,0x9b440000)
 ParOldGen       total 42496K, used 18586K [0x67200000, 0x69b80000, 0x91cc0000)
  object space 42496K, 43% used [0x67200000,0x68426bd0,0x69b80000)
 Metaspace       used 3933K, capacity 3974K, committed 3992K, reserved 4400K
Event: 3.469 GC heap after
Heap after GC invocations=6 (full 0):
 PSYoungGen      total 139008K, used 11757K [0x91cc0000, 0x9b840000, 0xa7200000)
  eden space 124928K, 0% used [0x91cc0000,0x91cc0000,0x996c0000)
  from space 14080K, 83% used [0x9a680000,0x9b1fb668,0x9b440000)
  to   space 16128K, 0% used [0x996c0000,0x996c0000,0x9a680000)
 ParOldGen       total 42496K, used 18590K [0x67200000, 0x69b80000, 0x91cc0000)
  object space 42496K, 43% used [0x67200000,0x68427bd0,0x69b80000)
 Metaspace       used 3933K, capacity 3974K, committed 3992K, reserved 4400K
}
Event: 4.644 GC heap before
{Heap before GC invocations=7 (full 0):
 PSYoungGen      total 139008K, used 136685K [0x91cc0000, 0x9b840000, 0xa7200000)
  eden space 124928K, 100% used [0x91cc0000,0x996c0000,0x996c0000)
  from space 14080K, 83% used [0x9a680000,0x9b1fb668,0x9b440000)
  to   space 16128K, 0% used [0x996c0000,0x996c0000,0x9a680000)
 ParOldGen       total 42496K, used 18590K [0x67200000, 0x69b80000, 0x91cc0000)
  object space 42496K, 43% used [0x67200000,0x68427bd0,0x69b80000)
 Metaspace       used 4105K, capacity 4134K, committed 4248K, reserved 4400K

Deoptimization events (10 events):
Event: 1.594 Thread 0x63340c00 Uncommon trap: reason=class_check action=maybe_recompile pc=0xa78114a0 method=com.android.dx.rop.type.Type.equals(Ljava/lang/Object;)Z @ 8
Event: 1.644 Thread 0x6333f400 Uncommon trap: reason=class_check action=maybe_recompile pc=0xa78114a0 method=com.android.dx.rop.type.Type.equals(Ljava/lang/Object;)Z @ 8
Event: 1.671 Thread 0x63333000 Uncommon trap: reason=class_check action=maybe_recompile pc=0xa78114a0 method=com.android.dx.rop.type.Type.equals(Ljava/lang/Object;)Z @ 8
Event: 1.727 Thread 0x6333f400 Uncommon trap: reason=null_check action=make_not_entrant pc=0xa78346d0 method=com.android.dx.ssa.SsaRenamer.getLocalForNewReg(I)Lcom/android/dx/rop/code/LocalItem; @ 19
Event: 1.966 Thread 0xb6607800 Uncommon trap: reason=null_check action=make_not_entrant pc=0xa7872880 method=com.android.dx.ssa.SsaRenamer.getLocalForNewReg(I)Lcom/android/dx/rop/code/LocalItem; @ 19
Event: 2.019 Thread 0xb6607800 Uncommon trap: reason=bimorphic action=maybe_recompile pc=0xa77bfea4 method=java.util.HashMap.getNode(ILjava/lang/Object;)Ljava/util/HashMap$Node; @ 126
Event: 3.552 Thread 0x63340c00 Uncommon trap: reason=unreached action=reinterpret pc=0xa78f863c method=com.android.dx.ssa.SsaMethod.updateOneDefinition(Lcom/android/dx/ssa/SsaInsn;Lcom/android/dx/rop/code/RegisterSpec;)V @ 4
Event: 3.960 Thread 0x63345800 Uncommon trap: reason=unreached action=reinterpret pc=0xa781562c method=java.util.HashMap.getNode(ILjava/lang/Object;)Ljava/util/HashMap$Node; @ 84
Event: 4.012 Thread 0xb6607800 Uncommon trap: reason=unreached action=reinterpret pc=0xa7795af4 method=java.util.HashMap.getNode(ILjava/lang/Object;)Ljava/util/HashMap$Node; @ 84
Event: 4.398 Thread 0x63333000 Uncommon trap: reason=unreached action=reinterpret pc=0xa78c545c method=java.util.HashMap.getNode(ILjava/lang/Object;)Ljava/util/HashMap$Node; @ 84

Internal exceptions (10 events):
Event: 1.443 Thread 0x63333000 Exception <a 'java/security/PrivilegedActionException'> (0x93aa5aa8) thrown at [/HUDSON3/workspace/8-2-build-linux-i586/jdk8u31/2394/hotspot/src/share/vm/prims/jvm.cpp, line 1312]
Event: 1.669 Thread 0x63333000 Exception <a 'java/security/PrivilegedActionException'> (0x9247e098) thrown at [/HUDSON3/workspace/8-2-build-linux-i586/jdk8u31/2394/hotspot/src/share/vm/prims/jvm.cpp, line 1312]
Event: 1.727 Thread 0x6333f400 Implicit null exception at 0xa783341d to 0xa78346c1
Event: 1.966 Thread 0xb6607800 Implicit null exception at 0xa78708ca to 0xa7872871
Event: 2.160 Thread 0xb6607800 Exception <a 'java/security/PrivilegedActionException'> (0x91da44e0) thrown at [/HUDSON3/workspace/8-2-build-linux-i586/jdk8u31/2394/hotspot/src/share/vm/prims/jvm.cpp, line 1312]
Event: 2.726 Thread 0xb6607800 Exception <a 'java/security/PrivilegedActionException'> (0x94e0c998) thrown at [/HUDSON3/workspace/8-2-build-linux-i586/jdk8u31/2394/hotspot/src/share/vm/prims/jvm.cpp, line 1312]
Event: 3.549 Thread 0x63340c00 Exception <a 'java/security/PrivilegedActionException'> (0x9201cf68) thrown at [/HUDSON3/workspace/8-2-build-linux-i586/jdk8u31/2394/hotspot/src/share/vm/prims/jvm.cpp, line 1312]
Event: 3.954 Thread 0x63345800 Exception <a 'java/lang/ArrayIndexOutOfBoundsException': 18> (0x942c5498) thrown at [/HUDSON3/workspace/8-2-build-linux-i586/jdk8u31/2394/hotspot/src/share/vm/interpreter/interpreterRuntime.cpp, line 366]
Event: 3.955 Thread 0x63345800 Exception <a 'java/lang/ArrayIndexOutOfBoundsException': 145> (0x942c6c60) thrown at [/HUDSON3/workspace/8-2-build-linux-i586/jdk8u31/2394/hotspot/src/share/vm/interpreter/interpreterRuntime.cpp, line 366]
Event: 3.956 Thread 0x63345800 Exception <a 'java/lang/ArrayIndexOutOfBoundsException': 40> (0x942c7c80) thrown at [/HUDSON3/workspace/8-2-build-linux-i586/jdk8u31/2394/hotspot/src/share/vm/interpreter/interpreterRuntime.cpp, line 366]

Events (10 events):
Event: 4.620 Thread 0x63340c00 DEOPT UNPACKING pc=0xa7609310 sp=0x630fdf30 mode 0
Event: 4.621 Thread 0x63340c00 DEOPT PACKING pc=0xa77fca97 sp=0x630fe060
Event: 4.621 Thread 0x63340c00 DEOPT UNPACKING pc=0xa7609310 sp=0x630fdef0 mode 0
Event: 4.628 Thread 0x63345800 DEOPT PACKING pc=0xa77fca97 sp=0x630ad160
Event: 4.636 Thread 0x63345800 DEOPT UNPACKING pc=0xa7609310 sp=0x630acff0 mode 0
Event: 4.637 Thread 0x63345800 DEOPT PACKING pc=0xa77fca97 sp=0x630ad160
Event: 4.637 Thread 0x63345800 DEOPT UNPACKING pc=0xa7609310 sp=0x630acff0 mode 0
Event: 4.639 Thread 0x63345800 DEOPT PACKING pc=0xa78675f9 sp=0x630ad7a0
Event: 4.639 Thread 0x63345800 DEOPT UNPACKING pc=0xa7609310 sp=0x630ad62c mode 0
Event: 4.642 Executing VM operation: ParallelGCFailedAllocation


Dynamic libraries:
08048000-08049000 r-xp 00000000 08:06 1556514    /usr/lib/jvm/java-8-oracle/bin/java
08049000-0804a000 rw-p 00000000 08:06 1556514    /usr/lib/jvm/java-8-oracle/bin/java
08121000-08142000 rw-p 00000000 00:00 0          [heap]
62000000-62079000 rw-p 00000000 00:00 0 
62079000-62100000 ---p 00000000 00:00 0 
62100000-621b1000 rw-p 00000000 00:00 0 
621b1000-62200000 ---p 00000000 00:00 0 
62300000-624f0000 rw-p 00000000 00:00 0 
624f0000-62500000 ---p 00000000 00:00 0 
62500000-62597000 rw-p 00000000 00:00 0 
62597000-62600000 ---p 00000000 00:00 0 
62600000-626ff000 rw-p 00000000 00:00 0 
626ff000-62700000 ---p 00000000 00:00 0 
62700000-627f8000 rw-p 00000000 00:00 0 
627f8000-62800000 ---p 00000000 00:00 0 
62900000-62a00000 rw-p 00000000 00:00 0 
62a5a000-62b00000 rw-p 00000000 00:00 0 
62b00000-62bfb000 rw-p 00000000 00:00 0 
62bfb000-62c00000 ---p 00000000 00:00 0 
62c00000-62ce5000 rw-p 00000000 00:00 0 
62ce5000-62d00000 ---p 00000000 00:00 0 
62d00000-62e00000 rw-p 00000000 00:00 0 
62e00000-62ef8000 rw-p 00000000 00:00 0 
62ef8000-62f00000 ---p 00000000 00:00 0 
62f00000-63000000 rw-p 00000000 00:00 0 
6305e000-63061000 ---p 00000000 00:00 0 
63061000-630af000 rw-p 00000000 00:00 0          [stack:10156]
630af000-630b2000 ---p 00000000 00:00 0 
630b2000-63100000 rw-p 00000000 00:00 0          [stack:10155]
63100000-631fb000 rw-p 00000000 00:00 0 
631fb000-63200000 ---p 00000000 00:00 0 
6320d000-63210000 ---p 00000000 00:00 0 
63210000-6325e000 rw-p 00000000 00:00 0          [stack:10154]
6325e000-63261000 ---p 00000000 00:00 0 
63261000-632af000 rw-p 00000000 00:00 0          [stack:10153]
632af000-632b2000 ---p 00000000 00:00 0 
632b2000-63300000 rw-p 00000000 00:00 0          [stack:10152]
63300000-6338e000 rw-p 00000000 00:00 0 
6338e000-63400000 ---p 00000000 00:00 0 
63422000-6345a000 r--s 002ce000 08:06 230901     /home/priya/matrix/Kurukshetra/app/build/intermediates/transforms/jarMerging/debug/jars/1/1f/combined.jar
6345a000-6345b000 ---p 00000000 00:00 0 
6345b000-634db000 rw-p 00000000 00:00 0          [stack:10151]
634db000-634de000 ---p 00000000 00:00 0 
634de000-6352c000 rw-p 00000000 00:00 0          [stack:10150]
6352c000-6352f000 ---p 00000000 00:00 0 
6352f000-635ad000 rw-p 00000000 00:00 0          [stack:10149]
635ad000-635b0000 ---p 00000000 00:00 0 
635b0000-6362e000 rw-p 00000000 00:00 0          [stack:10148]
6362e000-63631000 ---p 00000000 00:00 0 
63631000-636af000 rw-p 00000000 00:00 0          [stack:10147]
636af000-636b2000 ---p 00000000 00:00 0 
636b2000-63700000 rw-p 00000000 00:00 0          [stack:10146]
63700000-63900000 r--p 00000000 08:06 1093651    /usr/lib/locale/locale-archive
63900000-639fc000 rw-p 00000000 00:00 0 
639fc000-63a00000 ---p 00000000 00:00 0 
63a00000-63a2f000 rw-p 00000000 00:00 0 
63a2f000-63b00000 ---p 00000000 00:00 0 
63b00000-63c00000 rw-p 00000000 00:00 0 
63c0c000-63c0f000 ---p 00000000 00:00 0 
63c0f000-63c5d000 rw-p 00000000 00:00 0          [stack:10145]
63c5d000-63c5e000 ---p 00000000 00:00 0 
63c5e000-63cde000 rw-p 00000000 00:00 0          [stack:10143]
63cde000-63eb4000 r--s 03cae000 08:06 1516955    /usr/lib/jvm/java-8-oracle/jre/lib/rt.jar
63eb4000-642da000 rw-p 00000000 00:00 0 
642da000-64300000 ---p 00000000 00:00 0 
64300000-66700000 rw-p 00000000 00:00 0 
66700000-667e8000 rw-p 00000000 00:00 0 
667e8000-66800000 ---p 00000000 00:00 0 
6682e000-66831000 ---p 00000000 00:00 0 
66831000-6687f000 rw-p 00000000 00:00 0          [stack:10144]
6687f000-66880000 ---p 00000000 00:00 0 
66880000-66900000 rw-p 00000000 00:00 0          [stack:10142]
66900000-669fa000 rw-p 00000000 00:00 0 
669fa000-66a00000 ---p 00000000 00:00 0 
66a30000-66a7f000 rw-p 00000000 00:00 0 
66a7f000-66a80000 ---p 00000000 00:00 0 
66a80000-66b00000 rw-p 00000000 00:00 0          [stack:10141]
66b00000-66b21000 rw-p 00000000 00:00 0 
66b21000-66c00000 ---p 00000000 00:00 0 
66c24000-66c7f000 rw-p 00000000 00:00 0 
66c7f000-66c80000 ---p 00000000 00:00 0 
66c80000-66d00000 rw-p 00000000 00:00 0          [stack:10140]
66d00000-66d21000 rw-p 00000000 00:00 0 
66d21000-66e00000 ---p 00000000 00:00 0 
66e10000-66e28000 rw-p 00000000 00:00 0 
66e28000-66e29000 ---p 00000000 00:00 0 
66e29000-66ebe000 rw-p 00000000 00:00 0          [stack:10139]
66ebe000-66fff000 ---p 00000000 00:00 0 
66fff000-67014000 rw-p 00000000 00:00 0 
67014000-67154000 ---p 00000000 00:00 0 
67154000-671a3000 rw-p 00000000 00:00 0 
671a3000-671ff000 ---p 00000000 00:00 0 
671ff000-69b80000 rw-p 00000000 00:00 0 
69b80000-91cc0000 ---p 00000000 00:00 0 
91cc0000-9b840000 rw-p 00000000 00:00 0 
a41fd000-a4440000 rw-p 00000000 00:00 0 
a4440000-a7200000 ---p 00000000 00:00 0 
a720d000-a7224000 rw-p 00000000 00:00 0 
a7224000-a75cd000 ---p 00000000 00:00 0 
a75cd000-a7b7d000 rwxp 00000000 00:00 0 
a7b7d000-b65cd000 ---p 00000000 00:00 0 
b65cd000-b65e6000 r-xp 00000000 08:06 1549768    /usr/lib/jvm/java-8-oracle/jre/lib/i386/libzip.so
b65e6000-b65e7000 rw-p 00018000 08:06 1549768    /usr/lib/jvm/java-8-oracle/jre/lib/i386/libzip.so
b65e7000-b65f2000 r-xp 00000000 08:06 1933402    /lib/i386-linux-gnu/libnss_files-2.19.so
b65f2000-b65f3000 r--p 0000a000 08:06 1933402    /lib/i386-linux-gnu/libnss_files-2.19.so
b65f3000-b65f4000 rw-p 0000b000 08:06 1933402    /lib/i386-linux-gnu/libnss_files-2.19.so
b65f4000-b65fe000 r-xp 00000000 08:06 1933406    /lib/i386-linux-gnu/libnss_nis-2.19.so
b65fe000-b65ff000 r--p 00009000 08:06 1933406    /lib/i386-linux-gnu/libnss_nis-2.19.so
b65ff000-b6600000 rw-p 0000a000 08:06 1933406    /lib/i386-linux-gnu/libnss_nis-2.19.so
b6600000-b66fa000 rw-p 00000000 00:00 0 
b66fa000-b6700000 ---p 00000000 00:00 0 
b6703000-b6718000 r-xp 00000000 08:06 1933415    /lib/i386-linux-gnu/libnsl-2.19.so
b6718000-b6719000 r--p 00015000 08:06 1933415    /lib/i386-linux-gnu/libnsl-2.19.so
b6719000-b671a000 rw-p 00016000 08:06 1933415    /lib/i386-linux-gnu/libnsl-2.19.so
b671a000-b671c000 rw-p 00000000 00:00 0 
b671c000-b6723000 r-xp 00000000 08:06 1933343    /lib/i386-linux-gnu/libnss_compat-2.19.so
b6723000-b6724000 r--p 00006000 08:06 1933343    /lib/i386-linux-gnu/libnss_compat-2.19.so
b6724000-b6725000 rw-p 00007000 08:06 1933343    /lib/i386-linux-gnu/libnss_compat-2.19.so
b6729000-b672b000 rw-p 00000000 00:00 0 
b672b000-b673a000 r--s 000df000 08:06 3122779    /home/priya/Android/Sdk/build-tools/23.0.2/lib/dx.jar
b673a000-b673b000 r--p 00850000 08:06 1093651    /usr/lib/locale/locale-archive
b673b000-b675f000 r-xp 00000000 08:06 1549783    /usr/lib/jvm/java-8-oracle/jre/lib/i386/libjava.so
b675f000-b6760000 rw-p 00023000 08:06 1549783    /usr/lib/jvm/java-8-oracle/jre/lib/i386/libjava.so
b6760000-b6767000 r-xp 00000000 08:06 1933332    /lib/i386-linux-gnu/librt-2.19.so
b6767000-b6768000 r--p 00006000 08:06 1933332    /lib/i386-linux-gnu/librt-2.19.so
b6768000-b6769000 rw-p 00007000 08:06 1933332    /lib/i386-linux-gnu/librt-2.19.so
b6769000-b676c000 ---p 00000000 00:00 0 
b676c000-b67ba000 rw-p 00000000 00:00 0          [stack:10138]
b67ba000-b67fe000 r-xp 00000000 08:06 1933416    /lib/i386-linux-gnu/libm-2.19.so
b67fe000-b67ff000 r--p 00043000 08:06 1933416    /lib/i386-linux-gnu/libm-2.19.so
b67ff000-b6800000 rw-p 00044000 08:06 1933416    /lib/i386-linux-gnu/libm-2.19.so
b6800000-b713d000 r-xp 00000000 08:06 1549788    /usr/lib/jvm/java-8-oracle/jre/lib/i386/server/libjvm.so
b713d000-b71a9000 rw-p 0093c000 08:06 1549788    /usr/lib/jvm/java-8-oracle/jre/lib/i386/server/libjvm.so
b71a9000-b75ce000 rw-p 00000000 00:00 0 
b75ce000-b7777000 r-xp 00000000 08:06 1933403    /lib/i386-linux-gnu/libc-2.19.so
b7777000-b7779000 r--p 001a9000 08:06 1933403    /lib/i386-linux-gnu/libc-2.19.so
b7779000-b777a000 rw-p 001ab000 08:06 1933403    /lib/i386-linux-gnu/libc-2.19.so
b777a000-b777d000 rw-p 00000000 00:00 0 
b777d000-b7780000 r-xp 00000000 08:06 1933409    /lib/i386-linux-gnu/libdl-2.19.so
b7780000-b7781000 r--p 00002000 08:06 1933409    /lib/i386-linux-gnu/libdl-2.19.so
b7781000-b7782000 rw-p 00003000 08:06 1933409    /lib/i386-linux-gnu/libdl-2.19.so
b7782000-b7796000 r-xp 00000000 08:06 1550414    /usr/lib/jvm/java-8-oracle/lib/i386/jli/libjli.so
b7796000-b7797000 rw-p 00013000 08:06 1550414    /usr/lib/jvm/java-8-oracle/lib/i386/jli/libjli.so
b7797000-b7798000 rw-p 00000000 00:00 0 
b7798000-b77b0000 r-xp 00000000 08:06 1933405    /lib/i386-linux-gnu/libpthread-2.19.so
b77b0000-b77b1000 r--p 00018000 08:06 1933405    /lib/i386-linux-gnu/libpthread-2.19.so
b77b1000-b77b2000 rw-p 00019000 08:06 1933405    /lib/i386-linux-gnu/libpthread-2.19.so
b77b2000-b77b4000 rw-p 00000000 00:00 0 
b77b4000-b77bc000 rw-s 00000000 08:06 386068     /tmp/hsperfdata_priya/10133
b77bc000-b77bd000 rw-p 00000000 00:00 0 
b77bd000-b77be000 ---p 00000000 00:00 0 
b77be000-b77c9000 r-xp 00000000 08:06 1549739    /usr/lib/jvm/java-8-oracle/jre/lib/i386/libverify.so
b77c9000-b77ca000 rw-p 0000b000 08:06 1549739    /usr/lib/jvm/java-8-oracle/jre/lib/i386/libverify.so
b77ca000-b77cc000 rw-p 00000000 00:00 0 
b77cc000-b77cd000 r-xp 00000000 00:00 0          [vdso]
b77cd000-b77ed000 r-xp 00000000 08:06 1936058    /lib/i386-linux-gnu/ld-2.19.so
b77ed000-b77ee000 r--p 0001f000 08:06 1936058    /lib/i386-linux-gnu/ld-2.19.so
b77ee000-b77ef000 rw-p 00020000 08:06 1936058    /lib/i386-linux-gnu/ld-2.19.so
bfdf6000-bfdf7000 rwxp 00000000 00:00 0 
bfe29000-bfe4a000 rw-p 00000000 00:00 0          [stack]

VM Arguments:
jvm_args: -Djava.awt.headless=true -Xmx1024M -Dfile.encoding=UTF-8 -Duser.country=IN -Duser.language=en -Duser.variant 
java_command: com.android.dx.command.Main --dex --num-threads=4 --multi-dex --main-dex-list /home/priya/matrix/Kurukshetra/app/build/intermediates/multi-dex/debug/maindexlist.txt --output /home/priya/matrix/Kurukshetra/app/build/intermediates/transforms/dex/debug/folders/1000/1f/main /home/priya/matrix/Kurukshetra/app/build/intermediates/transforms/jarMerging/debug/jars/1/1f/combined.jar
java_class_path (initial): /home/priya/Android/Sdk/build-tools/23.0.2/lib/dx.jar
Launcher Type: SUN_STANDARD

Environment Variables:
JAVA_HOME=/usr/lib/jvm/java-8-oracle
PATH=/usr/local/sbin:/usr/local/bin:/usr/sbin:/usr/bin:/sbin:/bin:/usr/games:/usr/local/games:/home/priya/matrix/proxy/google_appengine/
LD_LIBRARY_PATH=bin:
SHELL=/bin/bash
DISPLAY=:0

Signal Handlers:
SIGSEGV: [libjvm.so+0x894cb0], sa_mask[0]=11111111011111111101111111111110, sa_flags=SA_RESTART|SA_SIGINFO
SIGBUS: [libjvm.so+0x894cb0], sa_mask[0]=11111111011111111101111111111110, sa_flags=SA_RESTART|SA_SIGINFO
SIGFPE: [libjvm.so+0x71dd00], sa_mask[0]=11111111011111111101111111111110, sa_flags=SA_RESTART|SA_SIGINFO
SIGPIPE: [libjvm.so+0x71dd00], sa_mask[0]=11111111011111111101111111111110, sa_flags=SA_RESTART|SA_SIGINFO
SIGXFSZ: [libjvm.so+0x71dd00], sa_mask[0]=11111111011111111101111111111110, sa_flags=SA_RESTART|SA_SIGINFO
SIGILL: [libjvm.so+0x71dd00], sa_mask[0]=11111111011111111101111111111110, sa_flags=SA_RESTART|SA_SIGINFO
SIGUSR1: SIG_DFL, sa_mask[0]=00000000000000000000000000000000, sa_flags=none
SIGUSR2: [libjvm.so+0x71f4b0], sa_mask[0]=00100000000000000000000000000000, sa_flags=SA_RESTART|SA_SIGINFO
SIGHUP: [libjvm.so+0x7209b0], sa_mask[0]=11111111011111111101111111111110, sa_flags=SA_RESTART|SA_SIGINFO
SIGINT: [libjvm.so+0x7209b0], sa_mask[0]=11111111011111111101111111111110, sa_flags=SA_RESTART|SA_SIGINFO
SIGTERM: [libjvm.so+0x7209b0], sa_mask[0]=11111111011111111101111111111110, sa_flags=SA_RESTART|SA_SIGINFO
SIGQUIT: [libjvm.so+0x7209b0], sa_mask[0]=11111111011111111101111111111110, sa_flags=SA_RESTART|SA_SIGINFO


---------------  S Y S T E M  ---------------

OS:DISTRIB_ID=Ubuntu
DISTRIB_RELEASE=14.04
DISTRIB_CODENAME=trusty
DISTRIB_DESCRIPTION="Ubuntu 14.04.1 LTS"

uname:Linux 3.13.0-45-generic #74-Ubuntu SMP Tue Jan 13 19:37:48 UTC 2015 i686
libc:glibc 2.19 NPTL 2.19 
rlimit: STACK 8192k, CORE 0k, NPROC 31374, NOFILE 4096, AS infinity
load average:4.92 3.80 3.99

/proc/meminfo:
MemTotal:        4035208 kB
MemFree:          249012 kB
Buffers:            1656 kB
Cached:           629456 kB
SwapCached:            0 kB
Active:          2264208 kB
Inactive:         592800 kB
Active(anon):    2232136 kB
Inactive(anon):   566892 kB
Active(file):      32072 kB
Inactive(file):    25908 kB
Unevictable:          48 kB
Mlocked:              48 kB
HighTotal:       3182980 kB
HighFree:          78104 kB
LowTotal:         852228 kB
LowFree:          170908 kB
SwapTotal:             0 kB
SwapFree:              0 kB
Dirty:              1060 kB
Writeback:             0 kB
AnonPages:       2226520 kB
Mapped:          1079832 kB
Shmem:            572780 kB
Slab:              51340 kB
SReclaimable:      23096 kB
SUnreclaim:        28244 kB
KernelStack:        5080 kB
PageTables:        17068 kB
NFS_Unstable:          0 kB
Bounce:                0 kB
WritebackTmp:          0 kB
CommitLimit:     2017604 kB
Committed_AS:    7981264 kB
VmallocTotal:     122880 kB
VmallocUsed:       73764 kB
VmallocChunk:      40936 kB
HardwareCorrupted:     0 kB
AnonHugePages:   1001472 kB
HugePages_Total:       0
HugePages_Free:        0
HugePages_Rsvd:        0
HugePages_Surp:        0
Hugepagesize:       2048 kB
DirectMap4k:       22520 kB
DirectMap2M:      890880 kB


CPU:total 4 (2 cores per cpu, 2 threads per core) family 6 model 69 stepping 1, cmov, cx8, fxsr, mmx, sse, sse2, sse3, ssse3, sse4.1, sse4.2, popcnt, avx, avx2, aes, clmul, erms, lzcnt, ht, tsc, tscinvbit, bmi1, bmi2

/proc/cpuinfo:
processor	: 0
vendor_id	: GenuineIntel
cpu family	: 6
model		: 69
model name	: Intel(R) Core(TM) i5-4210U CPU @ 1.70GHz
stepping	: 1
microcode	: 0x17
cpu MHz		: 1000.000
cache size	: 3072 KB
physical id	: 0
siblings	: 4
core id		: 0
cpu cores	: 2
apicid		: 0
initial apicid	: 0
fdiv_bug	: no
f00f_bug	: no
coma_bug	: no
fpu		: yes
fpu_exception	: yes
cpuid level	: 13
wp		: yes
flags		: fpu vme de pse tsc msr pae mce cx8 apic sep mtrr pge mca cmov pat pse36 clflush dts acpi mmx fxsr sse sse2 ss ht tm pbe nx pdpe1gb rdtscp lm constant_tsc arch_perfmon pebs bts xtopology nonstop_tsc aperfmperf eagerfpu pni pclmulqdq dtes64 monitor ds_cpl vmx est tm2 ssse3 fma cx16 xtpr pdcm pcid sse4_1 sse4_2 movbe popcnt tsc_deadline_timer aes xsave avx f16c rdrand lahf_lm abm ida arat epb xsaveopt pln pts dtherm tpr_shadow vnmi flexpriority ept vpid fsgsbase tsc_adjust bmi1 avx2 smep bmi2 erms invpcid
bogomips	: 3391.81
clflush size	: 64
cache_alignment	: 64
address sizes	: 39 bits physical, 48 bits virtual
power management:

processor	: 1
vendor_id	: GenuineIntel
cpu family	: 6
model		: 69
model name	: Intel(R) Core(TM) i5-4210U CPU @ 1.70GHz
stepping	: 1
microcode	: 0x17
cpu MHz		: 1700.000
cache size	: 3072 KB
physical id	: 0
siblings	: 4
core id		: 1
cpu cores	: 2
apicid		: 2
initial apicid	: 2
fdiv_bug	: no
f00f_bug	: no
coma_bug	: no
fpu		: yes
fpu_exception	: yes
cpuid level	: 13
wp		: yes
flags		: fpu vme de pse tsc msr pae mce cx8 apic sep mtrr pge mca cmov pat pse36 clflush dts acpi mmx fxsr sse sse2 ss ht tm pbe nx pdpe1gb rdtscp lm constant_tsc arch_perfmon pebs bts xtopology nonstop_tsc aperfmperf eagerfpu pni pclmulqdq dtes64 monitor ds_cpl vmx est tm2 ssse3 fma cx16 xtpr pdcm pcid sse4_1 sse4_2 movbe popcnt tsc_deadline_timer aes xsave avx f16c rdrand lahf_lm abm ida arat epb xsaveopt pln pts dtherm tpr_shadow vnmi flexpriority ept vpid fsgsbase tsc_adjust bmi1 avx2 smep bmi2 erms invpcid
bogomips	: 3391.81
clflush size	: 64
cache_alignment	: 64
address sizes	: 39 bits physical, 48 bits virtual
power management:

processor	: 2
vendor_id	: GenuineIntel
cpu family	: 6
model		: 69
model name	: Intel(R) Core(TM) i5-4210U CPU @ 1.70GHz
stepping	: 1
microcode	: 0x17
cpu MHz		: 800.000
cache size	: 3072 KB
physical id	: 0
siblings	: 4
core id		: 0
cpu cores	: 2
apicid		: 1
initial apicid	: 1
fdiv_bug	: no
f00f_bug	: no
coma_bug	: no
fpu		: yes
fpu_exception	: yes
cpuid level	: 13
wp		: yes
flags		: fpu vme de pse tsc msr pae mce cx8 apic sep mtrr pge mca cmov pat pse36 clflush dts acpi mmx fxsr sse sse2 ss ht tm pbe nx pdpe1gb rdtscp lm constant_tsc arch_perfmon pebs bts xtopology nonstop_tsc aperfmperf eagerfpu pni pclmulqdq dtes64 monitor ds_cpl vmx est tm2 ssse3 fma cx16 xtpr pdcm pcid sse4_1 sse4_2 movbe popcnt tsc_deadline_timer aes xsave avx f16c rdrand lahf_lm abm ida arat epb xsaveopt pln pts dtherm tpr_shadow vnmi flexpriority ept vpid fsgsbase tsc_adjust bmi1 avx2 smep bmi2 erms invpcid
bogomips	: 3391.81
clflush size	: 64
cache_alignment	: 64
address sizes	: 39 bits physical, 48 bits virtual
power management:

processor	: 3
vendor_id	: GenuineIntel
cpu family	: 6
model		: 69
model name	: Intel(R) Core(TM) i5-4210U CPU @ 1.70GHz
stepping	: 1
microcode	: 0x17
cpu MHz		: 782.000
cache size	: 3072 KB
physical id	: 0
siblings	: 4
core id		: 1
cpu cores	: 2
apicid		: 3
initial apicid	: 3
fdiv_bug	: no
f00f_bug	: no
coma_bug	: no
fpu		: yes
fpu_exception	: yes
cpuid level	: 13
wp		: yes
flags		: fpu vme de pse tsc msr pae mce cx8 apic sep mtrr pge mca cmov pat pse36 clflush dts acpi mmx fxsr sse sse2 ss ht tm pbe nx pdpe1gb rdtscp lm constant_tsc arch_perfmon pebs bts xtopology nonstop_tsc aperfmperf eagerfpu pni pclmulqdq dtes64 monitor ds_cpl vmx est tm2 ssse3 fma cx16 xtpr pdcm pcid sse4_1 sse4_2 movbe popcnt tsc_deadline_timer aes xsave avx f16c rdrand lahf_lm abm ida arat epb xsaveopt pln pts dtherm tpr_shadow vnmi flexpriority ept vpid fsgsbase tsc_adjust bmi1 avx2 smep bmi2 erms invpcid
bogomips	: 3391.81
clflush size	: 64
cache_alignment	: 64
address sizes	: 39 bits physical, 48 bits virtual
power management:



Memory: 4k page, physical 4035208k(249012k free), swap 0k(0k free)

vm_info: Java HotSpot(TM) Server VM (25.31-b07) for linux-x86 JRE (1.8.0_31-b13), built on Dec 17 2014 20:50:14 by "java_re" with gcc 4.3.0 20080428 (Red Hat 4.3.0-8)

time: Sun Dec 20 10:52:02 2015
elapsed time: 5 seconds (0d 0h 0m 5s)

