#
# There is insufficient memory for the Java Runtime Environment to continue.
# Native memory allocation (mmap) failed to map 87293952 bytes for committing reserved memory.
# Possible reasons:
#   The system is out of physical RAM or swap space
#   In 32 bit mode, the process size limit was hit
# Possible solutions:
#   Reduce memory load on the system
#   Increase physical memory or swap space
#   Check if swap backing store is full
#   Use 64 bit Java on a 64 bit OS
#   Decrease Java heap size (-Xmx/-Xms)
#   Decrease number of Java threads
#   Decrease Java thread stack sizes (-Xss)
#   Set larger code cache with -XX:ReservedCodeCacheSize=
# This output file may be truncated or incomplete.
#
#  Out of Memory Error (os_linux.cpp:2671), pid=13826, tid=1673386816
#
# JRE version: Java(TM) SE Runtime Environment (8.0_31-b13) (build 1.8.0_31-b13)
# Java VM: Java HotSpot(TM) Server VM (25.31-b07 mixed mode linux-x86 )
# Failed to write core dump. Core dumps have been disabled. To enable core dumping, try "ulimit -c unlimited" before starting Java again
#

---------------  T H R E A D  ---------------

Current thread (0x63a81000):  VMThread [stack: 0x63b5d000,0x63bde000] [id=13835]

Stack: [0x63b5d000,0x63bde000],  sp=0x63bdc790,  free space=509k
Native frames: (J=compiled Java code, j=interpreted, Vv=VM code, C=native code)
V  [libjvm.so+0x8941c9]  VMError::report_and_die()+0x179
V  [libjvm.so+0x375385]  report_vm_out_of_memory(char const*, int, unsigned int, VMErrorType, char const*)+0x55
V  [libjvm.so+0x720f66]  os::Linux::commit_memory_impl(char*, unsigned int, bool)+0xe6
V  [libjvm.so+0x721388]  os::pd_commit_memory(char*, unsigned int, unsigned int, bool)+0x28
V  [libjvm.so+0x71ad5c]  os::commit_memory(char*, unsigned int, unsigned int, bool)+0x2c
V  [libjvm.so+0x782e98]  PSVirtualSpace::expand_by(unsigned int)+0x48
V  [libjvm.so+0x7762d1]  PSOldGen::expand(unsigned int)+0x141
V  [libjvm.so+0x77639f]  PSOldGen::resize(unsigned int)+0x8f
V  [libjvm.so+0x77cde4]  PSParallelCompact::invoke_no_policy(bool)+0x8a4
V  [libjvm.so+0x7814fd]  PSScavenge::invoke()+0x16d
V  [libjvm.so+0x7418ba]  ParallelScavengeHeap::failed_mem_allocate(unsigned int)+0x5a
V  [libjvm.so+0x89591a]  VM_ParallelGCFailedAllocation::doit()+0x7a
V  [libjvm.so+0x89ea77]  VM_Operation::evaluate()+0x47
V  [libjvm.so+0x89cb43]  VMThread::evaluate_operation(VM_Operation*)+0xb3
V  [libjvm.so+0x89cee0]  VMThread::loop()+0x1b0
V  [libjvm.so+0x89d345]  VMThread::run()+0x85
V  [libjvm.so+0x723929]  java_start(Thread*)+0x119
C  [libpthread.so.0+0x6f70]  start_thread+0xd0

VM_Operation (0x631fe460): ParallelGCFailedAllocation, mode: safepoint, requested by thread 0x63285800


---------------  P R O C E S S  ---------------

Java Threads: ( => current thread )
  0x6329e000 JavaThread "pool-2-thread-4" [_thread_blocked, id=13848, stack(0x6310d000,0x6315e000)]
  0x6329cc00 JavaThread "pool-2-thread-3" [_thread_blocked, id=13847, stack(0x6315e000,0x631af000)]
  0x63285800 JavaThread "pool-2-thread-2" [_thread_blocked, id=13846, stack(0x631af000,0x63200000)]
  0x6327c000 JavaThread "pool-3-thread-1" [_thread_blocked, id=13845, stack(0x63309000,0x6335a000)]
  0x6325ac00 JavaThread "pool-2-thread-1" [_thread_blocked, id=13844, stack(0x6335a000,0x633ab000)]
  0x63aaa400 JavaThread "Service Thread" daemon [_thread_blocked, id=13842, stack(0x6342c000,0x6347d000)]
  0x63aa7000 JavaThread "C1 CompilerThread2" daemon [_thread_blocked, id=13841, stack(0x6347d000,0x634fe000)]
  0x63aa5c00 JavaThread "C2 CompilerThread1" daemon [_thread_blocked, id=13840, stack(0x634fe000,0x6357f000)]
  0x63aa3c00 JavaThread "C2 CompilerThread0" daemon [_thread_blocked, id=13839, stack(0x6357f000,0x63600000)]
  0x63aa2400 JavaThread "Signal Dispatcher" daemon [_thread_blocked, id=13838, stack(0x63b0c000,0x63b5d000)]
  0x63a85800 JavaThread "Finalizer" daemon [_thread_blocked, id=13837, stack(0x6672e000,0x6677f000)]
  0x63a84000 JavaThread "Reference Handler" daemon [_thread_blocked, id=13836, stack(0x6692e000,0x6697f000)]
  0xb6607800 JavaThread "main" [_thread_blocked, id=13830, stack(0xb6701000,0xb6752000)]

Other Threads:
=>0x63a81000 VMThread [stack: 0x63b5d000,0x63bde000] [id=13835]
  0x63aac000 WatcherThread [stack: 0x633ab000,0x6342c000] [id=13843]

VM state:at safepoint (normal execution)

VM Mutex/Monitor currently owned by a thread:  ([mutex/lock_event])
[0xb66049b8] ExpandHeap_lock - owner thread: 0x63a81000
[0xb6604f00] Threads_lock - owner thread: 0x63a81000
[0xb6605310] Heap_lock - owner thread: 0x63285800

Heap:
 PSYoungGen      total 270848K, used 33563K [0x91ac0000, 0xa7000000, 0xa7000000)
  eden space 220416K, 0% used [0x91ac0000,0x91ac0000,0x9f200000)
  from space 50432K, 66% used [0xa3ec0000,0xa5f86ef0,0xa7000000)
  to   space 64512K, 0% used [0x9f200000,0x9f200000,0xa3100000)
 ParOldGen       total 139008K, used 138867K [0x67000000, 0x6f7c0000, 0x91ac0000)
  object space 139008K, 99% used [0x67000000,0x6f79cc10,0x6f7c0000)
 Metaspace       used 4215K, capacity 4262K, committed 4376K, reserved 4400K

Card table byte_map: [0x66dff000,0x67000000] byte_map_base: 0x66ac7000

Marking Bits: (ParMarkBitMap*) 0xb7151580
 Begin Bits: [0x64600000, 0x65600000)
 End Bits:   [0x65600000, 0x66600000)

Polling page: 0xb7755000

CodeCache: size=245760Kb used=8273Kb max_used=8273Kb free=237486Kb
 bounds [0xa7567000, 0xa7d7f000, 0xb6567000]
 total_blobs=2504 nmethods=2345 adapters=74
 compilation: enabled

Compilation events (10 events):
Event: 7.391 Thread 0x63aa5c00 nmethod 2533 0xa7d68bc8 code [0xa7d68e20, 0xa7d6a5e4]
Event: 7.391 Thread 0x63aa5c00 2549   !   4       com.android.dx.cf.code.BytecodeArray::parseInstruction (2764 bytes)
Event: 7.403 Thread 0x63aa7000 2551 % !   3       com.android.dx.cf.code.BasicBlocker::doit @ 37 (156 bytes)
Event: 7.406 Thread 0x63aa7000 nmethod 2551% 0xa7d6e508 code [0xa7d6e760, 0xa7d6f7d0]
Event: 7.515 Thread 0x63aa7000 2552 %     3       com.android.dx.ssa.InterferenceRegisterMapper::areAnyPinned @ 9 (81 bytes)
Event: 7.516 Thread 0x63aa7000 nmethod 2552% 0xa7d6d488 code [0xa7d6d620, 0xa7d6e070]
Event: 7.516 Thread 0x63aa7000 2553       3       com.android.dx.ssa.InterferenceRegisterMapper::areAnyPinned (81 bytes)
Event: 7.517 Thread 0x63aa7000 nmethod 2553 0xa7d6c508 code [0xa7d6c6a0, 0xa7d6d050]
Event: 7.550 Thread 0x63aa7000 2554       3       java.util.TreeMap$EntrySet::iterator (19 bytes)
Event: 7.551 Thread 0x63aa7000 nmethod 2554 0xa7d68488 code [0xa7d685e0, 0xa7d689a0]

GC Heap History (10 events):
Event: 4.641 GC heap after
Heap after GC invocations=12 (full 1):
 PSYoungGen      total 218880K, used 25316K [0x91ac0000, 0xa4780000, 0xa7000000)
  eden space 187136K, 0% used [0x91ac0000,0x91ac0000,0x9d180000)
  from space 31744K, 79% used [0x9d180000,0x9ea39138,0x9f080000)
  to   space 34816K, 0% used [0xa2580000,0xa2580000,0xa4780000)
 ParOldGen       total 78848K, used 58978K [0x67000000, 0x6bd00000, 0x91ac0000)
  object space 78848K, 74% used [0x67000000,0x6a998bc0,0x6bd00000)
 Metaspace       used 4195K, capacity 4230K, committed 4248K, reserved 4400K
}
Event: 5.442 GC heap before
{Heap before GC invocations=13 (full 1):
 PSYoungGen      total 218880K, used 212452K [0x91ac0000, 0xa4780000, 0xa7000000)
  eden space 187136K, 100% used [0x91ac0000,0x9d180000,0x9d180000)
  from space 31744K, 79% used [0x9d180000,0x9ea39138,0x9f080000)
  to   space 34816K, 0% used [0xa2580000,0xa2580000,0xa4780000)
 ParOldGen       total 78848K, used 58978K [0x67000000, 0x6bd00000, 0x91ac0000)
  object space 78848K, 74% used [0x67000000,0x6a998bc0,0x6bd00000)
 Metaspace       used 4206K, capacity 4262K, committed 4376K, reserved 4400K
Event: 5.514 GC heap after
Heap after GC invocations=13 (full 1):
 PSYoungGen      total 260864K, used 34803K [0x91ac0000, 0xa5f40000, 0xa7000000)
  eden space 226048K, 0% used [0x91ac0000,0x91ac0000,0x9f780000)
  from space 34816K, 99% used [0xa2580000,0xa477cee8,0xa4780000)
  to   space 47104K, 0% used [0x9f780000,0x9f780000,0xa2580000)
 ParOldGen       total 78848K, used 76609K [0x67000000, 0x6bd00000, 0x91ac0000)
  object space 78848K, 97% used [0x67000000,0x6bad0740,0x6bd00000)
 Metaspace       used 4206K, capacity 4262K, committed 4376K, reserved 4400K
}
Event: 5.514 GC heap before
{Heap before GC invocations=14 (full 2):
 PSYoungGen      total 260864K, used 34803K [0x91ac0000, 0xa5f40000, 0xa7000000)
  eden space 226048K, 0% used [0x91ac0000,0x91ac0000,0x9f780000)
  from space 34816K, 99% used [0xa2580000,0xa477cee8,0xa4780000)
  to   space 47104K, 0% used [0x9f780000,0x9f780000,0xa2580000)
 ParOldGen       total 78848K, used 76609K [0x67000000, 0x6bd00000, 0x91ac0000)
  object space 78848K, 97% used [0x67000000,0x6bad0740,0x6bd00000)
 Metaspace       used 4206K, capacity 4262K, committed 4376K, reserved 4400K
Event: 6.033 GC heap after
Heap after GC invocations=14 (full 2):
 PSYoungGen      total 260864K, used 31312K [0x91ac0000, 0xa5f40000, 0xa7000000)
  eden space 226048K, 0% used [0x91ac0000,0x91ac0000,0x9f780000)
  from space 34816K, 89% used [0xa2580000,0xa44143e8,0xa4780000)
  to   space 47104K, 0% used [0x9f780000,0x9f780000,0xa2580000)
 ParOldGen       total 139008K, used 78704K [0x67000000, 0x6f7c0000, 0x91ac0000)
  object space 139008K, 56% used [0x67000000,0x6bcdc000,0x6f7c0000)
 Metaspace       used 4206K, capacity 4262K, committed 4376K, reserved 4400K
}
Event: 6.814 GC heap before
{Heap before GC invocations=15 (full 2):
 PSYoungGen      total 260864K, used 257360K [0x91ac0000, 0xa5f40000, 0xa7000000)
  eden space 226048K, 100% used [0x91ac0000,0x9f780000,0x9f780000)
  from space 34816K, 89% used [0xa2580000,0xa44143e8,0xa4780000)
  to   space 47104K, 0% used [0x9f780000,0x9f780000,0xa2580000)
 ParOldGen       total 139008K, used 78704K [0x67000000, 0x6f7c0000, 0x91ac0000)
  object space 139008K, 56% used [0x67000000,0x6bcdc000,0x6f7c0000)
 Metaspace       used 4213K, capacity 4262K, committed 4376K, reserved 4400K
Event: 6.948 GC heap after
Heap after GC invocations=15 (full 2):
 PSYoungGen      total 273152K, used 33602K [0x91ac0000, 0xa7000000, 0xa7000000)
  eden space 226048K, 0% used [0x91ac0000,0x91ac0000,0x9f780000)
  from space 47104K, 71% used [0x9f780000,0xa18508f0,0xa2580000)
  to   space 50432K, 0% used [0xa3ec0000,0xa3ec0000,0xa7000000)
 ParOldGen       total 139008K, used 109997K [0x67000000, 0x6f7c0000, 0x91ac0000)
  object space 139008K, 79% used [0x67000000,0x6db6b7f0,0x6f7c0000)
 Metaspace       used 4213K, capacity 4262K, committed 4376K, reserved 4400K
}
Event: 7.585 GC heap before
{Heap before GC invocations=16 (full 2):
 PSYoungGen      total 273152K, used 259650K [0x91ac0000, 0xa7000000, 0xa7000000)
  eden space 226048K, 100% used [0x91ac0000,0x9f780000,0x9f780000)
  from space 47104K, 71% used [0x9f780000,0xa18508f0,0xa2580000)
  to   space 50432K, 0% used [0xa3ec0000,0xa3ec0000,0xa7000000)
 ParOldGen       total 139008K, used 109997K [0x67000000, 0x6f7c0000, 0x91ac0000)
  object space 139008K, 79% used [0x67000000,0x6db6b7f0,0x6f7c0000)
 Metaspace       used 4215K, capacity 4262K, committed 4376K, reserved 4400K
Event: 7.700 GC heap after
Heap after GC invocations=16 (full 2):
 PSYoungGen      total 270848K, used 50417K [0x91ac0000, 0xa7000000, 0xa7000000)
  eden space 220416K, 0% used [0x91ac0000,0x91ac0000,0x9f200000)
  from space 50432K, 99% used [0xa3ec0000,0xa6ffc448,0xa7000000)
  to   space 64512K, 0% used [0x9f200000,0x9f200000,0xa3100000)
 ParOldGen       total 139008K, used 125114K [0x67000000, 0x6f7c0000, 0x91ac0000)
  object space 139008K, 90% used [0x67000000,0x6ea2e9a0,0x6f7c0000)
 Metaspace       used 4215K, capacity 4262K, committed 4376K, reserved 4400K
}
Event: 7.700 GC heap before
{Heap before GC invocations=17 (full 3):
 PSYoungGen      total 270848K, used 50417K [0x91ac0000, 0xa7000000, 0xa7000000)
  eden space 220416K, 0% used [0x91ac0000,0x91ac0000,0x9f200000)
  from space 50432K, 99% used [0xa3ec0000,0xa6ffc448,0xa7000000)
  to   space 64512K, 0% used [0x9f200000,0x9f200000,0xa3100000)
 ParOldGen       total 139008K, used 125114K [0x67000000, 0x6f7c0000, 0x91ac0000)
  object space 139008K, 90% used [0x67000000,0x6ea2e9a0,0x6f7c0000)
 Metaspace       used 4215K, capacity 4262K, committed 4376K, reserved 4400K

Deoptimization events (10 events):
Event: 3.199 Thread 0xb6607800 Uncommon trap: reason=class_check action=maybe_recompile pc=0xa7b195d8 method=com.android.dx.cf.code.Ropper.processBlock(Lcom/android/dx/cf/code/ByteBlock;Lcom/android/dx/cf/code/Frame;[I)V @ 777
Event: 3.823 Thread 0xb6607800 Uncommon trap: reason=unloaded action=reinterpret pc=0xa7ba86d8 method=com.android.dx.cf.cst.ConstantPoolParser.parse0(ILjava/util/BitSet;)Lcom/android/dx/rop/cst/Constant; @ 410
Event: 3.980 Thread 0xb6607800 Uncommon trap: reason=class_check action=maybe_recompile pc=0xa7b195d8 method=com.android.dx.cf.code.Ropper.processBlock(Lcom/android/dx/cf/code/ByteBlock;Lcom/android/dx/cf/code/Frame;[I)V @ 777
Event: 3.980 Thread 0xb6607800 Uncommon trap: reason=class_check action=maybe_recompile pc=0xa7b195d8 method=com.android.dx.cf.code.Ropper.processBlock(Lcom/android/dx/cf/code/ByteBlock;Lcom/android/dx/cf/code/Frame;[I)V @ 777
Event: 4.041 Thread 0x6329cc00 Uncommon trap: reason=class_check action=maybe_recompile pc=0xa7b195d8 method=com.android.dx.cf.code.Ropper.processBlock(Lcom/android/dx/cf/code/ByteBlock;Lcom/android/dx/cf/code/Frame;[I)V @ 777
Event: 4.686 Thread 0x63285800 Uncommon trap: reason=unreached action=reinterpret pc=0xa7c44e90 method=com.android.dx.cf.code.BaseMachine.getLocalTarget(Z)Lcom/android/dx/rop/code/RegisterSpec; @ 131
Event: 5.026 Thread 0x6329cc00 Uncommon trap: reason=bimorphic action=maybe_recompile pc=0xa7c0b130 method=com.android.dx.cf.code.BytecodeArray.parseInstruction(ILcom/android/dx/cf/code/BytecodeArray$Visitor;)I @ 1357
Event: 5.026 Thread 0x6329cc00 Uncommon trap: reason=bimorphic action=maybe_recompile pc=0xa7c0b130 method=com.android.dx.cf.code.BytecodeArray.parseInstruction(ILcom/android/dx/cf/code/BytecodeArray$Visitor;)I @ 1357
Event: 7.378 Thread 0x6329cc00 Uncommon trap: reason=bimorphic action=maybe_recompile pc=0xa7cf37f4 method=com.android.dx.cf.code.BytecodeArray.parseInstruction(ILcom/android/dx/cf/code/BytecodeArray$Visitor;)I @ 1477
Event: 7.378 Thread 0x6329cc00 Uncommon trap: reason=bimorphic action=maybe_recompile pc=0xa7cf37f4 method=com.android.dx.cf.code.BytecodeArray.parseInstruction(ILcom/android/dx/cf/code/BytecodeArray$Visitor;)I @ 1477

Internal exceptions (10 events):
Event: 0.822 Thread 0x6329cc00 Exception <a 'java/security/PrivilegedActionException'> (0x927fc118) thrown at [/HUDSON3/workspace/8-2-build-linux-i586/jdk8u31/2394/hotspot/src/share/vm/prims/jvm.cpp, line 1312]
Event: 0.954 Thread 0x6329cc00 Exception <a 'java/security/PrivilegedActionException'> (0x92025828) thrown at [/HUDSON3/workspace/8-2-build-linux-i586/jdk8u31/2394/hotspot/src/share/vm/prims/jvm.cpp, line 1312]
Event: 1.028 Thread 0x6325ac00 Implicit null exception at 0xa77b7a3d to 0xa77b932d
Event: 1.196 Thread 0xb6607800 Exception <a 'java/security/PrivilegedActionException'> (0x93533e20) thrown at [/HUDSON3/workspace/8-2-build-linux-i586/jdk8u31/2394/hotspot/src/share/vm/prims/jvm.cpp, line 1312]
Event: 1.749 Thread 0xb6607800 Exception <a 'java/security/PrivilegedActionException'> (0x94622100) thrown at [/HUDSON3/workspace/8-2-build-linux-i586/jdk8u31/2394/hotspot/src/share/vm/prims/jvm.cpp, line 1312]
Event: 2.016 Thread 0x6325ac00 Exception <a 'java/security/PrivilegedActionException'> (0x937dfd68) thrown at [/HUDSON3/workspace/8-2-build-linux-i586/jdk8u31/2394/hotspot/src/share/vm/prims/jvm.cpp, line 1312]
Event: 2.243 Thread 0x6329e000 Exception <a 'java/lang/ArrayIndexOutOfBoundsException': 18> (0x92275f20) thrown at [/HUDSON3/workspace/8-2-build-linux-i586/jdk8u31/2394/hotspot/src/share/vm/interpreter/interpreterRuntime.cpp, line 366]
Event: 2.243 Thread 0x6329e000 Exception <a 'java/lang/ArrayIndexOutOfBoundsException': 145> (0x922776e8) thrown at [/HUDSON3/workspace/8-2-build-linux-i586/jdk8u31/2394/hotspot/src/share/vm/interpreter/interpreterRuntime.cpp, line 366]
Event: 2.244 Thread 0x6329e000 Exception <a 'java/lang/ArrayIndexOutOfBoundsException': 40> (0x92278708) thrown at [/HUDSON3/workspace/8-2-build-linux-i586/jdk8u31/2394/hotspot/src/share/vm/interpreter/interpreterRuntime.cpp, line 366]
Event: 3.292 Thread 0xb6607800 Exception <a 'java/security/PrivilegedActionException'> (0x979b84a0) thrown at [/HUDSON3/workspace/8-2-build-linux-i586/jdk8u31/2394/hotspot/src/share/vm/prims/jvm.cpp, line 1312]

Events (10 events):
Event: 7.544 Thread 0x6325ac00 DEOPT UNPACKING pc=0xa75a3310 sp=0x633a92b4 mode 0
Event: 7.550 Thread 0xb6607800 DEOPT PACKING pc=0xa7b351f9 sp=0xb6750440
Event: 7.550 Thread 0xb6607800 DEOPT UNPACKING pc=0xa75a3310 sp=0xb67502c0 mode 0
Event: 7.554 Thread 0xb6607800 DEOPT PACKING pc=0xa777829c sp=0xb6750340
Event: 7.554 Thread 0xb6607800 DEOPT UNPACKING pc=0xa75a3310 sp=0xb67501e4 mode 0
Event: 7.570 Thread 0x6329cc00 DEOPT PACKING pc=0xa777829c sp=0x631ad6f0
Event: 7.570 Thread 0x6329cc00 DEOPT UNPACKING pc=0xa75a3310 sp=0x631ad594 mode 0
Event: 7.577 Thread 0x6325ac00 DEOPT PACKING pc=0xa777829c sp=0x633a9480
Event: 7.577 Thread 0x6325ac00 DEOPT UNPACKING pc=0xa75a3310 sp=0x633a9324 mode 0
Event: 7.585 Executing VM operation: ParallelGCFailedAllocation


Dynamic libraries:
08048000-08049000 r-xp 00000000 08:06 1556514    /usr/lib/jvm/java-8-oracle/bin/java
08049000-0804a000 rw-p 00000000 08:06 1556514    /usr/lib/jvm/java-8-oracle/bin/java
084bb000-0861d000 rw-p 00000000 00:00 0          [heap]
61400000-614e7000 rw-p 00000000 00:00 0 
614e7000-61500000 ---p 00000000 00:00 0 
61600000-616f4000 rw-p 00000000 00:00 0 
616f4000-61700000 ---p 00000000 00:00 0 
61700000-6179c000 rw-p 00000000 00:00 0 
6179c000-61800000 ---p 00000000 00:00 0 
61800000-618fc000 rw-p 00000000 00:00 0 
618fc000-61900000 ---p 00000000 00:00 0 
61a00000-61afd000 rw-p 00000000 00:00 0 
61afd000-61b00000 ---p 00000000 00:00 0 
61c00000-61cfe000 rw-p 00000000 00:00 0 
61cfe000-61d00000 ---p 00000000 00:00 0 
61d00000-61dfb000 rw-p 00000000 00:00 0 
61dfb000-61e00000 ---p 00000000 00:00 0 
61e00000-61efc000 rw-p 00000000 00:00 0 
61efc000-61f00000 ---p 00000000 00:00 0 
62000000-620ff000 rw-p 00000000 00:00 0 
620ff000-62100000 ---p 00000000 00:00 0 
62100000-621fa000 rw-p 00000000 00:00 0 
621fa000-62200000 ---p 00000000 00:00 0 
62200000-622fc000 rw-p 00000000 00:00 0 
622fc000-62300000 ---p 00000000 00:00 0 
62300000-623fc000 rw-p 00000000 00:00 0 
623fc000-62400000 ---p 00000000 00:00 0 
62400000-62500000 rw-p 00000000 00:00 0 
62600000-62659000 rw-p 00000000 00:00 0 
62659000-62700000 ---p 00000000 00:00 0 
62800000-628ff000 rw-p 00000000 00:00 0 
628ff000-62900000 ---p 00000000 00:00 0 
62a00000-62b00000 rw-p 00000000 00:00 0 
62c00000-62cfd000 rw-p 00000000 00:00 0 
62cfd000-62d00000 ---p 00000000 00:00 0 
62d00000-62dfa000 rw-p 00000000 00:00 0 
62dfa000-62e00000 ---p 00000000 00:00 0 
62e00000-62efe000 rw-p 00000000 00:00 0 
62efe000-62f00000 ---p 00000000 00:00 0 
62f71000-63000000 rw-p 00000000 00:00 0 
63000000-630fa000 rw-p 00000000 00:00 0 
630fa000-63100000 ---p 00000000 00:00 0 
6310d000-63110000 ---p 00000000 00:00 0 
63110000-6315e000 rw-p 00000000 00:00 0          [stack:13848]
6315e000-63161000 ---p 00000000 00:00 0 
63161000-631af000 rw-p 00000000 00:00 0          [stack:13847]
631af000-631b2000 ---p 00000000 00:00 0 
631b2000-63200000 rw-p 00000000 00:00 0          [stack:13846]
63200000-632ff000 rw-p 00000000 00:00 0 
632ff000-63300000 ---p 00000000 00:00 0 
63309000-6330c000 ---p 00000000 00:00 0 
6330c000-6335a000 rw-p 00000000 00:00 0          [stack:13845]
6335a000-6335d000 ---p 00000000 00:00 0 
6335d000-633ab000 rw-p 00000000 00:00 0          [stack:13844]
633ab000-633ac000 ---p 00000000 00:00 0 
633ac000-6342c000 rw-p 00000000 00:00 0          [stack:13843]
6342c000-6342f000 ---p 00000000 00:00 0 
6342f000-6347d000 rw-p 00000000 00:00 0          [stack:13842]
6347d000-63480000 ---p 00000000 00:00 0 
63480000-634fe000 rw-p 00000000 00:00 0          [stack:13841]
634fe000-63501000 ---p 00000000 00:00 0 
63501000-6357f000 rw-p 00000000 00:00 0          [stack:13840]
6357f000-63582000 ---p 00000000 00:00 0 
63582000-63600000 rw-p 00000000 00:00 0          [stack:13839]
63600000-63800000 r--p 00000000 08:06 1093651    /usr/lib/locale/locale-archive
63800000-638f9000 rw-p 00000000 00:00 0 
638f9000-63900000 ---p 00000000 00:00 0 
63900000-63939000 rw-p 00000000 00:00 0 
63939000-63a00000 ---p 00000000 00:00 0 
63a00000-63b00000 rw-p 00000000 00:00 0 
63b0c000-63b0f000 ---p 00000000 00:00 0 
63b0f000-63b5d000 rw-p 00000000 00:00 0          [stack:13838]
63b5d000-63b5e000 ---p 00000000 00:00 0 
63b5e000-63bde000 rw-p 00000000 00:00 0          [stack:13835]
63bde000-63db4000 r--s 03cae000 08:06 1516955    /usr/lib/jvm/java-8-oracle/jre/lib/rt.jar
63db4000-641fa000 rw-p 00000000 00:00 0 
641fa000-64200000 ---p 00000000 00:00 0 
64200000-66600000 rw-p 00000000 00:00 0 
66600000-666f9000 rw-p 00000000 00:00 0 
666f9000-66700000 ---p 00000000 00:00 0 
6672e000-66731000 ---p 00000000 00:00 0 
66731000-6677f000 rw-p 00000000 00:00 0          [stack:13837]
6677f000-66780000 ---p 00000000 00:00 0 
66780000-66800000 rw-p 00000000 00:00 0          [stack:13834]
66800000-668f9000 rw-p 00000000 00:00 0 
668f9000-66900000 ---p 00000000 00:00 0 
6692e000-66931000 ---p 00000000 00:00 0 
66931000-6697f000 rw-p 00000000 00:00 0          [stack:13836]
6697f000-66980000 ---p 00000000 00:00 0 
66980000-66a00000 rw-p 00000000 00:00 0          [stack:13833]
66a00000-66a21000 rw-p 00000000 00:00 0 
66a21000-66b00000 ---p 00000000 00:00 0 
66b30000-66b7f000 rw-p 00000000 00:00 0 
66b7f000-66b80000 ---p 00000000 00:00 0 
66b80000-66c00000 rw-p 00000000 00:00 0          [stack:13832]
66c00000-66c21000 rw-p 00000000 00:00 0 
66c21000-66d00000 ---p 00000000 00:00 0 
66d23000-66d7e000 rw-p 00000000 00:00 0 
66d7e000-66d7f000 ---p 00000000 00:00 0 
66d7f000-66e43000 rw-p 00000000 00:00 0          [stack:13831]
66e43000-66f54000 ---p 00000000 00:00 0 
66f54000-66fff000 rw-p 00000000 00:00 0 
66fff000-6f7c0000 rw-p 00000000 00:00 0 
748bd000-74b00000 rw-p 00000000 00:00 0 
74b00000-91ac0000 ---p 00000000 00:00 0 
91ac0000-a7000000 rw-p 00000000 00:00 0 
a7002000-a7039000 r--s 002c0000 08:06 140487     /home/priya/matrix/Kurukshetra/app/build/intermediates/transforms/jarMerging/debug/jars/1/1f/combined.jar
a7039000-a7095000 rw-p 00000000 00:00 0 
a7095000-a71a7000 ---p 00000000 00:00 0 
a71a7000-a71c8000 rw-p 00000000 00:00 0 
a71c8000-a7567000 ---p 00000000 00:00 0 
a7567000-a7d7f000 rwxp 00000000 00:00 0 
a7d7f000-b6567000 ---p 00000000 00:00 0 
b6567000-b6580000 r-xp 00000000 08:06 1549768    /usr/lib/jvm/java-8-oracle/jre/lib/i386/libzip.so
b6580000-b6581000 rw-p 00018000 08:06 1549768    /usr/lib/jvm/java-8-oracle/jre/lib/i386/libzip.so
b6581000-b658c000 r-xp 00000000 08:06 1933402    /lib/i386-linux-gnu/libnss_files-2.19.so
b658c000-b658d000 r--p 0000a000 08:06 1933402    /lib/i386-linux-gnu/libnss_files-2.19.so
b658d000-b658e000 rw-p 0000b000 08:06 1933402    /lib/i386-linux-gnu/libnss_files-2.19.so
b658e000-b6598000 r-xp 00000000 08:06 1933406    /lib/i386-linux-gnu/libnss_nis-2.19.so
b6598000-b6599000 r--p 00009000 08:06 1933406    /lib/i386-linux-gnu/libnss_nis-2.19.so
b6599000-b659a000 rw-p 0000a000 08:06 1933406    /lib/i386-linux-gnu/libnss_nis-2.19.so
b659a000-b65af000 r-xp 00000000 08:06 1933415    /lib/i386-linux-gnu/libnsl-2.19.so
b65af000-b65b0000 r--p 00015000 08:06 1933415    /lib/i386-linux-gnu/libnsl-2.19.so
b65b0000-b65b1000 rw-p 00016000 08:06 1933415    /lib/i386-linux-gnu/libnsl-2.19.so
b65b1000-b65b3000 rw-p 00000000 00:00 0 
b65b3000-b65ba000 r-xp 00000000 08:06 1933343    /lib/i386-linux-gnu/libnss_compat-2.19.so
b65ba000-b65bb000 r--p 00006000 08:06 1933343    /lib/i386-linux-gnu/libnss_compat-2.19.so
b65bb000-b65bc000 rw-p 00007000 08:06 1933343    /lib/i386-linux-gnu/libnss_compat-2.19.so
b65c1000-b65c3000 rw-p 00000000 00:00 0 
b65c3000-b65d2000 r--s 000df000 08:06 3122779    /home/priya/Android/Sdk/build-tools/23.0.2/lib/dx.jar
b65d2000-b65f6000 r-xp 00000000 08:06 1549783    /usr/lib/jvm/java-8-oracle/jre/lib/i386/libjava.so
b65f6000-b65f7000 rw-p 00023000 08:06 1549783    /usr/lib/jvm/java-8-oracle/jre/lib/i386/libjava.so
b65f7000-b65fe000 r-xp 00000000 08:06 1933332    /lib/i386-linux-gnu/librt-2.19.so
b65fe000-b65ff000 r--p 00006000 08:06 1933332    /lib/i386-linux-gnu/librt-2.19.so
b65ff000-b6600000 rw-p 00007000 08:06 1933332    /lib/i386-linux-gnu/librt-2.19.so
b6600000-b66fa000 rw-p 00000000 00:00 0 
b66fa000-b6700000 ---p 00000000 00:00 0 
b6700000-b6701000 r--p 00850000 08:06 1093651    /usr/lib/locale/locale-archive
b6701000-b6704000 ---p 00000000 00:00 0 
b6704000-b6752000 rw-p 00000000 00:00 0          [stack:13830]
b6752000-b6796000 r-xp 00000000 08:06 1933416    /lib/i386-linux-gnu/libm-2.19.so
b6796000-b6797000 r--p 00043000 08:06 1933416    /lib/i386-linux-gnu/libm-2.19.so
b6797000-b6798000 rw-p 00044000 08:06 1933416    /lib/i386-linux-gnu/libm-2.19.so
b6798000-b70d5000 r-xp 00000000 08:06 1549788    /usr/lib/jvm/java-8-oracle/jre/lib/i386/server/libjvm.so
b70d5000-b7141000 rw-p 0093c000 08:06 1549788    /usr/lib/jvm/java-8-oracle/jre/lib/i386/server/libjvm.so
b7141000-b7566000 rw-p 00000000 00:00 0 
b7566000-b770f000 r-xp 00000000 08:06 1933403    /lib/i386-linux-gnu/libc-2.19.so
b770f000-b7711000 r--p 001a9000 08:06 1933403    /lib/i386-linux-gnu/libc-2.19.so
b7711000-b7712000 rw-p 001ab000 08:06 1933403    /lib/i386-linux-gnu/libc-2.19.so
b7712000-b7715000 rw-p 00000000 00:00 0 
b7715000-b7718000 r-xp 00000000 08:06 1933409    /lib/i386-linux-gnu/libdl-2.19.so
b7718000-b7719000 r--p 00002000 08:06 1933409    /lib/i386-linux-gnu/libdl-2.19.so
b7719000-b771a000 rw-p 00003000 08:06 1933409    /lib/i386-linux-gnu/libdl-2.19.so
b771a000-b772e000 r-xp 00000000 08:06 1550414    /usr/lib/jvm/java-8-oracle/lib/i386/jli/libjli.so
b772e000-b772f000 rw-p 00013000 08:06 1550414    /usr/lib/jvm/java-8-oracle/lib/i386/jli/libjli.so
b772f000-b7730000 rw-p 00000000 00:00 0 
b7730000-b7748000 r-xp 00000000 08:06 1933405    /lib/i386-linux-gnu/libpthread-2.19.so
b7748000-b7749000 r--p 00018000 08:06 1933405    /lib/i386-linux-gnu/libpthread-2.19.so
b7749000-b774a000 rw-p 00019000 08:06 1933405    /lib/i386-linux-gnu/libpthread-2.19.so
b774a000-b774c000 rw-p 00000000 00:00 0 
b774c000-b7754000 rw-s 00000000 08:06 385925     /tmp/hsperfdata_priya/13826
b7754000-b7755000 rw-p 00000000 00:00 0 
b7755000-b7756000 ---p 00000000 00:00 0 
b7756000-b7761000 r-xp 00000000 08:06 1549739    /usr/lib/jvm/java-8-oracle/jre/lib/i386/libverify.so
b7761000-b7762000 rw-p 0000b000 08:06 1549739    /usr/lib/jvm/java-8-oracle/jre/lib/i386/libverify.so
b7762000-b7764000 rw-p 00000000 00:00 0 
b7764000-b7765000 r-xp 00000000 00:00 0          [vdso]
b7765000-b7785000 r-xp 00000000 08:06 1936058    /lib/i386-linux-gnu/ld-2.19.so
b7785000-b7786000 r--p 0001f000 08:06 1936058    /lib/i386-linux-gnu/ld-2.19.so
b7786000-b7787000 rw-p 00020000 08:06 1936058    /lib/i386-linux-gnu/ld-2.19.so
bf8cb000-bf8cc000 rwxp 00000000 00:00 0 
bf8fe000-bf91f000 rw-p 00000000 00:00 0          [stack]

VM Arguments:
jvm_args: -Djava.awt.headless=true -Xmx1024M -Dfile.encoding=UTF-8 -Duser.country=IN -Duser.language=en -Duser.variant 
java_command: com.android.dx.command.Main --dex --num-threads=4 --multi-dex --main-dex-list /home/priya/matrix/Kurukshetra/app/build/intermediates/multi-dex/debug/maindexlist.txt --output /home/priya/matrix/Kurukshetra/app/build/intermediates/transforms/dex/debug/folders/1000/1f/main /home/priya/matrix/Kurukshetra/app/build/intermediates/transforms/jarMerging/debug/jars/1/1f/combined.jar
java_class_path (initial): /home/priya/Android/Sdk/build-tools/23.0.2/lib/dx.jar
Launcher Type: SUN_STANDARD

Environment Variables:
JAVA_HOME=/usr/lib/jvm/java-8-oracle
PATH=/usr/local/sbin:/usr/local/bin:/usr/sbin:/usr/bin:/sbin:/bin:/usr/games:/usr/local/games
LD_LIBRARY_PATH=bin:
SHELL=/bin/bash
DISPLAY=:0

Signal Handlers:
SIGSEGV: [libjvm.so+0x894cb0], sa_mask[0]=11111111011111111101111111111110, sa_flags=SA_RESTART|SA_SIGINFO
SIGBUS: [libjvm.so+0x894cb0], sa_mask[0]=11111111011111111101111111111110, sa_flags=SA_RESTART|SA_SIGINFO
SIGFPE: [libjvm.so+0x71dd00], sa_mask[0]=11111111011111111101111111111110, sa_flags=SA_RESTART|SA_SIGINFO
SIGPIPE: [libjvm.so+0x71dd00], sa_mask[0]=11111111011111111101111111111110, sa_flags=SA_RESTART|SA_SIGINFO
SIGXFSZ: [libjvm.so+0x71dd00], sa_mask[0]=11111111011111111101111111111110, sa_flags=SA_RESTART|SA_SIGINFO
SIGILL: [libjvm.so+0x71dd00], sa_mask[0]=11111111011111111101111111111110, sa_flags=SA_RESTART|SA_SIGINFO
SIGUSR1: SIG_DFL, sa_mask[0]=00000000000000000000000000000000, sa_flags=none
SIGUSR2: [libjvm.so+0x71f4b0], sa_mask[0]=00100000000000000000000000000000, sa_flags=SA_RESTART|SA_SIGINFO
SIGHUP: [libjvm.so+0x7209b0], sa_mask[0]=11111111011111111101111111111110, sa_flags=SA_RESTART|SA_SIGINFO
SIGINT: [libjvm.so+0x7209b0], sa_mask[0]=11111111011111111101111111111110, sa_flags=SA_RESTART|SA_SIGINFO
SIGTERM: [libjvm.so+0x7209b0], sa_mask[0]=11111111011111111101111111111110, sa_flags=SA_RESTART|SA_SIGINFO
SIGQUIT: [libjvm.so+0x7209b0], sa_mask[0]=11111111011111111101111111111110, sa_flags=SA_RESTART|SA_SIGINFO


---------------  S Y S T E M  ---------------

OS:DISTRIB_ID=Ubuntu
DISTRIB_RELEASE=14.04
DISTRIB_CODENAME=trusty
DISTRIB_DESCRIPTION="Ubuntu 14.04.1 LTS"

uname:Linux 3.13.0-45-generic #74-Ubuntu SMP Tue Jan 13 19:37:48 UTC 2015 i686
libc:glibc 2.19 NPTL 2.19 
rlimit: STACK 8192k, CORE 0k, NPROC 31374, NOFILE 4096, AS infinity
load average:1.92 2.07 3.06

/proc/meminfo:
MemTotal:        4035208 kB
MemFree:          249364 kB
Buffers:            5140 kB
Cached:           624444 kB
SwapCached:            0 kB
Active:          2654708 kB
Inactive:         596052 kB
Active(anon):    2626624 kB
Inactive(anon):   571944 kB
Active(file):      28084 kB
Inactive(file):    24108 kB
Unevictable:          48 kB
Mlocked:              48 kB
HighTotal:       3182980 kB
HighFree:          85560 kB
LowTotal:         852228 kB
LowFree:          163804 kB
SwapTotal:             0 kB
SwapFree:              0 kB
Dirty:               144 kB
Writeback:             0 kB
AnonPages:       2621416 kB
Mapped:           611220 kB
Shmem:            577100 kB
Slab:              50080 kB
SReclaimable:      24348 kB
SUnreclaim:        25732 kB
KernelStack:        4592 kB
PageTables:        14528 kB
NFS_Unstable:          0 kB
Bounce:               72 kB
WritebackTmp:          0 kB
CommitLimit:     2017604 kB
Committed_AS:    6688360 kB
VmallocTotal:     122880 kB
VmallocUsed:       73624 kB
VmallocChunk:      38420 kB
HardwareCorrupted:     0 kB
AnonHugePages:   1384448 kB
HugePages_Total:       0
HugePages_Free:        0
HugePages_Rsvd:        0
HugePages_Surp:        0
Hugepagesize:       2048 kB
DirectMap4k:       43000 kB
DirectMap2M:      870400 kB


CPU:total 4 (2 cores per cpu, 2 threads per core) family 6 model 69 stepping 1, cmov, cx8, fxsr, mmx, sse, sse2, sse3, ssse3, sse4.1, sse4.2, popcnt, avx, avx2, aes, clmul, erms, lzcnt, ht, tsc, tscinvbit, bmi1, bmi2

/proc/cpuinfo:
processor	: 0
vendor_id	: GenuineIntel
cpu family	: 6
model		: 69
model name	: Intel(R) Core(TM) i5-4210U CPU @ 1.70GHz
stepping	: 1
microcode	: 0x17
cpu MHz		: 782.000
cache size	: 3072 KB
physical id	: 0
siblings	: 4
core id		: 0
cpu cores	: 2
apicid		: 0
initial apicid	: 0
fdiv_bug	: no
f00f_bug	: no
coma_bug	: no
fpu		: yes
fpu_exception	: yes
cpuid level	: 13
wp		: yes
flags		: fpu vme de pse tsc msr pae mce cx8 apic sep mtrr pge mca cmov pat pse36 clflush dts acpi mmx fxsr sse sse2 ss ht tm pbe nx pdpe1gb rdtscp lm constant_tsc arch_perfmon pebs bts xtopology nonstop_tsc aperfmperf eagerfpu pni pclmulqdq dtes64 monitor ds_cpl vmx est tm2 ssse3 fma cx16 xtpr pdcm pcid sse4_1 sse4_2 movbe popcnt tsc_deadline_timer aes xsave avx f16c rdrand lahf_lm abm ida arat epb xsaveopt pln pts dtherm tpr_shadow vnmi flexpriority ept vpid fsgsbase tsc_adjust bmi1 avx2 smep bmi2 erms invpcid
bogomips	: 3392.19
clflush size	: 64
cache_alignment	: 64
address sizes	: 39 bits physical, 48 bits virtual
power management:

processor	: 1
vendor_id	: GenuineIntel
cpu family	: 6
model		: 69
model name	: Intel(R) Core(TM) i5-4210U CPU @ 1.70GHz
stepping	: 1
microcode	: 0x17
cpu MHz		: 782.000
cache size	: 3072 KB
physical id	: 0
siblings	: 4
core id		: 1
cpu cores	: 2
apicid		: 2
initial apicid	: 2
fdiv_bug	: no
f00f_bug	: no
coma_bug	: no
fpu		: yes
fpu_exception	: yes
cpuid level	: 13
wp		: yes
flags		: fpu vme de pse tsc msr pae mce cx8 apic sep mtrr pge mca cmov pat pse36 clflush dts acpi mmx fxsr sse sse2 ss ht tm pbe nx pdpe1gb rdtscp lm constant_tsc arch_perfmon pebs bts xtopology nonstop_tsc aperfmperf eagerfpu pni pclmulqdq dtes64 monitor ds_cpl vmx est tm2 ssse3 fma cx16 xtpr pdcm pcid sse4_1 sse4_2 movbe popcnt tsc_deadline_timer aes xsave avx f16c rdrand lahf_lm abm ida arat epb xsaveopt pln pts dtherm tpr_shadow vnmi flexpriority ept vpid fsgsbase tsc_adjust bmi1 avx2 smep bmi2 erms invpcid
bogomips	: 3392.19
clflush size	: 64
cache_alignment	: 64
address sizes	: 39 bits physical, 48 bits virtual
power management:

processor	: 2
vendor_id	: GenuineIntel
cpu family	: 6
model		: 69
model name	: Intel(R) Core(TM) i5-4210U CPU @ 1.70GHz
stepping	: 1
microcode	: 0x17
cpu MHz		: 782.000
cache size	: 3072 KB
physical id	: 0
siblings	: 4
core id		: 0
cpu cores	: 2
apicid		: 1
initial apicid	: 1
fdiv_bug	: no
f00f_bug	: no
coma_bug	: no
fpu		: yes
fpu_exception	: yes
cpuid level	: 13
wp		: yes
flags		: fpu vme de pse tsc msr pae mce cx8 apic sep mtrr pge mca cmov pat pse36 clflush dts acpi mmx fxsr sse sse2 ss ht tm pbe nx pdpe1gb rdtscp lm constant_tsc arch_perfmon pebs bts xtopology nonstop_tsc aperfmperf eagerfpu pni pclmulqdq dtes64 monitor ds_cpl vmx est tm2 ssse3 fma cx16 xtpr pdcm pcid sse4_1 sse4_2 movbe popcnt tsc_deadline_timer aes xsave avx f16c rdrand lahf_lm abm ida arat epb xsaveopt pln pts dtherm tpr_shadow vnmi flexpriority ept vpid fsgsbase tsc_adjust bmi1 avx2 smep bmi2 erms invpcid
bogomips	: 3392.19
clflush size	: 64
cache_alignment	: 64
address sizes	: 39 bits physical, 48 bits virtual
power management:

processor	: 3
vendor_id	: GenuineIntel
cpu family	: 6
model		: 69
model name	: Intel(R) Core(TM) i5-4210U CPU @ 1.70GHz
stepping	: 1
microcode	: 0x17
cpu MHz		: 1700.000
cache size	: 3072 KB
physical id	: 0
siblings	: 4
core id		: 1
cpu cores	: 2
apicid		: 3
initial apicid	: 3
fdiv_bug	: no
f00f_bug	: no
coma_bug	: no
fpu		: yes
fpu_exception	: yes
cpuid level	: 13
wp		: yes
flags		: fpu vme de pse tsc msr pae mce cx8 apic sep mtrr pge mca cmov pat pse36 clflush dts acpi mmx fxsr sse sse2 ss ht tm pbe nx pdpe1gb rdtscp lm constant_tsc arch_perfmon pebs bts xtopology nonstop_tsc aperfmperf eagerfpu pni pclmulqdq dtes64 monitor ds_cpl vmx est tm2 ssse3 fma cx16 xtpr pdcm pcid sse4_1 sse4_2 movbe popcnt tsc_deadline_timer aes xsave avx f16c rdrand lahf_lm abm ida arat epb xsaveopt pln pts dtherm tpr_shadow vnmi flexpriority ept vpid fsgsbase tsc_adjust bmi1 avx2 smep bmi2 erms invpcid
bogomips	: 3392.19
clflush size	: 64
cache_alignment	: 64
address sizes	: 39 bits physical, 48 bits virtual
power management:



Memory: 4k page, physical 4035208k(249364k free), swap 0k(0k free)

vm_info: Java HotSpot(TM) Server VM (25.31-b07) for linux-x86 JRE (1.8.0_31-b13), built on Dec 17 2014 20:50:14 by "java_re" with gcc 4.3.0 20080428 (Red Hat 4.3.0-8)

time: Fri Dec 18 01:54:09 2015
elapsed time: 8 seconds (0d 0h 0m 8s)

