#
# There is insufficient memory for the Java Runtime Environment to continue.
# Native memory allocation (mmap) failed to map 87031808 bytes for committing reserved memory.
# Possible reasons:
#   The system is out of physical RAM or swap space
#   In 32 bit mode, the process size limit was hit
# Possible solutions:
#   Reduce memory load on the system
#   Increase physical memory or swap space
#   Check if swap backing store is full
#   Use 64 bit Java on a 64 bit OS
#   Decrease Java heap size (-Xmx/-Xms)
#   Decrease number of Java threads
#   Decrease Java thread stack sizes (-Xss)
#   Set larger code cache with -XX:ReservedCodeCacheSize=
# This output file may be truncated or incomplete.
#
#  Out of Memory Error (os_linux.cpp:2671), pid=15364, tid=1674435392
#
# JRE version: Java(TM) SE Runtime Environment (8.0_31-b13) (build 1.8.0_31-b13)
# Java VM: Java HotSpot(TM) Server VM (25.31-b07 mixed mode linux-x86 )
# Failed to write core dump. Core dumps have been disabled. To enable core dumping, try "ulimit -c unlimited" before starting Java again
#

---------------  T H R E A D  ---------------

Current thread (0x63b81000):  VMThread [stack: 0x63c5d000,0x63cde000] [id=15374]

Stack: [0x63c5d000,0x63cde000],  sp=0x63cdca30,  free space=510k
Native frames: (J=compiled Java code, j=interpreted, Vv=VM code, C=native code)
V  [libjvm.so+0x8941c9]  VMError::report_and_die()+0x179
V  [libjvm.so+0x375385]  report_vm_out_of_memory(char const*, int, unsigned int, VMErrorType, char const*)+0x55
V  [libjvm.so+0x720f66]  os::Linux::commit_memory_impl(char*, unsigned int, bool)+0xe6
V  [libjvm.so+0x721388]  os::pd_commit_memory(char*, unsigned int, unsigned int, bool)+0x28
V  [libjvm.so+0x71ad5c]  os::commit_memory(char*, unsigned int, unsigned int, bool)+0x2c
V  [libjvm.so+0x782e98]  PSVirtualSpace::expand_by(unsigned int)+0x48
V  [libjvm.so+0x783f9a]  PSYoungGen::resize_generation(unsigned int, unsigned int)+0xda
V  [libjvm.so+0x7832c9]  PSYoungGen::resize(unsigned int, unsigned int)+0x19
V  [libjvm.so+0x780bfb]  PSScavenge::invoke_no_policy()+0xd2b
V  [libjvm.so+0x7813b8]  PSScavenge::invoke()+0x28
V  [libjvm.so+0x7418ba]  ParallelScavengeHeap::failed_mem_allocate(unsigned int)+0x5a
V  [libjvm.so+0x89591a]  VM_ParallelGCFailedAllocation::doit()+0x7a
V  [libjvm.so+0x89ea77]  VM_Operation::evaluate()+0x47
V  [libjvm.so+0x89cb43]  VMThread::evaluate_operation(VM_Operation*)+0xb3
V  [libjvm.so+0x89cee0]  VMThread::loop()+0x1b0
V  [libjvm.so+0x89d345]  VMThread::run()+0x85
V  [libjvm.so+0x723929]  java_start(Thread*)+0x119
C  [libpthread.so.0+0x6f70]  start_thread+0xd0

VM_Operation (0x62bfe4a4): ParallelGCFailedAllocation, mode: safepoint, requested by thread 0x62e06000


---------------  P R O C E S S  ---------------

Java Threads: ( => current thread )
  0x62e06000 JavaThread "pool-2-thread-4" [_thread_blocked, id=15387, stack(0x62baf000,0x62c00000)]
  0x62e04c00 JavaThread "pool-2-thread-3" [_thread_blocked, id=15386, stack(0x62daf000,0x62e00000)]
  0x633fd800 JavaThread "pool-2-thread-2" [_thread_blocked, id=15385, stack(0x6300d000,0x6305e000)]
  0x633fbc00 JavaThread "pool-3-thread-1" [_thread_blocked, id=15384, stack(0x6305e000,0x630af000)]
  0x633b1c00 JavaThread "pool-2-thread-1" [_thread_blocked, id=15383, stack(0x630af000,0x63100000)]
  0x63baa800 JavaThread "Service Thread" daemon [_thread_blocked, id=15381, stack(0x634db000,0x6352c000)]
  0x63ba7400 JavaThread "C1 CompilerThread2" daemon [_thread_blocked, id=15380, stack(0x6352c000,0x635ad000)]
  0x63ba5c00 JavaThread "C2 CompilerThread1" daemon [_thread_blocked, id=15379, stack(0x635ad000,0x6362e000)]
  0x63ba4000 JavaThread "C2 CompilerThread0" daemon [_thread_blocked, id=15378, stack(0x6362e000,0x636af000)]
  0x63ba2400 JavaThread "Signal Dispatcher" daemon [_thread_blocked, id=15377, stack(0x636af000,0x63700000)]
  0x63b85800 JavaThread "Finalizer" daemon [_thread_blocked, id=15376, stack(0x63c0c000,0x63c5d000)]
  0x63b84000 JavaThread "Reference Handler" daemon [_thread_blocked, id=15375, stack(0x6682e000,0x6687f000)]
  0xb6607800 JavaThread "main" [_thread_blocked, id=15369, stack(0xb676d000,0xb67be000)]

Other Threads:
=>0x63b81000 VMThread [stack: 0x63c5d000,0x63cde000] [id=15374]
  0x63bac000 WatcherThread [stack: 0x6345a000,0x634db000] [id=15382]

VM state:at safepoint (normal execution)

VM Mutex/Monitor currently owned by a thread:  ([mutex/lock_event])
[0xb6604f00] Threads_lock - owner thread: 0x63b81000
[0xb6605310] Heap_lock - owner thread: 0x62e06000

Heap:
 PSYoungGen      total 140032K, used 19711K [0x91cc0000, 0x9bd40000, 0xa7200000)
  eden space 120320K, 0% used [0x91cc0000,0x91cc0000,0x99240000)
  from space 19712K, 99% used [0x99240000,0x9a57ff28,0x9a580000)
  to   space 15104K, 0% used [0x9a580000,0x9a580000,0x9b440000)
 ParOldGen       total 42496K, used 32063K [0x67200000, 0x69b80000, 0x91cc0000)
  object space 42496K, 75% used [0x67200000,0x6914fc80,0x69b80000)
 Metaspace       used 4112K, capacity 4134K, committed 4248K, reserved 4400K

Card table byte_map: [0x66fff000,0x67200000] byte_map_base: 0x66cc6000

Marking Bits: (ParMarkBitMap*) 0xb71bd580
 Begin Bits: [0x64700000, 0x65700000)
 End Bits:   [0x65700000, 0x66700000)

Polling page: 0xb77c1000

CodeCache: size=245760Kb used=6087Kb max_used=6087Kb free=239672Kb
 bounds [0xa75cd000, 0xa7bc5000, 0xb65cd000]
 total_blobs=2102 nmethods=1943 adapters=74
 compilation: enabled

Compilation events (10 events):
Event: 3.099 Thread 0x63ba7400 2100       3       com.android.dx.cf.code.Merger::mergeLocals (122 bytes)
Event: 3.100 Thread 0x63ba7400 nmethod 2100 0xa7ba5248 code [0xa7ba54a0, 0xa7ba615c]
Event: 3.100 Thread 0x63ba7400 2101       1       com.android.dx.ssa.LiteralOpUpgrader$1::visitPhiInsn (1 bytes)
Event: 3.101 Thread 0x63ba7400 nmethod 2101 0xa7ba5048 code [0xa7ba5140, 0xa7ba51e0]
Event: 3.101 Thread 0x63ba5c00 nmethod 1523 0xa7ba2208 code [0xa7ba2300, 0xa7ba2390]
Event: 3.101 Thread 0x63ba5c00 2099       4       com.android.dx.ssa.SCCP::simulateBlock (54 bytes)
Event: 3.121 Thread 0x63ba7400 2103       2       java.util.DualPivotQuicksort::sort (1195 bytes)
Event: 3.124 Thread 0x63ba7400 nmethod 2103 0xa7babe48 code [0xa7bac0e0, 0xa7bad2fc]
Event: 3.127 Thread 0x63ba7400 2104       2       java.util.DualPivotQuicksort::sort (614 bytes)
Event: 3.129 Thread 0x63ba7400 nmethod 2104 0xa7ba9c88 code [0xa7ba9e80, 0xa7baaa90]

GC Heap History (10 events):
Event: 1.343 GC heap after
Heap after GC invocations=4 (full 0):
 PSYoungGen      total 34304K, used 2549K [0x91cc0000, 0x940c0000, 0xa7200000)
  eden space 31744K, 0% used [0x91cc0000,0x91cc0000,0x93bc0000)
  from space 2560K, 99% used [0x93e40000,0x940bd5f8,0x940c0000)
  to   space 2560K, 0% used [0x93bc0000,0x93bc0000,0x93e40000)
 ParOldGen       total 42496K, used 4007K [0x67200000, 0x69b80000, 0x91cc0000)
  object space 42496K, 9% used [0x67200000,0x675e9ea0,0x69b80000)
 Metaspace       used 3804K, capacity 3814K, committed 3864K, reserved 4400K
}
Event: 1.618 GC heap before
{Heap before GC invocations=5 (full 0):
 PSYoungGen      total 34304K, used 34293K [0x91cc0000, 0x940c0000, 0xa7200000)
  eden space 31744K, 100% used [0x91cc0000,0x93bc0000,0x93bc0000)
  from space 2560K, 99% used [0x93e40000,0x940bd5f8,0x940c0000)
  to   space 2560K, 0% used [0x93bc0000,0x93bc0000,0x93e40000)
 ParOldGen       total 42496K, used 4007K [0x67200000, 0x69b80000, 0x91cc0000)
  object space 42496K, 9% used [0x67200000,0x675e9ea0,0x69b80000)
 Metaspace       used 3833K, capacity 3846K, committed 3864K, reserved 4400K
Event: 1.633 GC heap after
Heap after GC invocations=5 (full 0):
 PSYoungGen      total 34304K, used 2559K [0x91cc0000, 0x96bc0000, 0xa7200000)
  eden space 31744K, 0% used [0x91cc0000,0x91cc0000,0x93bc0000)
  from space 2560K, 99% used [0x93bc0000,0x93e3ff80,0x93e40000)
  to   space 8704K, 0% used [0x96340000,0x96340000,0x96bc0000)
 ParOldGen       total 42496K, used 8882K [0x67200000, 0x69b80000, 0x91cc0000)
  object space 42496K, 20% used [0x67200000,0x67aacb68,0x69b80000)
 Metaspace       used 3833K, capacity 3846K, committed 3864K, reserved 4400K
}
Event: 1.880 GC heap before
{Heap before GC invocations=6 (full 0):
 PSYoungGen      total 34304K, used 34303K [0x91cc0000, 0x96bc0000, 0xa7200000)
  eden space 31744K, 100% used [0x91cc0000,0x93bc0000,0x93bc0000)
  from space 2560K, 99% used [0x93bc0000,0x93e3ff80,0x93e40000)
  to   space 8704K, 0% used [0x96340000,0x96340000,0x96bc0000)
 ParOldGen       total 42496K, used 8882K [0x67200000, 0x69b80000, 0x91cc0000)
  object space 42496K, 20% used [0x67200000,0x67aacb68,0x69b80000)
 Metaspace       used 3861K, capacity 3910K, committed 3992K, reserved 4400K
Event: 1.896 GC heap after
Heap after GC invocations=6 (full 0):
 PSYoungGen      total 71168K, used 7022K [0x91cc0000, 0x96dc0000, 0xa7200000)
  eden space 62464K, 0% used [0x91cc0000,0x91cc0000,0x959c0000)
  from space 8704K, 80% used [0x96340000,0x96a1b990,0x96bc0000)
  to   space 9728K, 0% used [0x959c0000,0x959c0000,0x96340000)
 ParOldGen       total 42496K, used 8882K [0x67200000, 0x69b80000, 0x91cc0000)
  object space 42496K, 20% used [0x67200000,0x67aacb68,0x69b80000)
 Metaspace       used 3861K, capacity 3910K, committed 3992K, reserved 4400K
}
Event: 2.210 GC heap before
{Heap before GC invocations=7 (full 0):
 PSYoungGen      total 71168K, used 69486K [0x91cc0000, 0x96dc0000, 0xa7200000)
  eden space 62464K, 100% used [0x91cc0000,0x959c0000,0x959c0000)
  from space 8704K, 80% used [0x96340000,0x96a1b990,0x96bc0000)
  to   space 9728K, 0% used [0x959c0000,0x959c0000,0x96340000)
 ParOldGen       total 42496K, used 8882K [0x67200000, 0x69b80000, 0x91cc0000)
  object space 42496K, 20% used [0x67200000,0x67aacb68,0x69b80000)
 Metaspace       used 3906K, capacity 3942K, committed 3992K, reserved 4400K
Event: 2.246 GC heap after
Heap after GC invocations=7 (full 0):
 PSYoungGen      total 72192K, used 9727K [0x91cc0000, 0x9b440000, 0xa7200000)
  eden space 62464K, 0% used [0x91cc0000,0x91cc0000,0x959c0000)
  from space 9728K, 99% used [0x959c0000,0x9633ffb8,0x96340000)
  to   space 15104K, 0% used [0x9a580000,0x9a580000,0x9b440000)
 ParOldGen       total 42496K, used 15678K [0x67200000, 0x69b80000, 0x91cc0000)
  object space 42496K, 36% used [0x67200000,0x6814f8c8,0x69b80000)
 Metaspace       used 3906K, capacity 3942K, committed 3992K, reserved 4400K
}
Event: 2.578 GC heap before
{Heap before GC invocations=8 (full 0):
 PSYoungGen      total 72192K, used 72191K [0x91cc0000, 0x9b440000, 0xa7200000)
  eden space 62464K, 100% used [0x91cc0000,0x959c0000,0x959c0000)
  from space 9728K, 99% used [0x959c0000,0x9633ffb8,0x96340000)
  to   space 15104K, 0% used [0x9a580000,0x9a580000,0x9b440000)
 ParOldGen       total 42496K, used 15678K [0x67200000, 0x69b80000, 0x91cc0000)
  object space 42496K, 36% used [0x67200000,0x6814f8c8,0x69b80000)
 Metaspace       used 4015K, capacity 4038K, committed 4120K, reserved 4400K
Event: 2.621 GC heap after
Heap after GC invocations=8 (full 0):
 PSYoungGen      total 135424K, used 15098K [0x91cc0000, 0x9bd40000, 0xa7200000)
  eden space 120320K, 0% used [0x91cc0000,0x91cc0000,0x99240000)
  from space 15104K, 99% used [0x9a580000,0x9b43e840,0x9b440000)
  to   space 19712K, 0% used [0x99240000,0x99240000,0x9a580000)
 ParOldGen       total 42496K, used 19847K [0x67200000, 0x69b80000, 0x91cc0000)
  object space 42496K, 46% used [0x67200000,0x68561f48,0x69b80000)
 Metaspace       used 4015K, capacity 4038K, committed 4120K, reserved 4400K
}
Event: 3.157 GC heap before
{Heap before GC invocations=9 (full 0):
 PSYoungGen      total 135424K, used 135418K [0x91cc0000, 0x9bd40000, 0xa7200000)
  eden space 120320K, 100% used [0x91cc0000,0x99240000,0x99240000)
  from space 15104K, 99% used [0x9a580000,0x9b43e840,0x9b440000)
  to   space 19712K, 0% used [0x99240000,0x99240000,0x9a580000)
 ParOldGen       total 42496K, used 19847K [0x67200000, 0x69b80000, 0x91cc0000)
  object space 42496K, 46% used [0x67200000,0x68561f48,0x69b80000)
 Metaspace       used 4112K, capacity 4134K, committed 4248K, reserved 4400K

Deoptimization events (10 events):
Event: 1.355 Thread 0x633b1c00 Uncommon trap: reason=null_check action=make_not_entrant pc=0xa7858148 method=com.android.dx.ssa.SsaRenamer.getLocalForNewReg(I)Lcom/android/dx/rop/code/LocalItem; @ 19
Event: 1.478 Thread 0x633b1c00 Uncommon trap: reason=null_check action=make_not_entrant pc=0xa7842d50 method=com.android.dx.ssa.SsaRenamer.getLocalForNewReg(I)Lcom/android/dx/rop/code/LocalItem; @ 19
Event: 1.496 Thread 0x633b1c00 Uncommon trap: reason=bimorphic action=maybe_recompile pc=0xa77c072c method=java.util.HashMap.getNode(ILjava/lang/Object;)Ljava/util/HashMap$Node; @ 126
Event: 1.496 Thread 0x633b1c00 Uncommon trap: reason=bimorphic action=maybe_recompile pc=0xa778be40 method=java.util.HashMap.getNode(ILjava/lang/Object;)Ljava/util/HashMap$Node; @ 126
Event: 2.345 Thread 0x62e06000 Uncommon trap: reason=unreached action=reinterpret pc=0xa79eca7c method=com.android.dx.ssa.SsaMethod.updateOneDefinition(Lcom/android/dx/ssa/SsaInsn;Lcom/android/dx/rop/code/RegisterSpec;)V @ 4
Event: 2.621 Thread 0xb6607800 Uncommon trap: reason=unreached action=reinterpret pc=0xa7908790 method=java.util.HashMap.getNode(ILjava/lang/Object;)Ljava/util/HashMap$Node; @ 84
Event: 2.621 Thread 0xb6607800 Uncommon trap: reason=unreached action=reinterpret pc=0xa789875c method=java.util.HashMap.getNode(ILjava/lang/Object;)Ljava/util/HashMap$Node; @ 84
Event: 2.631 Thread 0x633b1c00 Uncommon trap: reason=unreached action=reinterpret pc=0xa788d298 method=java.util.HashMap.getNode(ILjava/lang/Object;)Ljava/util/HashMap$Node; @ 84
Event: 2.809 Thread 0x62e04c00 Uncommon trap: reason=unreached action=reinterpret pc=0xa7a929fc method=java.util.HashMap.getNode(ILjava/lang/Object;)Ljava/util/HashMap$Node; @ 84
Event: 3.101 Thread 0x62e04c00 Uncommon trap: reason=bimorphic action=maybe_recompile pc=0xa7bb3484 method=com.android.dx.rop.code.RegisterSpec.withSimpleType()Lcom/android/dx/rop/code/RegisterSpec; @ 21

Internal exceptions (10 events):
Event: 1.355 Thread 0x633b1c00 Implicit null exception at 0xa7856347 to 0xa7858139
Event: 1.384 Thread 0x62e04c00 Exception <a 'java/security/PrivilegedActionException'> (0x920ca980) thrown at [/HUDSON3/workspace/8-2-build-linux-i586/jdk8u31/2394/hotspot/src/share/vm/prims/jvm.cpp, line 1312]
Event: 1.478 Thread 0x633b1c00 Implicit null exception at 0xa7840dca to 0xa7842d41
Event: 1.535 Thread 0xb6607800 Exception <a 'java/security/PrivilegedActionException'> (0x931395b0) thrown at [/HUDSON3/workspace/8-2-build-linux-i586/jdk8u31/2394/hotspot/src/share/vm/prims/jvm.cpp, line 1312]
Event: 1.904 Thread 0x62e06000 Exception <a 'java/security/PrivilegedActionException'> (0x91ec1038) thrown at [/HUDSON3/workspace/8-2-build-linux-i586/jdk8u31/2394/hotspot/src/share/vm/prims/jvm.cpp, line 1312]
Event: 1.994 Thread 0xb6607800 Exception <a 'java/security/PrivilegedActionException'> (0x92a35a68) thrown at [/HUDSON3/workspace/8-2-build-linux-i586/jdk8u31/2394/hotspot/src/share/vm/prims/jvm.cpp, line 1312]
Event: 2.344 Thread 0x62e06000 Exception <a 'java/security/PrivilegedActionException'> (0x92e3dba8) thrown at [/HUDSON3/workspace/8-2-build-linux-i586/jdk8u31/2394/hotspot/src/share/vm/prims/jvm.cpp, line 1312]
Event: 2.562 Thread 0x62e06000 Exception <a 'java/lang/ArrayIndexOutOfBoundsException': 18> (0x95822460) thrown at [/HUDSON3/workspace/8-2-build-linux-i586/jdk8u31/2394/hotspot/src/share/vm/interpreter/interpreterRuntime.cpp, line 366]
Event: 2.563 Thread 0x62e06000 Exception <a 'java/lang/ArrayIndexOutOfBoundsException': 145> (0x95823df0) thrown at [/HUDSON3/workspace/8-2-build-linux-i586/jdk8u31/2394/hotspot/src/share/vm/interpreter/interpreterRuntime.cpp, line 366]
Event: 2.575 Thread 0x62e06000 Exception <a 'java/lang/ArrayIndexOutOfBoundsException'> (0x95824e10) thrown at [/HUDSON3/workspace/8-2-build-linux-i586/jdk8u31/2394/hotspot/src/share/vm/runtime/sharedRuntime.cpp, line 604]

Events (10 events):
Event: 3.023 Thread 0x633fd800 DEOPT PACKING pc=0xa7a2dbcf sp=0x6305c900
Event: 3.023 Thread 0x633fd800 DEOPT UNPACKING pc=0xa7609310 sp=0x6305c7a4 mode 0
Event: 3.076 Thread 0xb6607800 DEOPT PACKING pc=0xa7916811 sp=0xb67bc3c0
Event: 3.076 Thread 0xb6607800 DEOPT UNPACKING pc=0xa7609310 sp=0xb67bc25c mode 0
Event: 3.081 Thread 0xb6607800 DEOPT PACKING pc=0xa78ebf9a sp=0xb67bc440
Event: 3.081 Thread 0xb6607800 DEOPT UNPACKING pc=0xa7609310 sp=0xb67bc300 mode 0
Event: 3.101 Thread 0x62e04c00 Uncommon trap: trap_request=0xffffffc6 fr.pc=0xa7bb3484
Event: 3.101 Thread 0x62e04c00 DEOPT PACKING pc=0xa7bb3484 sp=0x62dfe830
Event: 3.101 Thread 0x62e04c00 DEOPT UNPACKING pc=0xa7607bd5 sp=0x62dfe80c mode 2
Event: 3.152 Executing VM operation: ParallelGCFailedAllocation


Dynamic libraries:
08048000-08049000 r-xp 00000000 08:06 1556514    /usr/lib/jvm/java-8-oracle/bin/java
08049000-0804a000 rw-p 00000000 08:06 1556514    /usr/lib/jvm/java-8-oracle/bin/java
0876c000-0883c000 rw-p 00000000 00:00 0          [heap]
62100000-621c1000 rw-p 00000000 00:00 0 
621c1000-62200000 ---p 00000000 00:00 0 
62300000-623f9000 rw-p 00000000 00:00 0 
623f9000-62400000 ---p 00000000 00:00 0 
62500000-625f5000 rw-p 00000000 00:00 0 
625f5000-62600000 ---p 00000000 00:00 0 
62700000-62800000 rw-p 00000000 00:00 0 
62900000-62a00000 rw-p 00000000 00:00 0 
62a00000-62af3000 rw-p 00000000 00:00 0 
62af3000-62b00000 ---p 00000000 00:00 0 
62baf000-62bb2000 ---p 00000000 00:00 0 
62bb2000-62c00000 rw-p 00000000 00:00 0          [stack:15387]
62c00000-62d00000 rw-p 00000000 00:00 0 
62daf000-62db2000 ---p 00000000 00:00 0 
62db2000-62e00000 rw-p 00000000 00:00 0          [stack:15386]
62e00000-62e71000 rw-p 00000000 00:00 0 
62e71000-62f00000 ---p 00000000 00:00 0 
62f00000-62fec000 rw-p 00000000 00:00 0 
62fec000-63000000 ---p 00000000 00:00 0 
6300d000-63010000 ---p 00000000 00:00 0 
63010000-6305e000 rw-p 00000000 00:00 0          [stack:15385]
6305e000-63061000 ---p 00000000 00:00 0 
63061000-630af000 rw-p 00000000 00:00 0          [stack:15384]
630af000-630b2000 ---p 00000000 00:00 0 
630b2000-63100000 rw-p 00000000 00:00 0          [stack:15383]
63100000-631fc000 rw-p 00000000 00:00 0 
631fc000-63200000 ---p 00000000 00:00 0 
63200000-632f9000 rw-p 00000000 00:00 0 
632f9000-63300000 ---p 00000000 00:00 0 
63300000-63400000 rw-p 00000000 00:00 0 
63423000-6345a000 r--s 002b8000 08:06 123148     /home/priya/matrix/Kurukshetra/app/build/intermediates/transforms/jarMerging/debug/jars/1/1f/combined.jar
6345a000-6345b000 ---p 00000000 00:00 0 
6345b000-634db000 rw-p 00000000 00:00 0          [stack:15382]
634db000-634de000 ---p 00000000 00:00 0 
634de000-6352c000 rw-p 00000000 00:00 0          [stack:15381]
6352c000-6352f000 ---p 00000000 00:00 0 
6352f000-635ad000 rw-p 00000000 00:00 0          [stack:15380]
635ad000-635b0000 ---p 00000000 00:00 0 
635b0000-6362e000 rw-p 00000000 00:00 0          [stack:15379]
6362e000-63631000 ---p 00000000 00:00 0 
63631000-636af000 rw-p 00000000 00:00 0          [stack:15378]
636af000-636b2000 ---p 00000000 00:00 0 
636b2000-63700000 rw-p 00000000 00:00 0          [stack:15377]
63700000-63900000 r--p 00000000 08:06 1093651    /usr/lib/locale/locale-archive
63900000-639ff000 rw-p 00000000 00:00 0 
639ff000-63a00000 ---p 00000000 00:00 0 
63a00000-63a21000 rw-p 00000000 00:00 0 
63a21000-63b00000 ---p 00000000 00:00 0 
63b00000-63c00000 rw-p 00000000 00:00 0 
63c0c000-63c0f000 ---p 00000000 00:00 0 
63c0f000-63c5d000 rw-p 00000000 00:00 0          [stack:15376]
63c5d000-63c5e000 ---p 00000000 00:00 0 
63c5e000-63cde000 rw-p 00000000 00:00 0          [stack:15374]
63cde000-63eb4000 r--s 03cae000 08:06 1516955    /usr/lib/jvm/java-8-oracle/jre/lib/rt.jar
63eb4000-642da000 rw-p 00000000 00:00 0 
642da000-64300000 ---p 00000000 00:00 0 
64300000-66700000 rw-p 00000000 00:00 0 
66700000-667fe000 rw-p 00000000 00:00 0 
667fe000-66800000 ---p 00000000 00:00 0 
6682e000-66831000 ---p 00000000 00:00 0 
66831000-6687f000 rw-p 00000000 00:00 0          [stack:15375]
6687f000-66880000 ---p 00000000 00:00 0 
66880000-66900000 rw-p 00000000 00:00 0          [stack:15373]
66900000-669fe000 rw-p 00000000 00:00 0 
669fe000-66a00000 ---p 00000000 00:00 0 
66a30000-66a7f000 rw-p 00000000 00:00 0 
66a7f000-66a80000 ---p 00000000 00:00 0 
66a80000-66b00000 rw-p 00000000 00:00 0          [stack:15372]
66b00000-66b21000 rw-p 00000000 00:00 0 
66b21000-66c00000 ---p 00000000 00:00 0 
66c24000-66c7f000 rw-p 00000000 00:00 0 
66c7f000-66c80000 ---p 00000000 00:00 0 
66c80000-66d00000 rw-p 00000000 00:00 0          [stack:15371]
66d00000-66d21000 rw-p 00000000 00:00 0 
66d21000-66e00000 ---p 00000000 00:00 0 
66e10000-66e28000 rw-p 00000000 00:00 0 
66e28000-66e29000 ---p 00000000 00:00 0 
66e29000-66ebe000 rw-p 00000000 00:00 0          [stack:15370]
66ebe000-66fff000 ---p 00000000 00:00 0 
66fff000-67014000 rw-p 00000000 00:00 0 
67014000-67154000 ---p 00000000 00:00 0 
67154000-671a5000 rw-p 00000000 00:00 0 
671a5000-671ff000 ---p 00000000 00:00 0 
671ff000-69b80000 rw-p 00000000 00:00 0 
69b80000-91cc0000 ---p 00000000 00:00 0 
91cc0000-9bd40000 rw-p 00000000 00:00 0 
a0dfd000-a1040000 rw-p 00000000 00:00 0 
a1040000-a7200000 ---p 00000000 00:00 0 
a720d000-a7225000 rw-p 00000000 00:00 0 
a7225000-a75cd000 ---p 00000000 00:00 0 
a75cd000-a7bc5000 rwxp 00000000 00:00 0 
a7bc5000-b65cd000 ---p 00000000 00:00 0 
b65cd000-b65e6000 r-xp 00000000 08:06 1549768    /usr/lib/jvm/java-8-oracle/jre/lib/i386/libzip.so
b65e6000-b65e7000 rw-p 00018000 08:06 1549768    /usr/lib/jvm/java-8-oracle/jre/lib/i386/libzip.so
b65e7000-b65f2000 r-xp 00000000 08:06 1933402    /lib/i386-linux-gnu/libnss_files-2.19.so
b65f2000-b65f3000 r--p 0000a000 08:06 1933402    /lib/i386-linux-gnu/libnss_files-2.19.so
b65f3000-b65f4000 rw-p 0000b000 08:06 1933402    /lib/i386-linux-gnu/libnss_files-2.19.so
b65f4000-b65fe000 r-xp 00000000 08:06 1933406    /lib/i386-linux-gnu/libnss_nis-2.19.so
b65fe000-b65ff000 r--p 00009000 08:06 1933406    /lib/i386-linux-gnu/libnss_nis-2.19.so
b65ff000-b6600000 rw-p 0000a000 08:06 1933406    /lib/i386-linux-gnu/libnss_nis-2.19.so
b6600000-b66fa000 rw-p 00000000 00:00 0 
b66fa000-b6700000 ---p 00000000 00:00 0 
b6707000-b671c000 r-xp 00000000 08:06 1933415    /lib/i386-linux-gnu/libnsl-2.19.so
b671c000-b671d000 r--p 00015000 08:06 1933415    /lib/i386-linux-gnu/libnsl-2.19.so
b671d000-b671e000 rw-p 00016000 08:06 1933415    /lib/i386-linux-gnu/libnsl-2.19.so
b671e000-b6720000 rw-p 00000000 00:00 0 
b6720000-b6727000 r-xp 00000000 08:06 1933343    /lib/i386-linux-gnu/libnss_compat-2.19.so
b6727000-b6728000 r--p 00006000 08:06 1933343    /lib/i386-linux-gnu/libnss_compat-2.19.so
b6728000-b6729000 rw-p 00007000 08:06 1933343    /lib/i386-linux-gnu/libnss_compat-2.19.so
b672d000-b672f000 rw-p 00000000 00:00 0 
b672f000-b673e000 r--s 000df000 08:06 3122779    /home/priya/Android/Sdk/build-tools/23.0.2/lib/dx.jar
b673e000-b673f000 r--p 00850000 08:06 1093651    /usr/lib/locale/locale-archive
b673f000-b6763000 r-xp 00000000 08:06 1549783    /usr/lib/jvm/java-8-oracle/jre/lib/i386/libjava.so
b6763000-b6764000 rw-p 00023000 08:06 1549783    /usr/lib/jvm/java-8-oracle/jre/lib/i386/libjava.so
b6764000-b676b000 r-xp 00000000 08:06 1933332    /lib/i386-linux-gnu/librt-2.19.so
b676b000-b676c000 r--p 00006000 08:06 1933332    /lib/i386-linux-gnu/librt-2.19.so
b676c000-b676d000 rw-p 00007000 08:06 1933332    /lib/i386-linux-gnu/librt-2.19.so
b676d000-b6770000 ---p 00000000 00:00 0 
b6770000-b67be000 rw-p 00000000 00:00 0          [stack:15369]
b67be000-b6802000 r-xp 00000000 08:06 1933416    /lib/i386-linux-gnu/libm-2.19.so
b6802000-b6803000 r--p 00043000 08:06 1933416    /lib/i386-linux-gnu/libm-2.19.so
b6803000-b6804000 rw-p 00044000 08:06 1933416    /lib/i386-linux-gnu/libm-2.19.so
b6804000-b7141000 r-xp 00000000 08:06 1549788    /usr/lib/jvm/java-8-oracle/jre/lib/i386/server/libjvm.so
b7141000-b71ad000 rw-p 0093c000 08:06 1549788    /usr/lib/jvm/java-8-oracle/jre/lib/i386/server/libjvm.so
b71ad000-b75d2000 rw-p 00000000 00:00 0 
b75d2000-b777b000 r-xp 00000000 08:06 1933403    /lib/i386-linux-gnu/libc-2.19.so
b777b000-b777d000 r--p 001a9000 08:06 1933403    /lib/i386-linux-gnu/libc-2.19.so
b777d000-b777e000 rw-p 001ab000 08:06 1933403    /lib/i386-linux-gnu/libc-2.19.so
b777e000-b7781000 rw-p 00000000 00:00 0 
b7781000-b7784000 r-xp 00000000 08:06 1933409    /lib/i386-linux-gnu/libdl-2.19.so
b7784000-b7785000 r--p 00002000 08:06 1933409    /lib/i386-linux-gnu/libdl-2.19.so
b7785000-b7786000 rw-p 00003000 08:06 1933409    /lib/i386-linux-gnu/libdl-2.19.so
b7786000-b779a000 r-xp 00000000 08:06 1550414    /usr/lib/jvm/java-8-oracle/lib/i386/jli/libjli.so
b779a000-b779b000 rw-p 00013000 08:06 1550414    /usr/lib/jvm/java-8-oracle/lib/i386/jli/libjli.so
b779b000-b779c000 rw-p 00000000 00:00 0 
b779c000-b77b4000 r-xp 00000000 08:06 1933405    /lib/i386-linux-gnu/libpthread-2.19.so
b77b4000-b77b5000 r--p 00018000 08:06 1933405    /lib/i386-linux-gnu/libpthread-2.19.so
b77b5000-b77b6000 rw-p 00019000 08:06 1933405    /lib/i386-linux-gnu/libpthread-2.19.so
b77b6000-b77b8000 rw-p 00000000 00:00 0 
b77b8000-b77c0000 rw-s 00000000 08:06 386252     /tmp/hsperfdata_priya/15364
b77c0000-b77c1000 rw-p 00000000 00:00 0 
b77c1000-b77c2000 ---p 00000000 00:00 0 
b77c2000-b77cd000 r-xp 00000000 08:06 1549739    /usr/lib/jvm/java-8-oracle/jre/lib/i386/libverify.so
b77cd000-b77ce000 rw-p 0000b000 08:06 1549739    /usr/lib/jvm/java-8-oracle/jre/lib/i386/libverify.so
b77ce000-b77d0000 rw-p 00000000 00:00 0 
b77d0000-b77d1000 r-xp 00000000 00:00 0          [vdso]
b77d1000-b77f1000 r-xp 00000000 08:06 1936058    /lib/i386-linux-gnu/ld-2.19.so
b77f1000-b77f2000 r--p 0001f000 08:06 1936058    /lib/i386-linux-gnu/ld-2.19.so
b77f2000-b77f3000 rw-p 00020000 08:06 1936058    /lib/i386-linux-gnu/ld-2.19.so
bfc4a000-bfc4b000 rwxp 00000000 00:00 0 
bfc7d000-bfc9e000 rw-p 00000000 00:00 0          [stack]

VM Arguments:
jvm_args: -Djava.awt.headless=true -Xmx1024M -Dfile.encoding=UTF-8 -Duser.country=IN -Duser.language=en -Duser.variant 
java_command: com.android.dx.command.Main --dex --num-threads=4 --multi-dex --main-dex-list /home/priya/matrix/Kurukshetra/app/build/intermediates/multi-dex/debug/maindexlist.txt --output /home/priya/matrix/Kurukshetra/app/build/intermediates/transforms/dex/debug/folders/1000/1f/main /home/priya/matrix/Kurukshetra/app/build/intermediates/transforms/jarMerging/debug/jars/1/1f/combined.jar
java_class_path (initial): /home/priya/Android/Sdk/build-tools/23.0.2/lib/dx.jar
Launcher Type: SUN_STANDARD

Environment Variables:
JAVA_HOME=/usr/lib/jvm/java-8-oracle
PATH=/usr/local/sbin:/usr/local/bin:/usr/sbin:/usr/bin:/sbin:/bin:/usr/games:/usr/local/games
LD_LIBRARY_PATH=bin:
SHELL=/bin/bash
DISPLAY=:0

Signal Handlers:
SIGSEGV: [libjvm.so+0x894cb0], sa_mask[0]=11111111011111111101111111111110, sa_flags=SA_RESTART|SA_SIGINFO
SIGBUS: [libjvm.so+0x894cb0], sa_mask[0]=11111111011111111101111111111110, sa_flags=SA_RESTART|SA_SIGINFO
SIGFPE: [libjvm.so+0x71dd00], sa_mask[0]=11111111011111111101111111111110, sa_flags=SA_RESTART|SA_SIGINFO
SIGPIPE: [libjvm.so+0x71dd00], sa_mask[0]=11111111011111111101111111111110, sa_flags=SA_RESTART|SA_SIGINFO
SIGXFSZ: [libjvm.so+0x71dd00], sa_mask[0]=11111111011111111101111111111110, sa_flags=SA_RESTART|SA_SIGINFO
SIGILL: [libjvm.so+0x71dd00], sa_mask[0]=11111111011111111101111111111110, sa_flags=SA_RESTART|SA_SIGINFO
SIGUSR1: SIG_DFL, sa_mask[0]=00000000000000000000000000000000, sa_flags=none
SIGUSR2: [libjvm.so+0x71f4b0], sa_mask[0]=00100000000000000000000000000000, sa_flags=SA_RESTART|SA_SIGINFO
SIGHUP: [libjvm.so+0x7209b0], sa_mask[0]=11111111011111111101111111111110, sa_flags=SA_RESTART|SA_SIGINFO
SIGINT: [libjvm.so+0x7209b0], sa_mask[0]=11111111011111111101111111111110, sa_flags=SA_RESTART|SA_SIGINFO
SIGTERM: [libjvm.so+0x7209b0], sa_mask[0]=11111111011111111101111111111110, sa_flags=SA_RESTART|SA_SIGINFO
SIGQUIT: [libjvm.so+0x7209b0], sa_mask[0]=11111111011111111101111111111110, sa_flags=SA_RESTART|SA_SIGINFO


---------------  S Y S T E M  ---------------

OS:DISTRIB_ID=Ubuntu
DISTRIB_RELEASE=14.04
DISTRIB_CODENAME=trusty
DISTRIB_DESCRIPTION="Ubuntu 14.04.1 LTS"

uname:Linux 3.13.0-45-generic #74-Ubuntu SMP Tue Jan 13 19:37:48 UTC 2015 i686
libc:glibc 2.19 NPTL 2.19 
rlimit: STACK 8192k, CORE 0k, NPROC 31374, NOFILE 4096, AS infinity
load average:2.16 1.38 1.01

/proc/meminfo:
MemTotal:        4035208 kB
MemFree:          211380 kB
Buffers:             784 kB
Cached:           571916 kB
SwapCached:            0 kB
Active:          2705508 kB
Inactive:         565812 kB
Active(anon):    2703836 kB
Inactive(anon):   534112 kB
Active(file):       1672 kB
Inactive(file):    31700 kB
Unevictable:          48 kB
Mlocked:              48 kB
HighTotal:       3182980 kB
HighFree:          48908 kB
LowTotal:         852228 kB
LowFree:          162472 kB
SwapTotal:             0 kB
SwapFree:              0 kB
Dirty:               120 kB
Writeback:             0 kB
AnonPages:       2698956 kB
Mapped:           601788 kB
Shmem:            539040 kB
Slab:              48404 kB
SReclaimable:      21776 kB
SUnreclaim:        26628 kB
KernelStack:        5376 kB
PageTables:        17080 kB
NFS_Unstable:          0 kB
Bounce:               52 kB
WritebackTmp:          0 kB
CommitLimit:     2017604 kB
Committed_AS:    8152076 kB
VmallocTotal:     122880 kB
VmallocUsed:       73840 kB
VmallocChunk:      41968 kB
HardwareCorrupted:     0 kB
AnonHugePages:   1306624 kB
HugePages_Total:       0
HugePages_Free:        0
HugePages_Rsvd:        0
HugePages_Surp:        0
Hugepagesize:       2048 kB
DirectMap4k:       24568 kB
DirectMap2M:      888832 kB


CPU:total 4 (2 cores per cpu, 2 threads per core) family 6 model 69 stepping 1, cmov, cx8, fxsr, mmx, sse, sse2, sse3, ssse3, sse4.1, sse4.2, popcnt, avx, avx2, aes, clmul, erms, lzcnt, ht, tsc, tscinvbit, bmi1, bmi2

/proc/cpuinfo:
processor	: 0
vendor_id	: GenuineIntel
cpu family	: 6
model		: 69
model name	: Intel(R) Core(TM) i5-4210U CPU @ 1.70GHz
stepping	: 1
microcode	: 0x17
cpu MHz		: 782.000
cache size	: 3072 KB
physical id	: 0
siblings	: 4
core id		: 0
cpu cores	: 2
apicid		: 0
initial apicid	: 0
fdiv_bug	: no
f00f_bug	: no
coma_bug	: no
fpu		: yes
fpu_exception	: yes
cpuid level	: 13
wp		: yes
flags		: fpu vme de pse tsc msr pae mce cx8 apic sep mtrr pge mca cmov pat pse36 clflush dts acpi mmx fxsr sse sse2 ss ht tm pbe nx pdpe1gb rdtscp lm constant_tsc arch_perfmon pebs bts xtopology nonstop_tsc aperfmperf eagerfpu pni pclmulqdq dtes64 monitor ds_cpl vmx est tm2 ssse3 fma cx16 xtpr pdcm pcid sse4_1 sse4_2 movbe popcnt tsc_deadline_timer aes xsave avx f16c rdrand lahf_lm abm ida arat epb xsaveopt pln pts dtherm tpr_shadow vnmi flexpriority ept vpid fsgsbase tsc_adjust bmi1 avx2 smep bmi2 erms invpcid
bogomips	: 3392.20
clflush size	: 64
cache_alignment	: 64
address sizes	: 39 bits physical, 48 bits virtual
power management:

processor	: 1
vendor_id	: GenuineIntel
cpu family	: 6
model		: 69
model name	: Intel(R) Core(TM) i5-4210U CPU @ 1.70GHz
stepping	: 1
microcode	: 0x17
cpu MHz		: 1700.000
cache size	: 3072 KB
physical id	: 0
siblings	: 4
core id		: 1
cpu cores	: 2
apicid		: 2
initial apicid	: 2
fdiv_bug	: no
f00f_bug	: no
coma_bug	: no
fpu		: yes
fpu_exception	: yes
cpuid level	: 13
wp		: yes
flags		: fpu vme de pse tsc msr pae mce cx8 apic sep mtrr pge mca cmov pat pse36 clflush dts acpi mmx fxsr sse sse2 ss ht tm pbe nx pdpe1gb rdtscp lm constant_tsc arch_perfmon pebs bts xtopology nonstop_tsc aperfmperf eagerfpu pni pclmulqdq dtes64 monitor ds_cpl vmx est tm2 ssse3 fma cx16 xtpr pdcm pcid sse4_1 sse4_2 movbe popcnt tsc_deadline_timer aes xsave avx f16c rdrand lahf_lm abm ida arat epb xsaveopt pln pts dtherm tpr_shadow vnmi flexpriority ept vpid fsgsbase tsc_adjust bmi1 avx2 smep bmi2 erms invpcid
bogomips	: 3392.20
clflush size	: 64
cache_alignment	: 64
address sizes	: 39 bits physical, 48 bits virtual
power management:

processor	: 2
vendor_id	: GenuineIntel
cpu family	: 6
model		: 69
model name	: Intel(R) Core(TM) i5-4210U CPU @ 1.70GHz
stepping	: 1
microcode	: 0x17
cpu MHz		: 782.000
cache size	: 3072 KB
physical id	: 0
siblings	: 4
core id		: 0
cpu cores	: 2
apicid		: 1
initial apicid	: 1
fdiv_bug	: no
f00f_bug	: no
coma_bug	: no
fpu		: yes
fpu_exception	: yes
cpuid level	: 13
wp		: yes
flags		: fpu vme de pse tsc msr pae mce cx8 apic sep mtrr pge mca cmov pat pse36 clflush dts acpi mmx fxsr sse sse2 ss ht tm pbe nx pdpe1gb rdtscp lm constant_tsc arch_perfmon pebs bts xtopology nonstop_tsc aperfmperf eagerfpu pni pclmulqdq dtes64 monitor ds_cpl vmx est tm2 ssse3 fma cx16 xtpr pdcm pcid sse4_1 sse4_2 movbe popcnt tsc_deadline_timer aes xsave avx f16c rdrand lahf_lm abm ida arat epb xsaveopt pln pts dtherm tpr_shadow vnmi flexpriority ept vpid fsgsbase tsc_adjust bmi1 avx2 smep bmi2 erms invpcid
bogomips	: 3392.20
clflush size	: 64
cache_alignment	: 64
address sizes	: 39 bits physical, 48 bits virtual
power management:

processor	: 3
vendor_id	: GenuineIntel
cpu family	: 6
model		: 69
model name	: Intel(R) Core(TM) i5-4210U CPU @ 1.70GHz
stepping	: 1
microcode	: 0x17
cpu MHz		: 782.000
cache size	: 3072 KB
physical id	: 0
siblings	: 4
core id		: 1
cpu cores	: 2
apicid		: 3
initial apicid	: 3
fdiv_bug	: no
f00f_bug	: no
coma_bug	: no
fpu		: yes
fpu_exception	: yes
cpuid level	: 13
wp		: yes
flags		: fpu vme de pse tsc msr pae mce cx8 apic sep mtrr pge mca cmov pat pse36 clflush dts acpi mmx fxsr sse sse2 ss ht tm pbe nx pdpe1gb rdtscp lm constant_tsc arch_perfmon pebs bts xtopology nonstop_tsc aperfmperf eagerfpu pni pclmulqdq dtes64 monitor ds_cpl vmx est tm2 ssse3 fma cx16 xtpr pdcm pcid sse4_1 sse4_2 movbe popcnt tsc_deadline_timer aes xsave avx f16c rdrand lahf_lm abm ida arat epb xsaveopt pln pts dtherm tpr_shadow vnmi flexpriority ept vpid fsgsbase tsc_adjust bmi1 avx2 smep bmi2 erms invpcid
bogomips	: 3392.20
clflush size	: 64
cache_alignment	: 64
address sizes	: 39 bits physical, 48 bits virtual
power management:



Memory: 4k page, physical 4035208k(211380k free), swap 0k(0k free)

vm_info: Java HotSpot(TM) Server VM (25.31-b07) for linux-x86 JRE (1.8.0_31-b13), built on Dec 17 2014 20:50:14 by "java_re" with gcc 4.3.0 20080428 (Red Hat 4.3.0-8)

time: Thu Dec 17 17:14:23 2015
elapsed time: 7 seconds (0d 0h 0m 7s)

