#
# There is insufficient memory for the Java Runtime Environment to continue.
# Native memory allocation (mmap) failed to map 26476544 bytes for committing reserved memory.
# Possible reasons:
#   The system is out of physical RAM or swap space
#   In 32 bit mode, the process size limit was hit
# Possible solutions:
#   Reduce memory load on the system
#   Increase physical memory or swap space
#   Check if swap backing store is full
#   Use 64 bit Java on a 64 bit OS
#   Decrease Java heap size (-Xmx/-Xms)
#   Decrease number of Java threads
#   Decrease Java thread stack sizes (-Xss)
#   Set larger code cache with -XX:ReservedCodeCacheSize=
# This output file may be truncated or incomplete.
#
#  Out of Memory Error (os_linux.cpp:2627), pid=11090, tid=1674099520
#
# JRE version: Java(TM) SE Runtime Environment (8.0_66-b17) (build 1.8.0_66-b17)
# Java VM: Java HotSpot(TM) Server VM (25.66-b17 mixed mode linux-x86 )
# Failed to write core dump. Core dumps have been disabled. To enable core dumping, try "ulimit -c unlimited" before starting Java again
#

---------------  T H R E A D  ---------------

Current thread (0x63b81400):  VMThread [stack: 0x63c0b000,0x63c8c000] [id=11099]

Stack: [0x63c0b000,0x63c8c000],  sp=0x63c8a720,  free space=509k
Native frames: (J=compiled Java code, j=interpreted, Vv=VM code, C=native code)
V  [libjvm.so+0x8cd0ff]  VMError::report_and_die()+0x16f
V  [libjvm.so+0x38bee5]  report_vm_out_of_memory(char const*, int, unsigned int, VMErrorType, char const*)+0x55
V  [libjvm.so+0x750ed6]  os::Linux::commit_memory_impl(char*, unsigned int, bool)+0xe6
V  [libjvm.so+0x7513a8]  os::pd_commit_memory(char*, unsigned int, unsigned int, bool)+0x28
V  [libjvm.so+0x74b2cc]  os::commit_memory(char*, unsigned int, unsigned int, bool)+0x2c
V  [libjvm.so+0x7b58a8]  PSVirtualSpace::expand_by(unsigned int)+0x48
V  [libjvm.so+0x7b69aa]  PSYoungGen::resize_generation(unsigned int, unsigned int)+0xda
V  [libjvm.so+0x7b5cd9]  PSYoungGen::resize(unsigned int, unsigned int)+0x19
V  [libjvm.so+0x7b3605]  PSScavenge::invoke_no_policy()+0xd15
V  [libjvm.so+0x7b3dc8]  PSScavenge::invoke()+0x28
V  [libjvm.so+0x7728ba]  ParallelScavengeHeap::failed_mem_allocate(unsigned int)+0x5a
V  [libjvm.so+0x8cebca]  VM_ParallelGCFailedAllocation::doit()+0x7a
V  [libjvm.so+0x8d81d7]  VM_Operation::evaluate()+0x47
V  [libjvm.so+0x8d62b3]  VMThread::evaluate_operation(VM_Operation*)+0xb3
V  [libjvm.so+0x8d6650]  VMThread::loop()+0x1b0
V  [libjvm.so+0x8d6ab5]  VMThread::run()+0x85
V  [libjvm.so+0x753519]  java_start(Thread*)+0x119
C  [libpthread.so.0+0x6f70]  start_thread+0xd0

VM_Operation (0x62b5c654): ParallelGCFailedAllocation, mode: safepoint, requested by thread 0x6326e800


---------------  P R O C E S S  ---------------

Java Threads: ( => current thread )
  0x6326fc00 JavaThread "pool-2-thread-4" [_thread_blocked, id=11112, stack(0x629af000,0x62a00000)]
  0x6326e800 JavaThread "pool-2-thread-3" [_thread_blocked, id=11111, stack(0x62b0d000,0x62b5e000)]
  0x6326b800 JavaThread "pool-2-thread-2" [_thread_blocked, id=11110, stack(0x62b5e000,0x62baf000)]
  0x6326d800 JavaThread "pool-3-thread-1" [_thread_blocked, id=11109, stack(0x62baf000,0x62c00000)]
  0x6325d000 JavaThread "pool-2-thread-1" [_thread_blocked, id=11108, stack(0x63316000,0x63367000)]
  0x63baac00 JavaThread "Service Thread" daemon [_thread_blocked, id=11106, stack(0x6342c000,0x6347d000)]
  0x63ba7800 JavaThread "C1 CompilerThread2" daemon [_thread_blocked, id=11105, stack(0x6347d000,0x634fe000)]
  0x63ba6000 JavaThread "C2 CompilerThread1" daemon [_thread_blocked, id=11104, stack(0x634fe000,0x6357f000)]
  0x63ba4400 JavaThread "C2 CompilerThread0" daemon [_thread_blocked, id=11103, stack(0x6357f000,0x63600000)]
  0x63ba2c00 JavaThread "Signal Dispatcher" daemon [_thread_blocked, id=11102, stack(0x63a0d000,0x63a5e000)]
  0x63b86000 JavaThread "Finalizer" daemon [_thread_blocked, id=11101, stack(0x63a5e000,0x63aaf000)]
  0x63b84800 JavaThread "Reference Handler" daemon [_thread_blocked, id=11100, stack(0x63aaf000,0x63b00000)]
  0xb6507800 JavaThread "main" [_thread_blocked, id=11094, stack(0xb666a000,0xb66bb000)]

Other Threads:
=>0x63b81400 VMThread [stack: 0x63c0b000,0x63c8c000] [id=11099]
  0x63bb5c00 WatcherThread [stack: 0x633ab000,0x6342c000] [id=11107]

VM state:at safepoint (normal execution)

VM Mutex/Monitor currently owned by a thread:  ([mutex/lock_event])
[0xb6504f00] Threads_lock - owner thread: 0x63b81400
[0xb6505310] Heap_lock - owner thread: 0x6326e800

Heap:
 PSYoungGen      total 284160K, used 36993K [0x91ac0000, 0xa56c0000, 0xa7000000)
  eden space 246528K, 0% used [0x91ac0000,0x91ac0000,0xa0b80000)
  from space 37632K, 98% used [0xa0b80000,0xa2fa0650,0xa3040000)
  to   space 34304K, 0% used [0xa3040000,0xa3040000,0xa51c0000)
 ParOldGen       total 142848K, used 106741K [0x67000000, 0x6fb80000, 0x91ac0000)
  object space 142848K, 74% used [0x67000000,0x6d83d6e8,0x6fb80000)
 Metaspace       used 4290K, capacity 4294K, committed 4376K, reserved 4400K

Card table byte_map: [0x66dff000,0x67000000] byte_map_base: 0x66ac7000

Marking Bits: (ParMarkBitMap*) 0xb70ff380
 Begin Bits: [0x64700000, 0x65700000)
 End Bits:   [0x65700000, 0x66700000)

Polling page: 0xb7703000

CodeCache: size=245760Kb used=8141Kb max_used=8141Kb free=237618Kb
 bounds [0xa74d9000, 0xa7cd9000, 0xb64d9000]
 total_blobs=2498 nmethods=2337 adapters=75
 compilation: enabled

Compilation events (10 events):
Event: 6.859 Thread 0x63ba7800 2584       2       com.android.dx.dex.file.AnnotationsDirectoryItem::addFieldAnnotations (44 bytes)
Event: 6.860 Thread 0x63ba7800 nmethod 2584 0xa7cca6c8 code [0xa7cca820, 0xa7ccab44]
Event: 6.913 Thread 0x63ba7800 2585       2       com.android.dx.dex.file.AnnotationsDirectoryItem::addParameterAnnotations (37 bytes)
Event: 6.914 Thread 0x63ba7800 nmethod 2585 0xa7cca008 code [0xa7cca160, 0xa7cca418]
Event: 6.935 Thread 0x63ba7800 2586 %     3       com.android.dx.cf.code.OneLocalsArray::makeInitialized @ 23 (55 bytes)
Event: 6.936 Thread 0x63ba7800 nmethod 2586% 0xa7cc95c8 code [0xa7cc9740, 0xa7cc9cd8]
Event: 6.937 Thread 0x63ba7800 2587 %     3       java.util.HashMap$HashIterator::<init> @ 48 (79 bytes)
Event: 6.937 Thread 0x63ba7800 nmethod 2587% 0xa7ca3ac8 code [0xa7ca3c00, 0xa7ca3ec0]
Event: 6.942 Thread 0x63ba7800 2588 %     3       com.android.dx.ssa.PhiTypeResolver::resolveResultType @ 27 (308 bytes)
Event: 6.950 Thread 0x63ba7800 nmethod 2588% 0xa7ccf608 code [0xa7ccfaa0, 0xa7cd2788]

GC Heap History (10 events):
Event: 3.258 GC heap after
Heap after GC invocations=10 (full 0):
 PSYoungGen      total 213760K, used 25295K [0x91ac0000, 0xa1240000, 0xa7000000)
  eden space 185600K, 0% used [0x91ac0000,0x91ac0000,0x9d000000)
  from space 28160K, 89% used [0x9ef40000,0xa07f3da0,0xa0ac0000)
  to   space 32000K, 0% used [0x9d000000,0x9d000000,0x9ef40000)
 ParOldGen       total 42496K, used 39708K [0x67000000, 0x69980000, 0x91ac0000)
  object space 42496K, 93% used [0x67000000,0x696c7310,0x69980000)
 Metaspace       used 4179K, capacity 4230K, committed 4248K, reserved 4400K
}
Event: 3.258 GC heap before
{Heap before GC invocations=11 (full 1):
 PSYoungGen      total 213760K, used 25295K [0x91ac0000, 0xa1240000, 0xa7000000)
  eden space 185600K, 0% used [0x91ac0000,0x91ac0000,0x9d000000)
  from space 28160K, 89% used [0x9ef40000,0xa07f3da0,0xa0ac0000)
  to   space 32000K, 0% used [0x9d000000,0x9d000000,0x9ef40000)
 ParOldGen       total 42496K, used 39708K [0x67000000, 0x69980000, 0x91ac0000)
  object space 42496K, 93% used [0x67000000,0x696c7310,0x69980000)
 Metaspace       used 4179K, capacity 4230K, committed 4248K, reserved 4400K
Event: 3.647 GC heap after
Heap after GC invocations=11 (full 1):
 PSYoungGen      total 213760K, used 19428K [0x91ac0000, 0xa1240000, 0xa7000000)
  eden space 185600K, 0% used [0x91ac0000,0x91ac0000,0x9d000000)
  from space 28160K, 68% used [0x9ef40000,0xa02390e0,0xa0ac0000)
  to   space 32000K, 0% used [0x9d000000,0x9d000000,0x9ef40000)
 ParOldGen       total 79104K, used 42450K [0x67000000, 0x6bd40000, 0x91ac0000)
  object space 79104K, 53% used [0x67000000,0x69974af8,0x6bd40000)
 Metaspace       used 4179K, capacity 4230K, committed 4248K, reserved 4400K
}
Event: 4.286 GC heap before
{Heap before GC invocations=12 (full 1):
 PSYoungGen      total 213760K, used 205028K [0x91ac0000, 0xa1240000, 0xa7000000)
  eden space 185600K, 100% used [0x91ac0000,0x9d000000,0x9d000000)
  from space 28160K, 68% used [0x9ef40000,0xa02390e0,0xa0ac0000)
  to   space 32000K, 0% used [0x9d000000,0x9d000000,0x9ef40000)
 ParOldGen       total 79104K, used 42450K [0x67000000, 0x6bd40000, 0x91ac0000)
  object space 79104K, 53% used [0x67000000,0x69974af8,0x6bd40000)
 Metaspace       used 4253K, capacity 4294K, committed 4376K, reserved 4400K
Event: 4.726 GC heap after
Heap after GC invocations=12 (full 1):
 PSYoungGen      total 217600K, used 23104K [0x91ac0000, 0xa51c0000, 0xa7000000)
  eden space 185600K, 0% used [0x91ac0000,0x91ac0000,0x9d000000)
  from space 32000K, 72% used [0x9d000000,0x9e690148,0x9ef40000)
  to   space 34304K, 0% used [0xa3040000,0xa3040000,0xa51c0000)
 ParOldGen       total 79104K, used 61298K [0x67000000, 0x6bd40000, 0x91ac0000)
  object space 79104K, 77% used [0x67000000,0x6abdc800,0x6bd40000)
 Metaspace       used 4253K, capacity 4294K, committed 4376K, reserved 4400K
}
Event: 5.517 GC heap before
{Heap before GC invocations=13 (full 1):
 PSYoungGen      total 217600K, used 208704K [0x91ac0000, 0xa51c0000, 0xa7000000)
  eden space 185600K, 100% used [0x91ac0000,0x9d000000,0x9d000000)
  from space 32000K, 72% used [0x9d000000,0x9e690148,0x9ef40000)
  to   space 34304K, 0% used [0xa3040000,0xa3040000,0xa51c0000)
 ParOldGen       total 79104K, used 61298K [0x67000000, 0x6bd40000, 0x91ac0000)
  object space 79104K, 77% used [0x67000000,0x6abdc800,0x6bd40000)
 Metaspace       used 4283K, capacity 4294K, committed 4376K, reserved 4400K
Event: 5.614 GC heap after
Heap after GC invocations=13 (full 1):
 PSYoungGen      total 280832K, used 27853K [0x91ac0000, 0xa56c0000, 0xa7000000)
  eden space 246528K, 0% used [0x91ac0000,0x91ac0000,0xa0b80000)
  from space 34304K, 81% used [0xa3040000,0xa4b73638,0xa51c0000)
  to   space 37632K, 0% used [0xa0b80000,0xa0b80000,0xa3040000)
 ParOldGen       total 83968K, used 83498K [0x67000000, 0x6c200000, 0x91ac0000)
  object space 83968K, 99% used [0x67000000,0x6c18a950,0x6c200000)
 Metaspace       used 4283K, capacity 4294K, committed 4376K, reserved 4400K
}
Event: 5.614 GC heap before
{Heap before GC invocations=14 (full 2):
 PSYoungGen      total 280832K, used 27853K [0x91ac0000, 0xa56c0000, 0xa7000000)
  eden space 246528K, 0% used [0x91ac0000,0x91ac0000,0xa0b80000)
  from space 34304K, 81% used [0xa3040000,0xa4b73638,0xa51c0000)
  to   space 37632K, 0% used [0xa0b80000,0xa0b80000,0xa3040000)
 ParOldGen       total 83968K, used 83498K [0x67000000, 0x6c200000, 0x91ac0000)
  object space 83968K, 99% used [0x67000000,0x6c18a950,0x6c200000)
 Metaspace       used 4283K, capacity 4294K, committed 4376K, reserved 4400K
Event: 6.086 GC heap after
Heap after GC invocations=14 (full 2):
 PSYoungGen      total 280832K, used 24253K [0x91ac0000, 0xa56c0000, 0xa7000000)
  eden space 246528K, 0% used [0x91ac0000,0x91ac0000,0xa0b80000)
  from space 34304K, 70% used [0xa3040000,0xa47ef6a8,0xa51c0000)
  to   space 37632K, 0% used [0xa0b80000,0xa0b80000,0xa3040000)
 ParOldGen       total 142848K, used 83738K [0x67000000, 0x6fb80000, 0x91ac0000)
  object space 142848K, 58% used [0x67000000,0x6c1c6b70,0x6fb80000)
 Metaspace       used 4283K, capacity 4294K, committed 4376K, reserved 4400K
}
Event: 6.965 GC heap before
{Heap before GC invocations=15 (full 2):
 PSYoungGen      total 280832K, used 270781K [0x91ac0000, 0xa56c0000, 0xa7000000)
  eden space 246528K, 100% used [0x91ac0000,0xa0b80000,0xa0b80000)
  from space 34304K, 70% used [0xa3040000,0xa47ef6a8,0xa51c0000)
  to   space 37632K, 0% used [0xa0b80000,0xa0b80000,0xa3040000)
 ParOldGen       total 142848K, used 83738K [0x67000000, 0x6fb80000, 0x91ac0000)
  object space 142848K, 58% used [0x67000000,0x6c1c6b70,0x6fb80000)
 Metaspace       used 4290K, capacity 4294K, committed 4376K, reserved 4400K

Deoptimization events (10 events):
Event: 3.024 Thread 0xb6507800 Uncommon trap: reason=bimorphic action=maybe_recompile pc=0xa7a41eac method=com.android.dx.cf.code.BytecodeArray.parseInstruction(ILcom/android/dx/cf/code/BytecodeArray$Visitor;)I @ 1161
Event: 3.024 Thread 0xb6507800 Uncommon trap: reason=bimorphic action=maybe_recompile pc=0xa7a41eac method=com.android.dx.cf.code.BytecodeArray.parseInstruction(ILcom/android/dx/cf/code/BytecodeArray$Visitor;)I @ 1161
Event: 3.076 Thread 0x6326fc00 Uncommon trap: reason=unstable_if action=reinterpret pc=0xa79d09fc method=java.util.HashMap.putVal(ILjava/lang/Object;Ljava/lang/Object;ZZ)Ljava/lang/Object; @ 109
Event: 3.682 Thread 0xb6507800 Uncommon trap: reason=unstable_if action=reinterpret pc=0xa798d1f8 method=com.android.dx.ssa.SCCP.simulateStmt(Lcom/android/dx/ssa/SsaInsn;)V @ 59
Event: 4.849 Thread 0x6326b800 Uncommon trap: reason=unstable_if action=reinterpret pc=0xa7b82828 method=com.android.dx.ssa.SCCP.simulateBranch(Lcom/android/dx/ssa/SsaInsn;)V @ 548
Event: 5.123 Thread 0xb6507800 Uncommon trap: reason=unstable_if action=reinterpret pc=0xa7bde0bc method=com.android.dx.rop.code.LocalVariableInfo.mergeStarts(ILcom/android/dx/rop/code/RegisterSpecSet;)Z @ 31
Event: 5.249 Thread 0x6326e800 Uncommon trap: reason=bimorphic action=maybe_recompile pc=0xa7b63be0 method=com.android.dx.cf.code.BytecodeArray.parseInstruction(ILcom/android/dx/cf/code/BytecodeArray$Visitor;)I @ 1357
Event: 5.250 Thread 0x6326e800 Uncommon trap: reason=bimorphic action=maybe_recompile pc=0xa7b63be0 method=com.android.dx.cf.code.BytecodeArray.parseInstruction(ILcom/android/dx/cf/code/BytecodeArray$Visitor;)I @ 1357
Event: 6.336 Thread 0x6326b800 Uncommon trap: reason=unstable_if action=reinterpret pc=0xa7c729f0 method=com.android.dx.rop.code.RegisterSpecSet.localItemToSpec(Lcom/android/dx/rop/code/LocalItem;)Lcom/android/dx/rop/code/RegisterSpec; @ 35
Event: 6.367 Thread 0x6326e800 Uncommon trap: reason=unstable_if action=reinterpret pc=0xa7c69f38 method=com.android.dx.cf.code.BaseMachine.getLocalTarget(Z)Lcom/android/dx/rop/code/RegisterSpec; @ 131

Internal exceptions (7 events):
Event: 0.044 Thread 0xb6507800 Exception <a 'java/lang/NoSuchMethodError': Method sun.misc.Unsafe.defineClass(Ljava/lang/String;[BII)Ljava/lang/Class; name or signature does not match> (0x91ad0540) thrown at [/HUDSON/workspace/8-2-build-linux-i586/jdk8u66/4988/hotspot/src/share/vm/prim
Event: 0.044 Thread 0xb6507800 Exception <a 'java/lang/NoSuchMethodError': Method sun.misc.Unsafe.prefetchRead(Ljava/lang/Object;J)V name or signature does not match> (0x91ad0810) thrown at [/HUDSON/workspace/8-2-build-linux-i586/jdk8u66/4988/hotspot/src/share/vm/prims/jni.cpp, line 39
Event: 1.151 Thread 0x6326e800 Implicit null exception at 0xa772b03f to 0xa772cc61
Event: 1.218 Thread 0xb6507800 Implicit null exception at 0xa773b016 to 0xa773ce35
Event: 2.268 Thread 0x6325d000 Exception <a 'java/lang/ArrayIndexOutOfBoundsException': 18> (0x9255c838) thrown at [/HUDSON/workspace/8-2-build-linux-i586/jdk8u66/4988/hotspot/src/share/vm/interpreter/interpreterRuntime.cpp, line 366]
Event: 2.268 Thread 0x6325d000 Exception <a 'java/lang/ArrayIndexOutOfBoundsException': 145> (0x9255e0d8) thrown at [/HUDSON/workspace/8-2-build-linux-i586/jdk8u66/4988/hotspot/src/share/vm/interpreter/interpreterRuntime.cpp, line 366]
Event: 2.270 Thread 0x6325d000 Exception <a 'java/lang/ArrayIndexOutOfBoundsException'> (0x9255f1b8) thrown at [/HUDSON/workspace/8-2-build-linux-i586/jdk8u66/4988/hotspot/src/share/vm/runtime/sharedRuntime.cpp, line 605]

Events (10 events):
Event: 6.816 Thread 0x6326b800 DEOPT UNPACKING pc=0xa7515590 sp=0x62bad6b0 mode 0
Event: 6.855 Thread 0x6325d000 DEOPT PACKING pc=0xa7772b31 sp=0x633656a0
Event: 6.855 Thread 0x6325d000 DEOPT UNPACKING pc=0xa7515590 sp=0x63365568 mode 0
Event: 6.902 Thread 0x6326b800 DEOPT PACKING pc=0xa7772b31 sp=0x62bad7a0
Event: 6.902 Thread 0x6326b800 DEOPT UNPACKING pc=0xa7515590 sp=0x62bad668 mode 0
Event: 6.915 Thread 0x6326b800 DEOPT PACKING pc=0xa77602fd sp=0x62bad770
Event: 6.915 Thread 0x6326b800 DEOPT UNPACKING pc=0xa7515590 sp=0x62bad5fc mode 0
Event: 6.935 Thread 0x6326e800 DEOPT PACKING pc=0xa7772b31 sp=0x62b5c920
Event: 6.935 Thread 0x6326e800 DEOPT UNPACKING pc=0xa7515590 sp=0x62b5c7e8 mode 0
Event: 6.965 Executing VM operation: ParallelGCFailedAllocation


Dynamic libraries:
08048000-08049000 r-xp 00000000 08:06 1552326    /usr/lib/jvm/java-8-oracle/bin/java
08049000-0804a000 rw-p 00000000 08:06 1552326    /usr/lib/jvm/java-8-oracle/bin/java
09d19000-09e10000 rw-p 00000000 00:00 0          [heap]
61200000-6122f000 rw-p 00000000 00:00 0 
6122f000-61300000 ---p 00000000 00:00 0 
61400000-6143e000 rw-p 00000000 00:00 0 
6143e000-61500000 ---p 00000000 00:00 0 
61600000-616f3000 rw-p 00000000 00:00 0 
616f3000-61700000 ---p 00000000 00:00 0 
61800000-618f9000 rw-p 00000000 00:00 0 
618f9000-61900000 ---p 00000000 00:00 0 
61900000-619eb000 rw-p 00000000 00:00 0 
619eb000-61a00000 ---p 00000000 00:00 0 
61a00000-61af1000 rw-p 00000000 00:00 0 
61af1000-61b00000 ---p 00000000 00:00 0 
61b00000-61bf1000 rw-p 00000000 00:00 0 
61bf1000-61c00000 ---p 00000000 00:00 0 
61c00000-61cfe000 rw-p 00000000 00:00 0 
61cfe000-61d00000 ---p 00000000 00:00 0 
61e00000-61efd000 rw-p 00000000 00:00 0 
61efd000-61f00000 ---p 00000000 00:00 0 
62000000-620fe000 rw-p 00000000 00:00 0 
620fe000-62100000 ---p 00000000 00:00 0 
62200000-622fe000 rw-p 00000000 00:00 0 
622fe000-62300000 ---p 00000000 00:00 0 
62400000-624fc000 rw-p 00000000 00:00 0 
624fc000-62500000 ---p 00000000 00:00 0 
62500000-62600000 rw-p 00000000 00:00 0 
62600000-626e3000 rw-p 00000000 00:00 0 
626e3000-62700000 ---p 00000000 00:00 0 
62700000-627fb000 rw-p 00000000 00:00 0 
627fb000-62800000 ---p 00000000 00:00 0 
62800000-628fa000 rw-p 00000000 00:00 0 
628fa000-62900000 ---p 00000000 00:00 0 
629af000-629b2000 ---p 00000000 00:00 0 
629b2000-62a00000 rw-p 00000000 00:00 0          [stack:11112]
62a00000-62af7000 rw-p 00000000 00:00 0 
62af7000-62b00000 ---p 00000000 00:00 0 
62b0d000-62b10000 ---p 00000000 00:00 0 
62b10000-62b5e000 rw-p 00000000 00:00 0          [stack:11111]
62b5e000-62b61000 ---p 00000000 00:00 0 
62b61000-62baf000 rw-p 00000000 00:00 0          [stack:11110]
62baf000-62bb2000 ---p 00000000 00:00 0 
62bb2000-62c00000 rw-p 00000000 00:00 0          [stack:11109]
62c00000-62cff000 rw-p 00000000 00:00 0 
62cff000-62d00000 ---p 00000000 00:00 0 
62d00000-62e00000 rw-p 00000000 00:00 0 
62e00000-62ef3000 rw-p 00000000 00:00 0 
62ef3000-62f00000 ---p 00000000 00:00 0 
62f00000-62ff6000 rw-p 00000000 00:00 0 
62ff6000-63000000 ---p 00000000 00:00 0 
63000000-630f8000 rw-p 00000000 00:00 0 
630f8000-63100000 ---p 00000000 00:00 0 
63100000-631f9000 rw-p 00000000 00:00 0 
631f9000-63200000 ---p 00000000 00:00 0 
63200000-632d3000 rw-p 00000000 00:00 0 
632d3000-63300000 ---p 00000000 00:00 0 
63316000-63319000 ---p 00000000 00:00 0 
63319000-63367000 rw-p 00000000 00:00 0          [stack:11108]
63367000-633ab000 r--s 00371000 08:06 131322     /home/priya/matrix/Kurukshetra/app/build/intermediates/transforms/jarMerging/debug/jars/1/1f/combined.jar
633ab000-633ac000 ---p 00000000 00:00 0 
633ac000-6342c000 rw-p 00000000 00:00 0          [stack:11107]
6342c000-6342f000 ---p 00000000 00:00 0 
6342f000-6347d000 rw-p 00000000 00:00 0          [stack:11106]
6347d000-63480000 ---p 00000000 00:00 0 
63480000-634fe000 rw-p 00000000 00:00 0          [stack:11105]
634fe000-63501000 ---p 00000000 00:00 0 
63501000-6357f000 rw-p 00000000 00:00 0          [stack:11104]
6357f000-63582000 ---p 00000000 00:00 0 
63582000-63600000 rw-p 00000000 00:00 0          [stack:11103]
63600000-63800000 r--p 00000000 08:06 1093651    /usr/lib/locale/locale-archive
63800000-63821000 rw-p 00000000 00:00 0 
63821000-63900000 ---p 00000000 00:00 0 
63900000-639fa000 rw-p 00000000 00:00 0 
639fa000-63a00000 ---p 00000000 00:00 0 
63a0d000-63a10000 ---p 00000000 00:00 0 
63a10000-63a5e000 rw-p 00000000 00:00 0          [stack:11102]
63a5e000-63a61000 ---p 00000000 00:00 0 
63a61000-63aaf000 rw-p 00000000 00:00 0          [stack:11101]
63aaf000-63ab2000 ---p 00000000 00:00 0 
63ab2000-63b00000 rw-p 00000000 00:00 0          [stack:11100]
63b00000-63c00000 rw-p 00000000 00:00 0 
63c0b000-63c0c000 ---p 00000000 00:00 0 
63c0c000-63cdb000 rw-p 00000000 00:00 0          [stack:11099]
63cdb000-63eb4000 r--s 03d20000 08:06 1286207    /usr/lib/jvm/java-8-oracle/jre/lib/rt.jar
63eb4000-642fa000 rw-p 00000000 00:00 0 
642fa000-64300000 ---p 00000000 00:00 0 
64300000-66700000 rw-p 00000000 00:00 0 
66700000-66800000 rw-p 00000000 00:00 0 
66824000-6687f000 rw-p 00000000 00:00 0 
6687f000-66880000 ---p 00000000 00:00 0 
66880000-66900000 rw-p 00000000 00:00 0          [stack:11098]
66900000-66921000 rw-p 00000000 00:00 0 
66921000-66a00000 ---p 00000000 00:00 0 
66a00000-66aff000 rw-p 00000000 00:00 0 
66aff000-66b00000 ---p 00000000 00:00 0 
66b00000-66b21000 rw-p 00000000 00:00 0 
66b21000-66c00000 ---p 00000000 00:00 0 
66c10000-66c28000 rw-p 00000000 00:00 0 
66c28000-66c29000 ---p 00000000 00:00 0 
66c29000-66cef000 rw-p 00000000 00:00 0          [stack:11097]
66cef000-66dff000 ---p 00000000 00:00 0 
66dff000-66e45000 rw-p 00000000 00:00 0 
66e45000-66f54000 ---p 00000000 00:00 0 
66f54000-66ff3000 rw-p 00000000 00:00 0 
66ff3000-66fff000 ---p 00000000 00:00 0 
66fff000-6fb80000 rw-p 00000000 00:00 0 
6fb80000-91ac0000 ---p 00000000 00:00 0 
91ac0000-a56c0000 rw-p 00000000 00:00 0 
a6e6d000-a7008000 rw-p 00000000 00:00 0 
a7008000-a7017000 r--s 000df000 08:06 3122779    /home/priya/Android/Sdk/build-tools/23.0.2/lib/dx.jar
a7017000-a7018000 ---p 00000000 00:00 0 
a7018000-a7098000 rw-p 00000000 00:00 0          [stack:11096]
a7098000-a7099000 ---p 00000000 00:00 0 
a7099000-a7139000 rw-p 00000000 00:00 0          [stack:11095]
a7139000-a74d9000 ---p 00000000 00:00 0 
a74d9000-a7cd9000 rwxp 00000000 00:00 0 
a7cd9000-b64d9000 ---p 00000000 00:00 0 
b64d9000-b64f2000 r-xp 00000000 08:06 1387720    /usr/lib/jvm/java-8-oracle/jre/lib/i386/libzip.so
b64f2000-b64f3000 rw-p 00019000 08:06 1387720    /usr/lib/jvm/java-8-oracle/jre/lib/i386/libzip.so
b64f3000-b64fe000 r-xp 00000000 08:06 1933505    /lib/i386-linux-gnu/libnss_files-2.19.so
b64fe000-b64ff000 r--p 0000a000 08:06 1933505    /lib/i386-linux-gnu/libnss_files-2.19.so
b64ff000-b6500000 rw-p 0000b000 08:06 1933505    /lib/i386-linux-gnu/libnss_files-2.19.so
b6500000-b65fb000 rw-p 00000000 00:00 0 
b65fb000-b6600000 ---p 00000000 00:00 0 
b6600000-b660a000 r-xp 00000000 08:06 1933491    /lib/i386-linux-gnu/libnss_nis-2.19.so
b660a000-b660b000 r--p 00009000 08:06 1933491    /lib/i386-linux-gnu/libnss_nis-2.19.so
b660b000-b660c000 rw-p 0000a000 08:06 1933491    /lib/i386-linux-gnu/libnss_nis-2.19.so
b660c000-b6621000 r-xp 00000000 08:06 1933492    /lib/i386-linux-gnu/libnsl-2.19.so
b6621000-b6622000 r--p 00015000 08:06 1933492    /lib/i386-linux-gnu/libnsl-2.19.so
b6622000-b6623000 rw-p 00016000 08:06 1933492    /lib/i386-linux-gnu/libnsl-2.19.so
b6623000-b6625000 rw-p 00000000 00:00 0 
b6631000-b6633000 rw-p 00000000 00:00 0 
b6633000-b6634000 r--p 00850000 08:06 1093651    /usr/lib/locale/locale-archive
b6634000-b663c000 rw-s 00000000 08:06 386366     /tmp/hsperfdata_priya/11090
b663c000-b6660000 r-xp 00000000 08:06 1387732    /usr/lib/jvm/java-8-oracle/jre/lib/i386/libjava.so
b6660000-b6661000 rw-p 00023000 08:06 1387732    /usr/lib/jvm/java-8-oracle/jre/lib/i386/libjava.so
b6661000-b6668000 r-xp 00000000 08:06 1933506    /lib/i386-linux-gnu/librt-2.19.so
b6668000-b6669000 r--p 00006000 08:06 1933506    /lib/i386-linux-gnu/librt-2.19.so
b6669000-b666a000 rw-p 00007000 08:06 1933506    /lib/i386-linux-gnu/librt-2.19.so
b666a000-b666d000 ---p 00000000 00:00 0 
b666d000-b66bb000 rw-p 00000000 00:00 0          [stack:11094]
b66bb000-b66ff000 r-xp 00000000 08:06 1933496    /lib/i386-linux-gnu/libm-2.19.so
b66ff000-b6700000 r--p 00043000 08:06 1933496    /lib/i386-linux-gnu/libm-2.19.so
b6700000-b6701000 rw-p 00044000 08:06 1933496    /lib/i386-linux-gnu/libm-2.19.so
b6701000-b7081000 r-xp 00000000 08:06 1395826    /usr/lib/jvm/java-8-oracle/jre/lib/i386/server/libjvm.so
b7081000-b70ee000 rw-p 00980000 08:06 1395826    /usr/lib/jvm/java-8-oracle/jre/lib/i386/server/libjvm.so
b70ee000-b7514000 rw-p 00000000 00:00 0 
b7514000-b76bc000 r-xp 00000000 08:06 1933488    /lib/i386-linux-gnu/libc-2.19.so
b76bc000-b76be000 r--p 001a8000 08:06 1933488    /lib/i386-linux-gnu/libc-2.19.so
b76be000-b76bf000 rw-p 001aa000 08:06 1933488    /lib/i386-linux-gnu/libc-2.19.so
b76bf000-b76c2000 rw-p 00000000 00:00 0 
b76c2000-b76c5000 r-xp 00000000 08:06 1933489    /lib/i386-linux-gnu/libdl-2.19.so
b76c5000-b76c6000 r--p 00002000 08:06 1933489    /lib/i386-linux-gnu/libdl-2.19.so
b76c6000-b76c7000 rw-p 00003000 08:06 1933489    /lib/i386-linux-gnu/libdl-2.19.so
b76c7000-b76db000 r-xp 00000000 08:06 1549650    /usr/lib/jvm/java-8-oracle/lib/i386/jli/libjli.so
b76db000-b76dc000 rw-p 00014000 08:06 1549650    /usr/lib/jvm/java-8-oracle/lib/i386/jli/libjli.so
b76dc000-b76dd000 rw-p 00000000 00:00 0 
b76dd000-b76f5000 r-xp 00000000 08:06 1933501    /lib/i386-linux-gnu/libpthread-2.19.so
b76f5000-b76f6000 r--p 00018000 08:06 1933501    /lib/i386-linux-gnu/libpthread-2.19.so
b76f6000-b76f7000 rw-p 00019000 08:06 1933501    /lib/i386-linux-gnu/libpthread-2.19.so
b76f7000-b76f9000 rw-p 00000000 00:00 0 
b76f9000-b7700000 r-xp 00000000 08:06 1933497    /lib/i386-linux-gnu/libnss_compat-2.19.so
b7700000-b7701000 r--p 00006000 08:06 1933497    /lib/i386-linux-gnu/libnss_compat-2.19.so
b7701000-b7702000 rw-p 00007000 08:06 1933497    /lib/i386-linux-gnu/libnss_compat-2.19.so
b7702000-b7703000 rw-p 00000000 00:00 0 
b7703000-b7704000 ---p 00000000 00:00 0 
b7704000-b770f000 r-xp 00000000 08:06 1387688    /usr/lib/jvm/java-8-oracle/jre/lib/i386/libverify.so
b770f000-b7710000 rw-p 0000b000 08:06 1387688    /usr/lib/jvm/java-8-oracle/jre/lib/i386/libverify.so
b7710000-b7712000 rw-p 00000000 00:00 0 
b7712000-b7713000 r-xp 00000000 00:00 0          [vdso]
b7713000-b7733000 r-xp 00000000 08:06 1933490    /lib/i386-linux-gnu/ld-2.19.so
b7733000-b7734000 r--p 0001f000 08:06 1933490    /lib/i386-linux-gnu/ld-2.19.so
b7734000-b7735000 rw-p 00020000 08:06 1933490    /lib/i386-linux-gnu/ld-2.19.so
bfe91000-bfe92000 rwxp 00000000 00:00 0 
bfec4000-bfee5000 rw-p 00000000 00:00 0          [stack]

VM Arguments:
jvm_args: -Djava.awt.headless=true -Xmx1024M -Dfile.encoding=UTF-8 -Duser.country=IN -Duser.language=en -Duser.variant 
java_command: com.android.dx.command.Main --dex --num-threads=4 --multi-dex --main-dex-list /home/priya/matrix/Kurukshetra/app/build/intermediates/multi-dex/debug/maindexlist.txt --output /home/priya/matrix/Kurukshetra/app/build/intermediates/transforms/dex/debug/folders/1000/1f/main /home/priya/matrix/Kurukshetra/app/build/intermediates/transforms/jarMerging/debug/jars/1/1f/combined.jar
java_class_path (initial): /home/priya/Android/Sdk/build-tools/23.0.2/lib/dx.jar
Launcher Type: SUN_STANDARD

Environment Variables:
JAVA_HOME=/usr/lib/jvm/java-8-oracle
PATH=/usr/local/sbin:/usr/local/bin:/usr/sbin:/usr/bin:/sbin:/bin:/usr/games:/usr/local/games:/home/priya/matrix/proxy/google_appengine/
LD_LIBRARY_PATH=bin:
SHELL=/bin/bash
DISPLAY=:0

Signal Handlers:
SIGSEGV: [libjvm.so+0x8cdc10], sa_mask[0]=11111111011111111101111111111110, sa_flags=SA_RESTART|SA_SIGINFO
SIGBUS: [libjvm.so+0x8cdc10], sa_mask[0]=11111111011111111101111111111110, sa_flags=SA_RESTART|SA_SIGINFO
SIGFPE: [libjvm.so+0x74dbb0], sa_mask[0]=11111111011111111101111111111110, sa_flags=SA_RESTART|SA_SIGINFO
SIGPIPE: [libjvm.so+0x74dbb0], sa_mask[0]=11111111011111111101111111111110, sa_flags=SA_RESTART|SA_SIGINFO
SIGXFSZ: [libjvm.so+0x74dbb0], sa_mask[0]=11111111011111111101111111111110, sa_flags=SA_RESTART|SA_SIGINFO
SIGILL: [libjvm.so+0x74dbb0], sa_mask[0]=11111111011111111101111111111110, sa_flags=SA_RESTART|SA_SIGINFO
SIGUSR1: SIG_DFL, sa_mask[0]=00000000000000000000000000000000, sa_flags=none
SIGUSR2: [libjvm.so+0x74f230], sa_mask[0]=00100000000000000000000000000000, sa_flags=SA_RESTART|SA_SIGINFO
SIGHUP: [libjvm.so+0x7506e0], sa_mask[0]=11111111011111111101111111111110, sa_flags=SA_RESTART|SA_SIGINFO
SIGINT: [libjvm.so+0x7506e0], sa_mask[0]=11111111011111111101111111111110, sa_flags=SA_RESTART|SA_SIGINFO
SIGTERM: [libjvm.so+0x7506e0], sa_mask[0]=11111111011111111101111111111110, sa_flags=SA_RESTART|SA_SIGINFO
SIGQUIT: [libjvm.so+0x7506e0], sa_mask[0]=11111111011111111101111111111110, sa_flags=SA_RESTART|SA_SIGINFO


---------------  S Y S T E M  ---------------

OS:DISTRIB_ID=Ubuntu
DISTRIB_RELEASE=14.04
DISTRIB_CODENAME=trusty
DISTRIB_DESCRIPTION="Ubuntu 14.04.3 LTS"

uname:Linux 3.13.0-74-generic #118-Ubuntu SMP Thu Dec 17 22:52:02 UTC 2015 i686
libc:glibc 2.19 NPTL 2.19 
rlimit: STACK 8192k, CORE 0k, NPROC 31374, NOFILE 4096, AS infinity
load average:5.25 1.57 0.70

/proc/meminfo:
MemTotal:        4035184 kB
MemFree:          249872 kB
Buffers:             272 kB
Cached:           517648 kB
SwapCached:            0 kB
Active:          3169064 kB
Inactive:         510916 kB
Active(anon):    3167196 kB
Inactive(anon):   507872 kB
Active(file):       1868 kB
Inactive(file):     3044 kB
Unevictable:          64 kB
Mlocked:              64 kB
HighTotal:       3182980 kB
HighFree:          74572 kB
LowTotal:         852204 kB
LowFree:          175300 kB
SwapTotal:             0 kB
SwapFree:              0 kB
Dirty:                88 kB
Writeback:             0 kB
AnonPages:       3162488 kB
Mapped:           277740 kB
Shmem:            512644 kB
Slab:              44616 kB
SReclaimable:      19780 kB
SUnreclaim:        24836 kB
KernelStack:        4968 kB
PageTables:        19656 kB
NFS_Unstable:          0 kB
Bounce:              848 kB
WritebackTmp:          0 kB
CommitLimit:     2017592 kB
Committed_AS:    8957788 kB
VmallocTotal:     122880 kB
VmallocUsed:       70732 kB
VmallocChunk:      47572 kB
HardwareCorrupted:     0 kB
AnonHugePages:   1789952 kB
HugePages_Total:       0
HugePages_Free:        0
HugePages_Rsvd:        0
HugePages_Surp:        0
Hugepagesize:       2048 kB
DirectMap4k:       43000 kB
DirectMap2M:      870400 kB


CPU:total 4 (2 cores per cpu, 2 threads per core) family 6 model 69 stepping 1, cmov, cx8, fxsr, mmx, sse, sse2, sse3, ssse3, sse4.1, sse4.2, popcnt, avx, avx2, aes, clmul, erms, lzcnt, ht, tsc, tscinvbit, bmi1, bmi2

/proc/cpuinfo:
processor	: 0
vendor_id	: GenuineIntel
cpu family	: 6
model		: 69
model name	: Intel(R) Core(TM) i5-4210U CPU @ 1.70GHz
stepping	: 1
microcode	: 0x17
cpu MHz		: 1700.000
cache size	: 3072 KB
physical id	: 0
siblings	: 4
core id		: 0
cpu cores	: 2
apicid		: 0
initial apicid	: 0
fdiv_bug	: no
f00f_bug	: no
coma_bug	: no
fpu		: yes
fpu_exception	: yes
cpuid level	: 13
wp		: yes
flags		: fpu vme de pse tsc msr pae mce cx8 apic sep mtrr pge mca cmov pat pse36 clflush dts acpi mmx fxsr sse sse2 ss ht tm pbe nx pdpe1gb rdtscp lm constant_tsc arch_perfmon pebs bts xtopology nonstop_tsc aperfmperf eagerfpu pni pclmulqdq dtes64 monitor ds_cpl vmx est tm2 ssse3 fma cx16 xtpr pdcm pcid sse4_1 sse4_2 movbe popcnt tsc_deadline_timer aes xsave avx f16c rdrand lahf_lm abm ida arat epb xsaveopt pln pts dtherm tpr_shadow vnmi flexpriority ept vpid fsgsbase tsc_adjust bmi1 avx2 smep bmi2 erms invpcid
bogomips	: 3392.16
clflush size	: 64
cache_alignment	: 64
address sizes	: 39 bits physical, 48 bits virtual
power management:

processor	: 1
vendor_id	: GenuineIntel
cpu family	: 6
model		: 69
model name	: Intel(R) Core(TM) i5-4210U CPU @ 1.70GHz
stepping	: 1
microcode	: 0x17
cpu MHz		: 1700.000
cache size	: 3072 KB
physical id	: 0
siblings	: 4
core id		: 1
cpu cores	: 2
apicid		: 2
initial apicid	: 2
fdiv_bug	: no
f00f_bug	: no
coma_bug	: no
fpu		: yes
fpu_exception	: yes
cpuid level	: 13
wp		: yes
flags		: fpu vme de pse tsc msr pae mce cx8 apic sep mtrr pge mca cmov pat pse36 clflush dts acpi mmx fxsr sse sse2 ss ht tm pbe nx pdpe1gb rdtscp lm constant_tsc arch_perfmon pebs bts xtopology nonstop_tsc aperfmperf eagerfpu pni pclmulqdq dtes64 monitor ds_cpl vmx est tm2 ssse3 fma cx16 xtpr pdcm pcid sse4_1 sse4_2 movbe popcnt tsc_deadline_timer aes xsave avx f16c rdrand lahf_lm abm ida arat epb xsaveopt pln pts dtherm tpr_shadow vnmi flexpriority ept vpid fsgsbase tsc_adjust bmi1 avx2 smep bmi2 erms invpcid
bogomips	: 3392.16
clflush size	: 64
cache_alignment	: 64
address sizes	: 39 bits physical, 48 bits virtual
power management:

processor	: 2
vendor_id	: GenuineIntel
cpu family	: 6
model		: 69
model name	: Intel(R) Core(TM) i5-4210U CPU @ 1.70GHz
stepping	: 1
microcode	: 0x17
cpu MHz		: 1700.000
cache size	: 3072 KB
physical id	: 0
siblings	: 4
core id		: 0
cpu cores	: 2
apicid		: 1
initial apicid	: 1
fdiv_bug	: no
f00f_bug	: no
coma_bug	: no
fpu		: yes
fpu_exception	: yes
cpuid level	: 13
wp		: yes
flags		: fpu vme de pse tsc msr pae mce cx8 apic sep mtrr pge mca cmov pat pse36 clflush dts acpi mmx fxsr sse sse2 ss ht tm pbe nx pdpe1gb rdtscp lm constant_tsc arch_perfmon pebs bts xtopology nonstop_tsc aperfmperf eagerfpu pni pclmulqdq dtes64 monitor ds_cpl vmx est tm2 ssse3 fma cx16 xtpr pdcm pcid sse4_1 sse4_2 movbe popcnt tsc_deadline_timer aes xsave avx f16c rdrand lahf_lm abm ida arat epb xsaveopt pln pts dtherm tpr_shadow vnmi flexpriority ept vpid fsgsbase tsc_adjust bmi1 avx2 smep bmi2 erms invpcid
bogomips	: 3392.16
clflush size	: 64
cache_alignment	: 64
address sizes	: 39 bits physical, 48 bits virtual
power management:

processor	: 3
vendor_id	: GenuineIntel
cpu family	: 6
model		: 69
model name	: Intel(R) Core(TM) i5-4210U CPU @ 1.70GHz
stepping	: 1
microcode	: 0x17
cpu MHz		: 1700.000
cache size	: 3072 KB
physical id	: 0
siblings	: 4
core id		: 1
cpu cores	: 2
apicid		: 3
initial apicid	: 3
fdiv_bug	: no
f00f_bug	: no
coma_bug	: no
fpu		: yes
fpu_exception	: yes
cpuid level	: 13
wp		: yes
flags		: fpu vme de pse tsc msr pae mce cx8 apic sep mtrr pge mca cmov pat pse36 clflush dts acpi mmx fxsr sse sse2 ss ht tm pbe nx pdpe1gb rdtscp lm constant_tsc arch_perfmon pebs bts xtopology nonstop_tsc aperfmperf eagerfpu pni pclmulqdq dtes64 monitor ds_cpl vmx est tm2 ssse3 fma cx16 xtpr pdcm pcid sse4_1 sse4_2 movbe popcnt tsc_deadline_timer aes xsave avx f16c rdrand lahf_lm abm ida arat epb xsaveopt pln pts dtherm tpr_shadow vnmi flexpriority ept vpid fsgsbase tsc_adjust bmi1 avx2 smep bmi2 erms invpcid
bogomips	: 3392.16
clflush size	: 64
cache_alignment	: 64
address sizes	: 39 bits physical, 48 bits virtual
power management:



Memory: 4k page, physical 4035184k(250404k free), swap 0k(0k free)

vm_info: Java HotSpot(TM) Server VM (25.66-b17) for linux-x86 JRE (1.8.0_66-b17), built on Oct  6 2015 18:06:03 by "java_re" with gcc 4.3.0 20080428 (Red Hat 4.3.0-8)

time: Tue Dec 22 20:32:57 2015
elapsed time: 21 seconds (0d 0h 0m 21s)

