#
# There is insufficient memory for the Java Runtime Environment to continue.
# Native memory allocation (mmap) failed to map 83361792 bytes for committing reserved memory.
# Possible reasons:
#   The system is out of physical RAM or swap space
#   In 32 bit mode, the process size limit was hit
# Possible solutions:
#   Reduce memory load on the system
#   Increase physical memory or swap space
#   Check if swap backing store is full
#   Use 64 bit Java on a 64 bit OS
#   Decrease Java heap size (-Xmx/-Xms)
#   Decrease number of Java threads
#   Decrease Java thread stack sizes (-Xss)
#   Set larger code cache with -XX:ReservedCodeCacheSize=
# This output file may be truncated or incomplete.
#
#  Out of Memory Error (os_linux.cpp:2671), pid=1778, tid=1674435392
#
# JRE version: Java(TM) SE Runtime Environment (8.0_31-b13) (build 1.8.0_31-b13)
# Java VM: Java HotSpot(TM) Server VM (25.31-b07 mixed mode linux-x86 )
# Failed to write core dump. Core dumps have been disabled. To enable core dumping, try "ulimit -c unlimited" before starting Java again
#

---------------  T H R E A D  ---------------

Current thread (0x63b81000):  VMThread [stack: 0x63c5d000,0x63cde000] [id=1787]

Stack: [0x63c5d000,0x63cde000],  sp=0x63cdc790,  free space=509k
Native frames: (J=compiled Java code, j=interpreted, Vv=VM code, C=native code)
V  [libjvm.so+0x8941c9]  VMError::report_and_die()+0x179
V  [libjvm.so+0x375385]  report_vm_out_of_memory(char const*, int, unsigned int, VMErrorType, char const*)+0x55
V  [libjvm.so+0x720f66]  os::Linux::commit_memory_impl(char*, unsigned int, bool)+0xe6
V  [libjvm.so+0x721388]  os::pd_commit_memory(char*, unsigned int, unsigned int, bool)+0x28
V  [libjvm.so+0x71ad5c]  os::commit_memory(char*, unsigned int, unsigned int, bool)+0x2c
V  [libjvm.so+0x782e98]  PSVirtualSpace::expand_by(unsigned int)+0x48
V  [libjvm.so+0x7762d1]  PSOldGen::expand(unsigned int)+0x141
V  [libjvm.so+0x77639f]  PSOldGen::resize(unsigned int)+0x8f
V  [libjvm.so+0x77cde4]  PSParallelCompact::invoke_no_policy(bool)+0x8a4
V  [libjvm.so+0x7814fd]  PSScavenge::invoke()+0x16d
V  [libjvm.so+0x7418ba]  ParallelScavengeHeap::failed_mem_allocate(unsigned int)+0x5a
V  [libjvm.so+0x89591a]  VM_ParallelGCFailedAllocation::doit()+0x7a
V  [libjvm.so+0x89ea77]  VM_Operation::evaluate()+0x47
V  [libjvm.so+0x89cb43]  VMThread::evaluate_operation(VM_Operation*)+0xb3
V  [libjvm.so+0x89cee0]  VMThread::loop()+0x1b0
V  [libjvm.so+0x89d345]  VMThread::run()+0x85
V  [libjvm.so+0x723929]  java_start(Thread*)+0x119
C  [libpthread.so.0+0x6f70]  start_thread+0xd0

VM_Operation (0x632fe4e4): ParallelGCFailedAllocation, mode: safepoint, requested by thread 0x63357800


---------------  P R O C E S S  ---------------

Java Threads: ( => current thread )
  0x633bb400 JavaThread "pool-2-thread-4" [_thread_blocked, id=1804, stack(0x62e5e000,0x62eaf000)]
  0x633a5c00 JavaThread "pool-2-thread-3" [_thread_blocked, id=1803, stack(0x62eaf000,0x62f00000)]
  0x633a2c00 JavaThread "pool-2-thread-2" [_thread_blocked, id=1802, stack(0x6320d000,0x6325e000)]
  0x633a1400 JavaThread "pool-3-thread-1" [_thread_blocked, id=1801, stack(0x6325e000,0x632af000)]
  0x63357800 JavaThread "pool-2-thread-1" [_thread_blocked, id=1800, stack(0x632af000,0x63300000)]
  0x63baa800 JavaThread "Service Thread" daemon [_thread_blocked, id=1796, stack(0x634db000,0x6352c000)]
  0x63ba7400 JavaThread "C1 CompilerThread2" daemon [_thread_blocked, id=1793, stack(0x6352c000,0x635ad000)]
  0x63ba5c00 JavaThread "C2 CompilerThread1" daemon [_thread_blocked, id=1792, stack(0x635ad000,0x6362e000)]
  0x63ba4000 JavaThread "C2 CompilerThread0" daemon [_thread_blocked, id=1791, stack(0x6362e000,0x636af000)]
  0x63ba2400 JavaThread "Signal Dispatcher" daemon [_thread_blocked, id=1790, stack(0x636af000,0x63700000)]
  0x63b85800 JavaThread "Finalizer" daemon [_thread_blocked, id=1789, stack(0x63c0c000,0x63c5d000)]
  0x63b84000 JavaThread "Reference Handler" daemon [_thread_blocked, id=1788, stack(0x6682e000,0x6687f000)]
  0xb6607800 JavaThread "main" [_thread_blocked, id=1782, stack(0xb6723000,0xb6774000)]

Other Threads:
=>0x63b81000 VMThread [stack: 0x63c5d000,0x63cde000] [id=1787]
  0x63bac000 WatcherThread [stack: 0x6345a000,0x634db000] [id=1799]

VM state:at safepoint (normal execution)

VM Mutex/Monitor currently owned by a thread:  ([mutex/lock_event])
[0xb66049d0] ExpandHeap_lock - owner thread: 0x63b81000
[0xb6604f18] Threads_lock - owner thread: 0x63b81000
[0xb6605328] Heap_lock - owner thread: 0x63357800

Heap:
 PSYoungGen      total 273664K, used 10604K [0x91ac0000, 0xa7000000, 0xa7000000)
  eden space 237312K, 0% used [0x91ac0000,0x91ac0000,0xa0280000)
  from space 36352K, 29% used [0xa0280000,0xa0cdb2e0,0xa2600000)
  to   space 58624K, 0% used [0xa36c0000,0xa36c0000,0xa7000000)
 ParOldGen       total 140800K, used 140589K [0x67000000, 0x6f980000, 0x91ac0000)
  object space 140800K, 99% used [0x67000000,0x6f94b740,0x6f980000)
 Metaspace       used 4212K, capacity 4262K, committed 4376K, reserved 4400K

Card table byte_map: [0x66dff000,0x67000000] byte_map_base: 0x66ac7000

Marking Bits: (ParMarkBitMap*) 0xb7173580
 Begin Bits: [0x64700000, 0x65700000)
 End Bits:   [0x65700000, 0x66700000)

Polling page: 0xb7777000

CodeCache: size=245760Kb used=7872Kb max_used=7872Kb free=237887Kb
 bounds [0xa75a0000, 0xa7d58000, 0xb65a0000]
 total_blobs=2478 nmethods=2317 adapters=74
 compilation: enabled

Compilation events (10 events):
Event: 7.875 Thread 0x63ba7400 2620       2       com.android.dx.cf.code.BytecodeArray::parseLookupswitch (175 bytes)
Event: 7.876 Thread 0x63ba7400 nmethod 2620 0xa7d48a08 code [0xa7d48c00, 0xa7d4915c]
Event: 7.903 Thread 0x63ba7400 2622       2       com.android.dx.ssa.LocalVariableInfo::getStarts (19 bytes)
Event: 7.903 Thread 0x63ba7400 nmethod 2622 0xa7d48588 code [0xa7d486c0, 0xa7d4886c]
Event: 7.941 Thread 0x63ba7400 2624       2       com.android.dx.cf.direct.DirectClassFile$DcfTypeList::getType (26 bytes)
Event: 7.942 Thread 0x63ba7400 nmethod 2624 0xa7d2bc48 code [0xa7d2be60, 0xa7d2c484]
Event: 8.010 Thread 0x63ba7400 2626       2       com.android.dx.cf.code.BasicBlocker::visitNewarray (15 bytes)
Event: 8.011 Thread 0x63ba7400 nmethod 2626 0xa7d48188 code [0xa7d482a0, 0xa7d483f8]
Event: 8.021 Thread 0x63ba7400 2627       2       com.android.dx.cf.code.Simulator$SimVisitor::visitNewarray (55 bytes)
Event: 8.021 Thread 0x63ba7400 nmethod 2627 0xa7d2b6c8 code [0xa7d2b820, 0xa7d2ba64]

GC Heap History (10 events):
Event: 4.207 GC heap after
Heap after GC invocations=9 (full 1):
 PSYoungGen      total 216576K, used 19392K [0x91ac0000, 0xa3b00000, 0xa7000000)
  eden space 197120K, 0% used [0x91ac0000,0x91ac0000,0x9db40000)
  from space 19456K, 99% used [0xa2800000,0xa3af0090,0xa3b00000)
  to   space 28416K, 0% used [0xa0380000,0xa0380000,0xa1f40000)
 ParOldGen       total 78592K, used 42299K [0x67000000, 0x6bcc0000, 0x91ac0000)
  object space 78592K, 53% used [0x67000000,0x6994ef40,0x6bcc0000)
 Metaspace       used 4108K, capacity 4134K, committed 4248K, reserved 4400K
}
Event: 4.970 GC heap before
{Heap before GC invocations=10 (full 1):
 PSYoungGen      total 216576K, used 216512K [0x91ac0000, 0xa3b00000, 0xa7000000)
  eden space 197120K, 100% used [0x91ac0000,0x9db40000,0x9db40000)
  from space 19456K, 99% used [0xa2800000,0xa3af0090,0xa3b00000)
  to   space 28416K, 0% used [0xa0380000,0xa0380000,0xa1f40000)
 ParOldGen       total 78592K, used 42299K [0x67000000, 0x6bcc0000, 0x91ac0000)
  object space 78592K, 53% used [0x67000000,0x6994ef40,0x6bcc0000)
 Metaspace       used 4187K, capacity 4198K, committed 4248K, reserved 4400K
Event: 5.069 GC heap after
Heap after GC invocations=10 (full 1):
 PSYoungGen      total 266752K, used 28407K [0x91ac0000, 0xa6c80000, 0xa7000000)
  eden space 238336K, 0% used [0x91ac0000,0x91ac0000,0xa0380000)
  from space 28416K, 99% used [0xa0380000,0xa1f3dd00,0xa1f40000)
  to   space 40192K, 0% used [0xa4540000,0xa4540000,0xa6c80000)
 ParOldGen       total 78592K, used 58321K [0x67000000, 0x6bcc0000, 0x91ac0000)
  object space 78592K, 74% used [0x67000000,0x6a8f4580,0x6bcc0000)
 Metaspace       used 4187K, capacity 4198K, committed 4248K, reserved 4400K
}
Event: 6.186 GC heap before
{Heap before GC invocations=11 (full 1):
 PSYoungGen      total 266752K, used 266743K [0x91ac0000, 0xa6c80000, 0xa7000000)
  eden space 238336K, 100% used [0x91ac0000,0xa0380000,0xa0380000)
  from space 28416K, 99% used [0xa0380000,0xa1f3dd00,0xa1f40000)
  to   space 40192K, 0% used [0xa4540000,0xa4540000,0xa6c80000)
 ParOldGen       total 78592K, used 58321K [0x67000000, 0x6bcc0000, 0x91ac0000)
  object space 78592K, 74% used [0x67000000,0x6a8f4580,0x6bcc0000)
 Metaspace       used 4204K, capacity 4230K, committed 4248K, reserved 4400K
Event: 6.314 GC heap after
Heap after GC invocations=11 (full 1):
 PSYoungGen      total 277504K, used 40179K [0x91ac0000, 0xa7000000, 0xa7000000)
  eden space 237312K, 0% used [0x91ac0000,0x91ac0000,0xa0280000)
  from space 40192K, 99% used [0xa4540000,0xa6c7cc50,0xa6c80000)
  to   space 56064K, 0% used [0xa0280000,0xa0280000,0xa3940000)
 ParOldGen       total 82944K, used 82909K [0x67000000, 0x6c100000, 0x91ac0000)
  object space 82944K, 99% used [0x67000000,0x6c0f7418,0x6c100000)
 Metaspace       used 4204K, capacity 4230K, committed 4248K, reserved 4400K
}
Event: 6.314 GC heap before
{Heap before GC invocations=12 (full 2):
 PSYoungGen      total 277504K, used 40179K [0x91ac0000, 0xa7000000, 0xa7000000)
  eden space 237312K, 0% used [0x91ac0000,0x91ac0000,0xa0280000)
  from space 40192K, 99% used [0xa4540000,0xa6c7cc50,0xa6c80000)
  to   space 56064K, 0% used [0xa0280000,0xa0280000,0xa3940000)
 ParOldGen       total 82944K, used 82909K [0x67000000, 0x6c100000, 0x91ac0000)
  object space 82944K, 99% used [0x67000000,0x6c0f7418,0x6c100000)
 Metaspace       used 4204K, capacity 4230K, committed 4248K, reserved 4400K
Event: 7.051 GC heap after
Heap after GC invocations=12 (full 2):
 PSYoungGen      total 277504K, used 35615K [0x91ac0000, 0xa7000000, 0xa7000000)
  eden space 237312K, 0% used [0x91ac0000,0x91ac0000,0xa0280000)
  from space 40192K, 88% used [0xa4540000,0xa6807da0,0xa6c80000)
  to   space 56064K, 0% used [0xa0280000,0xa0280000,0xa3940000)
 ParOldGen       total 140800K, used 82763K [0x67000000, 0x6f980000, 0x91ac0000)
  object space 140800K, 58% used [0x67000000,0x6c0d2dd0,0x6f980000)
 Metaspace       used 4204K, capacity 4230K, committed 4248K, reserved 4400K
}
Event: 8.046 GC heap before
{Heap before GC invocations=13 (full 2):
 PSYoungGen      total 277504K, used 272927K [0x91ac0000, 0xa7000000, 0xa7000000)
  eden space 237312K, 100% used [0x91ac0000,0xa0280000,0xa0280000)
  from space 40192K, 88% used [0xa4540000,0xa6807da0,0xa6c80000)
  to   space 56064K, 0% used [0xa0280000,0xa0280000,0xa3940000)
 ParOldGen       total 140800K, used 82763K [0x67000000, 0x6f980000, 0x91ac0000)
  object space 140800K, 58% used [0x67000000,0x6c0d2dd0,0x6f980000)
 Metaspace       used 4212K, capacity 4262K, committed 4376K, reserved 4400K
Event: 8.164 GC heap after
Heap after GC invocations=13 (full 2):
 PSYoungGen      total 273664K, used 36158K [0x91ac0000, 0xa7000000, 0xa7000000)
  eden space 237312K, 0% used [0x91ac0000,0x91ac0000,0xa0280000)
  from space 36352K, 99% used [0xa0280000,0xa25cfbe8,0xa2600000)
  to   space 58624K, 0% used [0xa36c0000,0xa36c0000,0xa7000000)
 ParOldGen       total 140800K, used 118215K [0x67000000, 0x6f980000, 0x91ac0000)
  object space 140800K, 83% used [0x67000000,0x6e371e98,0x6f980000)
 Metaspace       used 4212K, capacity 4262K, committed 4376K, reserved 4400K
}
Event: 8.164 GC heap before
{Heap before GC invocations=14 (full 3):
 PSYoungGen      total 273664K, used 36158K [0x91ac0000, 0xa7000000, 0xa7000000)
  eden space 237312K, 0% used [0x91ac0000,0x91ac0000,0xa0280000)
  from space 36352K, 99% used [0xa0280000,0xa25cfbe8,0xa2600000)
  to   space 58624K, 0% used [0xa36c0000,0xa36c0000,0xa7000000)
 ParOldGen       total 140800K, used 118215K [0x67000000, 0x6f980000, 0x91ac0000)
  object space 140800K, 83% used [0x67000000,0x6e371e98,0x6f980000)
 Metaspace       used 4212K, capacity 4262K, committed 4376K, reserved 4400K

Deoptimization events (10 events):
Event: 5.520 Thread 0x633a5c00 Uncommon trap: reason=bimorphic action=maybe_recompile pc=0xa7bfdde0 method=com.android.dx.cf.code.BytecodeArray.parseInstruction(ILcom/android/dx/cf/code/BytecodeArray$Visitor;)I @ 1357
Event: 5.548 Thread 0x63357800 Uncommon trap: reason=bimorphic action=maybe_recompile pc=0xa7b7c340 method=com.android.dx.ssa.LiteralOpUpgrader.tryReplacingWithConstant(Lcom/android/dx/ssa/NormalSsaInsn;)Z @ 62
Event: 5.555 Thread 0x63357800 Uncommon trap: reason=bimorphic action=maybe_recompile pc=0xa7b7c340 method=com.android.dx.ssa.LiteralOpUpgrader.tryReplacingWithConstant(Lcom/android/dx/ssa/NormalSsaInsn;)Z @ 62
Event: 7.084 Thread 0xb6607800 Uncommon trap: reason=unloaded action=reinterpret pc=0xa7cfe530 method=com.android.dx.cf.cst.ConstantPoolParser.parse0(ILjava/util/BitSet;)Lcom/android/dx/rop/cst/Constant; @ 410
Event: 7.173 Thread 0x633bb400 Uncommon trap: reason=bimorphic action=maybe_recompile pc=0xa7ca5fe8 method=com.android.dx.rop.code.RegisterSpec.withSimpleType()Lcom/android/dx/rop/code/RegisterSpec; @ 21
Event: 7.175 Thread 0x633bb400 Uncommon trap: reason=bimorphic action=maybe_recompile pc=0xa7ca5fe8 method=com.android.dx.rop.code.RegisterSpec.withSimpleType()Lcom/android/dx/rop/code/RegisterSpec; @ 21
Event: 7.546 Thread 0x633a5c00 Uncommon trap: reason=bimorphic action=maybe_recompile pc=0xa7ca5fe8 method=com.android.dx.rop.code.RegisterSpec.withSimpleType()Lcom/android/dx/rop/code/RegisterSpec; @ 21
Event: 7.546 Thread 0x633a5c00 Uncommon trap: reason=bimorphic action=maybe_recompile pc=0xa7ca5fe8 method=com.android.dx.rop.code.RegisterSpec.withSimpleType()Lcom/android/dx/rop/code/RegisterSpec; @ 21
Event: 7.579 Thread 0x63357800 Uncommon trap: reason=bimorphic action=maybe_recompile pc=0xa7b7c340 method=com.android.dx.ssa.LiteralOpUpgrader.tryReplacingWithConstant(Lcom/android/dx/ssa/NormalSsaInsn;)Z @ 62
Event: 7.648 Thread 0x63357800 Uncommon trap: reason=bimorphic action=maybe_recompile pc=0xa7b7c340 method=com.android.dx.ssa.LiteralOpUpgrader.tryReplacingWithConstant(Lcom/android/dx/ssa/NormalSsaInsn;)Z @ 62

Internal exceptions (10 events):
Event: 1.311 Thread 0x63357800 Exception <a 'java/security/PrivilegedActionException'> (0x9224e258) thrown at [/HUDSON3/workspace/8-2-build-linux-i586/jdk8u31/2394/hotspot/src/share/vm/prims/jvm.cpp, line 1312]
Event: 1.608 Thread 0xb6607800 Exception <a 'java/security/PrivilegedActionException'> (0x938a8c10) thrown at [/HUDSON3/workspace/8-2-build-linux-i586/jdk8u31/2394/hotspot/src/share/vm/prims/jvm.cpp, line 1312]
Event: 1.663 Thread 0x633a5c00 Exception <a 'java/security/PrivilegedActionException'> (0x91e6bae8) thrown at [/HUDSON3/workspace/8-2-build-linux-i586/jdk8u31/2394/hotspot/src/share/vm/prims/jvm.cpp, line 1312]
Event: 2.024 Thread 0xb6607800 Exception <a 'java/security/PrivilegedActionException'> (0x9461f650) thrown at [/HUDSON3/workspace/8-2-build-linux-i586/jdk8u31/2394/hotspot/src/share/vm/prims/jvm.cpp, line 1312]
Event: 2.467 Thread 0x63357800 Exception <a 'java/security/PrivilegedActionException'> (0x956fc530) thrown at [/HUDSON3/workspace/8-2-build-linux-i586/jdk8u31/2394/hotspot/src/share/vm/prims/jvm.cpp, line 1312]
Event: 2.690 Thread 0x633bb400 Exception <a 'java/lang/ArrayIndexOutOfBoundsException': 18> (0x9428e518) thrown at [/HUDSON3/workspace/8-2-build-linux-i586/jdk8u31/2394/hotspot/src/share/vm/interpreter/interpreterRuntime.cpp, line 366]
Event: 2.691 Thread 0x633bb400 Exception <a 'java/lang/ArrayIndexOutOfBoundsException': 145> (0x9428fce0) thrown at [/HUDSON3/workspace/8-2-build-linux-i586/jdk8u31/2394/hotspot/src/share/vm/interpreter/interpreterRuntime.cpp, line 366]
Event: 2.691 Thread 0x633bb400 Exception <a 'java/lang/ArrayIndexOutOfBoundsException': 40> (0x94290d00) thrown at [/HUDSON3/workspace/8-2-build-linux-i586/jdk8u31/2394/hotspot/src/share/vm/interpreter/interpreterRuntime.cpp, line 366]
Event: 4.305 Thread 0xb6607800 Exception <a 'java/security/PrivilegedActionException'> (0x931387b8) thrown at [/HUDSON3/workspace/8-2-build-linux-i586/jdk8u31/2394/hotspot/src/share/vm/prims/jvm.cpp, line 1312]
Event: 4.320 Thread 0xb6607800 Exception <a 'java/security/PrivilegedActionException'> (0x931547d8) thrown at [/HUDSON3/workspace/8-2-build-linux-i586/jdk8u31/2394/hotspot/src/share/vm/prims/jvm.cpp, line 1312]

Events (10 events):
Event: 7.961 Thread 0x633a2c00 DEOPT UNPACKING pc=0xa75dc310 sp=0x6325c658 mode 0
Event: 7.980 Thread 0x63357800 DEOPT PACKING pc=0xa79791d3 sp=0x632fe640
Event: 7.980 Thread 0x63357800 DEOPT UNPACKING pc=0xa75dc310 sp=0x632fe558 mode 0
Event: 7.986 Thread 0x633a2c00 DEOPT PACKING pc=0xa78b32de sp=0x6325c790
Event: 7.986 Thread 0x633a2c00 DEOPT UNPACKING pc=0xa75dc310 sp=0x6325c600 mode 0
Event: 8.004 Thread 0x633a5c00 DEOPT PACKING pc=0xa79791d3 sp=0x62efe8c0
Event: 8.004 Thread 0x633a5c00 DEOPT UNPACKING pc=0xa75dc310 sp=0x62efe7d8 mode 0
Event: 8.017 Thread 0x633bb400 DEOPT PACKING pc=0xa78bc4fc sp=0x62ead830
Event: 8.017 Thread 0x633bb400 DEOPT UNPACKING pc=0xa75dc310 sp=0x62ead6f8 mode 0
Event: 8.039 Executing VM operation: ParallelGCFailedAllocation


Dynamic libraries:
08048000-08049000 r-xp 00000000 08:06 1556514    /usr/lib/jvm/java-8-oracle/bin/java
08049000-0804a000 rw-p 00000000 08:06 1556514    /usr/lib/jvm/java-8-oracle/bin/java
085e6000-08607000 rw-p 00000000 00:00 0          [heap]
61500000-615cb000 rw-p 00000000 00:00 0 
615cb000-61600000 ---p 00000000 00:00 0 
61600000-616fa000 rw-p 00000000 00:00 0 
616fa000-61700000 ---p 00000000 00:00 0 
61800000-618f1000 rw-p 00000000 00:00 0 
618f1000-61900000 ---p 00000000 00:00 0 
61900000-619fd000 rw-p 00000000 00:00 0 
619fd000-61a00000 ---p 00000000 00:00 0 
61b00000-61be8000 rw-p 00000000 00:00 0 
61be8000-61c00000 ---p 00000000 00:00 0 
61d00000-61d35000 rw-p 00000000 00:00 0 
61d35000-61e00000 ---p 00000000 00:00 0 
61e00000-61efd000 rw-p 00000000 00:00 0 
61efd000-61f00000 ---p 00000000 00:00 0 
61f00000-61ff8000 rw-p 00000000 00:00 0 
61ff8000-62000000 ---p 00000000 00:00 0 
62100000-621f1000 rw-p 00000000 00:00 0 
621f1000-62200000 ---p 00000000 00:00 0 
62300000-623fb000 rw-p 00000000 00:00 0 
623fb000-62400000 ---p 00000000 00:00 0 
62500000-625fb000 rw-p 00000000 00:00 0 
625fb000-62600000 ---p 00000000 00:00 0 
62600000-626ed000 rw-p 00000000 00:00 0 
626ed000-62700000 ---p 00000000 00:00 0 
62700000-62740000 rw-p 00000000 00:00 0 
62740000-62800000 ---p 00000000 00:00 0 
62900000-629fd000 rw-p 00000000 00:00 0 
629fd000-62a00000 ---p 00000000 00:00 0 
62a00000-62b00000 rw-p 00000000 00:00 0 
62b00000-62bff000 rw-p 00000000 00:00 0 
62bff000-62c00000 ---p 00000000 00:00 0 
62c6f000-62d00000 rw-p 00000000 00:00 0 
62d00000-62dfd000 rw-p 00000000 00:00 0 
62dfd000-62e00000 ---p 00000000 00:00 0 
62e5e000-62e61000 ---p 00000000 00:00 0 
62e61000-62eaf000 rw-p 00000000 00:00 0          [stack:1804]
62eaf000-62eb2000 ---p 00000000 00:00 0 
62eb2000-62f00000 rw-p 00000000 00:00 0          [stack:1803]
62f00000-62ff1000 rw-p 00000000 00:00 0 
62ff1000-63000000 ---p 00000000 00:00 0 
63000000-630ff000 rw-p 00000000 00:00 0 
630ff000-63100000 ---p 00000000 00:00 0 
63100000-63200000 rw-p 00000000 00:00 0 
6320d000-63210000 ---p 00000000 00:00 0 
63210000-6325e000 rw-p 00000000 00:00 0          [stack:1802]
6325e000-63261000 ---p 00000000 00:00 0 
63261000-632af000 rw-p 00000000 00:00 0          [stack:1801]
632af000-632b2000 ---p 00000000 00:00 0 
632b2000-63300000 rw-p 00000000 00:00 0          [stack:1800]
63300000-633fd000 rw-p 00000000 00:00 0 
633fd000-63400000 ---p 00000000 00:00 0 
63422000-6345a000 r--s 002ca000 08:06 123607     /home/priya/matrix/Kurukshetra/app/build/intermediates/transforms/jarMerging/debug/jars/1/1f/combined.jar
6345a000-6345b000 ---p 00000000 00:00 0 
6345b000-634db000 rw-p 00000000 00:00 0          [stack:1799]
634db000-634de000 ---p 00000000 00:00 0 
634de000-6352c000 rw-p 00000000 00:00 0          [stack:1796]
6352c000-6352f000 ---p 00000000 00:00 0 
6352f000-635ad000 rw-p 00000000 00:00 0          [stack:1793]
635ad000-635b0000 ---p 00000000 00:00 0 
635b0000-6362e000 rw-p 00000000 00:00 0          [stack:1792]
6362e000-63631000 ---p 00000000 00:00 0 
63631000-636af000 rw-p 00000000 00:00 0          [stack:1791]
636af000-636b2000 ---p 00000000 00:00 0 
636b2000-63700000 rw-p 00000000 00:00 0          [stack:1790]
63700000-63900000 r--p 00000000 08:06 1093651    /usr/lib/locale/locale-archive
63900000-639ff000 rw-p 00000000 00:00 0 
639ff000-63a00000 ---p 00000000 00:00 0 
63a00000-63a21000 rw-p 00000000 00:00 0 
63a21000-63b00000 ---p 00000000 00:00 0 
63b00000-63bfc000 rw-p 00000000 00:00 0 
63bfc000-63c00000 ---p 00000000 00:00 0 
63c0c000-63c0f000 ---p 00000000 00:00 0 
63c0f000-63c5d000 rw-p 00000000 00:00 0          [stack:1789]
63c5d000-63c5e000 ---p 00000000 00:00 0 
63c5e000-63cde000 rw-p 00000000 00:00 0          [stack:1787]
63cde000-63eb4000 r--s 03cae000 08:06 1516955    /usr/lib/jvm/java-8-oracle/jre/lib/rt.jar
63eb4000-642fa000 rw-p 00000000 00:00 0 
642fa000-64300000 ---p 00000000 00:00 0 
64300000-66700000 rw-p 00000000 00:00 0 
66700000-667f9000 rw-p 00000000 00:00 0 
667f9000-66800000 ---p 00000000 00:00 0 
6682e000-66831000 ---p 00000000 00:00 0 
66831000-6687f000 rw-p 00000000 00:00 0          [stack:1788]
6687f000-66880000 ---p 00000000 00:00 0 
66880000-66900000 rw-p 00000000 00:00 0          [stack:1786]
66900000-669fd000 rw-p 00000000 00:00 0 
669fd000-66a00000 ---p 00000000 00:00 0 
66a00000-66a21000 rw-p 00000000 00:00 0 
66a21000-66b00000 ---p 00000000 00:00 0 
66b21000-66b30000 r--s 000df000 08:06 3122779    /home/priya/Android/Sdk/build-tools/23.0.2/lib/dx.jar
66b30000-66b7f000 rw-p 00000000 00:00 0 
66b7f000-66b80000 ---p 00000000 00:00 0 
66b80000-66c00000 rw-p 00000000 00:00 0          [stack:1785]
66c00000-66c21000 rw-p 00000000 00:00 0 
66c21000-66d00000 ---p 00000000 00:00 0 
66d0b000-66d7e000 rw-p 00000000 00:00 0 
66d7e000-66d7f000 ---p 00000000 00:00 0 
66d7f000-66e44000 rw-p 00000000 00:00 0          [stack:1784]
66e44000-66f54000 ---p 00000000 00:00 0 
66f54000-66fff000 rw-p 00000000 00:00 0 
66fff000-6f980000 rw-p 00000000 00:00 0 
746bd000-74900000 rw-p 00000000 00:00 0 
74900000-91ac0000 ---p 00000000 00:00 0 
91ac0000-a7000000 rw-p 00000000 00:00 0 
a7006000-a7008000 rw-p 00000000 00:00 0 
a7008000-a7009000 r--p 00850000 08:06 1093651    /usr/lib/locale/locale-archive
a7009000-a700a000 ---p 00000000 00:00 0 
a700a000-a70cf000 rw-p 00000000 00:00 0          [stack:1783]
a70cf000-a71e0000 ---p 00000000 00:00 0 
a71e0000-a71ff000 rw-p 00000000 00:00 0 
a71ff000-a75a0000 ---p 00000000 00:00 0 
a75a0000-a7d58000 rwxp 00000000 00:00 0 
a7d58000-b65a0000 ---p 00000000 00:00 0 
b65a0000-b65ab000 r-xp 00000000 08:06 1933402    /lib/i386-linux-gnu/libnss_files-2.19.so
b65ab000-b65ac000 r--p 0000a000 08:06 1933402    /lib/i386-linux-gnu/libnss_files-2.19.so
b65ac000-b65ad000 rw-p 0000b000 08:06 1933402    /lib/i386-linux-gnu/libnss_files-2.19.so
b65ad000-b65b7000 r-xp 00000000 08:06 1933406    /lib/i386-linux-gnu/libnss_nis-2.19.so
b65b7000-b65b8000 r--p 00009000 08:06 1933406    /lib/i386-linux-gnu/libnss_nis-2.19.so
b65b8000-b65b9000 rw-p 0000a000 08:06 1933406    /lib/i386-linux-gnu/libnss_nis-2.19.so
b65b9000-b65ce000 r-xp 00000000 08:06 1933415    /lib/i386-linux-gnu/libnsl-2.19.so
b65ce000-b65cf000 r--p 00015000 08:06 1933415    /lib/i386-linux-gnu/libnsl-2.19.so
b65cf000-b65d0000 rw-p 00016000 08:06 1933415    /lib/i386-linux-gnu/libnsl-2.19.so
b65d0000-b65d2000 rw-p 00000000 00:00 0 
b65d2000-b65d9000 r-xp 00000000 08:06 1933343    /lib/i386-linux-gnu/libnss_compat-2.19.so
b65d9000-b65da000 r--p 00006000 08:06 1933343    /lib/i386-linux-gnu/libnss_compat-2.19.so
b65da000-b65db000 rw-p 00007000 08:06 1933343    /lib/i386-linux-gnu/libnss_compat-2.19.so
b65db000-b65ff000 r-xp 00000000 08:06 1549783    /usr/lib/jvm/java-8-oracle/jre/lib/i386/libjava.so
b65ff000-b6600000 rw-p 00023000 08:06 1549783    /usr/lib/jvm/java-8-oracle/jre/lib/i386/libjava.so
b6600000-b66fa000 rw-p 00000000 00:00 0 
b66fa000-b6700000 ---p 00000000 00:00 0 
b6700000-b6719000 r-xp 00000000 08:06 1549768    /usr/lib/jvm/java-8-oracle/jre/lib/i386/libzip.so
b6719000-b671a000 rw-p 00018000 08:06 1549768    /usr/lib/jvm/java-8-oracle/jre/lib/i386/libzip.so
b671a000-b6721000 r-xp 00000000 08:06 1933332    /lib/i386-linux-gnu/librt-2.19.so
b6721000-b6722000 r--p 00006000 08:06 1933332    /lib/i386-linux-gnu/librt-2.19.so
b6722000-b6723000 rw-p 00007000 08:06 1933332    /lib/i386-linux-gnu/librt-2.19.so
b6723000-b6726000 ---p 00000000 00:00 0 
b6726000-b6774000 rw-p 00000000 00:00 0          [stack:1782]
b6774000-b67b8000 r-xp 00000000 08:06 1933416    /lib/i386-linux-gnu/libm-2.19.so
b67b8000-b67b9000 r--p 00043000 08:06 1933416    /lib/i386-linux-gnu/libm-2.19.so
b67b9000-b67ba000 rw-p 00044000 08:06 1933416    /lib/i386-linux-gnu/libm-2.19.so
b67ba000-b70f7000 r-xp 00000000 08:06 1549788    /usr/lib/jvm/java-8-oracle/jre/lib/i386/server/libjvm.so
b70f7000-b7163000 rw-p 0093c000 08:06 1549788    /usr/lib/jvm/java-8-oracle/jre/lib/i386/server/libjvm.so
b7163000-b7588000 rw-p 00000000 00:00 0 
b7588000-b7731000 r-xp 00000000 08:06 1933403    /lib/i386-linux-gnu/libc-2.19.so
b7731000-b7733000 r--p 001a9000 08:06 1933403    /lib/i386-linux-gnu/libc-2.19.so
b7733000-b7734000 rw-p 001ab000 08:06 1933403    /lib/i386-linux-gnu/libc-2.19.so
b7734000-b7737000 rw-p 00000000 00:00 0 
b7737000-b773a000 r-xp 00000000 08:06 1933409    /lib/i386-linux-gnu/libdl-2.19.so
b773a000-b773b000 r--p 00002000 08:06 1933409    /lib/i386-linux-gnu/libdl-2.19.so
b773b000-b773c000 rw-p 00003000 08:06 1933409    /lib/i386-linux-gnu/libdl-2.19.so
b773c000-b7750000 r-xp 00000000 08:06 1550414    /usr/lib/jvm/java-8-oracle/lib/i386/jli/libjli.so
b7750000-b7751000 rw-p 00013000 08:06 1550414    /usr/lib/jvm/java-8-oracle/lib/i386/jli/libjli.so
b7751000-b7752000 rw-p 00000000 00:00 0 
b7752000-b776a000 r-xp 00000000 08:06 1933405    /lib/i386-linux-gnu/libpthread-2.19.so
b776a000-b776b000 r--p 00018000 08:06 1933405    /lib/i386-linux-gnu/libpthread-2.19.so
b776b000-b776c000 rw-p 00019000 08:06 1933405    /lib/i386-linux-gnu/libpthread-2.19.so
b776c000-b776e000 rw-p 00000000 00:00 0 
b776e000-b7776000 rw-s 00000000 08:06 386256     /tmp/hsperfdata_priya/1778
b7776000-b7777000 rw-p 00000000 00:00 0 
b7777000-b7778000 ---p 00000000 00:00 0 
b7778000-b7783000 r-xp 00000000 08:06 1549739    /usr/lib/jvm/java-8-oracle/jre/lib/i386/libverify.so
b7783000-b7784000 rw-p 0000b000 08:06 1549739    /usr/lib/jvm/java-8-oracle/jre/lib/i386/libverify.so
b7784000-b7786000 rw-p 00000000 00:00 0 
b7786000-b7787000 r-xp 00000000 00:00 0          [vdso]
b7787000-b77a7000 r-xp 00000000 08:06 1936058    /lib/i386-linux-gnu/ld-2.19.so
b77a7000-b77a8000 r--p 0001f000 08:06 1936058    /lib/i386-linux-gnu/ld-2.19.so
b77a8000-b77a9000 rw-p 00020000 08:06 1936058    /lib/i386-linux-gnu/ld-2.19.so
bfe2a000-bfe2b000 rwxp 00000000 00:00 0 
bfe5d000-bfe7e000 rw-p 00000000 00:00 0          [stack]

VM Arguments:
jvm_args: -Djava.awt.headless=true -Xmx1024M -Dfile.encoding=UTF-8 -Duser.country=IN -Duser.language=en -Duser.variant 
java_command: com.android.dx.command.Main --dex --num-threads=4 --multi-dex --main-dex-list /home/priya/matrix/Kurukshetra/app/build/intermediates/multi-dex/debug/maindexlist.txt --output /home/priya/matrix/Kurukshetra/app/build/intermediates/transforms/dex/debug/folders/1000/1f/main /home/priya/matrix/Kurukshetra/app/build/intermediates/transforms/jarMerging/debug/jars/1/1f/combined.jar
java_class_path (initial): /home/priya/Android/Sdk/build-tools/23.0.2/lib/dx.jar
Launcher Type: SUN_STANDARD

Environment Variables:
JAVA_HOME=/usr/lib/jvm/java-8-oracle
PATH=/usr/local/sbin:/usr/local/bin:/usr/sbin:/usr/bin:/sbin:/bin:/usr/games:/usr/local/games
LD_LIBRARY_PATH=matrix/android-studio/bin:
SHELL=/bin/bash
DISPLAY=:0

Signal Handlers:
SIGSEGV: [libjvm.so+0x894cb0], sa_mask[0]=11111111011111111101111111111110, sa_flags=SA_RESTART|SA_SIGINFO
SIGBUS: [libjvm.so+0x894cb0], sa_mask[0]=11111111011111111101111111111110, sa_flags=SA_RESTART|SA_SIGINFO
SIGFPE: [libjvm.so+0x71dd00], sa_mask[0]=11111111011111111101111111111110, sa_flags=SA_RESTART|SA_SIGINFO
SIGPIPE: [libjvm.so+0x71dd00], sa_mask[0]=11111111011111111101111111111110, sa_flags=SA_RESTART|SA_SIGINFO
SIGXFSZ: [libjvm.so+0x71dd00], sa_mask[0]=11111111011111111101111111111110, sa_flags=SA_RESTART|SA_SIGINFO
SIGILL: [libjvm.so+0x71dd00], sa_mask[0]=11111111011111111101111111111110, sa_flags=SA_RESTART|SA_SIGINFO
SIGUSR1: SIG_DFL, sa_mask[0]=00000000000000000000000000000000, sa_flags=none
SIGUSR2: [libjvm.so+0x71f4b0], sa_mask[0]=00100000000000000000000000000000, sa_flags=SA_RESTART|SA_SIGINFO
SIGHUP: [libjvm.so+0x7209b0], sa_mask[0]=11111111011111111101111111111110, sa_flags=SA_RESTART|SA_SIGINFO
SIGINT: [libjvm.so+0x7209b0], sa_mask[0]=11111111011111111101111111111110, sa_flags=SA_RESTART|SA_SIGINFO
SIGTERM: [libjvm.so+0x7209b0], sa_mask[0]=11111111011111111101111111111110, sa_flags=SA_RESTART|SA_SIGINFO
SIGQUIT: [libjvm.so+0x7209b0], sa_mask[0]=11111111011111111101111111111110, sa_flags=SA_RESTART|SA_SIGINFO


---------------  S Y S T E M  ---------------

OS:DISTRIB_ID=Ubuntu
DISTRIB_RELEASE=14.04
DISTRIB_CODENAME=trusty
DISTRIB_DESCRIPTION="Ubuntu 14.04.1 LTS"

uname:Linux 3.13.0-45-generic #74-Ubuntu SMP Tue Jan 13 19:37:48 UTC 2015 i686
libc:glibc 2.19 NPTL 2.19 
rlimit: STACK 8192k, CORE 0k, NPROC 31374, NOFILE 4096, AS infinity
load average:1.60 0.65 0.62

/proc/meminfo:
MemTotal:        4035208 kB
MemFree:          255008 kB
Buffers:            1768 kB
Cached:           458716 kB
SwapCached:            0 kB
Active:          3236224 kB
Inactive:         435188 kB
Active(anon):    3217400 kB
Inactive(anon):   407308 kB
Active(file):      18824 kB
Inactive(file):    27880 kB
Unevictable:          96 kB
Mlocked:              96 kB
HighTotal:       3182980 kB
HighFree:          79364 kB
LowTotal:         852228 kB
LowFree:          175644 kB
SwapTotal:             0 kB
SwapFree:              0 kB
Dirty:                52 kB
Writeback:             0 kB
AnonPages:       3211368 kB
Mapped:           208068 kB
Shmem:            413436 kB
Slab:              47908 kB
SReclaimable:      20760 kB
SUnreclaim:        27148 kB
KernelStack:        5208 kB
PageTables:        21028 kB
NFS_Unstable:          0 kB
Bounce:                0 kB
WritebackTmp:          0 kB
CommitLimit:     2017604 kB
Committed_AS:    9378784 kB
VmallocTotal:     122880 kB
VmallocUsed:       71100 kB
VmallocChunk:      13196 kB
HardwareCorrupted:     0 kB
AnonHugePages:   1507328 kB
HugePages_Total:       0
HugePages_Free:        0
HugePages_Rsvd:        0
HugePages_Surp:        0
Hugepagesize:       2048 kB
DirectMap4k:       40952 kB
DirectMap2M:      872448 kB


CPU:total 4 (2 cores per cpu, 2 threads per core) family 6 model 69 stepping 1, cmov, cx8, fxsr, mmx, sse, sse2, sse3, ssse3, sse4.1, sse4.2, popcnt, avx, avx2, aes, clmul, erms, lzcnt, ht, tsc, tscinvbit, bmi1, bmi2

/proc/cpuinfo:
processor	: 0
vendor_id	: GenuineIntel
cpu family	: 6
model		: 69
model name	: Intel(R) Core(TM) i5-4210U CPU @ 1.70GHz
stepping	: 1
microcode	: 0x17
cpu MHz		: 782.000
cache size	: 3072 KB
physical id	: 0
siblings	: 4
core id		: 0
cpu cores	: 2
apicid		: 0
initial apicid	: 0
fdiv_bug	: no
f00f_bug	: no
coma_bug	: no
fpu		: yes
fpu_exception	: yes
cpuid level	: 13
wp		: yes
flags		: fpu vme de pse tsc msr pae mce cx8 apic sep mtrr pge mca cmov pat pse36 clflush dts acpi mmx fxsr sse sse2 ss ht tm pbe nx pdpe1gb rdtscp lm constant_tsc arch_perfmon pebs bts xtopology nonstop_tsc aperfmperf eagerfpu pni pclmulqdq dtes64 monitor ds_cpl vmx est tm2 ssse3 fma cx16 xtpr pdcm pcid sse4_1 sse4_2 movbe popcnt tsc_deadline_timer aes xsave avx f16c rdrand lahf_lm abm ida arat epb xsaveopt pln pts dtherm tpr_shadow vnmi flexpriority ept vpid fsgsbase tsc_adjust bmi1 avx2 smep bmi2 erms invpcid
bogomips	: 3392.19
clflush size	: 64
cache_alignment	: 64
address sizes	: 39 bits physical, 48 bits virtual
power management:

processor	: 1
vendor_id	: GenuineIntel
cpu family	: 6
model		: 69
model name	: Intel(R) Core(TM) i5-4210U CPU @ 1.70GHz
stepping	: 1
microcode	: 0x17
cpu MHz		: 782.000
cache size	: 3072 KB
physical id	: 0
siblings	: 4
core id		: 1
cpu cores	: 2
apicid		: 2
initial apicid	: 2
fdiv_bug	: no
f00f_bug	: no
coma_bug	: no
fpu		: yes
fpu_exception	: yes
cpuid level	: 13
wp		: yes
flags		: fpu vme de pse tsc msr pae mce cx8 apic sep mtrr pge mca cmov pat pse36 clflush dts acpi mmx fxsr sse sse2 ss ht tm pbe nx pdpe1gb rdtscp lm constant_tsc arch_perfmon pebs bts xtopology nonstop_tsc aperfmperf eagerfpu pni pclmulqdq dtes64 monitor ds_cpl vmx est tm2 ssse3 fma cx16 xtpr pdcm pcid sse4_1 sse4_2 movbe popcnt tsc_deadline_timer aes xsave avx f16c rdrand lahf_lm abm ida arat epb xsaveopt pln pts dtherm tpr_shadow vnmi flexpriority ept vpid fsgsbase tsc_adjust bmi1 avx2 smep bmi2 erms invpcid
bogomips	: 3392.19
clflush size	: 64
cache_alignment	: 64
address sizes	: 39 bits physical, 48 bits virtual
power management:

processor	: 2
vendor_id	: GenuineIntel
cpu family	: 6
model		: 69
model name	: Intel(R) Core(TM) i5-4210U CPU @ 1.70GHz
stepping	: 1
microcode	: 0x17
cpu MHz		: 782.000
cache size	: 3072 KB
physical id	: 0
siblings	: 4
core id		: 0
cpu cores	: 2
apicid		: 1
initial apicid	: 1
fdiv_bug	: no
f00f_bug	: no
coma_bug	: no
fpu		: yes
fpu_exception	: yes
cpuid level	: 13
wp		: yes
flags		: fpu vme de pse tsc msr pae mce cx8 apic sep mtrr pge mca cmov pat pse36 clflush dts acpi mmx fxsr sse sse2 ss ht tm pbe nx pdpe1gb rdtscp lm constant_tsc arch_perfmon pebs bts xtopology nonstop_tsc aperfmperf eagerfpu pni pclmulqdq dtes64 monitor ds_cpl vmx est tm2 ssse3 fma cx16 xtpr pdcm pcid sse4_1 sse4_2 movbe popcnt tsc_deadline_timer aes xsave avx f16c rdrand lahf_lm abm ida arat epb xsaveopt pln pts dtherm tpr_shadow vnmi flexpriority ept vpid fsgsbase tsc_adjust bmi1 avx2 smep bmi2 erms invpcid
bogomips	: 3392.19
clflush size	: 64
cache_alignment	: 64
address sizes	: 39 bits physical, 48 bits virtual
power management:

processor	: 3
vendor_id	: GenuineIntel
cpu family	: 6
model		: 69
model name	: Intel(R) Core(TM) i5-4210U CPU @ 1.70GHz
stepping	: 1
microcode	: 0x17
cpu MHz		: 1701.000
cache size	: 3072 KB
physical id	: 0
siblings	: 4
core id		: 1
cpu cores	: 2
apicid		: 3
initial apicid	: 3
fdiv_bug	: no
f00f_bug	: no
coma_bug	: no
fpu		: yes
fpu_exception	: yes
cpuid level	: 13
wp		: yes
flags		: fpu vme de pse tsc msr pae mce cx8 apic sep mtrr pge mca cmov pat pse36 clflush dts acpi mmx fxsr sse sse2 ss ht tm pbe nx pdpe1gb rdtscp lm constant_tsc arch_perfmon pebs bts xtopology nonstop_tsc aperfmperf eagerfpu pni pclmulqdq dtes64 monitor ds_cpl vmx est tm2 ssse3 fma cx16 xtpr pdcm pcid sse4_1 sse4_2 movbe popcnt tsc_deadline_timer aes xsave avx f16c rdrand lahf_lm abm ida arat epb xsaveopt pln pts dtherm tpr_shadow vnmi flexpriority ept vpid fsgsbase tsc_adjust bmi1 avx2 smep bmi2 erms invpcid
bogomips	: 3392.19
clflush size	: 64
cache_alignment	: 64
address sizes	: 39 bits physical, 48 bits virtual
power management:



Memory: 4k page, physical 4035208k(255008k free), swap 0k(0k free)

vm_info: Java HotSpot(TM) Server VM (25.31-b07) for linux-x86 JRE (1.8.0_31-b13), built on Dec 17 2014 20:50:14 by "java_re" with gcc 4.3.0 20080428 (Red Hat 4.3.0-8)

time: Sat Dec 19 11:58:27 2015
elapsed time: 10 seconds (0d 0h 0m 10s)

