#
# There is insufficient memory for the Java Runtime Environment to continue.
# Native memory allocation (mmap) failed to map 71827456 bytes for committing reserved memory.
# Possible reasons:
#   The system is out of physical RAM or swap space
#   In 32 bit mode, the process size limit was hit
# Possible solutions:
#   Reduce memory load on the system
#   Increase physical memory or swap space
#   Check if swap backing store is full
#   Use 64 bit Java on a 64 bit OS
#   Decrease Java heap size (-Xmx/-Xms)
#   Decrease number of Java threads
#   Decrease Java thread stack sizes (-Xss)
#   Set larger code cache with -XX:ReservedCodeCacheSize=
# This output file may be truncated or incomplete.
#
#  Out of Memory Error (os_linux.cpp:2671), pid=12030, tid=1674111808
#
# JRE version: Java(TM) SE Runtime Environment (8.0_31-b13) (build 1.8.0_31-b13)
# Java VM: Java HotSpot(TM) Server VM (25.31-b07 mixed mode linux-x86 )
# Failed to write core dump. Core dumps have been disabled. To enable core dumping, try "ulimit -c unlimited" before starting Java again
#

---------------  T H R E A D  ---------------

Current thread (0x63b81000):  VMThread [stack: 0x63c0e000,0x63c8f000] [id=12040]

Stack: [0x63c0e000,0x63c8f000],  sp=0x63c8d930,  free space=510k
Native frames: (J=compiled Java code, j=interpreted, Vv=VM code, C=native code)
V  [libjvm.so+0x8941c9]  VMError::report_and_die()+0x179
V  [libjvm.so+0x375385]  report_vm_out_of_memory(char const*, int, unsigned int, VMErrorType, char const*)+0x55
V  [libjvm.so+0x720f66]  os::Linux::commit_memory_impl(char*, unsigned int, bool)+0xe6
V  [libjvm.so+0x721388]  os::pd_commit_memory(char*, unsigned int, unsigned int, bool)+0x28
V  [libjvm.so+0x71ad5c]  os::commit_memory(char*, unsigned int, unsigned int, bool)+0x2c
V  [libjvm.so+0x782e98]  PSVirtualSpace::expand_by(unsigned int)+0x48
V  [libjvm.so+0x783f9a]  PSYoungGen::resize_generation(unsigned int, unsigned int)+0xda
V  [libjvm.so+0x7832c9]  PSYoungGen::resize(unsigned int, unsigned int)+0x19
V  [libjvm.so+0x780bfb]  PSScavenge::invoke_no_policy()+0xd2b
V  [libjvm.so+0x7813b8]  PSScavenge::invoke()+0x28
V  [libjvm.so+0x7418ba]  ParallelScavengeHeap::failed_mem_allocate(unsigned int)+0x5a
V  [libjvm.so+0x89591a]  VM_ParallelGCFailedAllocation::doit()+0x7a
V  [libjvm.so+0x89ea77]  VM_Operation::evaluate()+0x47
V  [libjvm.so+0x89cb43]  VMThread::evaluate_operation(VM_Operation*)+0xb3
V  [libjvm.so+0x89cee0]  VMThread::loop()+0x1b0
V  [libjvm.so+0x89d345]  VMThread::run()+0x85
V  [libjvm.so+0x723929]  java_start(Thread*)+0x119
C  [libpthread.so.0+0x6f70]  start_thread+0xd0

VM_Operation (0x633a96c4): ParallelGCFailedAllocation, mode: safepoint, requested by thread 0x63290000


---------------  P R O C E S S  ---------------

Java Threads: ( => current thread )
  0x63294c00 JavaThread "pool-2-thread-4" [_thread_blocked, id=12053, stack(0x6310d000,0x6315e000)]
  0x63293000 JavaThread "pool-2-thread-3" [_thread_blocked, id=12052, stack(0x6315e000,0x631af000)]
  0x63296c00 JavaThread "pool-2-thread-2" [_thread_blocked, id=12051, stack(0x631af000,0x63200000)]
  0x63291800 JavaThread "pool-3-thread-1" [_thread_blocked, id=12050, stack(0x63309000,0x6335a000)]
  0x63290000 JavaThread "pool-2-thread-1" [_thread_blocked, id=12049, stack(0x6335a000,0x633ab000)]
  0x63baa800 JavaThread "Service Thread" daemon [_thread_blocked, id=12047, stack(0x6342c000,0x6347d000)]
  0x63ba7400 JavaThread "C1 CompilerThread2" daemon [_thread_blocked, id=12046, stack(0x6347d000,0x634fe000)]
  0x63ba5c00 JavaThread "C2 CompilerThread1" daemon [_thread_blocked, id=12045, stack(0x634fe000,0x6357f000)]
  0x63ba4000 JavaThread "C2 CompilerThread0" daemon [_thread_blocked, id=12044, stack(0x6357f000,0x63600000)]
  0x63ba2800 JavaThread "Signal Dispatcher" daemon [_thread_blocked, id=12043, stack(0x63a0d000,0x63a5e000)]
  0x63b85800 JavaThread "Finalizer" daemon [_thread_blocked, id=12042, stack(0x63a5e000,0x63aaf000)]
  0x63b84000 JavaThread "Reference Handler" daemon [_thread_blocked, id=12041, stack(0x63aaf000,0x63b00000)]
  0xb6507800 JavaThread "main" [_thread_blocked, id=12035, stack(0xb66bc000,0xb670d000)]

Other Threads:
=>0x63b81000 VMThread [stack: 0x63c0e000,0x63c8f000] [id=12040]
  0x63bac000 WatcherThread [stack: 0x633ab000,0x6342c000] [id=12048]

VM state:at safepoint (normal execution)

VM Mutex/Monitor currently owned by a thread:  ([mutex/lock_event])
[0xb6504f18] Threads_lock - owner thread: 0x63b81000
[0xb6505328] Heap_lock - owner thread: 0x63290000

Heap:
 PSYoungGen      total 71936K, used 10232K [0x91ac0000, 0x96cc0000, 0xa7000000)
  eden space 61696K, 0% used [0x91ac0000,0x91ac0000,0x95700000)
  from space 10240K, 99% used [0x95700000,0x960fe0c8,0x96100000)
  to   space 8448K, 0% used [0x96100000,0x96100000,0x96940000)
 ParOldGen       total 42496K, used 14806K [0x67000000, 0x69980000, 0x91ac0000)
  object space 42496K, 34% used [0x67000000,0x67e759d0,0x69980000)
 Metaspace       used 3895K, capacity 3942K, committed 3992K, reserved 4400K

Card table byte_map: [0x66dff000,0x67000000] byte_map_base: 0x66ac7000

Marking Bits: (ParMarkBitMap*) 0xb710c580
 Begin Bits: [0x64700000, 0x65700000)
 End Bits:   [0x65700000, 0x66700000)

Polling page: 0xb7710000

CodeCache: size=245760Kb used=4065Kb max_used=4067Kb free=241695Kb
 bounds [0xa7500000, 0xa7900000, 0xb6500000]
 total_blobs=1510 nmethods=1352 adapters=74
 compilation: enabled

Compilation events (10 events):
Event: 2.734 Thread 0x63ba7400 nmethod 1545% 0xa78f79c8 code [0xa78f7bc0, 0xa78f8610]
Event: 2.734 Thread 0x63ba7400 1546 %     3       com.android.dx.ssa.SsaBasicBlock::forEachPhiInsn @ 10 (54 bytes)
Event: 2.735 Thread 0x63ba7400 nmethod 1546% 0xa78f8e48 code [0xa78f8fe0, 0xa78f96c4]
Event: 2.735 Thread 0x63ba7400 1547 %     3       com.android.dx.ssa.SCCP::run @ 93 (298 bytes)
Event: 2.739 Thread 0x63ba5c00 nmethod 1498 0xa78f9b48 code [0xa78f9d20, 0xa78fad84]
Event: 2.740 Thread 0x63ba5c00 1046       4       com.android.dx.ssa.SsaRenamer$BlockRenamer::addMapping (143 bytes)
Event: 2.743 Thread 0x63ba7400 nmethod 1547% 0xa78f5188 code [0xa78f5500, 0xa78f6d2c]
Event: 2.743 Thread 0x63ba7400 1549 %     3       com.android.dx.cf.code.BaseMachine::popArgs @ 34 (62 bytes)
Event: 2.744 Thread 0x63ba7400 nmethod 1549% 0xa78f4808 code [0xa78f4960, 0xa78f4ed8]
Event: 2.744 Thread 0x63ba7400 1548 %     3       com.android.dx.ssa.SsaMethod::forEachBlockDepthFirstDom @ 32 (128 bytes)

GC Heap History (10 events):
Event: 1.104 GC heap after
Heap after GC invocations=2 (full 0):
 PSYoungGen      total 18432K, used 1064K [0x91ac0000, 0x93ec0000, 0xa7000000)
  eden space 15872K, 0% used [0x91ac0000,0x91ac0000,0x92a40000)
  from space 2560K, 41% used [0x92cc0000,0x92dca040,0x92f40000)
  to   space 2560K, 0% used [0x92a40000,0x92a40000,0x92cc0000)
 ParOldGen       total 42496K, used 4K [0x67000000, 0x69980000, 0x91ac0000)
  object space 42496K, 0% used [0x67000000,0x67001000,0x69980000)
 Metaspace       used 2264K, capacity 2366K, committed 2456K, reserved 4400K
}
Event: 1.549 GC heap before
{Heap before GC invocations=3 (full 0):
 PSYoungGen      total 18432K, used 16936K [0x91ac0000, 0x93ec0000, 0xa7000000)
  eden space 15872K, 100% used [0x91ac0000,0x92a40000,0x92a40000)
  from space 2560K, 41% used [0x92cc0000,0x92dca040,0x92f40000)
  to   space 2560K, 0% used [0x92a40000,0x92a40000,0x92cc0000)
 ParOldGen       total 42496K, used 4K [0x67000000, 0x69980000, 0x91ac0000)
  object space 42496K, 0% used [0x67000000,0x67001000,0x69980000)
 Metaspace       used 3561K, capacity 3590K, committed 3608K, reserved 4400K
Event: 1.554 GC heap after
Heap after GC invocations=3 (full 0):
 PSYoungGen      total 18432K, used 2554K [0x91ac0000, 0x93ec0000, 0xa7000000)
  eden space 15872K, 0% used [0x91ac0000,0x91ac0000,0x92a40000)
  from space 2560K, 99% used [0x92a40000,0x92cbe978,0x92cc0000)
  to   space 2560K, 0% used [0x93c40000,0x93c40000,0x93ec0000)
 ParOldGen       total 42496K, used 1442K [0x67000000, 0x69980000, 0x91ac0000)
  object space 42496K, 3% used [0x67000000,0x67168a60,0x69980000)
 Metaspace       used 3561K, capacity 3590K, committed 3608K, reserved 4400K
}
Event: 1.813 GC heap before
{Heap before GC invocations=4 (full 0):
 PSYoungGen      total 18432K, used 18426K [0x91ac0000, 0x93ec0000, 0xa7000000)
  eden space 15872K, 100% used [0x91ac0000,0x92a40000,0x92a40000)
  from space 2560K, 99% used [0x92a40000,0x92cbe978,0x92cc0000)
  to   space 2560K, 0% used [0x93c40000,0x93c40000,0x93ec0000)
 ParOldGen       total 42496K, used 1442K [0x67000000, 0x69980000, 0x91ac0000)
  object space 42496K, 3% used [0x67000000,0x67168a60,0x69980000)
 Metaspace       used 3787K, capacity 3814K, committed 3864K, reserved 4400K
Event: 1.822 GC heap after
Heap after GC invocations=4 (full 0):
 PSYoungGen      total 34304K, used 2551K [0x91ac0000, 0x93ec0000, 0xa7000000)
  eden space 31744K, 0% used [0x91ac0000,0x91ac0000,0x939c0000)
  from space 2560K, 99% used [0x93c40000,0x93ebde28,0x93ec0000)
  to   space 2560K, 0% used [0x939c0000,0x939c0000,0x93c40000)
 ParOldGen       total 42496K, used 3970K [0x67000000, 0x69980000, 0x91ac0000)
  object space 42496K, 9% used [0x67000000,0x673e0830,0x69980000)
 Metaspace       used 3787K, capacity 3814K, committed 3864K, reserved 4400K
}
Event: 2.136 GC heap before
{Heap before GC invocations=5 (full 0):
 PSYoungGen      total 34304K, used 34295K [0x91ac0000, 0x93ec0000, 0xa7000000)
  eden space 31744K, 100% used [0x91ac0000,0x939c0000,0x939c0000)
  from space 2560K, 99% used [0x93c40000,0x93ebde28,0x93ec0000)
  to   space 2560K, 0% used [0x939c0000,0x939c0000,0x93c40000)
 ParOldGen       total 42496K, used 3970K [0x67000000, 0x69980000, 0x91ac0000)
  object space 42496K, 9% used [0x67000000,0x673e0830,0x69980000)
 Metaspace       used 3847K, capacity 3878K, committed 3992K, reserved 4400K
Event: 2.148 GC heap after
Heap after GC invocations=5 (full 0):
 PSYoungGen      total 34304K, used 2555K [0x91ac0000, 0x96940000, 0xa7000000)
  eden space 31744K, 0% used [0x91ac0000,0x91ac0000,0x939c0000)
  from space 2560K, 99% used [0x939c0000,0x93c3ee98,0x93c40000)
  to   space 8448K, 0% used [0x96100000,0x96100000,0x96940000)
 ParOldGen       total 42496K, used 8686K [0x67000000, 0x69980000, 0x91ac0000)
  object space 42496K, 20% used [0x67000000,0x6787baf0,0x69980000)
 Metaspace       used 3847K, capacity 3878K, committed 3992K, reserved 4400K
}
Event: 2.341 GC heap before
{Heap before GC invocations=6 (full 0):
 PSYoungGen      total 34304K, used 34299K [0x91ac0000, 0x96940000, 0xa7000000)
  eden space 31744K, 100% used [0x91ac0000,0x939c0000,0x939c0000)
  from space 2560K, 99% used [0x939c0000,0x93c3ee98,0x93c40000)
  to   space 8448K, 0% used [0x96100000,0x96100000,0x96940000)
 ParOldGen       total 42496K, used 8686K [0x67000000, 0x69980000, 0x91ac0000)
  object space 42496K, 20% used [0x67000000,0x6787baf0,0x69980000)
 Metaspace       used 3873K, capacity 3910K, committed 3992K, reserved 4400K
Event: 2.445 GC heap after
Heap after GC invocations=6 (full 0):
 PSYoungGen      total 70144K, used 8273K [0x91ac0000, 0x96cc0000, 0xa7000000)
  eden space 61696K, 0% used [0x91ac0000,0x91ac0000,0x95700000)
  from space 8448K, 97% used [0x96100000,0x96914478,0x96940000)
  to   space 10240K, 0% used [0x95700000,0x95700000,0x96100000)
 ParOldGen       total 42496K, used 8690K [0x67000000, 0x69980000, 0x91ac0000)
  object space 42496K, 20% used [0x67000000,0x6787caf0,0x69980000)
 Metaspace       used 3873K, capacity 3910K, committed 3992K, reserved 4400K
}
Event: 2.744 GC heap before
{Heap before GC invocations=7 (full 0):
 PSYoungGen      total 70144K, used 69969K [0x91ac0000, 0x96cc0000, 0xa7000000)
  eden space 61696K, 100% used [0x91ac0000,0x95700000,0x95700000)
  from space 8448K, 97% used [0x96100000,0x96914478,0x96940000)
  to   space 10240K, 0% used [0x95700000,0x95700000,0x96100000)
 ParOldGen       total 42496K, used 8690K [0x67000000, 0x69980000, 0x91ac0000)
  object space 42496K, 20% used [0x67000000,0x6787caf0,0x69980000)
 Metaspace       used 3895K, capacity 3942K, committed 3992K, reserved 4400K

Deoptimization events (10 events):
Event: 1.618 Thread 0x63293000 Uncommon trap: reason=class_check action=maybe_recompile pc=0xa76d7e8c method=com.android.dx.ssa.NormalSsaInsn.accept(Lcom/android/dx/ssa/SsaInsn$Visitor;)V @ 9
Event: 1.618 Thread 0x63293000 Uncommon trap: reason=class_check action=maybe_recompile pc=0xa76d7e8c method=com.android.dx.ssa.NormalSsaInsn.accept(Lcom/android/dx/ssa/SsaInsn$Visitor;)V @ 9
Event: 1.754 Thread 0x63290000 Uncommon trap: reason=unreached action=reinterpret pc=0xa76d6f14 method=com.android.dx.rop.cst.Constant.compareTo(Lcom/android/dx/rop/cst/Constant;)I @ 12
Event: 1.756 Thread 0xb6507800 Uncommon trap: reason=bimorphic action=maybe_recompile pc=0xa76d4b34 method=java.util.HashMap.getNode(ILjava/lang/Object;)Ljava/util/HashMap$Node; @ 126
Event: 1.756 Thread 0xb6507800 Uncommon trap: reason=bimorphic action=maybe_recompile pc=0xa76d4b34 method=java.util.HashMap.getNode(ILjava/lang/Object;)Ljava/util/HashMap$Node; @ 126
Event: 1.757 Thread 0xb6507800 Uncommon trap: reason=bimorphic action=maybe_recompile pc=0xa76d4b34 method=java.util.HashMap.getNode(ILjava/lang/Object;)Ljava/util/HashMap$Node; @ 126
Event: 1.965 Thread 0x63294c00 Uncommon trap: reason=null_check action=make_not_entrant pc=0xa775c108 method=com.android.dx.ssa.SsaRenamer.getLocalForNewReg(I)Lcom/android/dx/rop/code/LocalItem; @ 19
Event: 2.106 Thread 0xb6507800 Uncommon trap: reason=null_check action=make_not_entrant pc=0xa7768120 method=com.android.dx.ssa.SsaRenamer.getLocalForNewReg(I)Lcom/android/dx/rop/code/LocalItem; @ 19
Event: 2.117 Thread 0x63296c00 Uncommon trap: reason=bimorphic action=maybe_recompile pc=0xa76d4b34 method=java.util.HashMap.getNode(ILjava/lang/Object;)Ljava/util/HashMap$Node; @ 126
Event: 2.117 Thread 0x63296c00 Uncommon trap: reason=bimorphic action=maybe_recompile pc=0xa76cf108 method=java.util.HashMap.getNode(ILjava/lang/Object;)Ljava/util/HashMap$Node; @ 126

Internal exceptions (10 events):
Event: 1.569 Thread 0xb6507800 Exception <a 'java/security/PrivilegedActionException'> (0x91af6968) thrown at [/HUDSON3/workspace/8-2-build-linux-i586/jdk8u31/2394/hotspot/src/share/vm/prims/jvm.cpp, line 1312]
Event: 1.579 Thread 0xb6507800 Exception <a 'java/security/PrivilegedActionException'> (0x91b01eb0) thrown at [/HUDSON3/workspace/8-2-build-linux-i586/jdk8u31/2394/hotspot/src/share/vm/prims/jvm.cpp, line 1312]
Event: 1.645 Thread 0xb6507800 Exception <a 'java/security/PrivilegedActionException'> (0x91e9c1e8) thrown at [/HUDSON3/workspace/8-2-build-linux-i586/jdk8u31/2394/hotspot/src/share/vm/prims/jvm.cpp, line 1312]
Event: 1.676 Thread 0xb6507800 Exception <a 'java/security/PrivilegedActionException'> (0x91fcc748) thrown at [/HUDSON3/workspace/8-2-build-linux-i586/jdk8u31/2394/hotspot/src/share/vm/prims/jvm.cpp, line 1312]
Event: 1.733 Thread 0x63290000 Exception <a 'java/security/PrivilegedActionException'> (0x924c7218) thrown at [/HUDSON3/workspace/8-2-build-linux-i586/jdk8u31/2394/hotspot/src/share/vm/prims/jvm.cpp, line 1312]
Event: 1.858 Thread 0x63290000 Exception <a 'java/security/PrivilegedActionException'> (0x91cfbe58) thrown at [/HUDSON3/workspace/8-2-build-linux-i586/jdk8u31/2394/hotspot/src/share/vm/prims/jvm.cpp, line 1312]
Event: 1.965 Thread 0x63294c00 Implicit null exception at 0xa775a7b7 to 0xa775c0f9
Event: 2.106 Thread 0xb6507800 Implicit null exception at 0xa77661ca to 0xa7768111
Event: 2.206 Thread 0xb6507800 Exception <a 'java/security/PrivilegedActionException'> (0x9237efa8) thrown at [/HUDSON3/workspace/8-2-build-linux-i586/jdk8u31/2394/hotspot/src/share/vm/prims/jvm.cpp, line 1312]
Event: 2.544 Thread 0xb6507800 Exception <a 'java/security/PrivilegedActionException'> (0x92e3f788) thrown at [/HUDSON3/workspace/8-2-build-linux-i586/jdk8u31/2394/hotspot/src/share/vm/prims/jvm.cpp, line 1312]

Events (10 events):
Event: 2.703 Thread 0x63296c00 DEOPT UNPACKING pc=0xa753c310 sp=0x631fe758 mode 0
Event: 2.718 Thread 0x63290000 DEOPT PACKING pc=0xa77e9bef sp=0x633a97d0
Event: 2.718 Thread 0x63290000 DEOPT UNPACKING pc=0xa753c310 sp=0x633a96ac mode 0
Event: 2.718 Thread 0x63290000 DEOPT PACKING pc=0xa77a61f0 sp=0x633a9920
Event: 2.718 Thread 0x63290000 DEOPT UNPACKING pc=0xa753c310 sp=0x633a97a4 mode 0
Event: 2.724 Thread 0x63296c00 DEOPT PACKING pc=0xa7835240 sp=0x631feab0
Event: 2.724 Thread 0x63296c00 DEOPT UNPACKING pc=0xa753c310 sp=0x631fe940 mode 0
Event: 2.737 Thread 0x63296c00 DEOPT PACKING pc=0xa77c2c14 sp=0x631fe910
Event: 2.737 Thread 0x63296c00 DEOPT UNPACKING pc=0xa753c310 sp=0x631fe7fc mode 0
Event: 2.744 Executing VM operation: ParallelGCFailedAllocation


Dynamic libraries:
08048000-08049000 r-xp 00000000 08:06 1556514    /usr/lib/jvm/java-8-oracle/bin/java
08049000-0804a000 rw-p 00000000 08:06 1556514    /usr/lib/jvm/java-8-oracle/bin/java
08254000-082e8000 rw-p 00000000 00:00 0          [heap]
62500000-625f8000 rw-p 00000000 00:00 0 
625f8000-62600000 ---p 00000000 00:00 0 
62700000-62752000 rw-p 00000000 00:00 0 
62752000-62800000 ---p 00000000 00:00 0 
62800000-62866000 rw-p 00000000 00:00 0 
62866000-62900000 ---p 00000000 00:00 0 
62a00000-62aff000 rw-p 00000000 00:00 0 
62aff000-62b00000 ---p 00000000 00:00 0 
62c00000-62d00000 rw-p 00000000 00:00 0 
62e00000-62efb000 rw-p 00000000 00:00 0 
62efb000-62f00000 ---p 00000000 00:00 0 
62f00000-63000000 rw-p 00000000 00:00 0 
63000000-63100000 rw-p 00000000 00:00 0 
6310d000-63110000 ---p 00000000 00:00 0 
63110000-6315e000 rw-p 00000000 00:00 0          [stack:12053]
6315e000-63161000 ---p 00000000 00:00 0 
63161000-631af000 rw-p 00000000 00:00 0          [stack:12052]
631af000-631b2000 ---p 00000000 00:00 0 
631b2000-63200000 rw-p 00000000 00:00 0          [stack:12051]
63200000-632e2000 rw-p 00000000 00:00 0 
632e2000-63300000 ---p 00000000 00:00 0 
63309000-6330c000 ---p 00000000 00:00 0 
6330c000-6335a000 rw-p 00000000 00:00 0          [stack:12050]
6335a000-6335d000 ---p 00000000 00:00 0 
6335d000-633ab000 rw-p 00000000 00:00 0          [stack:12049]
633ab000-633ac000 ---p 00000000 00:00 0 
633ac000-6342c000 rw-p 00000000 00:00 0          [stack:12048]
6342c000-6342f000 ---p 00000000 00:00 0 
6342f000-6347d000 rw-p 00000000 00:00 0          [stack:12047]
6347d000-63480000 ---p 00000000 00:00 0 
63480000-634fe000 rw-p 00000000 00:00 0          [stack:12046]
634fe000-63501000 ---p 00000000 00:00 0 
63501000-6357f000 rw-p 00000000 00:00 0          [stack:12045]
6357f000-63582000 ---p 00000000 00:00 0 
63582000-63600000 rw-p 00000000 00:00 0          [stack:12044]
63600000-63800000 r--p 00000000 08:06 1093651    /usr/lib/locale/locale-archive
63800000-63821000 rw-p 00000000 00:00 0 
63821000-63900000 ---p 00000000 00:00 0 
63900000-639ff000 rw-p 00000000 00:00 0 
639ff000-63a00000 ---p 00000000 00:00 0 
63a0d000-63a10000 ---p 00000000 00:00 0 
63a10000-63a5e000 rw-p 00000000 00:00 0          [stack:12043]
63a5e000-63a61000 ---p 00000000 00:00 0 
63a61000-63aaf000 rw-p 00000000 00:00 0          [stack:12042]
63aaf000-63ab2000 ---p 00000000 00:00 0 
63ab2000-63b00000 rw-p 00000000 00:00 0          [stack:12041]
63b00000-63bfb000 rw-p 00000000 00:00 0 
63bfb000-63c00000 ---p 00000000 00:00 0 
63c0e000-63c0f000 ---p 00000000 00:00 0 
63c0f000-63cde000 rw-p 00000000 00:00 0          [stack:12040]
63cde000-63eb4000 r--s 03cae000 08:06 1516955    /usr/lib/jvm/java-8-oracle/jre/lib/rt.jar
63eb4000-6429a000 rw-p 00000000 00:00 0 
6429a000-64300000 ---p 00000000 00:00 0 
64300000-66700000 rw-p 00000000 00:00 0 
66700000-667fc000 rw-p 00000000 00:00 0 
667fc000-66800000 ---p 00000000 00:00 0 
66824000-6687f000 rw-p 00000000 00:00 0 
6687f000-66880000 ---p 00000000 00:00 0 
66880000-66900000 rw-p 00000000 00:00 0          [stack:12039]
66900000-66921000 rw-p 00000000 00:00 0 
66921000-66a00000 ---p 00000000 00:00 0 
66a00000-66afe000 rw-p 00000000 00:00 0 
66afe000-66b00000 ---p 00000000 00:00 0 
66b00000-66b21000 rw-p 00000000 00:00 0 
66b21000-66c00000 ---p 00000000 00:00 0 
66c28000-66c29000 ---p 00000000 00:00 0 
66c29000-66cbe000 rw-p 00000000 00:00 0          [stack:12038]
66cbe000-66dff000 ---p 00000000 00:00 0 
66dff000-66e14000 rw-p 00000000 00:00 0 
66e14000-66f54000 ---p 00000000 00:00 0 
66f54000-66f7e000 rw-p 00000000 00:00 0 
66f7e000-66fff000 ---p 00000000 00:00 0 
66fff000-69980000 rw-p 00000000 00:00 0 
69980000-91ac0000 ---p 00000000 00:00 0 
91ac0000-96cc0000 rw-p 00000000 00:00 0 
9aefd000-9b140000 rw-p 00000000 00:00 0 
9b140000-a7000000 ---p 00000000 00:00 0 
a7007000-a703e000 r--s 002c0000 08:06 139320     /home/priya/matrix/Kurukshetra/app/build/intermediates/transforms/jarMerging/debug/jars/1/1f/combined.jar
a703e000-a703f000 ---p 00000000 00:00 0 
a703f000-a70bf000 rw-p 00000000 00:00 0          [stack:12037]
a70bf000-a70c0000 ---p 00000000 00:00 0 
a70c0000-a7150000 rw-p 00000000 00:00 0          [stack:12036]
a7150000-a7500000 ---p 00000000 00:00 0 
a7500000-a7900000 rwxp 00000000 00:00 0 
a7900000-b6500000 ---p 00000000 00:00 0 
b6500000-b65fa000 rw-p 00000000 00:00 0 
b65fa000-b6600000 ---p 00000000 00:00 0 
b660b000-b6623000 rw-p 00000000 00:00 0 
b6623000-b663c000 r-xp 00000000 08:06 1549768    /usr/lib/jvm/java-8-oracle/jre/lib/i386/libzip.so
b663c000-b663d000 rw-p 00018000 08:06 1549768    /usr/lib/jvm/java-8-oracle/jre/lib/i386/libzip.so
b663d000-b6648000 r-xp 00000000 08:06 1933402    /lib/i386-linux-gnu/libnss_files-2.19.so
b6648000-b6649000 r--p 0000a000 08:06 1933402    /lib/i386-linux-gnu/libnss_files-2.19.so
b6649000-b664a000 rw-p 0000b000 08:06 1933402    /lib/i386-linux-gnu/libnss_files-2.19.so
b664a000-b6654000 r-xp 00000000 08:06 1933406    /lib/i386-linux-gnu/libnss_nis-2.19.so
b6654000-b6655000 r--p 00009000 08:06 1933406    /lib/i386-linux-gnu/libnss_nis-2.19.so
b6655000-b6656000 rw-p 0000a000 08:06 1933406    /lib/i386-linux-gnu/libnss_nis-2.19.so
b6656000-b666b000 r-xp 00000000 08:06 1933415    /lib/i386-linux-gnu/libnsl-2.19.so
b666b000-b666c000 r--p 00015000 08:06 1933415    /lib/i386-linux-gnu/libnsl-2.19.so
b666c000-b666d000 rw-p 00016000 08:06 1933415    /lib/i386-linux-gnu/libnsl-2.19.so
b666d000-b666f000 rw-p 00000000 00:00 0 
b666f000-b6676000 r-xp 00000000 08:06 1933343    /lib/i386-linux-gnu/libnss_compat-2.19.so
b6676000-b6677000 r--p 00006000 08:06 1933343    /lib/i386-linux-gnu/libnss_compat-2.19.so
b6677000-b6678000 rw-p 00007000 08:06 1933343    /lib/i386-linux-gnu/libnss_compat-2.19.so
b667c000-b667e000 rw-p 00000000 00:00 0 
b667e000-b668d000 r--s 000df000 08:06 3122779    /home/priya/Android/Sdk/build-tools/23.0.2/lib/dx.jar
b668d000-b668e000 r--p 00850000 08:06 1093651    /usr/lib/locale/locale-archive
b668e000-b66b2000 r-xp 00000000 08:06 1549783    /usr/lib/jvm/java-8-oracle/jre/lib/i386/libjava.so
b66b2000-b66b3000 rw-p 00023000 08:06 1549783    /usr/lib/jvm/java-8-oracle/jre/lib/i386/libjava.so
b66b3000-b66ba000 r-xp 00000000 08:06 1933332    /lib/i386-linux-gnu/librt-2.19.so
b66ba000-b66bb000 r--p 00006000 08:06 1933332    /lib/i386-linux-gnu/librt-2.19.so
b66bb000-b66bc000 rw-p 00007000 08:06 1933332    /lib/i386-linux-gnu/librt-2.19.so
b66bc000-b66bf000 ---p 00000000 00:00 0 
b66bf000-b670d000 rw-p 00000000 00:00 0          [stack:12035]
b670d000-b6751000 r-xp 00000000 08:06 1933416    /lib/i386-linux-gnu/libm-2.19.so
b6751000-b6752000 r--p 00043000 08:06 1933416    /lib/i386-linux-gnu/libm-2.19.so
b6752000-b6753000 rw-p 00044000 08:06 1933416    /lib/i386-linux-gnu/libm-2.19.so
b6753000-b7090000 r-xp 00000000 08:06 1549788    /usr/lib/jvm/java-8-oracle/jre/lib/i386/server/libjvm.so
b7090000-b70fc000 rw-p 0093c000 08:06 1549788    /usr/lib/jvm/java-8-oracle/jre/lib/i386/server/libjvm.so
b70fc000-b7521000 rw-p 00000000 00:00 0 
b7521000-b76ca000 r-xp 00000000 08:06 1933403    /lib/i386-linux-gnu/libc-2.19.so
b76ca000-b76cc000 r--p 001a9000 08:06 1933403    /lib/i386-linux-gnu/libc-2.19.so
b76cc000-b76cd000 rw-p 001ab000 08:06 1933403    /lib/i386-linux-gnu/libc-2.19.so
b76cd000-b76d0000 rw-p 00000000 00:00 0 
b76d0000-b76d3000 r-xp 00000000 08:06 1933409    /lib/i386-linux-gnu/libdl-2.19.so
b76d3000-b76d4000 r--p 00002000 08:06 1933409    /lib/i386-linux-gnu/libdl-2.19.so
b76d4000-b76d5000 rw-p 00003000 08:06 1933409    /lib/i386-linux-gnu/libdl-2.19.so
b76d5000-b76e9000 r-xp 00000000 08:06 1550414    /usr/lib/jvm/java-8-oracle/lib/i386/jli/libjli.so
b76e9000-b76ea000 rw-p 00013000 08:06 1550414    /usr/lib/jvm/java-8-oracle/lib/i386/jli/libjli.so
b76ea000-b76eb000 rw-p 00000000 00:00 0 
b76eb000-b7703000 r-xp 00000000 08:06 1933405    /lib/i386-linux-gnu/libpthread-2.19.so
b7703000-b7704000 r--p 00018000 08:06 1933405    /lib/i386-linux-gnu/libpthread-2.19.so
b7704000-b7705000 rw-p 00019000 08:06 1933405    /lib/i386-linux-gnu/libpthread-2.19.so
b7705000-b7707000 rw-p 00000000 00:00 0 
b7707000-b770f000 rw-s 00000000 08:06 385852     /tmp/hsperfdata_priya/12030
b770f000-b7710000 rw-p 00000000 00:00 0 
b7710000-b7711000 ---p 00000000 00:00 0 
b7711000-b771c000 r-xp 00000000 08:06 1549739    /usr/lib/jvm/java-8-oracle/jre/lib/i386/libverify.so
b771c000-b771d000 rw-p 0000b000 08:06 1549739    /usr/lib/jvm/java-8-oracle/jre/lib/i386/libverify.so
b771d000-b771f000 rw-p 00000000 00:00 0 
b771f000-b7720000 r-xp 00000000 00:00 0          [vdso]
b7720000-b7740000 r-xp 00000000 08:06 1936058    /lib/i386-linux-gnu/ld-2.19.so
b7740000-b7741000 r--p 0001f000 08:06 1936058    /lib/i386-linux-gnu/ld-2.19.so
b7741000-b7742000 rw-p 00020000 08:06 1936058    /lib/i386-linux-gnu/ld-2.19.so
bfaf8000-bfaf9000 rwxp 00000000 00:00 0 
bfb2b000-bfb4c000 rw-p 00000000 00:00 0          [stack]

VM Arguments:
jvm_args: -Djava.awt.headless=true -Xmx1024M -Dfile.encoding=UTF-8 -Duser.country=IN -Duser.language=en -Duser.variant 
java_command: com.android.dx.command.Main --dex --num-threads=4 --multi-dex --main-dex-list /home/priya/matrix/Kurukshetra/app/build/intermediates/multi-dex/debug/maindexlist.txt --output /home/priya/matrix/Kurukshetra/app/build/intermediates/transforms/dex/debug/folders/1000/1f/main /home/priya/matrix/Kurukshetra/app/build/intermediates/transforms/jarMerging/debug/jars/1/1f/combined.jar
java_class_path (initial): /home/priya/Android/Sdk/build-tools/23.0.2/lib/dx.jar
Launcher Type: SUN_STANDARD

Environment Variables:
JAVA_HOME=/usr/lib/jvm/java-8-oracle
PATH=/usr/local/sbin:/usr/local/bin:/usr/sbin:/usr/bin:/sbin:/bin:/usr/games:/usr/local/games
LD_LIBRARY_PATH=matrix/android-studio/bin:
SHELL=/bin/bash
DISPLAY=:0

Signal Handlers:
SIGSEGV: [libjvm.so+0x894cb0], sa_mask[0]=11111111011111111101111111111110, sa_flags=SA_RESTART|SA_SIGINFO
SIGBUS: [libjvm.so+0x894cb0], sa_mask[0]=11111111011111111101111111111110, sa_flags=SA_RESTART|SA_SIGINFO
SIGFPE: [libjvm.so+0x71dd00], sa_mask[0]=11111111011111111101111111111110, sa_flags=SA_RESTART|SA_SIGINFO
SIGPIPE: [libjvm.so+0x71dd00], sa_mask[0]=11111111011111111101111111111110, sa_flags=SA_RESTART|SA_SIGINFO
SIGXFSZ: [libjvm.so+0x71dd00], sa_mask[0]=11111111011111111101111111111110, sa_flags=SA_RESTART|SA_SIGINFO
SIGILL: [libjvm.so+0x71dd00], sa_mask[0]=11111111011111111101111111111110, sa_flags=SA_RESTART|SA_SIGINFO
SIGUSR1: SIG_DFL, sa_mask[0]=00000000000000000000000000000000, sa_flags=none
SIGUSR2: [libjvm.so+0x71f4b0], sa_mask[0]=00100000000000000000000000000000, sa_flags=SA_RESTART|SA_SIGINFO
SIGHUP: [libjvm.so+0x7209b0], sa_mask[0]=11111111011111111101111111111110, sa_flags=SA_RESTART|SA_SIGINFO
SIGINT: [libjvm.so+0x7209b0], sa_mask[0]=11111111011111111101111111111110, sa_flags=SA_RESTART|SA_SIGINFO
SIGTERM: [libjvm.so+0x7209b0], sa_mask[0]=11111111011111111101111111111110, sa_flags=SA_RESTART|SA_SIGINFO
SIGQUIT: [libjvm.so+0x7209b0], sa_mask[0]=11111111011111111101111111111110, sa_flags=SA_RESTART|SA_SIGINFO


---------------  S Y S T E M  ---------------

OS:DISTRIB_ID=Ubuntu
DISTRIB_RELEASE=14.04
DISTRIB_CODENAME=trusty
DISTRIB_DESCRIPTION="Ubuntu 14.04.1 LTS"

uname:Linux 3.13.0-45-generic #74-Ubuntu SMP Tue Jan 13 19:37:48 UTC 2015 i686
libc:glibc 2.19 NPTL 2.19 
rlimit: STACK 8192k, CORE 0k, NPROC 31374, NOFILE 4096, AS infinity
load average:1.29 0.78 0.98

/proc/meminfo:
MemTotal:        4035208 kB
MemFree:          198360 kB
Buffers:            3432 kB
Cached:          1108564 kB
SwapCached:            0 kB
Active:          2658604 kB
Inactive:        1071068 kB
Active(anon):    2623368 kB
Inactive(anon):  1032472 kB
Active(file):      35236 kB
Inactive(file):    38596 kB
Unevictable:          80 kB
Mlocked:              80 kB
HighTotal:       3182980 kB
HighFree:          42580 kB
LowTotal:         852228 kB
LowFree:          155780 kB
SwapTotal:             0 kB
SwapFree:              0 kB
Dirty:                88 kB
Writeback:             0 kB
AnonPages:       2617904 kB
Mapped:           637544 kB
Shmem:           1038068 kB
Slab:              48144 kB
SReclaimable:      21780 kB
SUnreclaim:        26364 kB
KernelStack:        5288 kB
PageTables:        20100 kB
NFS_Unstable:          0 kB
Bounce:                0 kB
WritebackTmp:          0 kB
CommitLimit:     2017604 kB
Committed_AS:    9430824 kB
VmallocTotal:     122880 kB
VmallocUsed:       71068 kB
VmallocChunk:      26084 kB
HardwareCorrupted:     0 kB
AnonHugePages:   1394688 kB
HugePages_Total:       0
HugePages_Free:        0
HugePages_Rsvd:        0
HugePages_Surp:        0
Hugepagesize:       2048 kB
DirectMap4k:       32760 kB
DirectMap2M:      880640 kB


CPU:total 4 (2 cores per cpu, 2 threads per core) family 6 model 69 stepping 1, cmov, cx8, fxsr, mmx, sse, sse2, sse3, ssse3, sse4.1, sse4.2, popcnt, avx, avx2, aes, clmul, erms, lzcnt, ht, tsc, tscinvbit, bmi1, bmi2

/proc/cpuinfo:
processor	: 0
vendor_id	: GenuineIntel
cpu family	: 6
model		: 69
model name	: Intel(R) Core(TM) i5-4210U CPU @ 1.70GHz
stepping	: 1
microcode	: 0x17
cpu MHz		: 1700.000
cache size	: 3072 KB
physical id	: 0
siblings	: 4
core id		: 0
cpu cores	: 2
apicid		: 0
initial apicid	: 0
fdiv_bug	: no
f00f_bug	: no
coma_bug	: no
fpu		: yes
fpu_exception	: yes
cpuid level	: 13
wp		: yes
flags		: fpu vme de pse tsc msr pae mce cx8 apic sep mtrr pge mca cmov pat pse36 clflush dts acpi mmx fxsr sse sse2 ss ht tm pbe nx pdpe1gb rdtscp lm constant_tsc arch_perfmon pebs bts xtopology nonstop_tsc aperfmperf eagerfpu pni pclmulqdq dtes64 monitor ds_cpl vmx est tm2 ssse3 fma cx16 xtpr pdcm pcid sse4_1 sse4_2 movbe popcnt tsc_deadline_timer aes xsave avx f16c rdrand lahf_lm abm ida arat epb xsaveopt pln pts dtherm tpr_shadow vnmi flexpriority ept vpid fsgsbase tsc_adjust bmi1 avx2 smep bmi2 erms invpcid
bogomips	: 3392.19
clflush size	: 64
cache_alignment	: 64
address sizes	: 39 bits physical, 48 bits virtual
power management:

processor	: 1
vendor_id	: GenuineIntel
cpu family	: 6
model		: 69
model name	: Intel(R) Core(TM) i5-4210U CPU @ 1.70GHz
stepping	: 1
microcode	: 0x17
cpu MHz		: 1700.000
cache size	: 3072 KB
physical id	: 0
siblings	: 4
core id		: 1
cpu cores	: 2
apicid		: 2
initial apicid	: 2
fdiv_bug	: no
f00f_bug	: no
coma_bug	: no
fpu		: yes
fpu_exception	: yes
cpuid level	: 13
wp		: yes
flags		: fpu vme de pse tsc msr pae mce cx8 apic sep mtrr pge mca cmov pat pse36 clflush dts acpi mmx fxsr sse sse2 ss ht tm pbe nx pdpe1gb rdtscp lm constant_tsc arch_perfmon pebs bts xtopology nonstop_tsc aperfmperf eagerfpu pni pclmulqdq dtes64 monitor ds_cpl vmx est tm2 ssse3 fma cx16 xtpr pdcm pcid sse4_1 sse4_2 movbe popcnt tsc_deadline_timer aes xsave avx f16c rdrand lahf_lm abm ida arat epb xsaveopt pln pts dtherm tpr_shadow vnmi flexpriority ept vpid fsgsbase tsc_adjust bmi1 avx2 smep bmi2 erms invpcid
bogomips	: 3392.19
clflush size	: 64
cache_alignment	: 64
address sizes	: 39 bits physical, 48 bits virtual
power management:

processor	: 2
vendor_id	: GenuineIntel
cpu family	: 6
model		: 69
model name	: Intel(R) Core(TM) i5-4210U CPU @ 1.70GHz
stepping	: 1
microcode	: 0x17
cpu MHz		: 782.000
cache size	: 3072 KB
physical id	: 0
siblings	: 4
core id		: 0
cpu cores	: 2
apicid		: 1
initial apicid	: 1
fdiv_bug	: no
f00f_bug	: no
coma_bug	: no
fpu		: yes
fpu_exception	: yes
cpuid level	: 13
wp		: yes
flags		: fpu vme de pse tsc msr pae mce cx8 apic sep mtrr pge mca cmov pat pse36 clflush dts acpi mmx fxsr sse sse2 ss ht tm pbe nx pdpe1gb rdtscp lm constant_tsc arch_perfmon pebs bts xtopology nonstop_tsc aperfmperf eagerfpu pni pclmulqdq dtes64 monitor ds_cpl vmx est tm2 ssse3 fma cx16 xtpr pdcm pcid sse4_1 sse4_2 movbe popcnt tsc_deadline_timer aes xsave avx f16c rdrand lahf_lm abm ida arat epb xsaveopt pln pts dtherm tpr_shadow vnmi flexpriority ept vpid fsgsbase tsc_adjust bmi1 avx2 smep bmi2 erms invpcid
bogomips	: 3392.19
clflush size	: 64
cache_alignment	: 64
address sizes	: 39 bits physical, 48 bits virtual
power management:

processor	: 3
vendor_id	: GenuineIntel
cpu family	: 6
model		: 69
model name	: Intel(R) Core(TM) i5-4210U CPU @ 1.70GHz
stepping	: 1
microcode	: 0x17
cpu MHz		: 782.000
cache size	: 3072 KB
physical id	: 0
siblings	: 4
core id		: 1
cpu cores	: 2
apicid		: 3
initial apicid	: 3
fdiv_bug	: no
f00f_bug	: no
coma_bug	: no
fpu		: yes
fpu_exception	: yes
cpuid level	: 13
wp		: yes
flags		: fpu vme de pse tsc msr pae mce cx8 apic sep mtrr pge mca cmov pat pse36 clflush dts acpi mmx fxsr sse sse2 ss ht tm pbe nx pdpe1gb rdtscp lm constant_tsc arch_perfmon pebs bts xtopology nonstop_tsc aperfmperf eagerfpu pni pclmulqdq dtes64 monitor ds_cpl vmx est tm2 ssse3 fma cx16 xtpr pdcm pcid sse4_1 sse4_2 movbe popcnt tsc_deadline_timer aes xsave avx f16c rdrand lahf_lm abm ida arat epb xsaveopt pln pts dtherm tpr_shadow vnmi flexpriority ept vpid fsgsbase tsc_adjust bmi1 avx2 smep bmi2 erms invpcid
bogomips	: 3392.19
clflush size	: 64
cache_alignment	: 64
address sizes	: 39 bits physical, 48 bits virtual
power management:



Memory: 4k page, physical 4035208k(198360k free), swap 0k(0k free)

vm_info: Java HotSpot(TM) Server VM (25.31-b07) for linux-x86 JRE (1.8.0_31-b13), built on Dec 17 2014 20:50:14 by "java_re" with gcc 4.3.0 20080428 (Red Hat 4.3.0-8)

time: Fri Dec 18 06:54:32 2015
elapsed time: 2 seconds (0d 0h 0m 2s)

