#
# There is insufficient memory for the Java Runtime Environment to continue.
# Native memory allocation (mmap) failed to map 83361792 bytes for committing reserved memory.
# Possible reasons:
#   The system is out of physical RAM or swap space
#   In 32 bit mode, the process size limit was hit
# Possible solutions:
#   Reduce memory load on the system
#   Increase physical memory or swap space
#   Check if swap backing store is full
#   Use 64 bit Java on a 64 bit OS
#   Decrease Java heap size (-Xmx/-Xms)
#   Decrease number of Java threads
#   Decrease Java thread stack sizes (-Xss)
#   Set larger code cache with -XX:ReservedCodeCacheSize=
# This output file may be truncated or incomplete.
#
#  Out of Memory Error (os_linux.cpp:2671), pid=32089, tid=1674435392
#
# JRE version: Java(TM) SE Runtime Environment (8.0_31-b13) (build 1.8.0_31-b13)
# Java VM: Java HotSpot(TM) Server VM (25.31-b07 mixed mode linux-x86 )
# Failed to write core dump. Core dumps have been disabled. To enable core dumping, try "ulimit -c unlimited" before starting Java again
#

---------------  T H R E A D  ---------------

Current thread (0x63b81000):  VMThread [stack: 0x63c5d000,0x63cde000] [id=32098]

Stack: [0x63c5d000,0x63cde000],  sp=0x63cdc810,  free space=510k
Native frames: (J=compiled Java code, j=interpreted, Vv=VM code, C=native code)
V  [libjvm.so+0x8941c9]  VMError::report_and_die()+0x179
V  [libjvm.so+0x375385]  report_vm_out_of_memory(char const*, int, unsigned int, VMErrorType, char const*)+0x55
V  [libjvm.so+0x720f66]  os::Linux::commit_memory_impl(char*, unsigned int, bool)+0xe6
V  [libjvm.so+0x721388]  os::pd_commit_memory(char*, unsigned int, unsigned int, bool)+0x28
V  [libjvm.so+0x71ad5c]  os::commit_memory(char*, unsigned int, unsigned int, bool)+0x2c
V  [libjvm.so+0x782e98]  PSVirtualSpace::expand_by(unsigned int)+0x48
V  [libjvm.so+0x7762d1]  PSOldGen::expand(unsigned int)+0x141
V  [libjvm.so+0x77639f]  PSOldGen::resize(unsigned int)+0x8f
V  [libjvm.so+0x77cde4]  PSParallelCompact::invoke_no_policy(bool)+0x8a4
V  [libjvm.so+0x7814fd]  PSScavenge::invoke()+0x16d
V  [libjvm.so+0x7418ba]  ParallelScavengeHeap::failed_mem_allocate(unsigned int)+0x5a
V  [libjvm.so+0x89591a]  VM_ParallelGCFailedAllocation::doit()+0x7a
V  [libjvm.so+0x89ea77]  VM_Operation::evaluate()+0x47
V  [libjvm.so+0x89cb43]  VMThread::evaluate_operation(VM_Operation*)+0xb3
V  [libjvm.so+0x89cee0]  VMThread::loop()+0x1b0
V  [libjvm.so+0x89d345]  VMThread::run()+0x85
V  [libjvm.so+0x723929]  java_start(Thread*)+0x119
C  [libpthread.so.0+0x6f70]  start_thread+0xd0

VM_Operation (0x630fe4f4): ParallelGCFailedAllocation, mode: safepoint, requested by thread 0x63312800


---------------  P R O C E S S  ---------------

Java Threads: ( => current thread )
  0x6336c000 JavaThread "pool-2-thread-4" [_thread_blocked, id=32111, stack(0x6300d000,0x6305e000)]
  0x63377c00 JavaThread "pool-2-thread-3" [_thread_blocked, id=32110, stack(0x62f69000,0x62fba000)]
  0x6336ac00 JavaThread "pool-2-thread-2" [_thread_blocked, id=32109, stack(0x62fba000,0x6300b000)]
  0x6334d000 JavaThread "pool-3-thread-1" [_thread_blocked, id=32108, stack(0x6305e000,0x630af000)]
  0x63312800 JavaThread "pool-2-thread-1" [_thread_blocked, id=32107, stack(0x630af000,0x63100000)]
  0x63baa800 JavaThread "Service Thread" daemon [_thread_blocked, id=32105, stack(0x634db000,0x6352c000)]
  0x63ba7400 JavaThread "C1 CompilerThread2" daemon [_thread_blocked, id=32104, stack(0x6352c000,0x635ad000)]
  0x63ba5c00 JavaThread "C2 CompilerThread1" daemon [_thread_blocked, id=32103, stack(0x635ad000,0x6362e000)]
  0x63ba4000 JavaThread "C2 CompilerThread0" daemon [_thread_blocked, id=32102, stack(0x6362e000,0x636af000)]
  0x63ba2400 JavaThread "Signal Dispatcher" daemon [_thread_blocked, id=32101, stack(0x636af000,0x63700000)]
  0x63b85800 JavaThread "Finalizer" daemon [_thread_blocked, id=32100, stack(0x63c0c000,0x63c5d000)]
  0x63b84000 JavaThread "Reference Handler" daemon [_thread_blocked, id=32099, stack(0x6682e000,0x6687f000)]
  0xb6607800 JavaThread "main" [_thread_blocked, id=32093, stack(0xb6753000,0xb67a4000)]

Other Threads:
=>0x63b81000 VMThread [stack: 0x63c5d000,0x63cde000] [id=32098]
  0x63bac000 WatcherThread [stack: 0x6345a000,0x634db000] [id=32106]

VM state:at safepoint (normal execution)

VM Mutex/Monitor currently owned by a thread:  ([mutex/lock_event])
[0xb66049d0] ExpandHeap_lock - owner thread: 0x63b81000
[0xb6604f18] Threads_lock - owner thread: 0x63b81000
[0xb6605328] Heap_lock - owner thread: 0x63312800

Heap:
 PSYoungGen      total 260864K, used 37932K [0x91ac0000, 0xa7000000, 0xa7000000)
  eden space 205056K, 0% used [0x91ac0000,0x91ac0000,0x9e300000)
  from space 55808K, 67% used [0xa3980000,0xa5e8b2c8,0xa7000000)
  to   space 72192K, 0% used [0x9e300000,0x9e300000,0xa2980000)
 ParOldGen       total 138240K, used 138013K [0x67000000, 0x6f700000, 0x91ac0000)
  object space 138240K, 99% used [0x67000000,0x6f6c7560,0x6f700000)
 Metaspace       used 4225K, capacity 4262K, committed 4376K, reserved 4400K

Card table byte_map: [0x66dff000,0x67000000] byte_map_base: 0x66ac7000

Marking Bits: (ParMarkBitMap*) 0xb71a3580
 Begin Bits: [0x64700000, 0x65700000)
 End Bits:   [0x65700000, 0x66700000)

Polling page: 0xb77a7000

CodeCache: size=245760Kb used=8244Kb max_used=8244Kb free=237515Kb
 bounds [0xa75b4000, 0xa7dcc000, 0xb65b4000]
 total_blobs=2551 nmethods=2392 adapters=74
 compilation: enabled

Compilation events (10 events):
Event: 6.713 Thread 0x63ba7400 2588       3       java.util.TreeMap$EntrySet::iterator (19 bytes)
Event: 6.714 Thread 0x63ba7400 nmethod 2588 0xa7db8008 code [0xa7db8160, 0xa7db8520]
Event: 6.730 Thread 0x63ba7400 2590       2       com.android.dx.cf.code.Ropper$CatchInfo::<init> (6 bytes)
Event: 6.731 Thread 0x63ba7400 nmethod 2590 0xa7dab688 code [0xa7dab7a0, 0xa7dab8e0]
Event: 6.731 Thread 0x63ba7400 2591       2       com.android.dx.cf.code.Ropper$CatchInfo::<init> (21 bytes)
Event: 6.731 Thread 0x63ba7400 nmethod 2591 0xa7dab388 code [0xa7dab4a0, 0xa7dab5e0]
Event: 6.773 Thread 0x63ba7400 2593       2       sun.reflect.generics.repository.ClassRepository::getSuperInterfaces (78 bytes)
Event: 6.774 Thread 0x63ba7400 nmethod 2593 0xa7daac08 code [0xa7daad60, 0xa7dab0d8]
Event: 6.774 Thread 0x63ba7400 2592       2       java.lang.Class::getGenericInfo (52 bytes)
Event: 6.775 Thread 0x63ba7400 nmethod 2592 0xa7daa448 code [0xa7daa5a0, 0xa7daa8a4]

GC Heap History (10 events):
Event: 4.027 GC heap after
Heap after GC invocations=12 (full 1):
 PSYoungGen      total 220672K, used 24598K [0x91ac0000, 0xa4a80000, 0xa7000000)
  eden space 189184K, 0% used [0x91ac0000,0x91ac0000,0x9d380000)
  from space 31488K, 78% used [0x9d380000,0x9eb85a50,0x9f240000)
  to   space 34304K, 0% used [0xa2900000,0xa2900000,0xa4a80000)
 ParOldGen       total 79360K, used 62037K [0x67000000, 0x6bd80000, 0x91ac0000)
  object space 79360K, 78% used [0x67000000,0x6ac95450,0x6bd80000)
 Metaspace       used 4197K, capacity 4230K, committed 4248K, reserved 4400K
}
Event: 4.027 GC heap before
{Heap before GC invocations=13 (full 2):
 PSYoungGen      total 220672K, used 24598K [0x91ac0000, 0xa4a80000, 0xa7000000)
  eden space 189184K, 0% used [0x91ac0000,0x91ac0000,0x9d380000)
  from space 31488K, 78% used [0x9d380000,0x9eb85a50,0x9f240000)
  to   space 34304K, 0% used [0xa2900000,0xa2900000,0xa4a80000)
 ParOldGen       total 79360K, used 62037K [0x67000000, 0x6bd80000, 0x91ac0000)
  object space 79360K, 78% used [0x67000000,0x6ac95450,0x6bd80000)
 Metaspace       used 4197K, capacity 4230K, committed 4248K, reserved 4400K
Event: 4.428 GC heap after
Heap after GC invocations=13 (full 2):
 PSYoungGen      total 220672K, used 5498K [0x91ac0000, 0xa4a80000, 0xa7000000)
  eden space 189184K, 0% used [0x91ac0000,0x91ac0000,0x9d380000)
  from space 31488K, 17% used [0x9d380000,0x9d8de880,0x9f240000)
  to   space 34304K, 0% used [0xa2900000,0xa2900000,0xa4a80000)
 ParOldGen       total 138240K, used 79186K [0x67000000, 0x6f700000, 0x91ac0000)
  object space 138240K, 57% used [0x67000000,0x6bd549c8,0x6f700000)
 Metaspace       used 4197K, capacity 4230K, committed 4248K, reserved 4400K
}
Event: 5.120 GC heap before
{Heap before GC invocations=14 (full 2):
 PSYoungGen      total 220672K, used 194682K [0x91ac0000, 0xa4a80000, 0xa7000000)
  eden space 189184K, 100% used [0x91ac0000,0x9d380000,0x9d380000)
  from space 31488K, 17% used [0x9d380000,0x9d8de880,0x9f240000)
  to   space 34304K, 0% used [0xa2900000,0xa2900000,0xa4a80000)
 ParOldGen       total 138240K, used 79186K [0x67000000, 0x6f700000, 0x91ac0000)
  object space 138240K, 57% used [0x67000000,0x6bd549c8,0x6f700000)
 Metaspace       used 4207K, capacity 4262K, committed 4376K, reserved 4400K
Event: 5.190 GC heap after
Heap after GC invocations=14 (full 2):
 PSYoungGen      total 252928K, used 33322K [0x91ac0000, 0xa49c0000, 0xa7000000)
  eden space 219392K, 0% used [0x91ac0000,0x91ac0000,0x9f100000)
  from space 33536K, 99% used [0xa2900000,0xa498ab18,0xa49c0000)
  to   space 39680K, 0% used [0x9fc40000,0x9fc40000,0xa2300000)
 ParOldGen       total 138240K, used 79186K [0x67000000, 0x6f700000, 0x91ac0000)
  object space 138240K, 57% used [0x67000000,0x6bd549c8,0x6f700000)
 Metaspace       used 4207K, capacity 4262K, committed 4376K, reserved 4400K
}
Event: 5.957 GC heap before
{Heap before GC invocations=15 (full 2):
 PSYoungGen      total 252928K, used 252714K [0x91ac0000, 0xa49c0000, 0xa7000000)
  eden space 219392K, 100% used [0x91ac0000,0x9f100000,0x9f100000)
  from space 33536K, 99% used [0xa2900000,0xa498ab18,0xa49c0000)
  to   space 39680K, 0% used [0x9fc40000,0x9fc40000,0xa2300000)
 ParOldGen       total 138240K, used 79186K [0x67000000, 0x6f700000, 0x91ac0000)
  object space 138240K, 57% used [0x67000000,0x6bd549c8,0x6f700000)
 Metaspace       used 4215K, capacity 4262K, committed 4376K, reserved 4400K
Event: 6.073 GC heap after
Heap after GC invocations=15 (full 2):
 PSYoungGen      total 270592K, used 39667K [0x91ac0000, 0xa7000000, 0xa7000000)
  eden space 230912K, 0% used [0x91ac0000,0x91ac0000,0x9fc40000)
  from space 39680K, 99% used [0x9fc40000,0xa22fcc68,0xa2300000)
  to   space 55808K, 0% used [0xa3980000,0xa3980000,0xa7000000)
 ParOldGen       total 138240K, used 104085K [0x67000000, 0x6f700000, 0x91ac0000)
  object space 138240K, 75% used [0x67000000,0x6d5a55a0,0x6f700000)
 Metaspace       used 4215K, capacity 4262K, committed 4376K, reserved 4400K
}
Event: 6.784 GC heap before
{Heap before GC invocations=16 (full 2):
 PSYoungGen      total 270592K, used 270579K [0x91ac0000, 0xa7000000, 0xa7000000)
  eden space 230912K, 100% used [0x91ac0000,0x9fc40000,0x9fc40000)
  from space 39680K, 99% used [0x9fc40000,0xa22fcc68,0xa2300000)
  to   space 55808K, 0% used [0xa3980000,0xa3980000,0xa7000000)
 ParOldGen       total 138240K, used 104085K [0x67000000, 0x6f700000, 0x91ac0000)
  object space 138240K, 75% used [0x67000000,0x6d5a55a0,0x6f700000)
 Metaspace       used 4225K, capacity 4262K, committed 4376K, reserved 4400K
Event: 7.232 GC heap after
Heap after GC invocations=16 (full 2):
 PSYoungGen      total 260864K, used 55802K [0x91ac0000, 0xa7000000, 0xa7000000)
  eden space 205056K, 0% used [0x91ac0000,0x91ac0000,0x9e300000)
  from space 55808K, 99% used [0xa3980000,0xa6ffeb28,0xa7000000)
  to   space 72192K, 0% used [0x9e300000,0x9e300000,0xa2980000)
 ParOldGen       total 138240K, used 122124K [0x67000000, 0x6f700000, 0x91ac0000)
  object space 138240K, 88% used [0x67000000,0x6e7430d8,0x6f700000)
 Metaspace       used 4225K, capacity 4262K, committed 4376K, reserved 4400K
}
Event: 7.232 GC heap before
{Heap before GC invocations=17 (full 3):
 PSYoungGen      total 260864K, used 55802K [0x91ac0000, 0xa7000000, 0xa7000000)
  eden space 205056K, 0% used [0x91ac0000,0x91ac0000,0x9e300000)
  from space 55808K, 99% used [0xa3980000,0xa6ffeb28,0xa7000000)
  to   space 72192K, 0% used [0x9e300000,0x9e300000,0xa2980000)
 ParOldGen       total 138240K, used 122124K [0x67000000, 0x6f700000, 0x91ac0000)
  object space 138240K, 88% used [0x67000000,0x6e7430d8,0x6f700000)
 Metaspace       used 4225K, capacity 4262K, committed 4376K, reserved 4400K

Deoptimization events (10 events):
Event: 3.638 Thread 0x6336ac00 Uncommon trap: reason=bimorphic action=maybe_recompile pc=0xa7c4272c method=com.android.dx.rop.code.RegisterSpec.withSimpleType()Lcom/android/dx/rop/code/RegisterSpec; @ 21
Event: 3.657 Thread 0x6336c000 Uncommon trap: reason=unreached action=reinterpret pc=0xa7c427cc method=com.android.dx.rop.code.RegisterSpec.intersect(Lcom/android/dx/rop/code/RegisterSpec;Z)Lcom/android/dx/rop/code/RegisterSpec; @ 59
Event: 3.658 Thread 0x6336c000 Uncommon trap: reason=unreached action=reinterpret pc=0xa7c03ce8 method=com.android.dx.rop.code.RegisterSpec.intersect(Lcom/android/dx/rop/code/RegisterSpec;Z)Lcom/android/dx/rop/code/RegisterSpec; @ 59
Event: 3.954 Thread 0x63377c00 Uncommon trap: reason=bimorphic action=maybe_recompile pc=0xa797a5c4 method=com.android.dx.ssa.SCCP.setLatticeValueTo(IILcom/android/dx/rop/cst/Constant;)Z @ 43
Event: 3.956 Thread 0x63377c00 Uncommon trap: reason=bimorphic action=maybe_recompile pc=0xa797a5c4 method=com.android.dx.ssa.SCCP.setLatticeValueTo(IILcom/android/dx/rop/cst/Constant;)Z @ 43
Event: 4.449 Thread 0x6336ac00 Uncommon trap: reason=unreached action=reinterpret pc=0xa7cc1f08 method=com.android.dx.cf.code.BaseMachine.getLocalTarget(Z)Lcom/android/dx/rop/code/RegisterSpec; @ 131
Event: 4.752 Thread 0x6336c000 Uncommon trap: reason=bimorphic action=maybe_recompile pc=0xa7c5d144 method=com.android.dx.cf.code.BytecodeArray.parseInstruction(ILcom/android/dx/cf/code/BytecodeArray$Visitor;)I @ 1357
Event: 4.753 Thread 0x6336c000 Uncommon trap: reason=bimorphic action=maybe_recompile pc=0xa7c5d144 method=com.android.dx.cf.code.BytecodeArray.parseInstruction(ILcom/android/dx/cf/code/BytecodeArray$Visitor;)I @ 1357
Event: 6.508 Thread 0x6336ac00 Uncommon trap: reason=bimorphic action=maybe_recompile pc=0xa7d36d80 method=com.android.dx.cf.code.BytecodeArray.parseInstruction(ILcom/android/dx/cf/code/BytecodeArray$Visitor;)I @ 1477
Event: 6.508 Thread 0x6336ac00 Uncommon trap: reason=bimorphic action=maybe_recompile pc=0xa7d36d80 method=com.android.dx.cf.code.BytecodeArray.parseInstruction(ILcom/android/dx/cf/code/BytecodeArray$Visitor;)I @ 1477

Internal exceptions (10 events):
Event: 0.857 Thread 0x63377c00 Implicit null exception at 0xa78121ca to 0xa78140f9
Event: 0.912 Thread 0x6336ac00 Exception <a 'java/security/PrivilegedActionException'> (0x9283bee0) thrown at [/HUDSON3/workspace/8-2-build-linux-i586/jdk8u31/2394/hotspot/src/share/vm/prims/jvm.cpp, line 1312]
Event: 1.024 Thread 0xb6607800 Exception <a 'java/security/PrivilegedActionException'> (0x93901c50) thrown at [/HUDSON3/workspace/8-2-build-linux-i586/jdk8u31/2394/hotspot/src/share/vm/prims/jvm.cpp, line 1312]
Event: 1.362 Thread 0xb6607800 Exception <a 'java/security/PrivilegedActionException'> (0x92de4f00) thrown at [/HUDSON3/workspace/8-2-build-linux-i586/jdk8u31/2394/hotspot/src/share/vm/prims/jvm.cpp, line 1312]
Event: 1.736 Thread 0x63312800 Exception <a 'java/security/PrivilegedActionException'> (0x9385ce58) thrown at [/HUDSON3/workspace/8-2-build-linux-i586/jdk8u31/2394/hotspot/src/share/vm/prims/jvm.cpp, line 1312]
Event: 1.993 Thread 0x6336ac00 Exception <a 'java/lang/ArrayIndexOutOfBoundsException': 18> (0x92437e30) thrown at [/HUDSON3/workspace/8-2-build-linux-i586/jdk8u31/2394/hotspot/src/share/vm/interpreter/interpreterRuntime.cpp, line 366]
Event: 1.993 Thread 0x6336ac00 Exception <a 'java/lang/ArrayIndexOutOfBoundsException': 145> (0x924395f8) thrown at [/HUDSON3/workspace/8-2-build-linux-i586/jdk8u31/2394/hotspot/src/share/vm/interpreter/interpreterRuntime.cpp, line 366]
Event: 1.994 Thread 0x6336ac00 Exception <a 'java/lang/ArrayIndexOutOfBoundsException': 40> (0x9243a618) thrown at [/HUDSON3/workspace/8-2-build-linux-i586/jdk8u31/2394/hotspot/src/share/vm/interpreter/interpreterRuntime.cpp, line 366]
Event: 3.377 Thread 0xb6607800 Exception <a 'java/security/PrivilegedActionException'> (0x91bf29b8) thrown at [/HUDSON3/workspace/8-2-build-linux-i586/jdk8u31/2394/hotspot/src/share/vm/prims/jvm.cpp, line 1312]
Event: 3.467 Thread 0xb6607800 Exception <a 'java/security/PrivilegedActionException'> (0x94f90740) thrown at [/HUDSON3/workspace/8-2-build-linux-i586/jdk8u31/2394/hotspot/src/share/vm/prims/jvm.cpp, line 1312]

Events (10 events):
Event: 6.508 Thread 0x6336ac00 Uncommon trap: trap_request=0xffffffc6 fr.pc=0xa7d36d80
Event: 6.508 Thread 0x6336ac00 DEOPT PACKING pc=0xa7d36d80 sp=0x63009530
Event: 6.508 Thread 0x6336ac00 DEOPT UNPACKING pc=0xa75eebd5 sp=0x63009534 mode 2
Event: 6.542 Thread 0xb6607800 DEOPT PACKING pc=0xa7a8ae81 sp=0xb67a25a0
Event: 6.542 Thread 0xb6607800 DEOPT UNPACKING pc=0xa75f0310 sp=0xb67a2460 mode 0
Event: 6.582 Thread 0x63312800 DEOPT PACKING pc=0xa7b8722a sp=0x630fe550
Event: 6.582 Thread 0x63312800 DEOPT UNPACKING pc=0xa75f0310 sp=0x630fe3f0 mode 0
Event: 6.713 Thread 0x6336c000 DEOPT PACKING pc=0xa7b192b9 sp=0x6305c890
Event: 6.713 Thread 0x6336c000 DEOPT UNPACKING pc=0xa75f0310 sp=0x6305c710 mode 0
Event: 6.780 Executing VM operation: ParallelGCFailedAllocation


Dynamic libraries:
08048000-08049000 r-xp 00000000 08:06 1556514    /usr/lib/jvm/java-8-oracle/bin/java
08049000-0804a000 rw-p 00000000 08:06 1556514    /usr/lib/jvm/java-8-oracle/bin/java
084e7000-085da000 rw-p 00000000 00:00 0          [heap]
60f00000-60ff9000 rw-p 00000000 00:00 0 
60ff9000-61000000 ---p 00000000 00:00 0 
61000000-61087000 rw-p 00000000 00:00 0 
61087000-61100000 ---p 00000000 00:00 0 
61100000-611c8000 rw-p 00000000 00:00 0 
611c8000-61200000 ---p 00000000 00:00 0 
61200000-61300000 rw-p 00000000 00:00 0 
61300000-613fc000 rw-p 00000000 00:00 0 
613fc000-61400000 ---p 00000000 00:00 0 
61400000-614ff000 rw-p 00000000 00:00 0 
614ff000-61500000 ---p 00000000 00:00 0 
61500000-615e7000 rw-p 00000000 00:00 0 
615e7000-61600000 ---p 00000000 00:00 0 
61600000-616fe000 rw-p 00000000 00:00 0 
616fe000-61700000 ---p 00000000 00:00 0 
61700000-617fd000 rw-p 00000000 00:00 0 
617fd000-61800000 ---p 00000000 00:00 0 
61800000-618fe000 rw-p 00000000 00:00 0 
618fe000-61900000 ---p 00000000 00:00 0 
61900000-619fa000 rw-p 00000000 00:00 0 
619fa000-61a00000 ---p 00000000 00:00 0 
61a00000-61b00000 rw-p 00000000 00:00 0 
61b00000-61bed000 rw-p 00000000 00:00 0 
61bed000-61c00000 ---p 00000000 00:00 0 
61c00000-61ce9000 rw-p 00000000 00:00 0 
61ce9000-61d00000 ---p 00000000 00:00 0 
61d00000-61d22000 rw-p 00000000 00:00 0 
61d22000-61e00000 ---p 00000000 00:00 0 
61e00000-61efa000 rw-p 00000000 00:00 0 
61efa000-61f00000 ---p 00000000 00:00 0 
62000000-620fe000 rw-p 00000000 00:00 0 
620fe000-62100000 ---p 00000000 00:00 0 
62200000-62300000 rw-p 00000000 00:00 0 
62400000-624fc000 rw-p 00000000 00:00 0 
624fc000-62500000 ---p 00000000 00:00 0 
62500000-62600000 rw-p 00000000 00:00 0 
62600000-626fc000 rw-p 00000000 00:00 0 
626fc000-62700000 ---p 00000000 00:00 0 
62800000-628ff000 rw-p 00000000 00:00 0 
628ff000-62900000 ---p 00000000 00:00 0 
62a00000-62aea000 rw-p 00000000 00:00 0 
62aea000-62b00000 ---p 00000000 00:00 0 
62b68000-62c00000 rw-p 00000000 00:00 0 
62c00000-62cf3000 rw-p 00000000 00:00 0 
62cf3000-62d00000 ---p 00000000 00:00 0 
62d00000-62df9000 rw-p 00000000 00:00 0 
62df9000-62e00000 ---p 00000000 00:00 0 
62e00000-62ef5000 rw-p 00000000 00:00 0 
62ef5000-62f00000 ---p 00000000 00:00 0 
62f69000-62f6c000 ---p 00000000 00:00 0 
62f6c000-62fba000 rw-p 00000000 00:00 0          [stack:32110]
62fba000-62fbd000 ---p 00000000 00:00 0 
62fbd000-6300b000 rw-p 00000000 00:00 0          [stack:32109]
6300d000-63010000 ---p 00000000 00:00 0 
63010000-6305e000 rw-p 00000000 00:00 0          [stack:32111]
6305e000-63061000 ---p 00000000 00:00 0 
63061000-630af000 rw-p 00000000 00:00 0          [stack:32108]
630af000-630b2000 ---p 00000000 00:00 0 
630b2000-63100000 rw-p 00000000 00:00 0          [stack:32107]
63100000-63200000 rw-p 00000000 00:00 0 
63200000-632fb000 rw-p 00000000 00:00 0 
632fb000-63300000 ---p 00000000 00:00 0 
63300000-63400000 rw-p 00000000 00:00 0 
63422000-6345a000 r--s 002ca000 08:06 140294     /home/priya/matrix/Kurukshetra/app/build/intermediates/transforms/jarMerging/debug/jars/1/1f/combined.jar
6345a000-6345b000 ---p 00000000 00:00 0 
6345b000-634db000 rw-p 00000000 00:00 0          [stack:32106]
634db000-634de000 ---p 00000000 00:00 0 
634de000-6352c000 rw-p 00000000 00:00 0          [stack:32105]
6352c000-6352f000 ---p 00000000 00:00 0 
6352f000-635ad000 rw-p 00000000 00:00 0          [stack:32104]
635ad000-635b0000 ---p 00000000 00:00 0 
635b0000-6362e000 rw-p 00000000 00:00 0          [stack:32103]
6362e000-63631000 ---p 00000000 00:00 0 
63631000-636af000 rw-p 00000000 00:00 0          [stack:32102]
636af000-636b2000 ---p 00000000 00:00 0 
636b2000-63700000 rw-p 00000000 00:00 0          [stack:32101]
63700000-63900000 r--p 00000000 08:06 1093651    /usr/lib/locale/locale-archive
63900000-639fd000 rw-p 00000000 00:00 0 
639fd000-63a00000 ---p 00000000 00:00 0 
63a00000-63a23000 rw-p 00000000 00:00 0 
63a23000-63b00000 ---p 00000000 00:00 0 
63b00000-63c00000 rw-p 00000000 00:00 0 
63c0c000-63c0f000 ---p 00000000 00:00 0 
63c0f000-63c5d000 rw-p 00000000 00:00 0          [stack:32100]
63c5d000-63c5e000 ---p 00000000 00:00 0 
63c5e000-63cde000 rw-p 00000000 00:00 0          [stack:32098]
63cde000-63eb4000 r--s 03cae000 08:06 1516955    /usr/lib/jvm/java-8-oracle/jre/lib/rt.jar
63eb4000-642fa000 rw-p 00000000 00:00 0 
642fa000-64300000 ---p 00000000 00:00 0 
64300000-66700000 rw-p 00000000 00:00 0 
66700000-667ff000 rw-p 00000000 00:00 0 
667ff000-66800000 ---p 00000000 00:00 0 
6682e000-66831000 ---p 00000000 00:00 0 
66831000-6687f000 rw-p 00000000 00:00 0          [stack:32099]
6687f000-66880000 ---p 00000000 00:00 0 
66880000-66900000 rw-p 00000000 00:00 0          [stack:32097]
66900000-66a00000 rw-p 00000000 00:00 0 
66a00000-66a21000 rw-p 00000000 00:00 0 
66a21000-66b00000 ---p 00000000 00:00 0 
66b30000-66b7f000 rw-p 00000000 00:00 0 
66b7f000-66b80000 ---p 00000000 00:00 0 
66b80000-66c00000 rw-p 00000000 00:00 0          [stack:32096]
66c00000-66c21000 rw-p 00000000 00:00 0 
66c21000-66d00000 ---p 00000000 00:00 0 
66d23000-66d7e000 rw-p 00000000 00:00 0 
66d7e000-66d7f000 ---p 00000000 00:00 0 
66d7f000-66e43000 rw-p 00000000 00:00 0          [stack:32095]
66e43000-66f54000 ---p 00000000 00:00 0 
66f54000-66fff000 rw-p 00000000 00:00 0 
66fff000-6f700000 rw-p 00000000 00:00 0 
7443d000-74680000 rw-p 00000000 00:00 0 
74680000-91ac0000 ---p 00000000 00:00 0 
91ac0000-a7000000 rw-p 00000000 00:00 0 
a7005000-a701d000 rw-p 00000000 00:00 0 
a701d000-a701e000 ---p 00000000 00:00 0 
a701e000-a70e2000 rw-p 00000000 00:00 0          [stack:32094]
a70e2000-a71f4000 ---p 00000000 00:00 0 
a71f4000-a7215000 rw-p 00000000 00:00 0 
a7215000-a75b4000 ---p 00000000 00:00 0 
a75b4000-a7dcc000 rwxp 00000000 00:00 0 
a7dcc000-b65b4000 ---p 00000000 00:00 0 
b65b4000-b65cd000 r-xp 00000000 08:06 1549768    /usr/lib/jvm/java-8-oracle/jre/lib/i386/libzip.so
b65cd000-b65ce000 rw-p 00018000 08:06 1549768    /usr/lib/jvm/java-8-oracle/jre/lib/i386/libzip.so
b65ce000-b65d9000 r-xp 00000000 08:06 1933402    /lib/i386-linux-gnu/libnss_files-2.19.so
b65d9000-b65da000 r--p 0000a000 08:06 1933402    /lib/i386-linux-gnu/libnss_files-2.19.so
b65da000-b65db000 rw-p 0000b000 08:06 1933402    /lib/i386-linux-gnu/libnss_files-2.19.so
b65db000-b65e5000 r-xp 00000000 08:06 1933406    /lib/i386-linux-gnu/libnss_nis-2.19.so
b65e5000-b65e6000 r--p 00009000 08:06 1933406    /lib/i386-linux-gnu/libnss_nis-2.19.so
b65e6000-b65e7000 rw-p 0000a000 08:06 1933406    /lib/i386-linux-gnu/libnss_nis-2.19.so
b65e7000-b65fc000 r-xp 00000000 08:06 1933415    /lib/i386-linux-gnu/libnsl-2.19.so
b65fc000-b65fd000 r--p 00015000 08:06 1933415    /lib/i386-linux-gnu/libnsl-2.19.so
b65fd000-b65fe000 rw-p 00016000 08:06 1933415    /lib/i386-linux-gnu/libnsl-2.19.so
b65fe000-b6600000 rw-p 00000000 00:00 0 
b6600000-b66fa000 rw-p 00000000 00:00 0 
b66fa000-b6700000 ---p 00000000 00:00 0 
b6706000-b670d000 r-xp 00000000 08:06 1933343    /lib/i386-linux-gnu/libnss_compat-2.19.so
b670d000-b670e000 r--p 00006000 08:06 1933343    /lib/i386-linux-gnu/libnss_compat-2.19.so
b670e000-b670f000 rw-p 00007000 08:06 1933343    /lib/i386-linux-gnu/libnss_compat-2.19.so
b6713000-b6715000 rw-p 00000000 00:00 0 
b6715000-b6724000 r--s 000df000 08:06 3122779    /home/priya/Android/Sdk/build-tools/23.0.2/lib/dx.jar
b6724000-b6725000 r--p 00850000 08:06 1093651    /usr/lib/locale/locale-archive
b6725000-b6749000 r-xp 00000000 08:06 1549783    /usr/lib/jvm/java-8-oracle/jre/lib/i386/libjava.so
b6749000-b674a000 rw-p 00023000 08:06 1549783    /usr/lib/jvm/java-8-oracle/jre/lib/i386/libjava.so
b674a000-b6751000 r-xp 00000000 08:06 1933332    /lib/i386-linux-gnu/librt-2.19.so
b6751000-b6752000 r--p 00006000 08:06 1933332    /lib/i386-linux-gnu/librt-2.19.so
b6752000-b6753000 rw-p 00007000 08:06 1933332    /lib/i386-linux-gnu/librt-2.19.so
b6753000-b6756000 ---p 00000000 00:00 0 
b6756000-b67a4000 rw-p 00000000 00:00 0          [stack:32093]
b67a4000-b67e8000 r-xp 00000000 08:06 1933416    /lib/i386-linux-gnu/libm-2.19.so
b67e8000-b67e9000 r--p 00043000 08:06 1933416    /lib/i386-linux-gnu/libm-2.19.so
b67e9000-b67ea000 rw-p 00044000 08:06 1933416    /lib/i386-linux-gnu/libm-2.19.so
b67ea000-b7127000 r-xp 00000000 08:06 1549788    /usr/lib/jvm/java-8-oracle/jre/lib/i386/server/libjvm.so
b7127000-b7193000 rw-p 0093c000 08:06 1549788    /usr/lib/jvm/java-8-oracle/jre/lib/i386/server/libjvm.so
b7193000-b75b8000 rw-p 00000000 00:00 0 
b75b8000-b7761000 r-xp 00000000 08:06 1933403    /lib/i386-linux-gnu/libc-2.19.so
b7761000-b7763000 r--p 001a9000 08:06 1933403    /lib/i386-linux-gnu/libc-2.19.so
b7763000-b7764000 rw-p 001ab000 08:06 1933403    /lib/i386-linux-gnu/libc-2.19.so
b7764000-b7767000 rw-p 00000000 00:00 0 
b7767000-b776a000 r-xp 00000000 08:06 1933409    /lib/i386-linux-gnu/libdl-2.19.so
b776a000-b776b000 r--p 00002000 08:06 1933409    /lib/i386-linux-gnu/libdl-2.19.so
b776b000-b776c000 rw-p 00003000 08:06 1933409    /lib/i386-linux-gnu/libdl-2.19.so
b776c000-b7780000 r-xp 00000000 08:06 1550414    /usr/lib/jvm/java-8-oracle/lib/i386/jli/libjli.so
b7780000-b7781000 rw-p 00013000 08:06 1550414    /usr/lib/jvm/java-8-oracle/lib/i386/jli/libjli.so
b7781000-b7782000 rw-p 00000000 00:00 0 
b7782000-b779a000 r-xp 00000000 08:06 1933405    /lib/i386-linux-gnu/libpthread-2.19.so
b779a000-b779b000 r--p 00018000 08:06 1933405    /lib/i386-linux-gnu/libpthread-2.19.so
b779b000-b779c000 rw-p 00019000 08:06 1933405    /lib/i386-linux-gnu/libpthread-2.19.so
b779c000-b779e000 rw-p 00000000 00:00 0 
b779e000-b77a6000 rw-s 00000000 08:06 386104     /tmp/hsperfdata_priya/32089
b77a6000-b77a7000 rw-p 00000000 00:00 0 
b77a7000-b77a8000 ---p 00000000 00:00 0 
b77a8000-b77b3000 r-xp 00000000 08:06 1549739    /usr/lib/jvm/java-8-oracle/jre/lib/i386/libverify.so
b77b3000-b77b4000 rw-p 0000b000 08:06 1549739    /usr/lib/jvm/java-8-oracle/jre/lib/i386/libverify.so
b77b4000-b77b6000 rw-p 00000000 00:00 0 
b77b6000-b77b7000 r-xp 00000000 00:00 0          [vdso]
b77b7000-b77d7000 r-xp 00000000 08:06 1936058    /lib/i386-linux-gnu/ld-2.19.so
b77d7000-b77d8000 r--p 0001f000 08:06 1936058    /lib/i386-linux-gnu/ld-2.19.so
b77d8000-b77d9000 rw-p 00020000 08:06 1936058    /lib/i386-linux-gnu/ld-2.19.so
bfbfd000-bfbfe000 rwxp 00000000 00:00 0 
bfc30000-bfc51000 rw-p 00000000 00:00 0          [stack]

VM Arguments:
jvm_args: -Djava.awt.headless=true -Xmx1024M -Dfile.encoding=UTF-8 -Duser.country=IN -Duser.language=en -Duser.variant 
java_command: com.android.dx.command.Main --dex --num-threads=4 --multi-dex --main-dex-list /home/priya/matrix/Kurukshetra/app/build/intermediates/multi-dex/debug/maindexlist.txt --output /home/priya/matrix/Kurukshetra/app/build/intermediates/transforms/dex/debug/folders/1000/1f/main /home/priya/matrix/Kurukshetra/app/build/intermediates/transforms/jarMerging/debug/jars/1/1f/combined.jar
java_class_path (initial): /home/priya/Android/Sdk/build-tools/23.0.2/lib/dx.jar
Launcher Type: SUN_STANDARD

Environment Variables:
JAVA_HOME=/usr/lib/jvm/java-8-oracle
PATH=/usr/local/sbin:/usr/local/bin:/usr/sbin:/usr/bin:/sbin:/bin:/usr/games:/usr/local/games
LD_LIBRARY_PATH=matrix/android-studio/bin:
SHELL=/bin/bash
DISPLAY=:0

Signal Handlers:
SIGSEGV: [libjvm.so+0x894cb0], sa_mask[0]=11111111011111111101111111111110, sa_flags=SA_RESTART|SA_SIGINFO
SIGBUS: [libjvm.so+0x894cb0], sa_mask[0]=11111111011111111101111111111110, sa_flags=SA_RESTART|SA_SIGINFO
SIGFPE: [libjvm.so+0x71dd00], sa_mask[0]=11111111011111111101111111111110, sa_flags=SA_RESTART|SA_SIGINFO
SIGPIPE: [libjvm.so+0x71dd00], sa_mask[0]=11111111011111111101111111111110, sa_flags=SA_RESTART|SA_SIGINFO
SIGXFSZ: [libjvm.so+0x71dd00], sa_mask[0]=11111111011111111101111111111110, sa_flags=SA_RESTART|SA_SIGINFO
SIGILL: [libjvm.so+0x71dd00], sa_mask[0]=11111111011111111101111111111110, sa_flags=SA_RESTART|SA_SIGINFO
SIGUSR1: SIG_DFL, sa_mask[0]=00000000000000000000000000000000, sa_flags=none
SIGUSR2: [libjvm.so+0x71f4b0], sa_mask[0]=00100000000000000000000000000000, sa_flags=SA_RESTART|SA_SIGINFO
SIGHUP: [libjvm.so+0x7209b0], sa_mask[0]=11111111011111111101111111111110, sa_flags=SA_RESTART|SA_SIGINFO
SIGINT: [libjvm.so+0x7209b0], sa_mask[0]=11111111011111111101111111111110, sa_flags=SA_RESTART|SA_SIGINFO
SIGTERM: [libjvm.so+0x7209b0], sa_mask[0]=11111111011111111101111111111110, sa_flags=SA_RESTART|SA_SIGINFO
SIGQUIT: [libjvm.so+0x7209b0], sa_mask[0]=11111111011111111101111111111110, sa_flags=SA_RESTART|SA_SIGINFO


---------------  S Y S T E M  ---------------

OS:DISTRIB_ID=Ubuntu
DISTRIB_RELEASE=14.04
DISTRIB_CODENAME=trusty
DISTRIB_DESCRIPTION="Ubuntu 14.04.1 LTS"

uname:Linux 3.13.0-45-generic #74-Ubuntu SMP Tue Jan 13 19:37:48 UTC 2015 i686
libc:glibc 2.19 NPTL 2.19 
rlimit: STACK 8192k, CORE 0k, NPROC 31374, NOFILE 4096, AS infinity
load average:2.42 1.38 1.24

/proc/meminfo:
MemTotal:        4035208 kB
MemFree:          235680 kB
Buffers:            1572 kB
Cached:           466440 kB
SwapCached:            0 kB
Active:          3234884 kB
Inactive:         455336 kB
Active(anon):    3227128 kB
Inactive(anon):   425088 kB
Active(file):       7756 kB
Inactive(file):    30248 kB
Unevictable:          96 kB
Mlocked:              96 kB
HighTotal:       3182980 kB
HighFree:          59532 kB
LowTotal:         852228 kB
LowFree:          176148 kB
SwapTotal:             0 kB
SwapFree:              0 kB
Dirty:               188 kB
Writeback:             0 kB
AnonPages:       3222440 kB
Mapped:           212240 kB
Shmem:            429872 kB
Slab:              48188 kB
SReclaimable:      20928 kB
SUnreclaim:        27260 kB
KernelStack:        5504 kB
PageTables:        21404 kB
NFS_Unstable:          0 kB
Bounce:               24 kB
WritebackTmp:          0 kB
CommitLimit:     2017604 kB
Committed_AS:    9503840 kB
VmallocTotal:     122880 kB
VmallocUsed:       71100 kB
VmallocChunk:      13196 kB
HardwareCorrupted:     0 kB
AnonHugePages:   1501184 kB
HugePages_Total:       0
HugePages_Free:        0
HugePages_Rsvd:        0
HugePages_Surp:        0
Hugepagesize:       2048 kB
DirectMap4k:       40952 kB
DirectMap2M:      872448 kB


CPU:total 4 (2 cores per cpu, 2 threads per core) family 6 model 69 stepping 1, cmov, cx8, fxsr, mmx, sse, sse2, sse3, ssse3, sse4.1, sse4.2, popcnt, avx, avx2, aes, clmul, erms, lzcnt, ht, tsc, tscinvbit, bmi1, bmi2

/proc/cpuinfo:
processor	: 0
vendor_id	: GenuineIntel
cpu family	: 6
model		: 69
model name	: Intel(R) Core(TM) i5-4210U CPU @ 1.70GHz
stepping	: 1
microcode	: 0x17
cpu MHz		: 1701.000
cache size	: 3072 KB
physical id	: 0
siblings	: 4
core id		: 0
cpu cores	: 2
apicid		: 0
initial apicid	: 0
fdiv_bug	: no
f00f_bug	: no
coma_bug	: no
fpu		: yes
fpu_exception	: yes
cpuid level	: 13
wp		: yes
flags		: fpu vme de pse tsc msr pae mce cx8 apic sep mtrr pge mca cmov pat pse36 clflush dts acpi mmx fxsr sse sse2 ss ht tm pbe nx pdpe1gb rdtscp lm constant_tsc arch_perfmon pebs bts xtopology nonstop_tsc aperfmperf eagerfpu pni pclmulqdq dtes64 monitor ds_cpl vmx est tm2 ssse3 fma cx16 xtpr pdcm pcid sse4_1 sse4_2 movbe popcnt tsc_deadline_timer aes xsave avx f16c rdrand lahf_lm abm ida arat epb xsaveopt pln pts dtherm tpr_shadow vnmi flexpriority ept vpid fsgsbase tsc_adjust bmi1 avx2 smep bmi2 erms invpcid
bogomips	: 3392.19
clflush size	: 64
cache_alignment	: 64
address sizes	: 39 bits physical, 48 bits virtual
power management:

processor	: 1
vendor_id	: GenuineIntel
cpu family	: 6
model		: 69
model name	: Intel(R) Core(TM) i5-4210U CPU @ 1.70GHz
stepping	: 1
microcode	: 0x17
cpu MHz		: 1701.000
cache size	: 3072 KB
physical id	: 0
siblings	: 4
core id		: 1
cpu cores	: 2
apicid		: 2
initial apicid	: 2
fdiv_bug	: no
f00f_bug	: no
coma_bug	: no
fpu		: yes
fpu_exception	: yes
cpuid level	: 13
wp		: yes
flags		: fpu vme de pse tsc msr pae mce cx8 apic sep mtrr pge mca cmov pat pse36 clflush dts acpi mmx fxsr sse sse2 ss ht tm pbe nx pdpe1gb rdtscp lm constant_tsc arch_perfmon pebs bts xtopology nonstop_tsc aperfmperf eagerfpu pni pclmulqdq dtes64 monitor ds_cpl vmx est tm2 ssse3 fma cx16 xtpr pdcm pcid sse4_1 sse4_2 movbe popcnt tsc_deadline_timer aes xsave avx f16c rdrand lahf_lm abm ida arat epb xsaveopt pln pts dtherm tpr_shadow vnmi flexpriority ept vpid fsgsbase tsc_adjust bmi1 avx2 smep bmi2 erms invpcid
bogomips	: 3392.19
clflush size	: 64
cache_alignment	: 64
address sizes	: 39 bits physical, 48 bits virtual
power management:

processor	: 2
vendor_id	: GenuineIntel
cpu family	: 6
model		: 69
model name	: Intel(R) Core(TM) i5-4210U CPU @ 1.70GHz
stepping	: 1
microcode	: 0x17
cpu MHz		: 782.000
cache size	: 3072 KB
physical id	: 0
siblings	: 4
core id		: 0
cpu cores	: 2
apicid		: 1
initial apicid	: 1
fdiv_bug	: no
f00f_bug	: no
coma_bug	: no
fpu		: yes
fpu_exception	: yes
cpuid level	: 13
wp		: yes
flags		: fpu vme de pse tsc msr pae mce cx8 apic sep mtrr pge mca cmov pat pse36 clflush dts acpi mmx fxsr sse sse2 ss ht tm pbe nx pdpe1gb rdtscp lm constant_tsc arch_perfmon pebs bts xtopology nonstop_tsc aperfmperf eagerfpu pni pclmulqdq dtes64 monitor ds_cpl vmx est tm2 ssse3 fma cx16 xtpr pdcm pcid sse4_1 sse4_2 movbe popcnt tsc_deadline_timer aes xsave avx f16c rdrand lahf_lm abm ida arat epb xsaveopt pln pts dtherm tpr_shadow vnmi flexpriority ept vpid fsgsbase tsc_adjust bmi1 avx2 smep bmi2 erms invpcid
bogomips	: 3392.19
clflush size	: 64
cache_alignment	: 64
address sizes	: 39 bits physical, 48 bits virtual
power management:

processor	: 3
vendor_id	: GenuineIntel
cpu family	: 6
model		: 69
model name	: Intel(R) Core(TM) i5-4210U CPU @ 1.70GHz
stepping	: 1
microcode	: 0x17
cpu MHz		: 1701.000
cache size	: 3072 KB
physical id	: 0
siblings	: 4
core id		: 1
cpu cores	: 2
apicid		: 3
initial apicid	: 3
fdiv_bug	: no
f00f_bug	: no
coma_bug	: no
fpu		: yes
fpu_exception	: yes
cpuid level	: 13
wp		: yes
flags		: fpu vme de pse tsc msr pae mce cx8 apic sep mtrr pge mca cmov pat pse36 clflush dts acpi mmx fxsr sse sse2 ss ht tm pbe nx pdpe1gb rdtscp lm constant_tsc arch_perfmon pebs bts xtopology nonstop_tsc aperfmperf eagerfpu pni pclmulqdq dtes64 monitor ds_cpl vmx est tm2 ssse3 fma cx16 xtpr pdcm pcid sse4_1 sse4_2 movbe popcnt tsc_deadline_timer aes xsave avx f16c rdrand lahf_lm abm ida arat epb xsaveopt pln pts dtherm tpr_shadow vnmi flexpriority ept vpid fsgsbase tsc_adjust bmi1 avx2 smep bmi2 erms invpcid
bogomips	: 3392.19
clflush size	: 64
cache_alignment	: 64
address sizes	: 39 bits physical, 48 bits virtual
power management:



Memory: 4k page, physical 4035208k(235680k free), swap 0k(0k free)

vm_info: Java HotSpot(TM) Server VM (25.31-b07) for linux-x86 JRE (1.8.0_31-b13), built on Dec 17 2014 20:50:14 by "java_re" with gcc 4.3.0 20080428 (Red Hat 4.3.0-8)

time: Sat Dec 19 10:36:26 2015
elapsed time: 10 seconds (0d 0h 0m 10s)

