#
# There is insufficient memory for the Java Runtime Environment to continue.
# Native memory allocation (mmap) failed to map 71827456 bytes for committing reserved memory.
# Possible reasons:
#   The system is out of physical RAM or swap space
#   In 32 bit mode, the process size limit was hit
# Possible solutions:
#   Reduce memory load on the system
#   Increase physical memory or swap space
#   Check if swap backing store is full
#   Use 64 bit Java on a 64 bit OS
#   Decrease Java heap size (-Xmx/-Xms)
#   Decrease number of Java threads
#   Decrease Java thread stack sizes (-Xss)
#   Set larger code cache with -XX:ReservedCodeCacheSize=
# This output file may be truncated or incomplete.
#
#  Out of Memory Error (os_linux.cpp:2671), pid=14958, tid=1674435392
#
# JRE version: Java(TM) SE Runtime Environment (8.0_31-b13) (build 1.8.0_31-b13)
# Java VM: Java HotSpot(TM) Server VM (25.31-b07 mixed mode linux-x86 )
# Failed to write core dump. Core dumps have been disabled. To enable core dumping, try "ulimit -c unlimited" before starting Java again
#

---------------  T H R E A D  ---------------

Current thread (0x63b81000):  VMThread [stack: 0x63c5d000,0x63cde000] [id=14997]

Stack: [0x63c5d000,0x63cde000],  sp=0x63cdc930,  free space=510k
Native frames: (J=compiled Java code, j=interpreted, Vv=VM code, C=native code)
V  [libjvm.so+0x8941c9]  VMError::report_and_die()+0x179
V  [libjvm.so+0x375385]  report_vm_out_of_memory(char const*, int, unsigned int, VMErrorType, char const*)+0x55
V  [libjvm.so+0x720f66]  os::Linux::commit_memory_impl(char*, unsigned int, bool)+0xe6
V  [libjvm.so+0x721388]  os::pd_commit_memory(char*, unsigned int, unsigned int, bool)+0x28
V  [libjvm.so+0x71ad5c]  os::commit_memory(char*, unsigned int, unsigned int, bool)+0x2c
V  [libjvm.so+0x782e98]  PSVirtualSpace::expand_by(unsigned int)+0x48
V  [libjvm.so+0x783f9a]  PSYoungGen::resize_generation(unsigned int, unsigned int)+0xda
V  [libjvm.so+0x7832c9]  PSYoungGen::resize(unsigned int, unsigned int)+0x19
V  [libjvm.so+0x780bfb]  PSScavenge::invoke_no_policy()+0xd2b
V  [libjvm.so+0x7813b8]  PSScavenge::invoke()+0x28
V  [libjvm.so+0x7418ba]  ParallelScavengeHeap::failed_mem_allocate(unsigned int)+0x5a
V  [libjvm.so+0x89591a]  VM_ParallelGCFailedAllocation::doit()+0x7a
V  [libjvm.so+0x89ea77]  VM_Operation::evaluate()+0x47
V  [libjvm.so+0x89cb43]  VMThread::evaluate_operation(VM_Operation*)+0xb3
V  [libjvm.so+0x89cee0]  VMThread::loop()+0x1b0
V  [libjvm.so+0x89d345]  VMThread::run()+0x85
V  [libjvm.so+0x723929]  java_start(Thread*)+0x119
C  [libpthread.so.0+0x6f70]  start_thread+0xd0

VM_Operation (0xb678fab0): ParallelGCFailedAllocation, mode: safepoint, requested by thread 0xb6607800


---------------  P R O C E S S  ---------------

Java Threads: ( => current thread )
  0x63baa000 JavaThread "Service Thread" daemon [_thread_blocked, id=15023, stack(0x634db000,0x6352c000)]
  0x63ba7000 JavaThread "C1 CompilerThread2" daemon [_thread_blocked, id=15020, stack(0x6352c000,0x635ad000)]
  0x63ba5c00 JavaThread "C2 CompilerThread1" daemon [_thread_blocked, id=15012, stack(0x635ad000,0x6362e000)]
  0x63ba3c00 JavaThread "C2 CompilerThread0" daemon [_thread_blocked, id=15010, stack(0x6362e000,0x636af000)]
  0x63ba2400 JavaThread "Signal Dispatcher" daemon [_thread_blocked, id=15009, stack(0x636af000,0x63700000)]
  0x63b85800 JavaThread "Finalizer" daemon [_thread_blocked, id=15002, stack(0x63c0c000,0x63c5d000)]
  0x63b84000 JavaThread "Reference Handler" daemon [_thread_blocked, id=15001, stack(0x6682e000,0x6687f000)]
  0xb6607800 JavaThread "main" [_thread_blocked, id=14979, stack(0xb6740000,0xb6791000)]

Other Threads:
=>0x63b81000 VMThread [stack: 0x63c5d000,0x63cde000] [id=14997]
  0x63babc00 WatcherThread [stack: 0x6345a000,0x634db000] [id=15030]

VM state:at safepoint (normal execution)

VM Mutex/Monitor currently owned by a thread:  ([mutex/lock_event])
[0xb6604e98] Threads_lock - owner thread: 0x63b81000
[0xb66052a8] Heap_lock - owner thread: 0xb6607800

Heap:
 PSYoungGen      total 71424K, used 8688K [0x91ac0000, 0x969c0000, 0xa7000000)
  eden space 62720K, 0% used [0x91ac0000,0x91ac0000,0x95800000)
  from space 8704K, 99% used [0x95800000,0x9607c3d8,0x96080000)
  to   space 7936K, 0% used [0x96080000,0x96080000,0x96840000)
 ParOldGen       total 42496K, used 19713K [0x67000000, 0x69980000, 0x91ac0000)
  object space 42496K, 46% used [0x67000000,0x683407e0,0x69980000)
 Metaspace       used 4034K, capacity 4070K, committed 4120K, reserved 4400K

Card table byte_map: [0x66dff000,0x67000000] byte_map_base: 0x66ac7000

Marking Bits: (ParMarkBitMap*) 0xb7190580
 Begin Bits: [0x64700000, 0x65700000)
 End Bits:   [0x65700000, 0x66700000)

Polling page: 0xb7794000

CodeCache: size=245760Kb used=4329Kb max_used=4329Kb free=241430Kb
 bounds [0xa759e000, 0xa79de000, 0xb659e000]
 total_blobs=1630 nmethods=1472 adapters=74
 compilation: enabled

Compilation events (10 events):
Event: 5.541 Thread 0x63ba7000 1779       2       com.android.dx.dex.code.ZeroSizeInsn::codeSize (2 bytes)
Event: 5.541 Thread 0x63ba7000 nmethod 1779 0xa79d9508 code [0xa79d9600, 0xa79d96c0]
Event: 5.541 Thread 0x63ba7000 1780       2       com.android.dx.dex.code.DalvInsnList::set (7 bytes)
Event: 5.542 Thread 0x63ba7000 nmethod 1780 0xa79d9748 code [0xa79d98c0, 0xa79d9ba4]
Event: 5.542 Thread 0x63ba7000 1781       2       java.util.ArrayList::set (20 bytes)
Event: 5.543 Thread 0x63ba7000 nmethod 1781 0xa79d9f48 code [0xa79da080, 0xa79da278]
Event: 5.543 Thread 0x63ba7000 1782       2       com.android.dx.rop.code.RegisterSpec::matchesVariable (68 bytes)
Event: 5.543 Thread 0x63ba7000 nmethod 1782 0xa79da448 code [0xa79da5a0, 0xa79da810]
Event: 5.543 Thread 0x63ba7000 1783       2       com.android.dx.rop.code.RegisterSpec::equalsUsingSimpleType (27 bytes)
Event: 5.544 Thread 0x63ba7000 nmethod 1783 0xa79daa08 code [0xa79dab20, 0xa79dac4c]

GC Heap History (10 events):
Event: 2.440 GC heap after
Heap after GC invocations=2 (full 0):
 PSYoungGen      total 18432K, used 2548K [0x91ac0000, 0x93ec0000, 0xa7000000)
  eden space 15872K, 0% used [0x91ac0000,0x91ac0000,0x92a40000)
  from space 2560K, 99% used [0x92cc0000,0x92f3d2e8,0x92f40000)
  to   space 2560K, 0% used [0x92a40000,0x92a40000,0x92cc0000)
 ParOldGen       total 42496K, used 3364K [0x67000000, 0x69980000, 0x91ac0000)
  object space 42496K, 7% used [0x67000000,0x67349048,0x69980000)
 Metaspace       used 3738K, capacity 3750K, committed 3864K, reserved 4400K
}
Event: 2.874 GC heap before
{Heap before GC invocations=3 (full 0):
 PSYoungGen      total 18432K, used 18420K [0x91ac0000, 0x93ec0000, 0xa7000000)
  eden space 15872K, 100% used [0x91ac0000,0x92a40000,0x92a40000)
  from space 2560K, 99% used [0x92cc0000,0x92f3d2e8,0x92f40000)
  to   space 2560K, 0% used [0x92a40000,0x92a40000,0x92cc0000)
 ParOldGen       total 42496K, used 3364K [0x67000000, 0x69980000, 0x91ac0000)
  object space 42496K, 7% used [0x67000000,0x67349048,0x69980000)
 Metaspace       used 3822K, capacity 3846K, committed 3864K, reserved 4400K
Event: 2.915 GC heap after
Heap after GC invocations=3 (full 0):
 PSYoungGen      total 18432K, used 2548K [0x91ac0000, 0x93ec0000, 0xa7000000)
  eden space 15872K, 0% used [0x91ac0000,0x91ac0000,0x92a40000)
  from space 2560K, 99% used [0x92a40000,0x92cbd0f0,0x92cc0000)
  to   space 2560K, 0% used [0x93c40000,0x93c40000,0x93ec0000)
 ParOldGen       total 42496K, used 6318K [0x67000000, 0x69980000, 0x91ac0000)
  object space 42496K, 14% used [0x67000000,0x6762bad0,0x69980000)
 Metaspace       used 3822K, capacity 3846K, committed 3864K, reserved 4400K
}
Event: 3.278 GC heap before
{Heap before GC invocations=4 (full 0):
 PSYoungGen      total 18432K, used 18420K [0x91ac0000, 0x93ec0000, 0xa7000000)
  eden space 15872K, 100% used [0x91ac0000,0x92a40000,0x92a40000)
  from space 2560K, 99% used [0x92a40000,0x92cbd0f0,0x92cc0000)
  to   space 2560K, 0% used [0x93c40000,0x93c40000,0x93ec0000)
 ParOldGen       total 42496K, used 6318K [0x67000000, 0x69980000, 0x91ac0000)
  object space 42496K, 14% used [0x67000000,0x6762bad0,0x69980000)
 Metaspace       used 3837K, capacity 3846K, committed 3864K, reserved 4400K
Event: 3.322 GC heap after
Heap after GC invocations=4 (full 0):
 PSYoungGen      total 34304K, used 2558K [0x91ac0000, 0x93ec0000, 0xa7000000)
  eden space 31744K, 0% used [0x91ac0000,0x91ac0000,0x939c0000)
  from space 2560K, 99% used [0x93c40000,0x93ebfa70,0x93ec0000)
  to   space 2560K, 0% used [0x939c0000,0x939c0000,0x93c40000)
 ParOldGen       total 42496K, used 9036K [0x67000000, 0x69980000, 0x91ac0000)
  object space 42496K, 21% used [0x67000000,0x678d3300,0x69980000)
 Metaspace       used 3837K, capacity 3846K, committed 3864K, reserved 4400K
}
Event: 3.811 GC heap before
{Heap before GC invocations=5 (full 0):
 PSYoungGen      total 34304K, used 34302K [0x91ac0000, 0x93ec0000, 0xa7000000)
  eden space 31744K, 100% used [0x91ac0000,0x939c0000,0x939c0000)
  from space 2560K, 99% used [0x93c40000,0x93ebfa70,0x93ec0000)
  to   space 2560K, 0% used [0x939c0000,0x939c0000,0x93c40000)
 ParOldGen       total 42496K, used 9036K [0x67000000, 0x69980000, 0x91ac0000)
  object space 42496K, 21% used [0x67000000,0x678d3300,0x69980000)
 Metaspace       used 3864K, capacity 3878K, committed 3992K, reserved 4400K
Event: 3.850 GC heap after
Heap after GC invocations=5 (full 0):
 PSYoungGen      total 34304K, used 2551K [0x91ac0000, 0x96840000, 0xa7000000)
  eden space 31744K, 0% used [0x91ac0000,0x91ac0000,0x939c0000)
  from space 2560K, 99% used [0x939c0000,0x93c3df90,0x93c40000)
  to   space 7936K, 0% used [0x96080000,0x96080000,0x96840000)
 ParOldGen       total 42496K, used 13869K [0x67000000, 0x69980000, 0x91ac0000)
  object space 42496K, 32% used [0x67000000,0x67d8b650,0x69980000)
 Metaspace       used 3864K, capacity 3878K, committed 3992K, reserved 4400K
}
Event: 4.408 GC heap before
{Heap before GC invocations=6 (full 0):
 PSYoungGen      total 34304K, used 34295K [0x91ac0000, 0x96840000, 0xa7000000)
  eden space 31744K, 99% used [0x91ac0000,0x939bfff8,0x939c0000)
  from space 2560K, 99% used [0x939c0000,0x93c3df90,0x93c40000)
  to   space 7936K, 0% used [0x96080000,0x96080000,0x96840000)
 ParOldGen       total 42496K, used 13869K [0x67000000, 0x69980000, 0x91ac0000)
  object space 42496K, 32% used [0x67000000,0x67d8b650,0x69980000)
 Metaspace       used 3896K, capacity 3910K, committed 3992K, reserved 4400K
Event: 4.505 GC heap after
Heap after GC invocations=6 (full 0):
 PSYoungGen      total 70656K, used 7590K [0x91ac0000, 0x969c0000, 0xa7000000)
  eden space 62720K, 0% used [0x91ac0000,0x91ac0000,0x95800000)
  from space 7936K, 95% used [0x96080000,0x967e99f0,0x96840000)
  to   space 8704K, 0% used [0x95800000,0x95800000,0x96080000)
 ParOldGen       total 42496K, used 13869K [0x67000000, 0x69980000, 0x91ac0000)
  object space 42496K, 32% used [0x67000000,0x67d8b650,0x69980000)
 Metaspace       used 3896K, capacity 3910K, committed 3992K, reserved 4400K
}
Event: 5.544 GC heap before
{Heap before GC invocations=7 (full 0):
 PSYoungGen      total 70656K, used 70310K [0x91ac0000, 0x969c0000, 0xa7000000)
  eden space 62720K, 100% used [0x91ac0000,0x95800000,0x95800000)
  from space 7936K, 95% used [0x96080000,0x967e99f0,0x96840000)
  to   space 8704K, 0% used [0x95800000,0x95800000,0x96080000)
 ParOldGen       total 42496K, used 13869K [0x67000000, 0x69980000, 0x91ac0000)
  object space 42496K, 32% used [0x67000000,0x67d8b650,0x69980000)
 Metaspace       used 4034K, capacity 4070K, committed 4120K, reserved 4400K

Deoptimization events (10 events):
Event: 2.332 Thread 0x6310ac00 Uncommon trap: reason=bimorphic action=maybe_recompile pc=0xa7753544 method=java.util.HashMap.getNode(ILjava/lang/Object;)Ljava/util/HashMap$Node; @ 126
Event: 2.685 Thread 0x63109400 Uncommon trap: reason=unreached action=reinterpret pc=0xa77619d8 method=java.util.HashMap.getNode(ILjava/lang/Object;)Ljava/util/HashMap$Node; @ 84
Event: 2.775 Thread 0x63bfd000 Uncommon trap: reason=unreached action=reinterpret pc=0xa7824030 method=java.util.HashMap.getNode(ILjava/lang/Object;)Ljava/util/HashMap$Node; @ 84
Event: 2.775 Thread 0x63bfd000 Uncommon trap: reason=unreached action=reinterpret pc=0xa77eb4a8 method=java.util.HashMap.getNode(ILjava/lang/Object;)Ljava/util/HashMap$Node; @ 84
Event: 2.830 Thread 0x63bfd000 Uncommon trap: reason=null_check action=make_not_entrant pc=0xa777cd54 method=com.android.dx.rop.type.Type.equals(Ljava/lang/Object;)Z @ 8
Event: 4.238 Thread 0x63109400 Uncommon trap: reason=unreached action=reinterpret pc=0xa786f1fc method=com.android.dx.ssa.SsaMethod.updateOneDefinition(Lcom/android/dx/ssa/SsaInsn;Lcom/android/dx/rop/code/RegisterSpec;)V @ 4
Event: 5.225 Thread 0xb6607800 Uncommon trap: reason=class_check action=maybe_recompile pc=0xa78b7580 method=java.util.Arrays.hashCode([Ljava/lang/Object;)I @ 43
Event: 5.225 Thread 0xb6607800 Uncommon trap: reason=class_check action=maybe_recompile pc=0xa78b7580 method=java.util.Arrays.hashCode([Ljava/lang/Object;)I @ 43
Event: 5.226 Thread 0xb6607800 Uncommon trap: reason=class_check action=maybe_recompile pc=0xa78b7580 method=java.util.Arrays.hashCode([Ljava/lang/Object;)I @ 43
Event: 5.228 Thread 0xb6607800 Uncommon trap: reason=class_check action=maybe_recompile pc=0xa78b7580 method=java.util.Arrays.hashCode([Ljava/lang/Object;)I @ 43

Internal exceptions (10 events):
Event: 5.514 Thread 0xb6607800 Exception <a 'java/security/PrivilegedActionException'> (0x957d5458) thrown at [/HUDSON3/workspace/8-2-build-linux-i586/jdk8u31/2394/hotspot/src/share/vm/prims/jvm.cpp, line 1312]
Event: 5.515 Thread 0xb6607800 Exception <a 'java/security/PrivilegedActionException'> (0x957d7c60) thrown at [/HUDSON3/workspace/8-2-build-linux-i586/jdk8u31/2394/hotspot/src/share/vm/prims/jvm.cpp, line 1312]
Event: 5.516 Thread 0xb6607800 Exception <a 'java/security/PrivilegedActionException'> (0x957dd058) thrown at [/HUDSON3/workspace/8-2-build-linux-i586/jdk8u31/2394/hotspot/src/share/vm/prims/jvm.cpp, line 1312]
Event: 5.516 Thread 0xb6607800 Exception <a 'java/security/PrivilegedActionException'> (0x957e0300) thrown at [/HUDSON3/workspace/8-2-build-linux-i586/jdk8u31/2394/hotspot/src/share/vm/prims/jvm.cpp, line 1312]
Event: 5.517 Thread 0xb6607800 Exception <a 'java/security/PrivilegedActionException'> (0x957e2ab8) thrown at [/HUDSON3/workspace/8-2-build-linux-i586/jdk8u31/2394/hotspot/src/share/vm/prims/jvm.cpp, line 1312]
Event: 5.518 Thread 0xb6607800 Exception <a 'java/security/PrivilegedActionException'> (0x957e7a40) thrown at [/HUDSON3/workspace/8-2-build-linux-i586/jdk8u31/2394/hotspot/src/share/vm/prims/jvm.cpp, line 1312]
Event: 5.519 Thread 0xb6607800 Exception <a 'java/security/PrivilegedActionException'> (0x957edd18) thrown at [/HUDSON3/workspace/8-2-build-linux-i586/jdk8u31/2394/hotspot/src/share/vm/prims/jvm.cpp, line 1312]
Event: 5.525 Thread 0xb6607800 Exception <a 'java/security/PrivilegedActionException'> (0x957f0968) thrown at [/HUDSON3/workspace/8-2-build-linux-i586/jdk8u31/2394/hotspot/src/share/vm/prims/jvm.cpp, line 1312]
Event: 5.526 Thread 0xb6607800 Exception <a 'java/security/PrivilegedActionException'> (0x957f5500) thrown at [/HUDSON3/workspace/8-2-build-linux-i586/jdk8u31/2394/hotspot/src/share/vm/prims/jvm.cpp, line 1312]
Event: 5.527 Thread 0xb6607800 Exception <a 'java/security/PrivilegedActionException'> (0x957fa550) thrown at [/HUDSON3/workspace/8-2-build-linux-i586/jdk8u31/2394/hotspot/src/share/vm/prims/jvm.cpp, line 1312]

Events (10 events):
Event: 5.518 loading class com/android/dx/dex/code/LocalList$MakeState done
Event: 5.519 loading class com/android/dx/dex/code/LocalList$Disposition
Event: 5.519 loading class com/android/dx/dex/code/LocalList$Disposition done
Event: 5.525 loading class com/android/dx/dex/code/LocalList$Entry
Event: 5.525 loading class com/android/dx/dex/code/LocalList$Entry done
Event: 5.526 loading class com/android/dx/dex/code/CatchHandlerList
Event: 5.526 loading class com/android/dx/dex/code/CatchHandlerList done
Event: 5.527 loading class com/android/dx/dex/code/CatchTable
Event: 5.527 loading class com/android/dx/dex/code/CatchTable done
Event: 5.544 Executing VM operation: ParallelGCFailedAllocation


Dynamic libraries:
08048000-08049000 r-xp 00000000 08:06 1556514    /usr/lib/jvm/java-8-oracle/bin/java
08049000-0804a000 rw-p 00000000 08:06 1556514    /usr/lib/jvm/java-8-oracle/bin/java
096ad000-096ce000 rw-p 00000000 00:00 0          [heap]
61e00000-61ee0000 rw-p 00000000 00:00 0 
61ee0000-61f00000 ---p 00000000 00:00 0 
62000000-62095000 rw-p 00000000 00:00 0 
62095000-62100000 ---p 00000000 00:00 0 
62100000-62154000 rw-p 00000000 00:00 0 
62154000-62200000 ---p 00000000 00:00 0 
62300000-623fa000 rw-p 00000000 00:00 0 
623fa000-62400000 ---p 00000000 00:00 0 
62400000-624fe000 rw-p 00000000 00:00 0 
624fe000-62500000 ---p 00000000 00:00 0 
62500000-625ff000 rw-p 00000000 00:00 0 
625ff000-62600000 ---p 00000000 00:00 0 
62600000-626fe000 rw-p 00000000 00:00 0 
626fe000-62700000 ---p 00000000 00:00 0 
62700000-627f9000 rw-p 00000000 00:00 0 
627f9000-62800000 ---p 00000000 00:00 0 
62800000-628fa000 rw-p 00000000 00:00 0 
628fa000-62900000 ---p 00000000 00:00 0 
62900000-629fe000 rw-p 00000000 00:00 0 
629fe000-62a00000 ---p 00000000 00:00 0 
62b00000-62bff000 rw-p 00000000 00:00 0 
62bff000-62c00000 ---p 00000000 00:00 0 
62c50000-62d00000 rw-p 00000000 00:00 0 
62d00000-62dfd000 rw-p 00000000 00:00 0 
62dfd000-62e00000 ---p 00000000 00:00 0 
62e00000-62efb000 rw-p 00000000 00:00 0 
62efb000-62f00000 ---p 00000000 00:00 0 
62f00000-62ffa000 rw-p 00000000 00:00 0 
62ffa000-63000000 ---p 00000000 00:00 0 
63023000-630af000 rw-p 00000000 00:00 0 
630af000-630b2000 ---p 00000000 00:00 0 
630b2000-63100000 rw-p 00000000 00:00 0 
63100000-6314c000 rw-p 00000000 00:00 0 
6314c000-63200000 ---p 00000000 00:00 0 
6320d000-63210000 ---p 00000000 00:00 0 
63210000-6325e000 rw-p 00000000 00:00 0 
6325e000-63261000 ---p 00000000 00:00 0 
63261000-632af000 rw-p 00000000 00:00 0 
632af000-632b2000 ---p 00000000 00:00 0 
632b2000-63300000 rw-p 00000000 00:00 0 
63300000-63400000 rw-p 00000000 00:00 0 
63409000-6340c000 ---p 00000000 00:00 0 
6340c000-6345a000 rw-p 00000000 00:00 0 
6345a000-6345b000 ---p 00000000 00:00 0 
6345b000-634db000 rw-p 00000000 00:00 0          [stack:15030]
634db000-634de000 ---p 00000000 00:00 0 
634de000-6352c000 rw-p 00000000 00:00 0          [stack:15023]
6352c000-6352f000 ---p 00000000 00:00 0 
6352f000-635ad000 rw-p 00000000 00:00 0          [stack:15020]
635ad000-635b0000 ---p 00000000 00:00 0 
635b0000-6362e000 rw-p 00000000 00:00 0          [stack:15012]
6362e000-63631000 ---p 00000000 00:00 0 
63631000-636af000 rw-p 00000000 00:00 0          [stack:15010]
636af000-636b2000 ---p 00000000 00:00 0 
636b2000-63700000 rw-p 00000000 00:00 0          [stack:15009]
63700000-63900000 r--p 00000000 08:06 1093651    /usr/lib/locale/locale-archive
63900000-639fc000 rw-p 00000000 00:00 0 
639fc000-63a00000 ---p 00000000 00:00 0 
63a00000-63a28000 rw-p 00000000 00:00 0 
63a28000-63b00000 ---p 00000000 00:00 0 
63b00000-63bff000 rw-p 00000000 00:00 0 
63bff000-63c00000 ---p 00000000 00:00 0 
63c0c000-63c0f000 ---p 00000000 00:00 0 
63c0f000-63c5d000 rw-p 00000000 00:00 0          [stack:15002]
63c5d000-63c5e000 ---p 00000000 00:00 0 
63c5e000-63cde000 rw-p 00000000 00:00 0          [stack:14997]
63cde000-63eb4000 r--s 03cae000 08:06 1516955    /usr/lib/jvm/java-8-oracle/jre/lib/rt.jar
63eb4000-642ba000 rw-p 00000000 00:00 0 
642ba000-64300000 ---p 00000000 00:00 0 
64300000-66700000 rw-p 00000000 00:00 0 
66700000-667ff000 rw-p 00000000 00:00 0 
667ff000-66800000 ---p 00000000 00:00 0 
6682e000-66831000 ---p 00000000 00:00 0 
66831000-6687f000 rw-p 00000000 00:00 0          [stack:15001]
6687f000-66880000 ---p 00000000 00:00 0 
66880000-66900000 rw-p 00000000 00:00 0          [stack:14995]
66900000-669fd000 rw-p 00000000 00:00 0 
669fd000-66a00000 ---p 00000000 00:00 0 
66a00000-66a21000 rw-p 00000000 00:00 0 
66a21000-66b00000 ---p 00000000 00:00 0 
66b30000-66b7f000 rw-p 00000000 00:00 0 
66b7f000-66b80000 ---p 00000000 00:00 0 
66b80000-66c00000 rw-p 00000000 00:00 0          [stack:14994]
66c00000-66c21000 rw-p 00000000 00:00 0 
66c21000-66d00000 ---p 00000000 00:00 0 
66d0b000-66d7e000 rw-p 00000000 00:00 0 
66d7e000-66d7f000 ---p 00000000 00:00 0 
66d7f000-66e14000 rw-p 00000000 00:00 0          [stack:14993]
66e14000-66f54000 ---p 00000000 00:00 0 
66f54000-66f7c000 rw-p 00000000 00:00 0 
66f7c000-66fff000 ---p 00000000 00:00 0 
66fff000-69980000 rw-p 00000000 00:00 0 
69980000-91ac0000 ---p 00000000 00:00 0 
91ac0000-969c0000 rw-p 00000000 00:00 0 
9abfd000-9ae40000 rw-p 00000000 00:00 0 
9ae40000-a7000000 ---p 00000000 00:00 0 
a7007000-a7008000 ---p 00000000 00:00 0 
a7008000-a709d000 rw-p 00000000 00:00 0          [stack:14985]
a709d000-a71de000 ---p 00000000 00:00 0 
a71de000-a71ef000 rw-p 00000000 00:00 0 
a71ef000-a759e000 ---p 00000000 00:00 0 
a759e000-a79de000 rwxp 00000000 00:00 0 
a79de000-b659e000 ---p 00000000 00:00 0 
b659e000-b65b7000 r-xp 00000000 08:06 1549768    /usr/lib/jvm/java-8-oracle/jre/lib/i386/libzip.so
b65b7000-b65b8000 rw-p 00018000 08:06 1549768    /usr/lib/jvm/java-8-oracle/jre/lib/i386/libzip.so
b65b8000-b65c3000 r-xp 00000000 08:06 1933402    /lib/i386-linux-gnu/libnss_files-2.19.so
b65c3000-b65c4000 r--p 0000a000 08:06 1933402    /lib/i386-linux-gnu/libnss_files-2.19.so
b65c4000-b65c5000 rw-p 0000b000 08:06 1933402    /lib/i386-linux-gnu/libnss_files-2.19.so
b65c5000-b65cf000 r-xp 00000000 08:06 1933406    /lib/i386-linux-gnu/libnss_nis-2.19.so
b65cf000-b65d0000 r--p 00009000 08:06 1933406    /lib/i386-linux-gnu/libnss_nis-2.19.so
b65d0000-b65d1000 rw-p 0000a000 08:06 1933406    /lib/i386-linux-gnu/libnss_nis-2.19.so
b65d1000-b65e6000 r-xp 00000000 08:06 1933415    /lib/i386-linux-gnu/libnsl-2.19.so
b65e6000-b65e7000 r--p 00015000 08:06 1933415    /lib/i386-linux-gnu/libnsl-2.19.so
b65e7000-b65e8000 rw-p 00016000 08:06 1933415    /lib/i386-linux-gnu/libnsl-2.19.so
b65e8000-b65ea000 rw-p 00000000 00:00 0 
b65f1000-b6600000 r--s 000df000 08:06 3122779    /home/priya/Android/Sdk/build-tools/23.0.2/lib/dx.jar
b6600000-b66fa000 rw-p 00000000 00:00 0 
b66fa000-b6700000 ---p 00000000 00:00 0 
b6706000-b6708000 rw-p 00000000 00:00 0 
b6708000-b6709000 r--p 00850000 08:06 1093651    /usr/lib/locale/locale-archive
b6709000-b6710000 r-xp 00000000 08:06 1933343    /lib/i386-linux-gnu/libnss_compat-2.19.so
b6710000-b6711000 r--p 00006000 08:06 1933343    /lib/i386-linux-gnu/libnss_compat-2.19.so
b6711000-b6712000 rw-p 00007000 08:06 1933343    /lib/i386-linux-gnu/libnss_compat-2.19.so
b6712000-b6736000 r-xp 00000000 08:06 1549783    /usr/lib/jvm/java-8-oracle/jre/lib/i386/libjava.so
b6736000-b6737000 rw-p 00023000 08:06 1549783    /usr/lib/jvm/java-8-oracle/jre/lib/i386/libjava.so
b6737000-b673e000 r-xp 00000000 08:06 1933332    /lib/i386-linux-gnu/librt-2.19.so
b673e000-b673f000 r--p 00006000 08:06 1933332    /lib/i386-linux-gnu/librt-2.19.so
b673f000-b6740000 rw-p 00007000 08:06 1933332    /lib/i386-linux-gnu/librt-2.19.so
b6740000-b6743000 ---p 00000000 00:00 0 
b6743000-b6791000 rw-p 00000000 00:00 0          [stack:14979]
b6791000-b67d5000 r-xp 00000000 08:06 1933416    /lib/i386-linux-gnu/libm-2.19.so
b67d5000-b67d6000 r--p 00043000 08:06 1933416    /lib/i386-linux-gnu/libm-2.19.so
b67d6000-b67d7000 rw-p 00044000 08:06 1933416    /lib/i386-linux-gnu/libm-2.19.so
b67d7000-b7114000 r-xp 00000000 08:06 1549788    /usr/lib/jvm/java-8-oracle/jre/lib/i386/server/libjvm.so
b7114000-b7180000 rw-p 0093c000 08:06 1549788    /usr/lib/jvm/java-8-oracle/jre/lib/i386/server/libjvm.so
b7180000-b75a5000 rw-p 00000000 00:00 0 
b75a5000-b774e000 r-xp 00000000 08:06 1933403    /lib/i386-linux-gnu/libc-2.19.so
b774e000-b7750000 r--p 001a9000 08:06 1933403    /lib/i386-linux-gnu/libc-2.19.so
b7750000-b7751000 rw-p 001ab000 08:06 1933403    /lib/i386-linux-gnu/libc-2.19.so
b7751000-b7754000 rw-p 00000000 00:00 0 
b7754000-b7757000 r-xp 00000000 08:06 1933409    /lib/i386-linux-gnu/libdl-2.19.so
b7757000-b7758000 r--p 00002000 08:06 1933409    /lib/i386-linux-gnu/libdl-2.19.so
b7758000-b7759000 rw-p 00003000 08:06 1933409    /lib/i386-linux-gnu/libdl-2.19.so
b7759000-b776d000 r-xp 00000000 08:06 1550414    /usr/lib/jvm/java-8-oracle/lib/i386/jli/libjli.so
b776d000-b776e000 rw-p 00013000 08:06 1550414    /usr/lib/jvm/java-8-oracle/lib/i386/jli/libjli.so
b776e000-b776f000 rw-p 00000000 00:00 0 
b776f000-b7787000 r-xp 00000000 08:06 1933405    /lib/i386-linux-gnu/libpthread-2.19.so
b7787000-b7788000 r--p 00018000 08:06 1933405    /lib/i386-linux-gnu/libpthread-2.19.so
b7788000-b7789000 rw-p 00019000 08:06 1933405    /lib/i386-linux-gnu/libpthread-2.19.so
b7789000-b778b000 rw-p 00000000 00:00 0 
b778b000-b7793000 rw-s 00000000 08:06 386247     /tmp/hsperfdata_priya/14958
b7793000-b7794000 rw-p 00000000 00:00 0 
b7794000-b7795000 ---p 00000000 00:00 0 
b7795000-b77a0000 r-xp 00000000 08:06 1549739    /usr/lib/jvm/java-8-oracle/jre/lib/i386/libverify.so
b77a0000-b77a1000 rw-p 0000b000 08:06 1549739    /usr/lib/jvm/java-8-oracle/jre/lib/i386/libverify.so
b77a1000-b77a3000 rw-p 00000000 00:00 0 
b77a3000-b77a4000 r-xp 00000000 00:00 0          [vdso]
b77a4000-b77c4000 r-xp 00000000 08:06 1936058    /lib/i386-linux-gnu/ld-2.19.so
b77c4000-b77c5000 r--p 0001f000 08:06 1936058    /lib/i386-linux-gnu/ld-2.19.so
b77c5000-b77c6000 rw-p 00020000 08:06 1936058    /lib/i386-linux-gnu/ld-2.19.so
bfdbe000-bfdbf000 rwxp 00000000 00:00 0 
bfdf1000-bfe12000 rw-p 00000000 00:00 0          [stack]

VM Arguments:
jvm_args: -Djava.awt.headless=true -Xmx1024M -Dfile.encoding=UTF-8 -Duser.country=IN -Duser.language=en -Duser.variant 
java_command: com.android.dx.command.Main --dex --num-threads=4 --output /home/priya/matrix/Kurukshetra/app/build/intermediates/pre-dexed/debug/Kurukshetra-mylibrary-unspecified_aae764f31d7eea6877fd0774b374aa08c6f8c768.jar /home/priya/matrix/Kurukshetra/app/build/intermediates/exploded-aar/Kurukshetra/mylibrary/unspecified/jars/classes.jar
java_class_path (initial): /home/priya/Android/Sdk/build-tools/23.0.2/lib/dx.jar
Launcher Type: SUN_STANDARD

Environment Variables:
JAVA_HOME=/usr/lib/jvm/java-8-oracle
PATH=/usr/local/sbin:/usr/local/bin:/usr/sbin:/usr/bin:/sbin:/bin:/usr/games:/usr/local/games
LD_LIBRARY_PATH=bin:
SHELL=/bin/bash
DISPLAY=:0

Signal Handlers:
SIGSEGV: [libjvm.so+0x894cb0], sa_mask[0]=11111111011111111101111111111110, sa_flags=SA_RESTART|SA_SIGINFO
SIGBUS: [libjvm.so+0x894cb0], sa_mask[0]=11111111011111111101111111111110, sa_flags=SA_RESTART|SA_SIGINFO
SIGFPE: [libjvm.so+0x71dd00], sa_mask[0]=11111111011111111101111111111110, sa_flags=SA_RESTART|SA_SIGINFO
SIGPIPE: [libjvm.so+0x71dd00], sa_mask[0]=11111111011111111101111111111110, sa_flags=SA_RESTART|SA_SIGINFO
SIGXFSZ: [libjvm.so+0x71dd00], sa_mask[0]=11111111011111111101111111111110, sa_flags=SA_RESTART|SA_SIGINFO
SIGILL: [libjvm.so+0x71dd00], sa_mask[0]=11111111011111111101111111111110, sa_flags=SA_RESTART|SA_SIGINFO
SIGUSR1: SIG_DFL, sa_mask[0]=00000000000000000000000000000000, sa_flags=none
SIGUSR2: [libjvm.so+0x71f4b0], sa_mask[0]=00100000000000000000000000000000, sa_flags=SA_RESTART|SA_SIGINFO
SIGHUP: [libjvm.so+0x7209b0], sa_mask[0]=11111111011111111101111111111110, sa_flags=SA_RESTART|SA_SIGINFO
SIGINT: [libjvm.so+0x7209b0], sa_mask[0]=11111111011111111101111111111110, sa_flags=SA_RESTART|SA_SIGINFO
SIGTERM: [libjvm.so+0x7209b0], sa_mask[0]=11111111011111111101111111111110, sa_flags=SA_RESTART|SA_SIGINFO
SIGQUIT: [libjvm.so+0x7209b0], sa_mask[0]=11111111011111111101111111111110, sa_flags=SA_RESTART|SA_SIGINFO


---------------  S Y S T E M  ---------------

OS:DISTRIB_ID=Ubuntu
DISTRIB_RELEASE=14.04
DISTRIB_CODENAME=trusty
DISTRIB_DESCRIPTION="Ubuntu 14.04.1 LTS"

uname:Linux 3.13.0-45-generic #74-Ubuntu SMP Tue Jan 13 19:37:48 UTC 2015 i686
libc:glibc 2.19 NPTL 2.19 
rlimit: STACK 8192k, CORE 0k, NPROC 31374, NOFILE 4096, AS infinity
load average:2.26 0.82 0.76

/proc/meminfo:
MemTotal:        4035208 kB
MemFree:          199040 kB
Buffers:            1236 kB
Cached:           551952 kB
SwapCached:            0 kB
Active:          2756900 kB
Inactive:         525516 kB
Active(anon):    2734428 kB
Inactive(anon):   503784 kB
Active(file):      22472 kB
Inactive(file):    21732 kB
Unevictable:          48 kB
Mlocked:              48 kB
HighTotal:       3182980 kB
HighFree:          40952 kB
LowTotal:         852228 kB
LowFree:          158088 kB
SwapTotal:             0 kB
SwapFree:              0 kB
Dirty:               880 kB
Writeback:             0 kB
AnonPages:       2729800 kB
Mapped:           617828 kB
Shmem:            508688 kB
Slab:              48772 kB
SReclaimable:      22300 kB
SUnreclaim:        26472 kB
KernelStack:        5736 kB
PageTables:        17672 kB
NFS_Unstable:          0 kB
Bounce:                0 kB
WritebackTmp:          0 kB
CommitLimit:     2017604 kB
Committed_AS:    8473040 kB
VmallocTotal:     122880 kB
VmallocUsed:       73840 kB
VmallocChunk:      41968 kB
HardwareCorrupted:     0 kB
AnonHugePages:   1306624 kB
HugePages_Total:       0
HugePages_Free:        0
HugePages_Rsvd:        0
HugePages_Surp:        0
Hugepagesize:       2048 kB
DirectMap4k:       24568 kB
DirectMap2M:      888832 kB


CPU:total 4 (2 cores per cpu, 2 threads per core) family 6 model 69 stepping 1, cmov, cx8, fxsr, mmx, sse, sse2, sse3, ssse3, sse4.1, sse4.2, popcnt, avx, avx2, aes, clmul, erms, lzcnt, ht, tsc, tscinvbit, bmi1, bmi2

/proc/cpuinfo:
processor	: 0
vendor_id	: GenuineIntel
cpu family	: 6
model		: 69
model name	: Intel(R) Core(TM) i5-4210U CPU @ 1.70GHz
stepping	: 1
microcode	: 0x17
cpu MHz		: 1700.000
cache size	: 3072 KB
physical id	: 0
siblings	: 4
core id		: 0
cpu cores	: 2
apicid		: 0
initial apicid	: 0
fdiv_bug	: no
f00f_bug	: no
coma_bug	: no
fpu		: yes
fpu_exception	: yes
cpuid level	: 13
wp		: yes
flags		: fpu vme de pse tsc msr pae mce cx8 apic sep mtrr pge mca cmov pat pse36 clflush dts acpi mmx fxsr sse sse2 ss ht tm pbe nx pdpe1gb rdtscp lm constant_tsc arch_perfmon pebs bts xtopology nonstop_tsc aperfmperf eagerfpu pni pclmulqdq dtes64 monitor ds_cpl vmx est tm2 ssse3 fma cx16 xtpr pdcm pcid sse4_1 sse4_2 movbe popcnt tsc_deadline_timer aes xsave avx f16c rdrand lahf_lm abm ida arat epb xsaveopt pln pts dtherm tpr_shadow vnmi flexpriority ept vpid fsgsbase tsc_adjust bmi1 avx2 smep bmi2 erms invpcid
bogomips	: 3392.20
clflush size	: 64
cache_alignment	: 64
address sizes	: 39 bits physical, 48 bits virtual
power management:

processor	: 1
vendor_id	: GenuineIntel
cpu family	: 6
model		: 69
model name	: Intel(R) Core(TM) i5-4210U CPU @ 1.70GHz
stepping	: 1
microcode	: 0x17
cpu MHz		: 1500.000
cache size	: 3072 KB
physical id	: 0
siblings	: 4
core id		: 1
cpu cores	: 2
apicid		: 2
initial apicid	: 2
fdiv_bug	: no
f00f_bug	: no
coma_bug	: no
fpu		: yes
fpu_exception	: yes
cpuid level	: 13
wp		: yes
flags		: fpu vme de pse tsc msr pae mce cx8 apic sep mtrr pge mca cmov pat pse36 clflush dts acpi mmx fxsr sse sse2 ss ht tm pbe nx pdpe1gb rdtscp lm constant_tsc arch_perfmon pebs bts xtopology nonstop_tsc aperfmperf eagerfpu pni pclmulqdq dtes64 monitor ds_cpl vmx est tm2 ssse3 fma cx16 xtpr pdcm pcid sse4_1 sse4_2 movbe popcnt tsc_deadline_timer aes xsave avx f16c rdrand lahf_lm abm ida arat epb xsaveopt pln pts dtherm tpr_shadow vnmi flexpriority ept vpid fsgsbase tsc_adjust bmi1 avx2 smep bmi2 erms invpcid
bogomips	: 3392.20
clflush size	: 64
cache_alignment	: 64
address sizes	: 39 bits physical, 48 bits virtual
power management:

processor	: 2
vendor_id	: GenuineIntel
cpu family	: 6
model		: 69
model name	: Intel(R) Core(TM) i5-4210U CPU @ 1.70GHz
stepping	: 1
microcode	: 0x17
cpu MHz		: 1700.000
cache size	: 3072 KB
physical id	: 0
siblings	: 4
core id		: 0
cpu cores	: 2
apicid		: 1
initial apicid	: 1
fdiv_bug	: no
f00f_bug	: no
coma_bug	: no
fpu		: yes
fpu_exception	: yes
cpuid level	: 13
wp		: yes
flags		: fpu vme de pse tsc msr pae mce cx8 apic sep mtrr pge mca cmov pat pse36 clflush dts acpi mmx fxsr sse sse2 ss ht tm pbe nx pdpe1gb rdtscp lm constant_tsc arch_perfmon pebs bts xtopology nonstop_tsc aperfmperf eagerfpu pni pclmulqdq dtes64 monitor ds_cpl vmx est tm2 ssse3 fma cx16 xtpr pdcm pcid sse4_1 sse4_2 movbe popcnt tsc_deadline_timer aes xsave avx f16c rdrand lahf_lm abm ida arat epb xsaveopt pln pts dtherm tpr_shadow vnmi flexpriority ept vpid fsgsbase tsc_adjust bmi1 avx2 smep bmi2 erms invpcid
bogomips	: 3392.20
clflush size	: 64
cache_alignment	: 64
address sizes	: 39 bits physical, 48 bits virtual
power management:

processor	: 3
vendor_id	: GenuineIntel
cpu family	: 6
model		: 69
model name	: Intel(R) Core(TM) i5-4210U CPU @ 1.70GHz
stepping	: 1
microcode	: 0x17
cpu MHz		: 782.000
cache size	: 3072 KB
physical id	: 0
siblings	: 4
core id		: 1
cpu cores	: 2
apicid		: 3
initial apicid	: 3
fdiv_bug	: no
f00f_bug	: no
coma_bug	: no
fpu		: yes
fpu_exception	: yes
cpuid level	: 13
wp		: yes
flags		: fpu vme de pse tsc msr pae mce cx8 apic sep mtrr pge mca cmov pat pse36 clflush dts acpi mmx fxsr sse sse2 ss ht tm pbe nx pdpe1gb rdtscp lm constant_tsc arch_perfmon pebs bts xtopology nonstop_tsc aperfmperf eagerfpu pni pclmulqdq dtes64 monitor ds_cpl vmx est tm2 ssse3 fma cx16 xtpr pdcm pcid sse4_1 sse4_2 movbe popcnt tsc_deadline_timer aes xsave avx f16c rdrand lahf_lm abm ida arat epb xsaveopt pln pts dtherm tpr_shadow vnmi flexpriority ept vpid fsgsbase tsc_adjust bmi1 avx2 smep bmi2 erms invpcid
bogomips	: 3392.20
clflush size	: 64
cache_alignment	: 64
address sizes	: 39 bits physical, 48 bits virtual
power management:



Memory: 4k page, physical 4035208k(199040k free), swap 0k(0k free)

vm_info: Java HotSpot(TM) Server VM (25.31-b07) for linux-x86 JRE (1.8.0_31-b13), built on Dec 17 2014 20:50:14 by "java_re" with gcc 4.3.0 20080428 (Red Hat 4.3.0-8)

time: Thu Dec 17 17:10:21 2015
elapsed time: 6 seconds (0d 0h 0m 6s)

