#
# There is insufficient memory for the Java Runtime Environment to continue.
# Native memory allocation (mmap) failed to map 262144 bytes for committing reserved memory.
# Possible reasons:
#   The system is out of physical RAM or swap space
#   In 32 bit mode, the process size limit was hit
# Possible solutions:
#   Reduce memory load on the system
#   Increase physical memory or swap space
#   Check if swap backing store is full
#   Use 64 bit Java on a 64 bit OS
#   Decrease Java heap size (-Xmx/-Xms)
#   Decrease number of Java threads
#   Decrease Java thread stack sizes (-Xss)
#   Set larger code cache with -XX:ReservedCodeCacheSize=
# This output file may be truncated or incomplete.
#
#  Out of Memory Error (os_linux.cpp:2671), pid=16658, tid=1674111808
#
# JRE version: Java(TM) SE Runtime Environment (8.0_31-b13) (build 1.8.0_31-b13)
# Java VM: Java HotSpot(TM) Server VM (25.31-b07 mixed mode linux-x86 )
# Failed to write core dump. Core dumps have been disabled. To enable core dumping, try "ulimit -c unlimited" before starting Java again
#

---------------  T H R E A D  ---------------

Current thread (0x63b81000):  VMThread [stack: 0x63c0e000,0x63c8f000] [id=16667]

Stack: [0x63c0e000,0x63c8f000],  sp=0x63c8d520,  free space=509k
Native frames: (J=compiled Java code, j=interpreted, Vv=VM code, C=native code)
V  [libjvm.so+0x8941c9]  VMError::report_and_die()+0x179
V  [libjvm.so+0x375385]  report_vm_out_of_memory(char const*, int, unsigned int, VMErrorType, char const*)+0x55
V  [libjvm.so+0x720f66]  os::Linux::commit_memory_impl(char*, unsigned int, bool)+0xe6
V  [libjvm.so+0x721388]  os::pd_commit_memory(char*, unsigned int, unsigned int, bool)+0x28
V  [libjvm.so+0x71ad5c]  os::commit_memory(char*, unsigned int, unsigned int, bool)+0x2c
V  [libjvm.so+0x782e98]  PSVirtualSpace::expand_by(unsigned int)+0x48
V  [libjvm.so+0x7762d1]  PSOldGen::expand(unsigned int)+0x141
V  [libjvm.so+0x7764cb]  PSOldGen::expand_and_cas_allocate(unsigned int)+0x1b
V  [libjvm.so+0x77f197]  oopDesc* PSPromotionManager::copy_to_survivor_space<false>(oopDesc*)+0x447
V  [libjvm.so+0x77e891]  PSPromotionManager::drain_stacks_depth(bool)+0x611
V  [libjvm.so+0x781785]  PSEvacuateFollowersClosure::do_void()+0x15
V  [libjvm.so+0x78617f]  ReferenceProcessor::process_phase3(DiscoveredList&, bool, BoolObjectClosure*, OopClosure*, VoidClosure*)+0xaf
V  [libjvm.so+0x78640d]  ReferenceProcessor::process_discovered_reflist(DiscoveredList*, ReferencePolicy*, bool, BoolObjectClosure*, OopClosure*, VoidClosure*, AbstractRefProcTaskExecutor*)+0x1ed
V  [libjvm.so+0x7867bc]  ReferenceProcessor::process_discovered_references(BoolObjectClosure*, OopClosure*, VoidClosure*, AbstractRefProcTaskExecutor*, GCTimer*)+0x15c
V  [libjvm.so+0x780864]  PSScavenge::invoke_no_policy()+0x994
V  [libjvm.so+0x7813b8]  PSScavenge::invoke()+0x28
V  [libjvm.so+0x7418ba]  ParallelScavengeHeap::failed_mem_allocate(unsigned int)+0x5a
V  [libjvm.so+0x89591a]  VM_ParallelGCFailedAllocation::doit()+0x7a
V  [libjvm.so+0x89ea77]  VM_Operation::evaluate()+0x47
V  [libjvm.so+0x89cb43]  VMThread::evaluate_operation(VM_Operation*)+0xb3
V  [libjvm.so+0x89cee0]  VMThread::loop()+0x1b0
V  [libjvm.so+0x89d345]  VMThread::run()+0x85
V  [libjvm.so+0x723929]  java_start(Thread*)+0x119
C  [libpthread.so.0+0x6f70]  start_thread+0xd0

VM_Operation (0x62fad7f4): ParallelGCFailedAllocation, mode: safepoint, requested by thread 0x6322c000


---------------  P R O C E S S  ---------------

Java Threads: ( => current thread )
  0x6322d400 JavaThread "pool-2-thread-4" [_thread_blocked, id=16680, stack(0x62daf000,0x62e00000)]
  0x6322c000 JavaThread "pool-2-thread-3" [_thread_blocked, id=16679, stack(0x62f5e000,0x62faf000)]
  0x63227800 JavaThread "pool-2-thread-2" [_thread_blocked, id=16678, stack(0x62faf000,0x63000000)]
  0x6321c400 JavaThread "pool-3-thread-1" [_thread_blocked, id=16677, stack(0x63309000,0x6335a000)]
  0x6321b000 JavaThread "pool-2-thread-1" [_thread_blocked, id=16676, stack(0x6335a000,0x633ab000)]
  0x63baa800 JavaThread "Service Thread" daemon [_thread_blocked, id=16674, stack(0x6342c000,0x6347d000)]
  0x63ba7400 JavaThread "C1 CompilerThread2" daemon [_thread_blocked, id=16673, stack(0x6347d000,0x634fe000)]
  0x63ba5c00 JavaThread "C2 CompilerThread1" daemon [_thread_blocked, id=16672, stack(0x634fe000,0x6357f000)]
  0x63ba4000 JavaThread "C2 CompilerThread0" daemon [_thread_blocked, id=16671, stack(0x6357f000,0x63600000)]
  0x63ba2400 JavaThread "Signal Dispatcher" daemon [_thread_blocked, id=16670, stack(0x63a0d000,0x63a5e000)]
  0x63b85800 JavaThread "Finalizer" daemon [_thread_blocked, id=16669, stack(0x63a5e000,0x63aaf000)]
  0x63b84000 JavaThread "Reference Handler" daemon [_thread_blocked, id=16668, stack(0x63aaf000,0x63b00000)]
  0xb6507800 JavaThread "main" [_thread_blocked, id=16661, stack(0xb66cc000,0xb671d000)]

Other Threads:
=>0x63b81000 VMThread [stack: 0x63c0e000,0x63c8f000] [id=16667]
  0x63bac000 WatcherThread [stack: 0x633ab000,0x6342c000] [id=16675]

VM state:at safepoint (normal execution)

VM Mutex/Monitor currently owned by a thread:  ([mutex/lock_event])
[0xb65049d0] ExpandHeap_lock - owner thread: 0x63b81000
[0xb6504f18] Threads_lock - owner thread: 0x63b81000
[0xb6505328] Heap_lock - owner thread: 0x6322c000

Heap:
 PSYoungGen      total 252928K, used 252924K [0x91ac0000, 0xa4000000, 0xa7000000)
  eden space 225024K, 100% used [0x91ac0000,0x9f680000,0x9f680000)
  from space 27904K, 99% used [0xa0380000,0xa1ebf2e8,0xa1ec0000)
  to   space 34048K, 99% used [0xa1ec0000,0xa3fff998,0xa4000000)
 ParOldGen       total 81408K, used 81407K [0x67000000, 0x6bf80000, 0x91ac0000)
  object space 81408K, 99% used [0x67000000,0x6bf7fd40,0x6bf80000)
 Metaspace       used 4194K, capacity 4230K, committed 4248K, reserved 4400K

Card table byte_map: [0x66dff000,0x67000000] byte_map_base: 0x66ac7000

Marking Bits: (ParMarkBitMap*) 0xb711c580
 Begin Bits: [0x64700000, 0x65700000)
 End Bits:   [0x65700000, 0x66700000)

Polling page: 0xb7720000

CodeCache: size=245760Kb used=7611Kb max_used=7625Kb free=238148Kb
 bounds [0xa7500000, 0xa7c78000, 0xb6500000]
 total_blobs=2479 nmethods=2320 adapters=74
 compilation: enabled

Compilation events (10 events):
Event: 4.867 Thread 0x63ba7400 2459       2       com.android.dx.rop.code.Rops::opCmpl (53 bytes)
Event: 4.867 Thread 0x63ba7400 nmethod 2459 0xa7c2af08 code [0xa7c2b0a0, 0xa7c2b3c8]
Event: 4.876 Thread 0x63ba7400 2460       2       com.android.dx.rop.code.FillArrayDataInsn::withNewRegisters (25 bytes)
Event: 4.877 Thread 0x63ba7400 nmethod 2460 0xa7c2ac08 code [0xa7c2ad20, 0xa7c2ae6c]
Event: 4.900 Thread 0x63ba7400 2461       3       com.android.dx.ssa.back.FirstFitLocalCombiningAllocator::getLocalItemForReg (97 bytes)
Event: 4.900 Thread 0x63ba7400 nmethod 2461 0xa7c29888 code [0xa7c29aa0, 0xa7c2a6c0]
Event: 4.931 Thread 0x63ba4000 nmethod 2422 0xa7c75008 code [0xa7c75240, 0xa7c76770]
Event: 4.931 Thread 0x63ba4000 2240   !   4       com.android.dx.rop.type.Type::intern (319 bytes)
Event: 4.947 Thread 0x63ba7400 2462       3       com.android.dx.rop.code.DexTranslationAdvice::totalRopWidth (36 bytes)
Event: 4.947 Thread 0x63ba7400 nmethod 2462 0xa7c31888 code [0xa7c31a00, 0xa7c32044]

GC Heap History (10 events):
Event: 2.020 GC heap after
Heap after GC invocations=6 (full 0):
 PSYoungGen      total 138752K, used 12034K [0x91ac0000, 0x9b6c0000, 0xa7000000)
  eden space 124672K, 0% used [0x91ac0000,0x91ac0000,0x99480000)
  from space 14080K, 85% used [0x9a480000,0x9b040b78,0x9b240000)
  to   space 16384K, 0% used [0x99480000,0x99480000,0x9a480000)
 ParOldGen       total 42496K, used 18559K [0x67000000, 0x69980000, 0x91ac0000)
  object space 42496K, 43% used [0x67000000,0x6821ff30,0x69980000)
 Metaspace       used 3918K, capacity 3942K, committed 3992K, reserved 4400K
}
Event: 2.587 GC heap before
{Heap before GC invocations=7 (full 0):
 PSYoungGen      total 138752K, used 136706K [0x91ac0000, 0x9b6c0000, 0xa7000000)
  eden space 124672K, 100% used [0x91ac0000,0x99480000,0x99480000)
  from space 14080K, 85% used [0x9a480000,0x9b040b78,0x9b240000)
  to   space 16384K, 0% used [0x99480000,0x99480000,0x9a480000)
 ParOldGen       total 42496K, used 18559K [0x67000000, 0x69980000, 0x91ac0000)
  object space 42496K, 43% used [0x67000000,0x6821ff30,0x69980000)
 Metaspace       used 4092K, capacity 4134K, committed 4248K, reserved 4400K
Event: 2.635 GC heap after
Heap after GC invocations=7 (full 0):
 PSYoungGen      total 141056K, used 16370K [0x91ac0000, 0xa4140000, 0xa7000000)
  eden space 124672K, 0% used [0x91ac0000,0x91ac0000,0x99480000)
  from space 16384K, 99% used [0x99480000,0x9a47c808,0x9a480000)
  to   space 26112K, 0% used [0xa27c0000,0xa27c0000,0xa4140000)
 ParOldGen       total 42496K, used 30980K [0x67000000, 0x69980000, 0x91ac0000)
  object space 42496K, 72% used [0x67000000,0x68e41348,0x69980000)
 Metaspace       used 4092K, capacity 4134K, committed 4248K, reserved 4400K
}
Event: 2.635 GC heap before
{Heap before GC invocations=8 (full 1):
 PSYoungGen      total 141056K, used 16370K [0x91ac0000, 0xa4140000, 0xa7000000)
  eden space 124672K, 0% used [0x91ac0000,0x91ac0000,0x99480000)
  from space 16384K, 99% used [0x99480000,0x9a47c808,0x9a480000)
  to   space 26112K, 0% used [0xa27c0000,0xa27c0000,0xa4140000)
 ParOldGen       total 42496K, used 30980K [0x67000000, 0x69980000, 0x91ac0000)
  object space 42496K, 72% used [0x67000000,0x68e41348,0x69980000)
 Metaspace       used 4092K, capacity 4134K, committed 4248K, reserved 4400K
Event: 2.954 GC heap after
Heap after GC invocations=8 (full 1):
 PSYoungGen      total 141056K, used 1764K [0x91ac0000, 0xa4140000, 0xa7000000)
  eden space 124672K, 0% used [0x91ac0000,0x91ac0000,0x99480000)
  from space 16384K, 10% used [0x99480000,0x99639170,0x9a480000)
  to   space 26112K, 0% used [0xa27c0000,0xa27c0000,0xa4140000)
 ParOldGen       total 81408K, used 42412K [0x67000000, 0x6bf80000, 0x91ac0000)
  object space 81408K, 52% used [0x67000000,0x6996b198,0x6bf80000)
 Metaspace       used 4092K, capacity 4134K, committed 4248K, reserved 4400K
}
Event: 3.403 GC heap before
{Heap before GC invocations=9 (full 1):
 PSYoungGen      total 141056K, used 126436K [0x91ac0000, 0xa4140000, 0xa7000000)
  eden space 124672K, 100% used [0x91ac0000,0x99480000,0x99480000)
  from space 16384K, 10% used [0x99480000,0x99639170,0x9a480000)
  to   space 26112K, 0% used [0xa27c0000,0xa27c0000,0xa4140000)
 ParOldGen       total 81408K, used 42412K [0x67000000, 0x6bf80000, 0x91ac0000)
  object space 81408K, 52% used [0x67000000,0x6996b198,0x6bf80000)
 Metaspace       used 4132K, capacity 4166K, committed 4248K, reserved 4400K
Event: 3.463 GC heap after
Heap after GC invocations=9 (full 1):
 PSYoungGen      total 193536K, used 18600K [0x91ac0000, 0xa3a00000, 0xa7000000)
  eden space 174848K, 0% used [0x91ac0000,0x91ac0000,0x9c580000)
  from space 18688K, 99% used [0xa27c0000,0xa39ea180,0xa3a00000)
  to   space 27904K, 0% used [0xa0380000,0xa0380000,0xa1ec0000)
 ParOldGen       total 81408K, used 42416K [0x67000000, 0x6bf80000, 0x91ac0000)
  object space 81408K, 52% used [0x67000000,0x6996c198,0x6bf80000)
 Metaspace       used 4132K, capacity 4166K, committed 4248K, reserved 4400K
}
Event: 4.034 GC heap before
{Heap before GC invocations=10 (full 1):
 PSYoungGen      total 193536K, used 193448K [0x91ac0000, 0xa3a00000, 0xa7000000)
  eden space 174848K, 100% used [0x91ac0000,0x9c580000,0x9c580000)
  from space 18688K, 99% used [0xa27c0000,0xa39ea180,0xa3a00000)
  to   space 27904K, 0% used [0xa0380000,0xa0380000,0xa1ec0000)
 ParOldGen       total 81408K, used 42416K [0x67000000, 0x6bf80000, 0x91ac0000)
  object space 81408K, 52% used [0x67000000,0x6996c198,0x6bf80000)
 Metaspace       used 4181K, capacity 4198K, committed 4248K, reserved 4400K
Event: 4.158 GC heap after
Heap after GC invocations=10 (full 1):
 PSYoungGen      total 252928K, used 27900K [0x91ac0000, 0xa4000000, 0xa7000000)
  eden space 225024K, 0% used [0x91ac0000,0x91ac0000,0x9f680000)
  from space 27904K, 99% used [0xa0380000,0xa1ebf2e8,0xa1ec0000)
  to   space 34048K, 0% used [0xa1ec0000,0xa1ec0000,0xa4000000)
 ParOldGen       total 81408K, used 54226K [0x67000000, 0x6bf80000, 0x91ac0000)
  object space 81408K, 66% used [0x67000000,0x6a4f4b78,0x6bf80000)
 Metaspace       used 4181K, capacity 4198K, committed 4248K, reserved 4400K
}
Event: 5.011 GC heap before
{Heap before GC invocations=11 (full 1):
 PSYoungGen      total 252928K, used 252924K [0x91ac0000, 0xa4000000, 0xa7000000)
  eden space 225024K, 100% used [0x91ac0000,0x9f680000,0x9f680000)
  from space 27904K, 99% used [0xa0380000,0xa1ebf2e8,0xa1ec0000)
  to   space 34048K, 0% used [0xa1ec0000,0xa1ec0000,0xa4000000)
 ParOldGen       total 81408K, used 54226K [0x67000000, 0x6bf80000, 0x91ac0000)
  object space 81408K, 66% used [0x67000000,0x6a4f4b78,0x6bf80000)
 Metaspace       used 4194K, capacity 4230K, committed 4248K, reserved 4400K

Deoptimization events (10 events):
Event: 2.354 Thread 0xb6507800 Uncommon trap: reason=bimorphic action=maybe_recompile pc=0xa7825bb0 method=java.util.HashMap.putVal(ILjava/lang/Object;Ljava/lang/Object;ZZ)Ljava/lang/Object; @ 203
Event: 2.356 Thread 0x6321b000 Uncommon trap: reason=bimorphic action=maybe_recompile pc=0xa7825bb0 method=java.util.HashMap.putVal(ILjava/lang/Object;Ljava/lang/Object;ZZ)Ljava/lang/Object; @ 203
Event: 3.242 Thread 0xb6507800 Uncommon trap: reason=unreached action=reinterpret pc=0xa778a09c method=java.util.HashMap.putVal(ILjava/lang/Object;Ljava/lang/Object;ZZ)Ljava/lang/Object; @ 109
Event: 3.315 Thread 0x6322c000 Uncommon trap: reason=unreached action=reinterpret pc=0xa7aac600 method=com.android.dx.ssa.SCCP.simulateBranch(Lcom/android/dx/ssa/SsaInsn;)V @ 132
Event: 3.333 Thread 0x6322c000 Uncommon trap: reason=unreached action=reinterpret pc=0xa7a856ec method=java.util.HashMap.putVal(ILjava/lang/Object;Ljava/lang/Object;ZZ)Ljava/lang/Object; @ 109
Event: 3.569 Thread 0x6321b000 Uncommon trap: reason=unreached action=reinterpret pc=0xa7b47170 method=com.android.dx.cf.code.BaseMachine.getLocalTarget(Z)Lcom/android/dx/rop/code/RegisterSpec; @ 131
Event: 4.284 Thread 0x6322d400 Uncommon trap: reason=bimorphic action=maybe_recompile pc=0xa791ed5c method=com.android.dx.ssa.SCCP.setLatticeValueTo(IILcom/android/dx/rop/cst/Constant;)Z @ 43
Event: 4.285 Thread 0x6322d400 Uncommon trap: reason=bimorphic action=maybe_recompile pc=0xa791ed5c method=com.android.dx.ssa.SCCP.setLatticeValueTo(IILcom/android/dx/rop/cst/Constant;)Z @ 43
Event: 4.418 Thread 0x6322c000 Uncommon trap: reason=unreached action=reinterpret pc=0xa79e3fe8 method=com.android.dx.rop.code.LocalItem.compareHandlesNulls(Lcom/android/dx/rop/cst/CstString;Lcom/android/dx/rop/cst/CstString;)I @ 14
Event: 4.620 Thread 0x63227800 Uncommon trap: reason=unreached action=reinterpret pc=0xa7925d6c method=com.android.dx.ssa.MoveParamCombiner$1.visitNonMoveInsn(Lcom/android/dx/ssa/NormalSsaInsn;)V @ 27

Internal exceptions (10 events):
Event: 1.157 Thread 0x6321b000 Exception <a 'java/security/PrivilegedActionException'> (0x9273a838) thrown at [/HUDSON3/workspace/8-2-build-linux-i586/jdk8u31/2394/hotspot/src/share/vm/prims/jvm.cpp, line 1312]
Event: 1.264 Thread 0x6322c000 Implicit null exception at 0xa7762e6a to 0xa7764a6d
Event: 1.298 Thread 0xb6507800 Exception <a 'java/security/PrivilegedActionException'> (0x93832b30) thrown at [/HUDSON3/workspace/8-2-build-linux-i586/jdk8u31/2394/hotspot/src/share/vm/prims/jvm.cpp, line 1312]
Event: 1.611 Thread 0xb6507800 Exception <a 'java/security/PrivilegedActionException'> (0x949f77d8) thrown at [/HUDSON3/workspace/8-2-build-linux-i586/jdk8u31/2394/hotspot/src/share/vm/prims/jvm.cpp, line 1312]
Event: 1.961 Thread 0x6322d400 Exception <a 'java/security/PrivilegedActionException'> (0x951df1a0) thrown at [/HUDSON3/workspace/8-2-build-linux-i586/jdk8u31/2394/hotspot/src/share/vm/prims/jvm.cpp, line 1312]
Event: 2.234 Thread 0x63227800 Exception <a 'java/lang/ArrayIndexOutOfBoundsException': 18> (0x93f42688) thrown at [/HUDSON3/workspace/8-2-build-linux-i586/jdk8u31/2394/hotspot/src/share/vm/interpreter/interpreterRuntime.cpp, line 366]
Event: 2.235 Thread 0x63227800 Exception <a 'java/lang/ArrayIndexOutOfBoundsException': 145> (0x93f43e50) thrown at [/HUDSON3/workspace/8-2-build-linux-i586/jdk8u31/2394/hotspot/src/share/vm/interpreter/interpreterRuntime.cpp, line 366]
Event: 2.236 Thread 0x63227800 Exception <a 'java/lang/ArrayIndexOutOfBoundsException'> (0x93f44e70) thrown at [/HUDSON3/workspace/8-2-build-linux-i586/jdk8u31/2394/hotspot/src/share/vm/runtime/sharedRuntime.cpp, line 604]
Event: 3.577 Thread 0xb6507800 Exception <a 'java/security/PrivilegedActionException'> (0x93781c48) thrown at [/HUDSON3/workspace/8-2-build-linux-i586/jdk8u31/2394/hotspot/src/share/vm/prims/jvm.cpp, line 1312]
Event: 4.418 Thread 0x6322c000 Implicit null exception at 0xa79e2c86 to 0xa79e3fc9

Events (10 events):
Event: 4.701 Thread 0x63227800 DEOPT UNPACKING pc=0xa753c310 sp=0x62ffe600 mode 0
Event: 4.761 Thread 0x6321b000 DEOPT PACKING pc=0xa781b09e sp=0x633a9690
Event: 4.761 Thread 0x6321b000 DEOPT UNPACKING pc=0xa753c310 sp=0x633a9500 mode 0
Event: 4.833 Thread 0x6322d400 DEOPT PACKING pc=0xa781b09e sp=0x62dfe8b0
Event: 4.833 Thread 0x6322d400 DEOPT UNPACKING pc=0xa753c310 sp=0x62dfe720 mode 0
Event: 4.926 Thread 0x6322d400 DEOPT PACKING pc=0xa781b09e sp=0x62dfe8b0
Event: 4.926 Thread 0x6322d400 DEOPT UNPACKING pc=0xa753c310 sp=0x62dfe720 mode 0
Event: 5.006 Thread 0x6321b000 DEOPT PACKING pc=0xa781b09e sp=0x633a96b0
Event: 5.006 Thread 0x6321b000 DEOPT UNPACKING pc=0xa753c310 sp=0x633a9520 mode 0
Event: 5.011 Executing VM operation: ParallelGCFailedAllocation


Dynamic libraries:
08048000-08049000 r-xp 00000000 08:06 1556514    /usr/lib/jvm/java-8-oracle/bin/java
08049000-0804a000 rw-p 00000000 08:06 1556514    /usr/lib/jvm/java-8-oracle/bin/java
08055000-080ee000 rw-p 00000000 00:00 0          [heap]
61800000-618b3000 rw-p 00000000 00:00 0 
618b3000-61900000 ---p 00000000 00:00 0 
61900000-619fc000 rw-p 00000000 00:00 0 
619fc000-61a00000 ---p 00000000 00:00 0 
61a00000-61af9000 rw-p 00000000 00:00 0 
61af9000-61b00000 ---p 00000000 00:00 0 
61b00000-61b5b000 rw-p 00000000 00:00 0 
61b5b000-61c00000 ---p 00000000 00:00 0 
61c00000-61cfa000 rw-p 00000000 00:00 0 
61cfa000-61d00000 ---p 00000000 00:00 0 
61d00000-61dfa000 rw-p 00000000 00:00 0 
61dfa000-61e00000 ---p 00000000 00:00 0 
61f00000-61ff9000 rw-p 00000000 00:00 0 
61ff9000-62000000 ---p 00000000 00:00 0 
62000000-620fb000 rw-p 00000000 00:00 0 
620fb000-62100000 ---p 00000000 00:00 0 
62100000-621aa000 rw-p 00000000 00:00 0 
621aa000-62200000 ---p 00000000 00:00 0 
62200000-62300000 rw-p 00000000 00:00 0 
62300000-623fe000 rw-p 00000000 00:00 0 
623fe000-62400000 ---p 00000000 00:00 0 
62400000-62500000 rw-p 00000000 00:00 0 
62600000-626fb000 rw-p 00000000 00:00 0 
626fb000-62700000 ---p 00000000 00:00 0 
62700000-62800000 rw-p 00000000 00:00 0 
62800000-62900000 rw-p 00000000 00:00 0 
62900000-629fa000 rw-p 00000000 00:00 0 
629fa000-62a00000 ---p 00000000 00:00 0 
62a00000-62aff000 rw-p 00000000 00:00 0 
62aff000-62b00000 ---p 00000000 00:00 0 
62c00000-62cff000 rw-p 00000000 00:00 0 
62cff000-62d00000 ---p 00000000 00:00 0 
62daf000-62db2000 ---p 00000000 00:00 0 
62db2000-62e00000 rw-p 00000000 00:00 0          [stack:16680]
62e00000-62efd000 rw-p 00000000 00:00 0 
62efd000-62f00000 ---p 00000000 00:00 0 
62f5e000-62f61000 ---p 00000000 00:00 0 
62f61000-62faf000 rw-p 00000000 00:00 0          [stack:16679]
62faf000-62fb2000 ---p 00000000 00:00 0 
62fb2000-63000000 rw-p 00000000 00:00 0          [stack:16678]
63000000-63100000 rw-p 00000000 00:00 0 
63100000-631fc000 rw-p 00000000 00:00 0 
631fc000-63200000 ---p 00000000 00:00 0 
63200000-632c4000 rw-p 00000000 00:00 0 
632c4000-63300000 ---p 00000000 00:00 0 
63309000-6330c000 ---p 00000000 00:00 0 
6330c000-6335a000 rw-p 00000000 00:00 0          [stack:16677]
6335a000-6335d000 ---p 00000000 00:00 0 
6335d000-633ab000 rw-p 00000000 00:00 0          [stack:16676]
633ab000-633ac000 ---p 00000000 00:00 0 
633ac000-6342c000 rw-p 00000000 00:00 0          [stack:16675]
6342c000-6342f000 ---p 00000000 00:00 0 
6342f000-6347d000 rw-p 00000000 00:00 0          [stack:16674]
6347d000-63480000 ---p 00000000 00:00 0 
63480000-634fe000 rw-p 00000000 00:00 0          [stack:16673]
634fe000-63501000 ---p 00000000 00:00 0 
63501000-6357f000 rw-p 00000000 00:00 0          [stack:16672]
6357f000-63582000 ---p 00000000 00:00 0 
63582000-63600000 rw-p 00000000 00:00 0          [stack:16671]
63600000-63800000 r--p 00000000 08:06 1093651    /usr/lib/locale/locale-archive
63800000-6383a000 rw-p 00000000 00:00 0 
6383a000-63900000 ---p 00000000 00:00 0 
63900000-639fd000 rw-p 00000000 00:00 0 
639fd000-63a00000 ---p 00000000 00:00 0 
63a0d000-63a10000 ---p 00000000 00:00 0 
63a10000-63a5e000 rw-p 00000000 00:00 0          [stack:16670]
63a5e000-63a61000 ---p 00000000 00:00 0 
63a61000-63aaf000 rw-p 00000000 00:00 0          [stack:16669]
63aaf000-63ab2000 ---p 00000000 00:00 0 
63ab2000-63b00000 rw-p 00000000 00:00 0          [stack:16668]
63b00000-63c00000 rw-p 00000000 00:00 0 
63c0e000-63c0f000 ---p 00000000 00:00 0 
63c0f000-63cde000 rw-p 00000000 00:00 0          [stack:16667]
63cde000-63eb4000 r--s 03cae000 08:06 1516955    /usr/lib/jvm/java-8-oracle/jre/lib/rt.jar
63eb4000-642da000 rw-p 00000000 00:00 0 
642da000-64300000 ---p 00000000 00:00 0 
64300000-66700000 rw-p 00000000 00:00 0 
66700000-667fe000 rw-p 00000000 00:00 0 
667fe000-66800000 ---p 00000000 00:00 0 
66824000-6687f000 rw-p 00000000 00:00 0 
6687f000-66880000 ---p 00000000 00:00 0 
66880000-66900000 rw-p 00000000 00:00 0          [stack:16666]
66900000-66921000 rw-p 00000000 00:00 0 
66921000-66a00000 ---p 00000000 00:00 0 
66a00000-66afa000 rw-p 00000000 00:00 0 
66afa000-66b00000 ---p 00000000 00:00 0 
66b00000-66b21000 rw-p 00000000 00:00 0 
66b21000-66c00000 ---p 00000000 00:00 0 
66c28000-66c29000 ---p 00000000 00:00 0 
66c29000-66cd1000 rw-p 00000000 00:00 0          [stack:16665]
66cd1000-66dff000 ---p 00000000 00:00 0 
66dff000-66e27000 rw-p 00000000 00:00 0 
66e27000-66f54000 ---p 00000000 00:00 0 
66f54000-66fe7000 rw-p 00000000 00:00 0 
66fe7000-66fff000 ---p 00000000 00:00 0 
66fff000-6bf80000 rw-p 00000000 00:00 0 
6bfc0000-91ac0000 ---p 00000000 00:00 0 
91ac0000-a4000000 rw-p 00000000 00:00 0 
a4000000-a7000000 ---p 00000000 00:00 0 
a7006000-a703e000 r--s 002c7000 08:06 142192     /home/priya/matrix/Kurukshetra/app/build/intermediates/transforms/jarMerging/debug/jars/1/1f/combined.jar
a703e000-a703f000 ---p 00000000 00:00 0 
a703f000-a70bf000 rw-p 00000000 00:00 0          [stack:16664]
a70bf000-a70c0000 ---p 00000000 00:00 0 
a70c0000-a715e000 rw-p 00000000 00:00 0          [stack:16663]
a715e000-a7500000 ---p 00000000 00:00 0 
a7500000-a7c78000 rwxp 00000000 00:00 0 
a7c78000-b6500000 ---p 00000000 00:00 0 
b6500000-b65fa000 rw-p 00000000 00:00 0 
b65fa000-b6600000 ---p 00000000 00:00 0 
b661b000-b6633000 rw-p 00000000 00:00 0 
b6633000-b664c000 r-xp 00000000 08:06 1549768    /usr/lib/jvm/java-8-oracle/jre/lib/i386/libzip.so
b664c000-b664d000 rw-p 00018000 08:06 1549768    /usr/lib/jvm/java-8-oracle/jre/lib/i386/libzip.so
b664d000-b6658000 r-xp 00000000 08:06 1933402    /lib/i386-linux-gnu/libnss_files-2.19.so
b6658000-b6659000 r--p 0000a000 08:06 1933402    /lib/i386-linux-gnu/libnss_files-2.19.so
b6659000-b665a000 rw-p 0000b000 08:06 1933402    /lib/i386-linux-gnu/libnss_files-2.19.so
b665a000-b6664000 r-xp 00000000 08:06 1933406    /lib/i386-linux-gnu/libnss_nis-2.19.so
b6664000-b6665000 r--p 00009000 08:06 1933406    /lib/i386-linux-gnu/libnss_nis-2.19.so
b6665000-b6666000 rw-p 0000a000 08:06 1933406    /lib/i386-linux-gnu/libnss_nis-2.19.so
b6666000-b667b000 r-xp 00000000 08:06 1933415    /lib/i386-linux-gnu/libnsl-2.19.so
b667b000-b667c000 r--p 00015000 08:06 1933415    /lib/i386-linux-gnu/libnsl-2.19.so
b667c000-b667d000 rw-p 00016000 08:06 1933415    /lib/i386-linux-gnu/libnsl-2.19.so
b667d000-b667f000 rw-p 00000000 00:00 0 
b667f000-b6686000 r-xp 00000000 08:06 1933343    /lib/i386-linux-gnu/libnss_compat-2.19.so
b6686000-b6687000 r--p 00006000 08:06 1933343    /lib/i386-linux-gnu/libnss_compat-2.19.so
b6687000-b6688000 rw-p 00007000 08:06 1933343    /lib/i386-linux-gnu/libnss_compat-2.19.so
b668e000-b669d000 r--s 000df000 08:06 3122779    /home/priya/Android/Sdk/build-tools/23.0.2/lib/dx.jar
b669d000-b669e000 r--p 00850000 08:06 1093651    /usr/lib/locale/locale-archive
b669e000-b66c2000 r-xp 00000000 08:06 1549783    /usr/lib/jvm/java-8-oracle/jre/lib/i386/libjava.so
b66c2000-b66c3000 rw-p 00023000 08:06 1549783    /usr/lib/jvm/java-8-oracle/jre/lib/i386/libjava.so
b66c3000-b66ca000 r-xp 00000000 08:06 1933332    /lib/i386-linux-gnu/librt-2.19.so
b66ca000-b66cb000 r--p 00006000 08:06 1933332    /lib/i386-linux-gnu/librt-2.19.so
b66cb000-b66cc000 rw-p 00007000 08:06 1933332    /lib/i386-linux-gnu/librt-2.19.so
b66cc000-b66cf000 ---p 00000000 00:00 0 
b66cf000-b671d000 rw-p 00000000 00:00 0          [stack:16661]
b671d000-b6761000 r-xp 00000000 08:06 1933416    /lib/i386-linux-gnu/libm-2.19.so
b6761000-b6762000 r--p 00043000 08:06 1933416    /lib/i386-linux-gnu/libm-2.19.so
b6762000-b6763000 rw-p 00044000 08:06 1933416    /lib/i386-linux-gnu/libm-2.19.so
b6763000-b70a0000 r-xp 00000000 08:06 1549788    /usr/lib/jvm/java-8-oracle/jre/lib/i386/server/libjvm.so
b70a0000-b710c000 rw-p 0093c000 08:06 1549788    /usr/lib/jvm/java-8-oracle/jre/lib/i386/server/libjvm.so
b710c000-b7531000 rw-p 00000000 00:00 0 
b7531000-b76da000 r-xp 00000000 08:06 1933403    /lib/i386-linux-gnu/libc-2.19.so
b76da000-b76dc000 r--p 001a9000 08:06 1933403    /lib/i386-linux-gnu/libc-2.19.so
b76dc000-b76dd000 rw-p 001ab000 08:06 1933403    /lib/i386-linux-gnu/libc-2.19.so
b76dd000-b76e0000 rw-p 00000000 00:00 0 
b76e0000-b76e3000 r-xp 00000000 08:06 1933409    /lib/i386-linux-gnu/libdl-2.19.so
b76e3000-b76e4000 r--p 00002000 08:06 1933409    /lib/i386-linux-gnu/libdl-2.19.so
b76e4000-b76e5000 rw-p 00003000 08:06 1933409    /lib/i386-linux-gnu/libdl-2.19.so
b76e5000-b76f9000 r-xp 00000000 08:06 1550414    /usr/lib/jvm/java-8-oracle/lib/i386/jli/libjli.so
b76f9000-b76fa000 rw-p 00013000 08:06 1550414    /usr/lib/jvm/java-8-oracle/lib/i386/jli/libjli.so
b76fa000-b76fb000 rw-p 00000000 00:00 0 
b76fb000-b7713000 r-xp 00000000 08:06 1933405    /lib/i386-linux-gnu/libpthread-2.19.so
b7713000-b7714000 r--p 00018000 08:06 1933405    /lib/i386-linux-gnu/libpthread-2.19.so
b7714000-b7715000 rw-p 00019000 08:06 1933405    /lib/i386-linux-gnu/libpthread-2.19.so
b7715000-b7717000 rw-p 00000000 00:00 0 
b7717000-b771f000 rw-s 00000000 08:06 386019     /tmp/hsperfdata_priya/16658
b771f000-b7720000 rw-p 00000000 00:00 0 
b7720000-b7721000 ---p 00000000 00:00 0 
b7721000-b772c000 r-xp 00000000 08:06 1549739    /usr/lib/jvm/java-8-oracle/jre/lib/i386/libverify.so
b772c000-b772d000 rw-p 0000b000 08:06 1549739    /usr/lib/jvm/java-8-oracle/jre/lib/i386/libverify.so
b772d000-b772f000 rw-p 00000000 00:00 0 
b772f000-b7730000 r-xp 00000000 00:00 0          [vdso]
b7730000-b7750000 r-xp 00000000 08:06 1936058    /lib/i386-linux-gnu/ld-2.19.so
b7750000-b7751000 r--p 0001f000 08:06 1936058    /lib/i386-linux-gnu/ld-2.19.so
b7751000-b7752000 rw-p 00020000 08:06 1936058    /lib/i386-linux-gnu/ld-2.19.so
bfe1a000-bfe1b000 rwxp 00000000 00:00 0 
bfe4d000-bfe6e000 rw-p 00000000 00:00 0          [stack]

VM Arguments:
jvm_args: -Djava.awt.headless=true -Xmx1024M -Dfile.encoding=UTF-8 -Duser.country=IN -Duser.language=en -Duser.variant 
java_command: com.android.dx.command.Main --dex --num-threads=4 --multi-dex --main-dex-list /home/priya/matrix/Kurukshetra/app/build/intermediates/multi-dex/debug/maindexlist.txt --output /home/priya/matrix/Kurukshetra/app/build/intermediates/transforms/dex/debug/folders/1000/1f/main /home/priya/matrix/Kurukshetra/app/build/intermediates/transforms/jarMerging/debug/jars/1/1f/combined.jar
java_class_path (initial): /home/priya/Android/Sdk/build-tools/23.0.2/lib/dx.jar
Launcher Type: SUN_STANDARD

Environment Variables:
JAVA_HOME=/usr/lib/jvm/java-8-oracle
PATH=/usr/local/sbin:/usr/local/bin:/usr/sbin:/usr/bin:/sbin:/bin:/usr/games:/usr/local/games
LD_LIBRARY_PATH=matrix/android-studio/bin:
SHELL=/bin/bash
DISPLAY=:0

Signal Handlers:
SIGSEGV: [libjvm.so+0x894cb0], sa_mask[0]=11111111011111111101111111111110, sa_flags=SA_RESTART|SA_SIGINFO
SIGBUS: [libjvm.so+0x894cb0], sa_mask[0]=11111111011111111101111111111110, sa_flags=SA_RESTART|SA_SIGINFO
SIGFPE: [libjvm.so+0x71dd00], sa_mask[0]=11111111011111111101111111111110, sa_flags=SA_RESTART|SA_SIGINFO
SIGPIPE: [libjvm.so+0x71dd00], sa_mask[0]=11111111011111111101111111111110, sa_flags=SA_RESTART|SA_SIGINFO
SIGXFSZ: [libjvm.so+0x71dd00], sa_mask[0]=11111111011111111101111111111110, sa_flags=SA_RESTART|SA_SIGINFO
SIGILL: [libjvm.so+0x71dd00], sa_mask[0]=11111111011111111101111111111110, sa_flags=SA_RESTART|SA_SIGINFO
SIGUSR1: SIG_DFL, sa_mask[0]=00000000000000000000000000000000, sa_flags=none
SIGUSR2: [libjvm.so+0x71f4b0], sa_mask[0]=00100000000000000000000000000000, sa_flags=SA_RESTART|SA_SIGINFO
SIGHUP: [libjvm.so+0x7209b0], sa_mask[0]=11111111011111111101111111111110, sa_flags=SA_RESTART|SA_SIGINFO
SIGINT: [libjvm.so+0x7209b0], sa_mask[0]=11111111011111111101111111111110, sa_flags=SA_RESTART|SA_SIGINFO
SIGTERM: [libjvm.so+0x7209b0], sa_mask[0]=11111111011111111101111111111110, sa_flags=SA_RESTART|SA_SIGINFO
SIGQUIT: [libjvm.so+0x7209b0], sa_mask[0]=11111111011111111101111111111110, sa_flags=SA_RESTART|SA_SIGINFO


---------------  S Y S T E M  ---------------

OS:DISTRIB_ID=Ubuntu
DISTRIB_RELEASE=14.04
DISTRIB_CODENAME=trusty
DISTRIB_DESCRIPTION="Ubuntu 14.04.1 LTS"

uname:Linux 3.13.0-45-generic #74-Ubuntu SMP Tue Jan 13 19:37:48 UTC 2015 i686
libc:glibc 2.19 NPTL 2.19 
rlimit: STACK 8192k, CORE 0k, NPROC 31374, NOFILE 4096, AS infinity
load average:20.55 6.38 2.90

/proc/meminfo:
MemTotal:        4035208 kB
MemFree:          214368 kB
Buffers:             560 kB
Cached:           642008 kB
SwapCached:            0 kB
Active:          2625736 kB
Inactive:         637028 kB
Active(anon):    2624836 kB
Inactive(anon):   617468 kB
Active(file):        900 kB
Inactive(file):    19560 kB
Unevictable:          96 kB
Mlocked:              96 kB
HighTotal:       3182980 kB
HighFree:          49104 kB
LowTotal:         852228 kB
LowFree:          165264 kB
SwapTotal:             0 kB
SwapFree:              0 kB
Dirty:                56 kB
Writeback:             0 kB
AnonPages:       2620412 kB
Mapped:           714684 kB
Shmem:            621988 kB
Slab:              47648 kB
SReclaimable:      20268 kB
SUnreclaim:        27380 kB
KernelStack:        5248 kB
PageTables:        17724 kB
NFS_Unstable:          0 kB
Bounce:              444 kB
WritebackTmp:          0 kB
CommitLimit:     2017604 kB
Committed_AS:    8183628 kB
VmallocTotal:     122880 kB
VmallocUsed:       73696 kB
VmallocChunk:      19840 kB
HardwareCorrupted:     0 kB
AnonHugePages:   1298432 kB
HugePages_Total:       0
HugePages_Free:        0
HugePages_Rsvd:        0
HugePages_Surp:        0
Hugepagesize:       2048 kB
DirectMap4k:       40952 kB
DirectMap2M:      872448 kB


CPU:total 4 (2 cores per cpu, 2 threads per core) family 6 model 69 stepping 1, cmov, cx8, fxsr, mmx, sse, sse2, sse3, ssse3, sse4.1, sse4.2, popcnt, avx, avx2, aes, clmul, erms, lzcnt, ht, tsc, tscinvbit, bmi1, bmi2

/proc/cpuinfo:
processor	: 0
vendor_id	: GenuineIntel
cpu family	: 6
model		: 69
model name	: Intel(R) Core(TM) i5-4210U CPU @ 1.70GHz
stepping	: 1
microcode	: 0x17
cpu MHz		: 1700.000
cache size	: 3072 KB
physical id	: 0
siblings	: 4
core id		: 0
cpu cores	: 2
apicid		: 0
initial apicid	: 0
fdiv_bug	: no
f00f_bug	: no
coma_bug	: no
fpu		: yes
fpu_exception	: yes
cpuid level	: 13
wp		: yes
flags		: fpu vme de pse tsc msr pae mce cx8 apic sep mtrr pge mca cmov pat pse36 clflush dts acpi mmx fxsr sse sse2 ss ht tm pbe nx pdpe1gb rdtscp lm constant_tsc arch_perfmon pebs bts xtopology nonstop_tsc aperfmperf eagerfpu pni pclmulqdq dtes64 monitor ds_cpl vmx est tm2 ssse3 fma cx16 xtpr pdcm pcid sse4_1 sse4_2 movbe popcnt tsc_deadline_timer aes xsave avx f16c rdrand lahf_lm abm ida arat epb xsaveopt pln pts dtherm tpr_shadow vnmi flexpriority ept vpid fsgsbase tsc_adjust bmi1 avx2 smep bmi2 erms invpcid
bogomips	: 3392.19
clflush size	: 64
cache_alignment	: 64
address sizes	: 39 bits physical, 48 bits virtual
power management:

processor	: 1
vendor_id	: GenuineIntel
cpu family	: 6
model		: 69
model name	: Intel(R) Core(TM) i5-4210U CPU @ 1.70GHz
stepping	: 1
microcode	: 0x17
cpu MHz		: 1700.000
cache size	: 3072 KB
physical id	: 0
siblings	: 4
core id		: 1
cpu cores	: 2
apicid		: 2
initial apicid	: 2
fdiv_bug	: no
f00f_bug	: no
coma_bug	: no
fpu		: yes
fpu_exception	: yes
cpuid level	: 13
wp		: yes
flags		: fpu vme de pse tsc msr pae mce cx8 apic sep mtrr pge mca cmov pat pse36 clflush dts acpi mmx fxsr sse sse2 ss ht tm pbe nx pdpe1gb rdtscp lm constant_tsc arch_perfmon pebs bts xtopology nonstop_tsc aperfmperf eagerfpu pni pclmulqdq dtes64 monitor ds_cpl vmx est tm2 ssse3 fma cx16 xtpr pdcm pcid sse4_1 sse4_2 movbe popcnt tsc_deadline_timer aes xsave avx f16c rdrand lahf_lm abm ida arat epb xsaveopt pln pts dtherm tpr_shadow vnmi flexpriority ept vpid fsgsbase tsc_adjust bmi1 avx2 smep bmi2 erms invpcid
bogomips	: 3392.19
clflush size	: 64
cache_alignment	: 64
address sizes	: 39 bits physical, 48 bits virtual
power management:

processor	: 2
vendor_id	: GenuineIntel
cpu family	: 6
model		: 69
model name	: Intel(R) Core(TM) i5-4210U CPU @ 1.70GHz
stepping	: 1
microcode	: 0x17
cpu MHz		: 782.000
cache size	: 3072 KB
physical id	: 0
siblings	: 4
core id		: 0
cpu cores	: 2
apicid		: 1
initial apicid	: 1
fdiv_bug	: no
f00f_bug	: no
coma_bug	: no
fpu		: yes
fpu_exception	: yes
cpuid level	: 13
wp		: yes
flags		: fpu vme de pse tsc msr pae mce cx8 apic sep mtrr pge mca cmov pat pse36 clflush dts acpi mmx fxsr sse sse2 ss ht tm pbe nx pdpe1gb rdtscp lm constant_tsc arch_perfmon pebs bts xtopology nonstop_tsc aperfmperf eagerfpu pni pclmulqdq dtes64 monitor ds_cpl vmx est tm2 ssse3 fma cx16 xtpr pdcm pcid sse4_1 sse4_2 movbe popcnt tsc_deadline_timer aes xsave avx f16c rdrand lahf_lm abm ida arat epb xsaveopt pln pts dtherm tpr_shadow vnmi flexpriority ept vpid fsgsbase tsc_adjust bmi1 avx2 smep bmi2 erms invpcid
bogomips	: 3392.19
clflush size	: 64
cache_alignment	: 64
address sizes	: 39 bits physical, 48 bits virtual
power management:

processor	: 3
vendor_id	: GenuineIntel
cpu family	: 6
model		: 69
model name	: Intel(R) Core(TM) i5-4210U CPU @ 1.70GHz
stepping	: 1
microcode	: 0x17
cpu MHz		: 1700.000
cache size	: 3072 KB
physical id	: 0
siblings	: 4
core id		: 1
cpu cores	: 2
apicid		: 3
initial apicid	: 3
fdiv_bug	: no
f00f_bug	: no
coma_bug	: no
fpu		: yes
fpu_exception	: yes
cpuid level	: 13
wp		: yes
flags		: fpu vme de pse tsc msr pae mce cx8 apic sep mtrr pge mca cmov pat pse36 clflush dts acpi mmx fxsr sse sse2 ss ht tm pbe nx pdpe1gb rdtscp lm constant_tsc arch_perfmon pebs bts xtopology nonstop_tsc aperfmperf eagerfpu pni pclmulqdq dtes64 monitor ds_cpl vmx est tm2 ssse3 fma cx16 xtpr pdcm pcid sse4_1 sse4_2 movbe popcnt tsc_deadline_timer aes xsave avx f16c rdrand lahf_lm abm ida arat epb xsaveopt pln pts dtherm tpr_shadow vnmi flexpriority ept vpid fsgsbase tsc_adjust bmi1 avx2 smep bmi2 erms invpcid
bogomips	: 3392.19
clflush size	: 64
cache_alignment	: 64
address sizes	: 39 bits physical, 48 bits virtual
power management:



Memory: 4k page, physical 4035208k(214368k free), swap 0k(0k free)

vm_info: Java HotSpot(TM) Server VM (25.31-b07) for linux-x86 JRE (1.8.0_31-b13), built on Dec 17 2014 20:50:14 by "java_re" with gcc 4.3.0 20080428 (Red Hat 4.3.0-8)

time: Sat Dec 19 03:03:57 2015
elapsed time: 51 seconds (0d 0h 0m 51s)

