#
# There is insufficient memory for the Java Runtime Environment to continue.
# Native memory allocation (mmap) failed to map 87293952 bytes for committing reserved memory.
# Possible reasons:
#   The system is out of physical RAM or swap space
#   In 32 bit mode, the process size limit was hit
# Possible solutions:
#   Reduce memory load on the system
#   Increase physical memory or swap space
#   Check if swap backing store is full
#   Use 64 bit Java on a 64 bit OS
#   Decrease Java heap size (-Xmx/-Xms)
#   Decrease number of Java threads
#   Decrease Java thread stack sizes (-Xss)
#   Set larger code cache with -XX:ReservedCodeCacheSize=
# This output file may be truncated or incomplete.
#
#  Out of Memory Error (os_linux.cpp:2671), pid=15391, tid=1674111808
#
# JRE version: Java(TM) SE Runtime Environment (8.0_31-b13) (build 1.8.0_31-b13)
# Java VM: Java HotSpot(TM) Server VM (25.31-b07 mixed mode linux-x86 )
# Failed to write core dump. Core dumps have been disabled. To enable core dumping, try "ulimit -c unlimited" before starting Java again
#

---------------  T H R E A D  ---------------

Current thread (0x63b81000):  VMThread [stack: 0x63c0e000,0x63c8f000] [id=15400]

Stack: [0x63c0e000,0x63c8f000],  sp=0x63c8d910,  free space=510k
Native frames: (J=compiled Java code, j=interpreted, Vv=VM code, C=native code)
V  [libjvm.so+0x8941c9]  VMError::report_and_die()+0x179
V  [libjvm.so+0x375385]  report_vm_out_of_memory(char const*, int, unsigned int, VMErrorType, char const*)+0x55
V  [libjvm.so+0x720f66]  os::Linux::commit_memory_impl(char*, unsigned int, bool)+0xe6
V  [libjvm.so+0x721388]  os::pd_commit_memory(char*, unsigned int, unsigned int, bool)+0x28
V  [libjvm.so+0x71ad5c]  os::commit_memory(char*, unsigned int, unsigned int, bool)+0x2c
V  [libjvm.so+0x782e98]  PSVirtualSpace::expand_by(unsigned int)+0x48
V  [libjvm.so+0x7762d1]  PSOldGen::expand(unsigned int)+0x141
V  [libjvm.so+0x77639f]  PSOldGen::resize(unsigned int)+0x8f
V  [libjvm.so+0x77cde4]  PSParallelCompact::invoke_no_policy(bool)+0x8a4
V  [libjvm.so+0x7814fd]  PSScavenge::invoke()+0x16d
V  [libjvm.so+0x7418ba]  ParallelScavengeHeap::failed_mem_allocate(unsigned int)+0x5a
V  [libjvm.so+0x89591a]  VM_ParallelGCFailedAllocation::doit()+0x7a
V  [libjvm.so+0x89ea77]  VM_Operation::evaluate()+0x47
V  [libjvm.so+0x89cb43]  VMThread::evaluate_operation(VM_Operation*)+0xb3
V  [libjvm.so+0x89cee0]  VMThread::loop()+0x1b0
V  [libjvm.so+0x89d345]  VMThread::run()+0x85
V  [libjvm.so+0x723929]  java_start(Thread*)+0x119
C  [libpthread.so.0+0x6f70]  start_thread+0xd0

VM_Operation (0x62f5c590): ParallelGCFailedAllocation, mode: safepoint, requested by thread 0x63054800


---------------  P R O C E S S  ---------------

Java Threads: ( => current thread )
  0x63054800 JavaThread "pool-2-thread-4" [_thread_blocked, id=15413, stack(0x62f0d000,0x62f5e000)]
  0x63053000 JavaThread "pool-2-thread-3" [_thread_blocked, id=15412, stack(0x62f5e000,0x62faf000)]
  0x6304dc00 JavaThread "pool-2-thread-2" [_thread_blocked, id=15411, stack(0x62faf000,0x63000000)]
  0x63044400 JavaThread "pool-3-thread-1" [_thread_blocked, id=15410, stack(0x63309000,0x6335a000)]
  0x63042c00 JavaThread "pool-2-thread-1" [_thread_blocked, id=15409, stack(0x6335a000,0x633ab000)]
  0x63baa400 JavaThread "Service Thread" daemon [_thread_blocked, id=15407, stack(0x6342c000,0x6347d000)]
  0x63ba7000 JavaThread "C1 CompilerThread2" daemon [_thread_blocked, id=15406, stack(0x6347d000,0x634fe000)]
  0x63ba5c00 JavaThread "C2 CompilerThread1" daemon [_thread_blocked, id=15405, stack(0x634fe000,0x6357f000)]
  0x63ba3c00 JavaThread "C2 CompilerThread0" daemon [_thread_blocked, id=15404, stack(0x6357f000,0x63600000)]
  0x63ba2400 JavaThread "Signal Dispatcher" daemon [_thread_blocked, id=15403, stack(0x63a0d000,0x63a5e000)]
  0x63b85800 JavaThread "Finalizer" daemon [_thread_blocked, id=15402, stack(0x63a5e000,0x63aaf000)]
  0x63b84000 JavaThread "Reference Handler" daemon [_thread_blocked, id=15401, stack(0x63aaf000,0x63b00000)]
  0xb6507800 JavaThread "main" [_thread_blocked, id=15395, stack(0xb66d2000,0xb6723000)]

Other Threads:
=>0x63b81000 VMThread [stack: 0x63c0e000,0x63c8f000] [id=15400]
  0x63bac000 WatcherThread [stack: 0x633ab000,0x6342c000] [id=15408]

VM state:at safepoint (normal execution)

VM Mutex/Monitor currently owned by a thread:  ([mutex/lock_event])
[0xb65049b8] ExpandHeap_lock - owner thread: 0x63b81000
[0xb6504f00] Threads_lock - owner thread: 0x63b81000
[0xb6505310] Heap_lock - owner thread: 0x63054800

Heap:
 PSYoungGen      total 270592K, used 33289K [0x91ac0000, 0xa7000000, 0xa7000000)
  eden space 220928K, 0% used [0x91ac0000,0x91ac0000,0x9f280000)
  from space 49664K, 67% used [0xa3f80000,0xa60027a0,0xa7000000)
  to   space 64256K, 0% used [0x9f280000,0x9f280000,0xa3140000)
 ParOldGen       total 139520K, used 139427K [0x67000000, 0x6f840000, 0x91ac0000)
  object space 139520K, 99% used [0x67000000,0x6f828d10,0x6f840000)
 Metaspace       used 4230K, capacity 4262K, committed 4376K, reserved 4400K

Card table byte_map: [0x66dff000,0x67000000] byte_map_base: 0x66ac7000

Marking Bits: (ParMarkBitMap*) 0xb7122580
 Begin Bits: [0x64700000, 0x65700000)
 End Bits:   [0x65700000, 0x66700000)

Polling page: 0xb7726000

CodeCache: size=245760Kb used=8195Kb max_used=8202Kb free=237564Kb
 bounds [0xa7500000, 0xa7d10000, 0xb6500000]
 total_blobs=2511 nmethods=2352 adapters=74
 compilation: enabled

Compilation events (10 events):
Event: 6.705 Thread 0x63ba3c00 nmethod 2514 0xa7d02ac8 code [0xa7d02fc0, 0xa7d05e10]
Event: 6.705 Thread 0x63ba3c00 2513       4       com.android.dx.ssa.DeadCodeRemover::run (194 bytes)
Event: 6.735 Thread 0x63ba7000 2539 %     3       com.android.dx.ssa.InterferenceRegisterMapper::areAnyPinned @ 9 (81 bytes)
Event: 6.736 Thread 0x63ba7000 nmethod 2539% 0xa7ccfe48 code [0xa7ccffe0, 0xa7cd0a30]
Event: 6.749 Thread 0x63ba7000 2540 % !   3       com.android.dx.cf.code.BasicBlocker::doit @ 37 (156 bytes)
Event: 6.751 Thread 0x63ba7000 nmethod 2540% 0xa7cd3208 code [0xa7cd3460, 0xa7cd44d0]
Event: 6.760 Thread 0x63ba7000 2541 %     3       com.android.dx.util.Hex::u2 @ 6 (44 bytes)
Event: 6.761 Thread 0x63ba7000 nmethod 2541% 0xa7cd2808 code [0xa7cd2980, 0xa7cd2eb8]
Event: 6.801 Thread 0x63ba7000 2543       2       java.util.concurrent.FutureTask$WaitNode::<init> (12 bytes)
Event: 6.801 Thread 0x63ba7000 nmethod 2543 0xa7cbaec8 code [0xa7cbafe0, 0xa7cbb0c0]

GC Heap History (10 events):
Event: 4.036 GC heap after
Heap after GC invocations=12 (full 1):
 PSYoungGen      total 217600K, used 23385K [0x91ac0000, 0xa4580000, 0xa7000000)
  eden space 185344K, 0% used [0x91ac0000,0x91ac0000,0x9cfc0000)
  from space 32256K, 72% used [0x9cfc0000,0x9e6965f8,0x9ef40000)
  to   space 34560K, 0% used [0xa23c0000,0xa23c0000,0xa4580000)
 ParOldGen       total 79360K, used 60833K [0x67000000, 0x6bd80000, 0x91ac0000)
  object space 79360K, 76% used [0x67000000,0x6ab687c8,0x6bd80000)
 Metaspace       used 4206K, capacity 4230K, committed 4248K, reserved 4400K
}
Event: 4.734 GC heap before
{Heap before GC invocations=13 (full 1):
 PSYoungGen      total 217600K, used 208729K [0x91ac0000, 0xa4580000, 0xa7000000)
  eden space 185344K, 100% used [0x91ac0000,0x9cfc0000,0x9cfc0000)
  from space 32256K, 72% used [0x9cfc0000,0x9e6965f8,0x9ef40000)
  to   space 34560K, 0% used [0xa23c0000,0xa23c0000,0xa4580000)
 ParOldGen       total 79360K, used 60833K [0x67000000, 0x6bd80000, 0x91ac0000)
  object space 79360K, 76% used [0x67000000,0x6ab687c8,0x6bd80000)
 Metaspace       used 4222K, capacity 4262K, committed 4376K, reserved 4400K
Event: 4.808 GC heap after
Heap after GC invocations=13 (full 1):
 PSYoungGen      total 259584K, used 34554K [0x91ac0000, 0xa5d00000, 0xa7000000)
  eden space 225024K, 0% used [0x91ac0000,0x91ac0000,0x9f680000)
  from space 34560K, 99% used [0xa23c0000,0xa457ea00,0xa4580000)
  to   space 46336K, 0% used [0x9f680000,0x9f680000,0xa23c0000)
 ParOldGen       total 79360K, used 76742K [0x67000000, 0x6bd80000, 0x91ac0000)
  object space 79360K, 96% used [0x67000000,0x6baf1b08,0x6bd80000)
 Metaspace       used 4222K, capacity 4262K, committed 4376K, reserved 4400K
}
Event: 4.808 GC heap before
{Heap before GC invocations=14 (full 2):
 PSYoungGen      total 259584K, used 34554K [0x91ac0000, 0xa5d00000, 0xa7000000)
  eden space 225024K, 0% used [0x91ac0000,0x91ac0000,0x9f680000)
  from space 34560K, 99% used [0xa23c0000,0xa457ea00,0xa4580000)
  to   space 46336K, 0% used [0x9f680000,0x9f680000,0xa23c0000)
 ParOldGen       total 79360K, used 76742K [0x67000000, 0x6bd80000, 0x91ac0000)
  object space 79360K, 96% used [0x67000000,0x6baf1b08,0x6bd80000)
 Metaspace       used 4222K, capacity 4262K, committed 4376K, reserved 4400K
Event: 5.287 GC heap after
Heap after GC invocations=14 (full 2):
 PSYoungGen      total 259584K, used 30290K [0x91ac0000, 0xa5d00000, 0xa7000000)
  eden space 225024K, 0% used [0x91ac0000,0x91ac0000,0x9f680000)
  from space 34560K, 87% used [0xa23c0000,0xa4154b18,0xa4580000)
  to   space 46336K, 0% used [0x9f680000,0x9f680000,0xa23c0000)
 ParOldGen       total 139520K, used 79350K [0x67000000, 0x6f840000, 0x91ac0000)
  object space 139520K, 56% used [0x67000000,0x6bd7da68,0x6f840000)
 Metaspace       used 4222K, capacity 4262K, committed 4376K, reserved 4400K
}
Event: 6.082 GC heap before
{Heap before GC invocations=15 (full 2):
 PSYoungGen      total 259584K, used 255314K [0x91ac0000, 0xa5d00000, 0xa7000000)
  eden space 225024K, 100% used [0x91ac0000,0x9f680000,0x9f680000)
  from space 34560K, 87% used [0xa23c0000,0xa4154b18,0xa4580000)
  to   space 46336K, 0% used [0x9f680000,0x9f680000,0xa23c0000)
 ParOldGen       total 139520K, used 79350K [0x67000000, 0x6f840000, 0x91ac0000)
  object space 139520K, 56% used [0x67000000,0x6bd7da68,0x6f840000)
 Metaspace       used 4228K, capacity 4262K, committed 4376K, reserved 4400K
Event: 6.245 GC heap after
Heap after GC invocations=15 (full 2):
 PSYoungGen      total 271360K, used 34105K [0x91ac0000, 0xa7000000, 0xa7000000)
  eden space 225024K, 0% used [0x91ac0000,0x91ac0000,0x9f680000)
  from space 46336K, 73% used [0x9f680000,0xa17ce688,0xa23c0000)
  to   space 49664K, 0% used [0xa3f80000,0xa3f80000,0xa7000000)
 ParOldGen       total 139520K, used 110098K [0x67000000, 0x6f840000, 0x91ac0000)
  object space 139520K, 78% used [0x67000000,0x6db84998,0x6f840000)
 Metaspace       used 4228K, capacity 4262K, committed 4376K, reserved 4400K
}
Event: 6.935 GC heap before
{Heap before GC invocations=16 (full 2):
 PSYoungGen      total 271360K, used 259129K [0x91ac0000, 0xa7000000, 0xa7000000)
  eden space 225024K, 100% used [0x91ac0000,0x9f680000,0x9f680000)
  from space 46336K, 73% used [0x9f680000,0xa17ce688,0xa23c0000)
  to   space 49664K, 0% used [0xa3f80000,0xa3f80000,0xa7000000)
 ParOldGen       total 139520K, used 110098K [0x67000000, 0x6f840000, 0x91ac0000)
  object space 139520K, 78% used [0x67000000,0x6db84998,0x6f840000)
 Metaspace       used 4230K, capacity 4262K, committed 4376K, reserved 4400K
Event: 7.044 GC heap after
Heap after GC invocations=16 (full 2):
 PSYoungGen      total 270592K, used 49657K [0x91ac0000, 0xa7000000, 0xa7000000)
  eden space 220928K, 0% used [0x91ac0000,0x91ac0000,0x9f280000)
  from space 49664K, 99% used [0xa3f80000,0xa6ffe750,0xa7000000)
  to   space 64256K, 0% used [0x9f280000,0x9f280000,0xa3140000)
 ParOldGen       total 139520K, used 126463K [0x67000000, 0x6f840000, 0x91ac0000)
  object space 139520K, 90% used [0x67000000,0x6eb7fcb8,0x6f840000)
 Metaspace       used 4230K, capacity 4262K, committed 4376K, reserved 4400K
}
Event: 7.044 GC heap before
{Heap before GC invocations=17 (full 3):
 PSYoungGen      total 270592K, used 49657K [0x91ac0000, 0xa7000000, 0xa7000000)
  eden space 220928K, 0% used [0x91ac0000,0x91ac0000,0x9f280000)
  from space 49664K, 99% used [0xa3f80000,0xa6ffe750,0xa7000000)
  to   space 64256K, 0% used [0x9f280000,0x9f280000,0xa3140000)
 ParOldGen       total 139520K, used 126463K [0x67000000, 0x6f840000, 0x91ac0000)
  object space 139520K, 90% used [0x67000000,0x6eb7fcb8,0x6f840000)
 Metaspace       used 4230K, capacity 4262K, committed 4376K, reserved 4400K

Deoptimization events (10 events):
Event: 2.635 Thread 0x63042c00 Uncommon trap: reason=class_check action=maybe_recompile pc=0xa7ab35e0 method=com.android.dx.rop.code.RegisterSpec.withSimpleType()Lcom/android/dx/rop/code/RegisterSpec; @ 21
Event: 2.635 Thread 0x63042c00 Uncommon trap: reason=class_check action=maybe_recompile pc=0xa7ab35e0 method=com.android.dx.rop.code.RegisterSpec.withSimpleType()Lcom/android/dx/rop/code/RegisterSpec; @ 21
Event: 2.751 Thread 0xb6507800 Uncommon trap: reason=unreached action=reinterpret pc=0xa7904fe0 method=java.util.HashMap.putVal(ILjava/lang/Object;Ljava/lang/Object;ZZ)Ljava/lang/Object; @ 109
Event: 2.825 Thread 0x6304dc00 Uncommon trap: reason=unloaded action=reinterpret pc=0xa7986cf4 method=com.android.dx.ssa.LiteralOpUpgrader$1.visitNonMoveInsn(Lcom/android/dx/ssa/NormalSsaInsn;)V @ 72
Event: 3.658 Thread 0xb6507800 Uncommon trap: reason=unreached action=reinterpret pc=0xa7b1e0f8 method=com.android.dx.rop.code.RegisterSpec.intersect(Lcom/android/dx/rop/code/RegisterSpec;Z)Lcom/android/dx/rop/code/RegisterSpec; @ 59
Event: 3.674 Thread 0x63054800 Uncommon trap: reason=bimorphic action=maybe_recompile pc=0xa7b75ec8 method=com.android.dx.rop.code.RegisterSpec.withSimpleType()Lcom/android/dx/rop/code/RegisterSpec; @ 21
Event: 3.705 Thread 0x63053000 Uncommon trap: reason=unreached action=reinterpret pc=0xa7b7602c method=com.android.dx.rop.code.RegisterSpec.intersect(Lcom/android/dx/rop/code/RegisterSpec;Z)Lcom/android/dx/rop/code/RegisterSpec; @ 59
Event: 3.825 Thread 0x63042c00 Uncommon trap: reason=unreached action=reinterpret pc=0xa7ba457c method=com.android.dx.rop.code.RegisterSpec.intersect(Lcom/android/dx/rop/code/RegisterSpec;Z)Lcom/android/dx/rop/code/RegisterSpec; @ 59
Event: 4.411 Thread 0x63053000 Uncommon trap: reason=unreached action=reinterpret pc=0xa792d12c method=com.android.dx.ssa.MoveParamCombiner$1.visitNonMoveInsn(Lcom/android/dx/ssa/NormalSsaInsn;)V @ 27
Event: 5.926 Thread 0x63054800 Uncommon trap: reason=unreached action=reinterpret pc=0xa7cab3d4 method=com.android.dx.cf.code.BaseMachine.getLocalTarget(Z)Lcom/android/dx/rop/code/RegisterSpec; @ 131

Internal exceptions (10 events):
Event: 1.036 Thread 0xb6507800 Implicit null exception at 0xa7784bfb to 0xa7786a19
Event: 1.036 Thread 0xb6507800 Implicit null exception at 0xa778dcaa to 0xa778fe8d
Event: 1.103 Thread 0x63053000 Exception <a 'java/security/PrivilegedActionException'> (0x91c2ab60) thrown at [/HUDSON3/workspace/8-2-build-linux-i586/jdk8u31/2394/hotspot/src/share/vm/prims/jvm.cpp, line 1312]
Event: 1.149 Thread 0xb6507800 Exception <a 'java/security/PrivilegedActionException'> (0x92248480) thrown at [/HUDSON3/workspace/8-2-build-linux-i586/jdk8u31/2394/hotspot/src/share/vm/prims/jvm.cpp, line 1312]
Event: 1.373 Thread 0xb6507800 Exception <a 'java/security/PrivilegedActionException'> (0x924db818) thrown at [/HUDSON3/workspace/8-2-build-linux-i586/jdk8u31/2394/hotspot/src/share/vm/prims/jvm.cpp, line 1312]
Event: 1.754 Thread 0x63042c00 Exception <a 'java/security/PrivilegedActionException'> (0x93703378) thrown at [/HUDSON3/workspace/8-2-build-linux-i586/jdk8u31/2394/hotspot/src/share/vm/prims/jvm.cpp, line 1312]
Event: 1.986 Thread 0x63042c00 Exception <a 'java/lang/ArrayIndexOutOfBoundsException': 18> (0x926d86e0) thrown at [/HUDSON3/workspace/8-2-build-linux-i586/jdk8u31/2394/hotspot/src/share/vm/interpreter/interpreterRuntime.cpp, line 366]
Event: 1.987 Thread 0x63042c00 Exception <a 'java/lang/ArrayIndexOutOfBoundsException': 145> (0x926d9ea8) thrown at [/HUDSON3/workspace/8-2-build-linux-i586/jdk8u31/2394/hotspot/src/share/vm/interpreter/interpreterRuntime.cpp, line 366]
Event: 1.987 Thread 0x63042c00 Exception <a 'java/lang/ArrayIndexOutOfBoundsException': 40> (0x926daec8) thrown at [/HUDSON3/workspace/8-2-build-linux-i586/jdk8u31/2394/hotspot/src/share/vm/interpreter/interpreterRuntime.cpp, line 366]
Event: 2.955 Thread 0xb6507800 Exception <a 'java/security/PrivilegedActionException'> (0x98b843c0) thrown at [/HUDSON3/workspace/8-2-build-linux-i586/jdk8u31/2394/hotspot/src/share/vm/prims/jvm.cpp, line 1312]

Events (10 events):
Event: 6.245 Executing VM operation: ParallelGCFailedAllocation done
Event: 6.286 Thread 0x63053000 DEOPT PACKING pc=0xa78d1cbd sp=0x62fad640
Event: 6.286 Thread 0x63053000 DEOPT UNPACKING pc=0xa753c310 sp=0x62fad558 mode 0
Event: 6.428 Thread 0x63042c00 DEOPT PACKING pc=0xa78d1cbd sp=0x633a98c0
Event: 6.428 Thread 0x63042c00 DEOPT UNPACKING pc=0xa753c310 sp=0x633a97d8 mode 0
Event: 6.553 Thread 0xb6507800 DEOPT PACKING pc=0xa79c433a sp=0xb6721640
Event: 6.553 Thread 0xb6507800 DEOPT UNPACKING pc=0xa753c310 sp=0xb67214c0 mode 0
Event: 6.587 Thread 0x63054800 DEOPT PACKING pc=0xa78d1cbd sp=0x62f5c6c0
Event: 6.588 Thread 0x63054800 DEOPT UNPACKING pc=0xa753c310 sp=0x62f5c5d8 mode 0
Event: 6.935 Executing VM operation: ParallelGCFailedAllocation


Dynamic libraries:
08048000-08049000 r-xp 00000000 08:06 1556514    /usr/lib/jvm/java-8-oracle/bin/java
08049000-0804a000 rw-p 00000000 08:06 1556514    /usr/lib/jvm/java-8-oracle/bin/java
087d1000-08864000 rw-p 00000000 00:00 0          [heap]
60f00000-60ffd000 rw-p 00000000 00:00 0 
60ffd000-61000000 ---p 00000000 00:00 0 
61100000-611fb000 rw-p 00000000 00:00 0 
611fb000-61200000 ---p 00000000 00:00 0 
61200000-61283000 rw-p 00000000 00:00 0 
61283000-61300000 ---p 00000000 00:00 0 
61300000-613c9000 rw-p 00000000 00:00 0 
613c9000-61400000 ---p 00000000 00:00 0 
61400000-61500000 rw-p 00000000 00:00 0 
61500000-615e1000 rw-p 00000000 00:00 0 
615e1000-61600000 ---p 00000000 00:00 0 
61600000-616f0000 rw-p 00000000 00:00 0 
616f0000-61700000 ---p 00000000 00:00 0 
61700000-617f7000 rw-p 00000000 00:00 0 
617f7000-61800000 ---p 00000000 00:00 0 
61900000-619ed000 rw-p 00000000 00:00 0 
619ed000-61a00000 ---p 00000000 00:00 0 
61b00000-61bb6000 rw-p 00000000 00:00 0 
61bb6000-61c00000 ---p 00000000 00:00 0 
61d00000-61dec000 rw-p 00000000 00:00 0 
61dec000-61e00000 ---p 00000000 00:00 0 
61f00000-61ffa000 rw-p 00000000 00:00 0 
61ffa000-62000000 ---p 00000000 00:00 0 
62100000-62200000 rw-p 00000000 00:00 0 
62300000-623db000 rw-p 00000000 00:00 0 
623db000-62400000 ---p 00000000 00:00 0 
62400000-624fd000 rw-p 00000000 00:00 0 
624fd000-62500000 ---p 00000000 00:00 0 
62600000-62700000 rw-p 00000000 00:00 0 
62700000-627fb000 rw-p 00000000 00:00 0 
627fb000-62800000 ---p 00000000 00:00 0 
62800000-62900000 rw-p 00000000 00:00 0 
62a00000-62aef000 rw-p 00000000 00:00 0 
62aef000-62b00000 ---p 00000000 00:00 0 
62c00000-62cdc000 rw-p 00000000 00:00 0 
62cdc000-62d00000 ---p 00000000 00:00 0 
62e00000-62efe000 rw-p 00000000 00:00 0 
62efe000-62f00000 ---p 00000000 00:00 0 
62f0d000-62f10000 ---p 00000000 00:00 0 
62f10000-62f5e000 rw-p 00000000 00:00 0          [stack:15413]
62f5e000-62f61000 ---p 00000000 00:00 0 
62f61000-62faf000 rw-p 00000000 00:00 0          [stack:15412]
62faf000-62fb2000 ---p 00000000 00:00 0 
62fb2000-63000000 rw-p 00000000 00:00 0          [stack:15411]
63000000-630d8000 rw-p 00000000 00:00 0 
630d8000-63100000 ---p 00000000 00:00 0 
63100000-631f9000 rw-p 00000000 00:00 0 
631f9000-63200000 ---p 00000000 00:00 0 
63200000-632fc000 rw-p 00000000 00:00 0 
632fc000-63300000 ---p 00000000 00:00 0 
63309000-6330c000 ---p 00000000 00:00 0 
6330c000-6335a000 rw-p 00000000 00:00 0          [stack:15410]
6335a000-6335d000 ---p 00000000 00:00 0 
6335d000-633ab000 rw-p 00000000 00:00 0          [stack:15409]
633ab000-633ac000 ---p 00000000 00:00 0 
633ac000-6342c000 rw-p 00000000 00:00 0          [stack:15408]
6342c000-6342f000 ---p 00000000 00:00 0 
6342f000-6347d000 rw-p 00000000 00:00 0          [stack:15407]
6347d000-63480000 ---p 00000000 00:00 0 
63480000-634fe000 rw-p 00000000 00:00 0          [stack:15406]
634fe000-63501000 ---p 00000000 00:00 0 
63501000-6357f000 rw-p 00000000 00:00 0          [stack:15405]
6357f000-63582000 ---p 00000000 00:00 0 
63582000-63600000 rw-p 00000000 00:00 0          [stack:15404]
63600000-63800000 r--p 00000000 08:06 1093651    /usr/lib/locale/locale-archive
63800000-63821000 rw-p 00000000 00:00 0 
63821000-63900000 ---p 00000000 00:00 0 
63900000-639fb000 rw-p 00000000 00:00 0 
639fb000-63a00000 ---p 00000000 00:00 0 
63a0d000-63a10000 ---p 00000000 00:00 0 
63a10000-63a5e000 rw-p 00000000 00:00 0          [stack:15403]
63a5e000-63a61000 ---p 00000000 00:00 0 
63a61000-63aaf000 rw-p 00000000 00:00 0          [stack:15402]
63aaf000-63ab2000 ---p 00000000 00:00 0 
63ab2000-63b00000 rw-p 00000000 00:00 0          [stack:15401]
63b00000-63c00000 rw-p 00000000 00:00 0 
63c0e000-63c0f000 ---p 00000000 00:00 0 
63c0f000-63cde000 rw-p 00000000 00:00 0          [stack:15400]
63cde000-63eb4000 r--s 03cae000 08:06 1516955    /usr/lib/jvm/java-8-oracle/jre/lib/rt.jar
63eb4000-642fa000 rw-p 00000000 00:00 0 
642fa000-64300000 ---p 00000000 00:00 0 
64300000-66700000 rw-p 00000000 00:00 0 
66700000-667fe000 rw-p 00000000 00:00 0 
667fe000-66800000 ---p 00000000 00:00 0 
66824000-6687f000 rw-p 00000000 00:00 0 
6687f000-66880000 ---p 00000000 00:00 0 
66880000-66900000 rw-p 00000000 00:00 0          [stack:15399]
66900000-66921000 rw-p 00000000 00:00 0 
66921000-66a00000 ---p 00000000 00:00 0 
66a00000-66afd000 rw-p 00000000 00:00 0 
66afd000-66b00000 ---p 00000000 00:00 0 
66b00000-66b21000 rw-p 00000000 00:00 0 
66b21000-66c00000 ---p 00000000 00:00 0 
66c28000-66c29000 ---p 00000000 00:00 0 
66c29000-66cee000 rw-p 00000000 00:00 0          [stack:15398]
66cee000-66dff000 ---p 00000000 00:00 0 
66dff000-66e44000 rw-p 00000000 00:00 0 
66e44000-66f54000 ---p 00000000 00:00 0 
66f54000-66fff000 rw-p 00000000 00:00 0 
66fff000-6f840000 rw-p 00000000 00:00 0 
749f1000-74b80000 rw-p 00000000 00:00 0 
74b80000-91ac0000 ---p 00000000 00:00 0 
91ac0000-a7000000 rw-p 00000000 00:00 0 
a7007000-a703e000 r--s 002c0000 08:06 139316     /home/priya/matrix/Kurukshetra/app/build/intermediates/transforms/jarMerging/debug/jars/1/1f/combined.jar
a703e000-a703f000 ---p 00000000 00:00 0 
a703f000-a70bf000 rw-p 00000000 00:00 0          [stack:15397]
a70bf000-a70c0000 ---p 00000000 00:00 0 
a70c0000-a7161000 rw-p 00000000 00:00 0          [stack:15396]
a7161000-a7500000 ---p 00000000 00:00 0 
a7500000-a7d10000 rwxp 00000000 00:00 0 
a7d10000-b6500000 ---p 00000000 00:00 0 
b6500000-b65fa000 rw-p 00000000 00:00 0 
b65fa000-b6600000 ---p 00000000 00:00 0 
b6621000-b6639000 rw-p 00000000 00:00 0 
b6639000-b6652000 r-xp 00000000 08:06 1549768    /usr/lib/jvm/java-8-oracle/jre/lib/i386/libzip.so
b6652000-b6653000 rw-p 00018000 08:06 1549768    /usr/lib/jvm/java-8-oracle/jre/lib/i386/libzip.so
b6653000-b665e000 r-xp 00000000 08:06 1933402    /lib/i386-linux-gnu/libnss_files-2.19.so
b665e000-b665f000 r--p 0000a000 08:06 1933402    /lib/i386-linux-gnu/libnss_files-2.19.so
b665f000-b6660000 rw-p 0000b000 08:06 1933402    /lib/i386-linux-gnu/libnss_files-2.19.so
b6660000-b666a000 r-xp 00000000 08:06 1933406    /lib/i386-linux-gnu/libnss_nis-2.19.so
b666a000-b666b000 r--p 00009000 08:06 1933406    /lib/i386-linux-gnu/libnss_nis-2.19.so
b666b000-b666c000 rw-p 0000a000 08:06 1933406    /lib/i386-linux-gnu/libnss_nis-2.19.so
b666c000-b6681000 r-xp 00000000 08:06 1933415    /lib/i386-linux-gnu/libnsl-2.19.so
b6681000-b6682000 r--p 00015000 08:06 1933415    /lib/i386-linux-gnu/libnsl-2.19.so
b6682000-b6683000 rw-p 00016000 08:06 1933415    /lib/i386-linux-gnu/libnsl-2.19.so
b6683000-b6685000 rw-p 00000000 00:00 0 
b6685000-b668c000 r-xp 00000000 08:06 1933343    /lib/i386-linux-gnu/libnss_compat-2.19.so
b668c000-b668d000 r--p 00006000 08:06 1933343    /lib/i386-linux-gnu/libnss_compat-2.19.so
b668d000-b668e000 rw-p 00007000 08:06 1933343    /lib/i386-linux-gnu/libnss_compat-2.19.so
b6692000-b6694000 rw-p 00000000 00:00 0 
b6694000-b66a3000 r--s 000df000 08:06 3122779    /home/priya/Android/Sdk/build-tools/23.0.2/lib/dx.jar
b66a3000-b66a4000 r--p 00850000 08:06 1093651    /usr/lib/locale/locale-archive
b66a4000-b66c8000 r-xp 00000000 08:06 1549783    /usr/lib/jvm/java-8-oracle/jre/lib/i386/libjava.so
b66c8000-b66c9000 rw-p 00023000 08:06 1549783    /usr/lib/jvm/java-8-oracle/jre/lib/i386/libjava.so
b66c9000-b66d0000 r-xp 00000000 08:06 1933332    /lib/i386-linux-gnu/librt-2.19.so
b66d0000-b66d1000 r--p 00006000 08:06 1933332    /lib/i386-linux-gnu/librt-2.19.so
b66d1000-b66d2000 rw-p 00007000 08:06 1933332    /lib/i386-linux-gnu/librt-2.19.so
b66d2000-b66d5000 ---p 00000000 00:00 0 
b66d5000-b6723000 rw-p 00000000 00:00 0          [stack:15395]
b6723000-b6767000 r-xp 00000000 08:06 1933416    /lib/i386-linux-gnu/libm-2.19.so
b6767000-b6768000 r--p 00043000 08:06 1933416    /lib/i386-linux-gnu/libm-2.19.so
b6768000-b6769000 rw-p 00044000 08:06 1933416    /lib/i386-linux-gnu/libm-2.19.so
b6769000-b70a6000 r-xp 00000000 08:06 1549788    /usr/lib/jvm/java-8-oracle/jre/lib/i386/server/libjvm.so
b70a6000-b7112000 rw-p 0093c000 08:06 1549788    /usr/lib/jvm/java-8-oracle/jre/lib/i386/server/libjvm.so
b7112000-b7537000 rw-p 00000000 00:00 0 
b7537000-b76e0000 r-xp 00000000 08:06 1933403    /lib/i386-linux-gnu/libc-2.19.so
b76e0000-b76e2000 r--p 001a9000 08:06 1933403    /lib/i386-linux-gnu/libc-2.19.so
b76e2000-b76e3000 rw-p 001ab000 08:06 1933403    /lib/i386-linux-gnu/libc-2.19.so
b76e3000-b76e6000 rw-p 00000000 00:00 0 
b76e6000-b76e9000 r-xp 00000000 08:06 1933409    /lib/i386-linux-gnu/libdl-2.19.so
b76e9000-b76ea000 r--p 00002000 08:06 1933409    /lib/i386-linux-gnu/libdl-2.19.so
b76ea000-b76eb000 rw-p 00003000 08:06 1933409    /lib/i386-linux-gnu/libdl-2.19.so
b76eb000-b76ff000 r-xp 00000000 08:06 1550414    /usr/lib/jvm/java-8-oracle/lib/i386/jli/libjli.so
b76ff000-b7700000 rw-p 00013000 08:06 1550414    /usr/lib/jvm/java-8-oracle/lib/i386/jli/libjli.so
b7700000-b7701000 rw-p 00000000 00:00 0 
b7701000-b7719000 r-xp 00000000 08:06 1933405    /lib/i386-linux-gnu/libpthread-2.19.so
b7719000-b771a000 r--p 00018000 08:06 1933405    /lib/i386-linux-gnu/libpthread-2.19.so
b771a000-b771b000 rw-p 00019000 08:06 1933405    /lib/i386-linux-gnu/libpthread-2.19.so
b771b000-b771d000 rw-p 00000000 00:00 0 
b771d000-b7725000 rw-s 00000000 08:06 385928     /tmp/hsperfdata_priya/15391
b7725000-b7726000 rw-p 00000000 00:00 0 
b7726000-b7727000 ---p 00000000 00:00 0 
b7727000-b7732000 r-xp 00000000 08:06 1549739    /usr/lib/jvm/java-8-oracle/jre/lib/i386/libverify.so
b7732000-b7733000 rw-p 0000b000 08:06 1549739    /usr/lib/jvm/java-8-oracle/jre/lib/i386/libverify.so
b7733000-b7735000 rw-p 00000000 00:00 0 
b7735000-b7736000 r-xp 00000000 00:00 0          [vdso]
b7736000-b7756000 r-xp 00000000 08:06 1936058    /lib/i386-linux-gnu/ld-2.19.so
b7756000-b7757000 r--p 0001f000 08:06 1936058    /lib/i386-linux-gnu/ld-2.19.so
b7757000-b7758000 rw-p 00020000 08:06 1936058    /lib/i386-linux-gnu/ld-2.19.so
bfc07000-bfc08000 rwxp 00000000 00:00 0 
bfc3a000-bfc5b000 rw-p 00000000 00:00 0          [stack]

VM Arguments:
jvm_args: -Djava.awt.headless=true -Xmx1024M -Dfile.encoding=UTF-8 -Duser.country=IN -Duser.language=en -Duser.variant 
java_command: com.android.dx.command.Main --dex --num-threads=4 --multi-dex --main-dex-list /home/priya/matrix/Kurukshetra/app/build/intermediates/multi-dex/debug/maindexlist.txt --output /home/priya/matrix/Kurukshetra/app/build/intermediates/transforms/dex/debug/folders/1000/1f/main /home/priya/matrix/Kurukshetra/app/build/intermediates/transforms/jarMerging/debug/jars/1/1f/combined.jar
java_class_path (initial): /home/priya/Android/Sdk/build-tools/23.0.2/lib/dx.jar
Launcher Type: SUN_STANDARD

Environment Variables:
JAVA_HOME=/usr/lib/jvm/java-8-oracle
PATH=/usr/local/sbin:/usr/local/bin:/usr/sbin:/usr/bin:/sbin:/bin:/usr/games:/usr/local/games
LD_LIBRARY_PATH=bin:
SHELL=/bin/bash
DISPLAY=:0

Signal Handlers:
SIGSEGV: [libjvm.so+0x894cb0], sa_mask[0]=11111111011111111101111111111110, sa_flags=SA_RESTART|SA_SIGINFO
SIGBUS: [libjvm.so+0x894cb0], sa_mask[0]=11111111011111111101111111111110, sa_flags=SA_RESTART|SA_SIGINFO
SIGFPE: [libjvm.so+0x71dd00], sa_mask[0]=11111111011111111101111111111110, sa_flags=SA_RESTART|SA_SIGINFO
SIGPIPE: [libjvm.so+0x71dd00], sa_mask[0]=11111111011111111101111111111110, sa_flags=SA_RESTART|SA_SIGINFO
SIGXFSZ: [libjvm.so+0x71dd00], sa_mask[0]=11111111011111111101111111111110, sa_flags=SA_RESTART|SA_SIGINFO
SIGILL: [libjvm.so+0x71dd00], sa_mask[0]=11111111011111111101111111111110, sa_flags=SA_RESTART|SA_SIGINFO
SIGUSR1: SIG_DFL, sa_mask[0]=00000000000000000000000000000000, sa_flags=none
SIGUSR2: [libjvm.so+0x71f4b0], sa_mask[0]=00100000000000000000000000000000, sa_flags=SA_RESTART|SA_SIGINFO
SIGHUP: [libjvm.so+0x7209b0], sa_mask[0]=11111111011111111101111111111110, sa_flags=SA_RESTART|SA_SIGINFO
SIGINT: [libjvm.so+0x7209b0], sa_mask[0]=11111111011111111101111111111110, sa_flags=SA_RESTART|SA_SIGINFO
SIGTERM: [libjvm.so+0x7209b0], sa_mask[0]=11111111011111111101111111111110, sa_flags=SA_RESTART|SA_SIGINFO
SIGQUIT: [libjvm.so+0x7209b0], sa_mask[0]=11111111011111111101111111111110, sa_flags=SA_RESTART|SA_SIGINFO


---------------  S Y S T E M  ---------------

OS:DISTRIB_ID=Ubuntu
DISTRIB_RELEASE=14.04
DISTRIB_CODENAME=trusty
DISTRIB_DESCRIPTION="Ubuntu 14.04.1 LTS"

uname:Linux 3.13.0-45-generic #74-Ubuntu SMP Tue Jan 13 19:37:48 UTC 2015 i686
libc:glibc 2.19 NPTL 2.19 
rlimit: STACK 8192k, CORE 0k, NPROC 31374, NOFILE 4096, AS infinity
load average:1.79 1.81 2.68

/proc/meminfo:
MemTotal:        4035208 kB
MemFree:          259696 kB
Buffers:            8556 kB
Cached:           551700 kB
SwapCached:            0 kB
Active:          2729992 kB
Inactive:         521036 kB
Active(anon):    2696100 kB
Inactive(anon):   490332 kB
Active(file):      33892 kB
Inactive(file):    30704 kB
Unevictable:          48 kB
Mlocked:              48 kB
HighTotal:       3182980 kB
HighFree:          78684 kB
LowTotal:         852228 kB
LowFree:          181012 kB
SwapTotal:             0 kB
SwapFree:              0 kB
Dirty:                52 kB
Writeback:             0 kB
AnonPages:       2691016 kB
Mapped:           571560 kB
Shmem:            495408 kB
Slab:              45156 kB
SReclaimable:      20072 kB
SUnreclaim:        25084 kB
KernelStack:        4504 kB
PageTables:        14528 kB
NFS_Unstable:          0 kB
Bounce:                0 kB
WritebackTmp:          0 kB
CommitLimit:     2017604 kB
Committed_AS:    6557912 kB
VmallocTotal:     122880 kB
VmallocUsed:       73624 kB
VmallocChunk:      45564 kB
HardwareCorrupted:     0 kB
AnonHugePages:   1490944 kB
HugePages_Total:       0
HugePages_Free:        0
HugePages_Rsvd:        0
HugePages_Surp:        0
Hugepagesize:       2048 kB
DirectMap4k:       43000 kB
DirectMap2M:      870400 kB


CPU:total 4 (2 cores per cpu, 2 threads per core) family 6 model 69 stepping 1, cmov, cx8, fxsr, mmx, sse, sse2, sse3, ssse3, sse4.1, sse4.2, popcnt, avx, avx2, aes, clmul, erms, lzcnt, ht, tsc, tscinvbit, bmi1, bmi2

/proc/cpuinfo:
processor	: 0
vendor_id	: GenuineIntel
cpu family	: 6
model		: 69
model name	: Intel(R) Core(TM) i5-4210U CPU @ 1.70GHz
stepping	: 1
microcode	: 0x17
cpu MHz		: 782.000
cache size	: 3072 KB
physical id	: 0
siblings	: 4
core id		: 0
cpu cores	: 2
apicid		: 0
initial apicid	: 0
fdiv_bug	: no
f00f_bug	: no
coma_bug	: no
fpu		: yes
fpu_exception	: yes
cpuid level	: 13
wp		: yes
flags		: fpu vme de pse tsc msr pae mce cx8 apic sep mtrr pge mca cmov pat pse36 clflush dts acpi mmx fxsr sse sse2 ss ht tm pbe nx pdpe1gb rdtscp lm constant_tsc arch_perfmon pebs bts xtopology nonstop_tsc aperfmperf eagerfpu pni pclmulqdq dtes64 monitor ds_cpl vmx est tm2 ssse3 fma cx16 xtpr pdcm pcid sse4_1 sse4_2 movbe popcnt tsc_deadline_timer aes xsave avx f16c rdrand lahf_lm abm ida arat epb xsaveopt pln pts dtherm tpr_shadow vnmi flexpriority ept vpid fsgsbase tsc_adjust bmi1 avx2 smep bmi2 erms invpcid
bogomips	: 3392.19
clflush size	: 64
cache_alignment	: 64
address sizes	: 39 bits physical, 48 bits virtual
power management:

processor	: 1
vendor_id	: GenuineIntel
cpu family	: 6
model		: 69
model name	: Intel(R) Core(TM) i5-4210U CPU @ 1.70GHz
stepping	: 1
microcode	: 0x17
cpu MHz		: 782.000
cache size	: 3072 KB
physical id	: 0
siblings	: 4
core id		: 1
cpu cores	: 2
apicid		: 2
initial apicid	: 2
fdiv_bug	: no
f00f_bug	: no
coma_bug	: no
fpu		: yes
fpu_exception	: yes
cpuid level	: 13
wp		: yes
flags		: fpu vme de pse tsc msr pae mce cx8 apic sep mtrr pge mca cmov pat pse36 clflush dts acpi mmx fxsr sse sse2 ss ht tm pbe nx pdpe1gb rdtscp lm constant_tsc arch_perfmon pebs bts xtopology nonstop_tsc aperfmperf eagerfpu pni pclmulqdq dtes64 monitor ds_cpl vmx est tm2 ssse3 fma cx16 xtpr pdcm pcid sse4_1 sse4_2 movbe popcnt tsc_deadline_timer aes xsave avx f16c rdrand lahf_lm abm ida arat epb xsaveopt pln pts dtherm tpr_shadow vnmi flexpriority ept vpid fsgsbase tsc_adjust bmi1 avx2 smep bmi2 erms invpcid
bogomips	: 3392.19
clflush size	: 64
cache_alignment	: 64
address sizes	: 39 bits physical, 48 bits virtual
power management:

processor	: 2
vendor_id	: GenuineIntel
cpu family	: 6
model		: 69
model name	: Intel(R) Core(TM) i5-4210U CPU @ 1.70GHz
stepping	: 1
microcode	: 0x17
cpu MHz		: 1700.000
cache size	: 3072 KB
physical id	: 0
siblings	: 4
core id		: 0
cpu cores	: 2
apicid		: 1
initial apicid	: 1
fdiv_bug	: no
f00f_bug	: no
coma_bug	: no
fpu		: yes
fpu_exception	: yes
cpuid level	: 13
wp		: yes
flags		: fpu vme de pse tsc msr pae mce cx8 apic sep mtrr pge mca cmov pat pse36 clflush dts acpi mmx fxsr sse sse2 ss ht tm pbe nx pdpe1gb rdtscp lm constant_tsc arch_perfmon pebs bts xtopology nonstop_tsc aperfmperf eagerfpu pni pclmulqdq dtes64 monitor ds_cpl vmx est tm2 ssse3 fma cx16 xtpr pdcm pcid sse4_1 sse4_2 movbe popcnt tsc_deadline_timer aes xsave avx f16c rdrand lahf_lm abm ida arat epb xsaveopt pln pts dtherm tpr_shadow vnmi flexpriority ept vpid fsgsbase tsc_adjust bmi1 avx2 smep bmi2 erms invpcid
bogomips	: 3392.19
clflush size	: 64
cache_alignment	: 64
address sizes	: 39 bits physical, 48 bits virtual
power management:

processor	: 3
vendor_id	: GenuineIntel
cpu family	: 6
model		: 69
model name	: Intel(R) Core(TM) i5-4210U CPU @ 1.70GHz
stepping	: 1
microcode	: 0x17
cpu MHz		: 782.000
cache size	: 3072 KB
physical id	: 0
siblings	: 4
core id		: 1
cpu cores	: 2
apicid		: 3
initial apicid	: 3
fdiv_bug	: no
f00f_bug	: no
coma_bug	: no
fpu		: yes
fpu_exception	: yes
cpuid level	: 13
wp		: yes
flags		: fpu vme de pse tsc msr pae mce cx8 apic sep mtrr pge mca cmov pat pse36 clflush dts acpi mmx fxsr sse sse2 ss ht tm pbe nx pdpe1gb rdtscp lm constant_tsc arch_perfmon pebs bts xtopology nonstop_tsc aperfmperf eagerfpu pni pclmulqdq dtes64 monitor ds_cpl vmx est tm2 ssse3 fma cx16 xtpr pdcm pcid sse4_1 sse4_2 movbe popcnt tsc_deadline_timer aes xsave avx f16c rdrand lahf_lm abm ida arat epb xsaveopt pln pts dtherm tpr_shadow vnmi flexpriority ept vpid fsgsbase tsc_adjust bmi1 avx2 smep bmi2 erms invpcid
bogomips	: 3392.19
clflush size	: 64
cache_alignment	: 64
address sizes	: 39 bits physical, 48 bits virtual
power management:



Memory: 4k page, physical 4035208k(259696k free), swap 0k(0k free)

vm_info: Java HotSpot(TM) Server VM (25.31-b07) for linux-x86 JRE (1.8.0_31-b13), built on Dec 17 2014 20:50:14 by "java_re" with gcc 4.3.0 20080428 (Red Hat 4.3.0-8)

time: Fri Dec 18 01:58:49 2015
elapsed time: 8 seconds (0d 0h 0m 8s)

