#
# There is insufficient memory for the Java Runtime Environment to continue.
# Native memory allocation (mmap) failed to map 146800640 bytes for committing reserved memory.
# Possible reasons:
#   The system is out of physical RAM or swap space
#   In 32 bit mode, the process size limit was hit
# Possible solutions:
#   Reduce memory load on the system
#   Increase physical memory or swap space
#   Check if swap backing store is full
#   Use 64 bit Java on a 64 bit OS
#   Decrease Java heap size (-Xmx/-Xms)
#   Decrease number of Java threads
#   Decrease Java thread stack sizes (-Xss)
#   Set larger code cache with -XX:ReservedCodeCacheSize=
# This output file may be truncated or incomplete.
#
#  Out of Memory Error (os_linux.cpp:2671), pid=17017, tid=1674111808
#
# JRE version: Java(TM) SE Runtime Environment (8.0_31-b13) (build 1.8.0_31-b13)
# Java VM: Java HotSpot(TM) Server VM (25.31-b07 mixed mode linux-x86 )
# Failed to write core dump. Core dumps have been disabled. To enable core dumping, try "ulimit -c unlimited" before starting Java again
#

---------------  T H R E A D  ---------------

Current thread (0x63b81000):  VMThread [stack: 0x63c0e000,0x63c8f000] [id=17027]

Stack: [0x63c0e000,0x63c8f000],  sp=0x63c8d7b0,  free space=509k
Native frames: (J=compiled Java code, j=interpreted, Vv=VM code, C=native code)
V  [libjvm.so+0x8941c9]  VMError::report_and_die()+0x179
V  [libjvm.so+0x375385]  report_vm_out_of_memory(char const*, int, unsigned int, VMErrorType, char const*)+0x55
V  [libjvm.so+0x720f66]  os::Linux::commit_memory_impl(char*, unsigned int, bool)+0xe6
V  [libjvm.so+0x721388]  os::pd_commit_memory(char*, unsigned int, unsigned int, bool)+0x28
V  [libjvm.so+0x71ad5c]  os::commit_memory(char*, unsigned int, unsigned int, bool)+0x2c
V  [libjvm.so+0x782e98]  PSVirtualSpace::expand_by(unsigned int)+0x48
V  [libjvm.so+0x783f9a]  PSYoungGen::resize_generation(unsigned int, unsigned int)+0xda
V  [libjvm.so+0x7832c9]  PSYoungGen::resize(unsigned int, unsigned int)+0x19
V  [libjvm.so+0x780bfb]  PSScavenge::invoke_no_policy()+0xd2b
V  [libjvm.so+0x7813b8]  PSScavenge::invoke()+0x28
V  [libjvm.so+0x7418ba]  ParallelScavengeHeap::failed_mem_allocate(unsigned int)+0x5a
V  [libjvm.so+0x89591a]  VM_ParallelGCFailedAllocation::doit()+0x7a
V  [libjvm.so+0x89ea77]  VM_Operation::evaluate()+0x47
V  [libjvm.so+0x89cb43]  VMThread::evaluate_operation(VM_Operation*)+0xb3
V  [libjvm.so+0x89cee0]  VMThread::loop()+0x1b0
V  [libjvm.so+0x89d345]  VMThread::run()+0x85
V  [libjvm.so+0x723929]  java_start(Thread*)+0x119
C  [libpthread.so.0+0x6f70]  start_thread+0xd0

VM_Operation (0x62dad8a4): ParallelGCFailedAllocation, mode: safepoint, requested by thread 0x632acc00


---------------  P R O C E S S  ---------------

Java Threads: ( => current thread )
  0x632ae000 JavaThread "pool-2-thread-4" [_thread_blocked, id=17040, stack(0x62d0d000,0x62d5e000)]
  0x632acc00 JavaThread "pool-2-thread-3" [_thread_blocked, id=17039, stack(0x62d5e000,0x62daf000)]
  0x632ab400 JavaThread "pool-2-thread-2" [_thread_blocked, id=17038, stack(0x62daf000,0x62e00000)]
  0x632a9c00 JavaThread "pool-3-thread-1" [_thread_blocked, id=17037, stack(0x63309000,0x6335a000)]
  0x63280400 JavaThread "pool-2-thread-1" [_thread_blocked, id=17036, stack(0x6335a000,0x633ab000)]
  0x63baa800 JavaThread "Service Thread" daemon [_thread_blocked, id=17034, stack(0x6342c000,0x6347d000)]
  0x63ba7400 JavaThread "C1 CompilerThread2" daemon [_thread_blocked, id=17033, stack(0x6347d000,0x634fe000)]
  0x63ba5c00 JavaThread "C2 CompilerThread1" daemon [_thread_blocked, id=17032, stack(0x634fe000,0x6357f000)]
  0x63ba4000 JavaThread "C2 CompilerThread0" daemon [_thread_blocked, id=17031, stack(0x6357f000,0x63600000)]
  0x63ba2400 JavaThread "Signal Dispatcher" daemon [_thread_blocked, id=17030, stack(0x63a0d000,0x63a5e000)]
  0x63b85800 JavaThread "Finalizer" daemon [_thread_blocked, id=17029, stack(0x63a5e000,0x63aaf000)]
  0x63b84000 JavaThread "Reference Handler" daemon [_thread_blocked, id=17028, stack(0x63aaf000,0x63b00000)]
  0xb6507800 JavaThread "main" [_thread_blocked, id=17022, stack(0xb66b4000,0xb6705000)]

Other Threads:
=>0x63b81000 VMThread [stack: 0x63c0e000,0x63c8f000] [id=17027]
  0x63bac000 WatcherThread [stack: 0x633ab000,0x6342c000] [id=17035]

VM state:at safepoint (normal execution)

VM Mutex/Monitor currently owned by a thread:  ([mutex/lock_event])
[0xb6504f18] Threads_lock - owner thread: 0x63b81000
[0xb6505328] Heap_lock - owner thread: 0x632acc00

Heap:
 PSYoungGen      total 141056K, used 15865K [0x91ac0000, 0x9b5c0000, 0xa7000000)
  eden space 125184K, 0% used [0x91ac0000,0x91ac0000,0x99500000)
  from space 15872K, 99% used [0x99500000,0x9a47e438,0x9a480000)
  to   space 14080K, 0% used [0x9a480000,0x9a480000,0x9b240000)
 ParOldGen       total 42496K, used 31418K [0x67000000, 0x69980000, 0x91ac0000)
  object space 42496K, 73% used [0x67000000,0x68eae9c8,0x69980000)
 Metaspace       used 4071K, capacity 4102K, committed 4120K, reserved 4400K

Card table byte_map: [0x66dff000,0x67000000] byte_map_base: 0x66ac7000

Marking Bits: (ParMarkBitMap*) 0xb7104580
 Begin Bits: [0x64700000, 0x65700000)
 End Bits:   [0x65700000, 0x66700000)

Polling page: 0xb7708000

CodeCache: size=245760Kb used=5428Kb max_used=5428Kb free=240332Kb
 bounds [0xa7500000, 0xa7a58000, 0xb6500000]
 total_blobs=1935 nmethods=1776 adapters=74
 compilation: enabled

Compilation events (10 events):
Event: 2.536 Thread 0x63ba7400 nmethod 1989 0xa7a4e808 code [0xa7a4e980, 0xa7a4ec64]
Event: 2.536 Thread 0x63ba7400 1974   !   2       com.android.dx.rop.type.Type::putIntern (50 bytes)
Event: 2.536 Thread 0x63ba7400 nmethod 1974 0xa7a4f008 code [0xa7a4f180, 0xa7a4f510]
Event: 2.536 Thread 0x63ba7400 1946       2       com.android.dx.dex.cf.OptimizerOptions::shouldOptimize (38 bytes)
Event: 2.537 Thread 0x63ba7400 nmethod 1946 0xa7a4f908 code [0xa7a4fa60, 0xa7a4fc50]
Event: 2.537 Thread 0x63ba7400 1947       2       com.android.dx.ssa.Optimizer::optimize (16 bytes)
Event: 2.545 Thread 0x63ba7400 nmethod 1947 0xa7a4ff08 code [0xa7a50040, 0xa7a50164]
Event: 2.545 Thread 0x63ba7400 1948       2       com.android.dx.dex.code.OutputCollector::getFinisher (26 bytes)
Event: 2.545 Thread 0x63ba7400 nmethod 1948 0xa7a50288 code [0xa7a503c0, 0xa7a50538]
Event: 2.545 Thread 0x63ba7400 1753       2       com.android.dx.dex.code.RopTranslator::translateAndGetResult (48 bytes)

GC Heap History (10 events):
Event: 0.281 GC heap after
Heap after GC invocations=2 (full 0):
 PSYoungGen      total 34304K, used 1056K [0x91ac0000, 0x93ec0000, 0xa7000000)
  eden space 31744K, 0% used [0x91ac0000,0x91ac0000,0x939c0000)
  from space 2560K, 41% used [0x93c40000,0x93d48070,0x93ec0000)
  to   space 2560K, 0% used [0x939c0000,0x939c0000,0x93c40000)
 ParOldGen       total 42496K, used 8K [0x67000000, 0x69980000, 0x91ac0000)
  object space 42496K, 0% used [0x67000000,0x67002000,0x69980000)
 Metaspace       used 2265K, capacity 2366K, committed 2456K, reserved 4400K
}
Event: 0.852 GC heap before
{Heap before GC invocations=3 (full 0):
 PSYoungGen      total 34304K, used 32800K [0x91ac0000, 0x93ec0000, 0xa7000000)
  eden space 31744K, 100% used [0x91ac0000,0x939c0000,0x939c0000)
  from space 2560K, 41% used [0x93c40000,0x93d48070,0x93ec0000)
  to   space 2560K, 0% used [0x939c0000,0x939c0000,0x93c40000)
 ParOldGen       total 42496K, used 8K [0x67000000, 0x69980000, 0x91ac0000)
  object space 42496K, 0% used [0x67000000,0x67002000,0x69980000)
 Metaspace       used 3786K, capacity 3814K, committed 3864K, reserved 4400K
Event: 0.861 GC heap after
Heap after GC invocations=3 (full 0):
 PSYoungGen      total 34304K, used 2551K [0x91ac0000, 0x95dc0000, 0xa7000000)
  eden space 31744K, 0% used [0x91ac0000,0x91ac0000,0x939c0000)
  from space 2560K, 99% used [0x939c0000,0x93c3de48,0x93c40000)
  to   space 2560K, 0% used [0x95b40000,0x95b40000,0x95dc0000)
 ParOldGen       total 42496K, used 3996K [0x67000000, 0x69980000, 0x91ac0000)
  object space 42496K, 9% used [0x67000000,0x673e72a8,0x69980000)
 Metaspace       used 3786K, capacity 3814K, committed 3864K, reserved 4400K
}
Event: 1.165 GC heap before
{Heap before GC invocations=4 (full 0):
 PSYoungGen      total 34304K, used 34295K [0x91ac0000, 0x95dc0000, 0xa7000000)
  eden space 31744K, 100% used [0x91ac0000,0x939c0000,0x939c0000)
  from space 2560K, 99% used [0x939c0000,0x93c3de48,0x93c40000)
  to   space 2560K, 0% used [0x95b40000,0x95b40000,0x95dc0000)
 ParOldGen       total 42496K, used 3996K [0x67000000, 0x69980000, 0x91ac0000)
  object space 42496K, 9% used [0x67000000,0x673e72a8,0x69980000)
 Metaspace       used 3831K, capacity 3846K, committed 3864K, reserved 4400K
Event: 1.176 GC heap after
Heap after GC invocations=4 (full 0):
 PSYoungGen      total 66048K, used 2546K [0x91ac0000, 0x95dc0000, 0xa7000000)
  eden space 63488K, 0% used [0x91ac0000,0x91ac0000,0x958c0000)
  from space 2560K, 99% used [0x95b40000,0x95dbc9a0,0x95dc0000)
  to   space 2560K, 0% used [0x958c0000,0x958c0000,0x95b40000)
 ParOldGen       total 42496K, used 8581K [0x67000000, 0x69980000, 0x91ac0000)
  object space 42496K, 20% used [0x67000000,0x67861708,0x69980000)
 Metaspace       used 3831K, capacity 3846K, committed 3864K, reserved 4400K
}
Event: 1.531 GC heap before
{Heap before GC invocations=5 (full 0):
 PSYoungGen      total 66048K, used 66034K [0x91ac0000, 0x95dc0000, 0xa7000000)
  eden space 63488K, 100% used [0x91ac0000,0x958c0000,0x958c0000)
  from space 2560K, 99% used [0x95b40000,0x95dbc9a0,0x95dc0000)
  to   space 2560K, 0% used [0x958c0000,0x958c0000,0x95b40000)
 ParOldGen       total 42496K, used 8581K [0x67000000, 0x69980000, 0x91ac0000)
  object space 42496K, 20% used [0x67000000,0x67861708,0x69980000)
 Metaspace       used 3858K, capacity 3878K, committed 3992K, reserved 4400K
Event: 1.555 GC heap after
Heap after GC invocations=5 (full 0):
 PSYoungGen      total 66048K, used 2558K [0x91ac0000, 0x9b240000, 0xa7000000)
  eden space 63488K, 0% used [0x91ac0000,0x91ac0000,0x958c0000)
  from space 2560K, 99% used [0x958c0000,0x95b3f908,0x95b40000)
  to   space 14080K, 0% used [0x9a480000,0x9a480000,0x9b240000)
 ParOldGen       total 42496K, used 18485K [0x67000000, 0x69980000, 0x91ac0000)
  object space 42496K, 43% used [0x67000000,0x6820d7c8,0x69980000)
 Metaspace       used 3858K, capacity 3878K, committed 3992K, reserved 4400K
}
Event: 1.863 GC heap before
{Heap before GC invocations=6 (full 0):
 PSYoungGen      total 66048K, used 66046K [0x91ac0000, 0x9b240000, 0xa7000000)
  eden space 63488K, 100% used [0x91ac0000,0x958c0000,0x958c0000)
  from space 2560K, 99% used [0x958c0000,0x95b3f908,0x95b40000)
  to   space 14080K, 0% used [0x9a480000,0x9a480000,0x9b240000)
 ParOldGen       total 42496K, used 18485K [0x67000000, 0x69980000, 0x91ac0000)
  object space 42496K, 43% used [0x67000000,0x6820d7c8,0x69980000)
 Metaspace       used 3892K, capacity 3910K, committed 3992K, reserved 4400K
Event: 1.896 GC heap after
Heap after GC invocations=6 (full 0):
 PSYoungGen      total 139264K, used 11598K [0x91ac0000, 0x9b5c0000, 0xa7000000)
  eden space 125184K, 0% used [0x91ac0000,0x91ac0000,0x99500000)
  from space 14080K, 82% used [0x9a480000,0x9afd3a98,0x9b240000)
  to   space 15872K, 0% used [0x99500000,0x99500000,0x9a480000)
 ParOldGen       total 42496K, used 18489K [0x67000000, 0x69980000, 0x91ac0000)
  object space 42496K, 43% used [0x67000000,0x6820e7c8,0x69980000)
 Metaspace       used 3892K, capacity 3910K, committed 3992K, reserved 4400K
}
Event: 2.546 GC heap before
{Heap before GC invocations=7 (full 0):
 PSYoungGen      total 139264K, used 136782K [0x91ac0000, 0x9b5c0000, 0xa7000000)
  eden space 125184K, 100% used [0x91ac0000,0x99500000,0x99500000)
  from space 14080K, 82% used [0x9a480000,0x9afd3a98,0x9b240000)
  to   space 15872K, 0% used [0x99500000,0x99500000,0x9a480000)
 ParOldGen       total 42496K, used 18489K [0x67000000, 0x69980000, 0x91ac0000)
  object space 42496K, 43% used [0x67000000,0x6820e7c8,0x69980000)
 Metaspace       used 4071K, capacity 4102K, committed 4120K, reserved 4400K

Deoptimization events (10 events):
Event: 0.875 Thread 0x632ae000 Uncommon trap: reason=unreached action=reinterpret pc=0xa76bfd54 method=com.android.dx.rop.cst.Constant.compareTo(Lcom/android/dx/rop/cst/Constant;)I @ 12
Event: 1.003 Thread 0x632ab400 Uncommon trap: reason=null_check action=make_not_entrant pc=0xa7742e44 method=com.android.dx.ssa.SsaRenamer.getLocalForNewReg(I)Lcom/android/dx/rop/code/LocalItem; @ 19
Event: 1.106 Thread 0xb6507800 Uncommon trap: reason=null_check action=make_not_entrant pc=0xa775bb48 method=com.android.dx.ssa.SsaRenamer.getLocalForNewReg(I)Lcom/android/dx/rop/code/LocalItem; @ 19
Event: 1.128 Thread 0xb6507800 Uncommon trap: reason=bimorphic action=maybe_recompile pc=0xa76c3944 method=java.util.HashMap.getNode(ILjava/lang/Object;)Ljava/util/HashMap$Node; @ 126
Event: 1.702 Thread 0x63280400 Uncommon trap: reason=unreached action=reinterpret pc=0xa78a6bf8 method=com.android.dx.rop.code.RegisterSpec.intersect(Lcom/android/dx/rop/code/RegisterSpec;Z)Lcom/android/dx/rop/code/RegisterSpec; @ 59
Event: 1.850 Thread 0x632acc00 Uncommon trap: reason=unreached action=reinterpret pc=0xa7888dfc method=com.android.dx.ssa.SsaMethod.updateOneDefinition(Lcom/android/dx/ssa/SsaInsn;Lcom/android/dx/rop/code/RegisterSpec;)V @ 4
Event: 2.116 Thread 0x63280400 Uncommon trap: reason=unreached action=reinterpret pc=0xa776f9a8 method=java.util.HashMap.getNode(ILjava/lang/Object;)Ljava/util/HashMap$Node; @ 84
Event: 2.143 Thread 0xb6507800 Uncommon trap: reason=unreached action=reinterpret pc=0xa76c01f4 method=java.util.HashMap.getNode(ILjava/lang/Object;)Ljava/util/HashMap$Node; @ 84
Event: 2.245 Thread 0x632ab400 Uncommon trap: reason=unreached action=reinterpret pc=0xa7972150 method=com.android.dx.rop.code.LocalVariableExtractor.processBlock(I)V @ 195
Event: 2.401 Thread 0x632ae000 Uncommon trap: reason=unreached action=reinterpret pc=0xa77cda5c method=java.util.HashMap.getNode(ILjava/lang/Object;)Ljava/util/HashMap$Node; @ 84

Internal exceptions (10 events):
Event: 0.847 Thread 0x632ae000 Exception <a 'java/security/PrivilegedActionException'> (0x937f4988) thrown at [/HUDSON3/workspace/8-2-build-linux-i586/jdk8u31/2394/hotspot/src/share/vm/prims/jvm.cpp, line 1312]
Event: 0.973 Thread 0x632ae000 Exception <a 'java/security/PrivilegedActionException'> (0x92257d48) thrown at [/HUDSON3/workspace/8-2-build-linux-i586/jdk8u31/2394/hotspot/src/share/vm/prims/jvm.cpp, line 1312]
Event: 1.003 Thread 0x632ab400 Implicit null exception at 0xa7740fe1 to 0xa7742e35
Event: 1.106 Thread 0xb6507800 Implicit null exception at 0xa7759c4a to 0xa775bb39
Event: 1.216 Thread 0xb6507800 Exception <a 'java/security/PrivilegedActionException'> (0x91d77f70) thrown at [/HUDSON3/workspace/8-2-build-linux-i586/jdk8u31/2394/hotspot/src/share/vm/prims/jvm.cpp, line 1312]
Event: 1.454 Thread 0xb6507800 Exception <a 'java/security/PrivilegedActionException'> (0x94865300) thrown at [/HUDSON3/workspace/8-2-build-linux-i586/jdk8u31/2394/hotspot/src/share/vm/prims/jvm.cpp, line 1312]
Event: 1.849 Thread 0x632acc00 Exception <a 'java/security/PrivilegedActionException'> (0x955083f8) thrown at [/HUDSON3/workspace/8-2-build-linux-i586/jdk8u31/2394/hotspot/src/share/vm/prims/jvm.cpp, line 1312]
Event: 2.113 Thread 0x63280400 Exception <a 'java/lang/ArrayIndexOutOfBoundsException': 18> (0x941047f0) thrown at [/HUDSON3/workspace/8-2-build-linux-i586/jdk8u31/2394/hotspot/src/share/vm/interpreter/interpreterRuntime.cpp, line 366]
Event: 2.113 Thread 0x63280400 Exception <a 'java/lang/ArrayIndexOutOfBoundsException': 145> (0x94105fb8) thrown at [/HUDSON3/workspace/8-2-build-linux-i586/jdk8u31/2394/hotspot/src/share/vm/interpreter/interpreterRuntime.cpp, line 366]
Event: 2.114 Thread 0x63280400 Exception <a 'java/lang/ArrayIndexOutOfBoundsException'> (0x94106fd8) thrown at [/HUDSON3/workspace/8-2-build-linux-i586/jdk8u31/2394/hotspot/src/share/vm/runtime/sharedRuntime.cpp, line 604]

Events (10 events):
Event: 2.443 Thread 0x632ae000 DEOPT UNPACKING pc=0xa753c310 sp=0x62d5c924 mode 0
Event: 2.472 Thread 0x63280400 DEOPT PACKING pc=0xa7811b1e sp=0x633a9860
Event: 2.472 Thread 0x63280400 DEOPT UNPACKING pc=0xa753c310 sp=0x633a96d0 mode 0
Event: 2.475 Thread 0x632ab400 DEOPT PACKING pc=0xa78d2ea9 sp=0x62dfe690
Event: 2.475 Thread 0x632ab400 DEOPT UNPACKING pc=0xa753c310 sp=0x62dfe52c mode 0
Event: 2.485 Thread 0x632ab400 DEOPT PACKING pc=0xa77e2293 sp=0x62dfe730
Event: 2.485 Thread 0x632ab400 DEOPT UNPACKING pc=0xa753c310 sp=0x62dfe5c0 mode 0
Event: 2.545 Thread 0x632acc00 DEOPT PACKING pc=0xa794c2be sp=0x62dada20
Event: 2.545 Thread 0x632acc00 DEOPT UNPACKING pc=0xa753c310 sp=0x62dad8e4 mode 0
Event: 2.545 Executing VM operation: ParallelGCFailedAllocation


Dynamic libraries:
08048000-08049000 r-xp 00000000 08:06 1556514    /usr/lib/jvm/java-8-oracle/bin/java
08049000-0804a000 rw-p 00000000 08:06 1556514    /usr/lib/jvm/java-8-oracle/bin/java
08282000-08321000 rw-p 00000000 00:00 0          [heap]
62200000-622f0000 rw-p 00000000 00:00 0 
622f0000-62300000 ---p 00000000 00:00 0 
62300000-623f8000 rw-p 00000000 00:00 0 
623f8000-62400000 ---p 00000000 00:00 0 
62400000-62422000 rw-p 00000000 00:00 0 
62422000-62500000 ---p 00000000 00:00 0 
62600000-626f9000 rw-p 00000000 00:00 0 
626f9000-62700000 ---p 00000000 00:00 0 
62700000-62764000 rw-p 00000000 00:00 0 
62764000-62800000 ---p 00000000 00:00 0 
62800000-62900000 rw-p 00000000 00:00 0 
62900000-629ff000 rw-p 00000000 00:00 0 
629ff000-62a00000 ---p 00000000 00:00 0 
62a00000-62af7000 rw-p 00000000 00:00 0 
62af7000-62b00000 ---p 00000000 00:00 0 
62c00000-62cfd000 rw-p 00000000 00:00 0 
62cfd000-62d00000 ---p 00000000 00:00 0 
62d0d000-62d10000 ---p 00000000 00:00 0 
62d10000-62d5e000 rw-p 00000000 00:00 0          [stack:17040]
62d5e000-62d61000 ---p 00000000 00:00 0 
62d61000-62daf000 rw-p 00000000 00:00 0          [stack:17039]
62daf000-62db2000 ---p 00000000 00:00 0 
62db2000-62e00000 rw-p 00000000 00:00 0          [stack:17038]
62e00000-62f00000 rw-p 00000000 00:00 0 
62f00000-62fff000 rw-p 00000000 00:00 0 
62fff000-63000000 ---p 00000000 00:00 0 
63000000-630fc000 rw-p 00000000 00:00 0 
630fc000-63100000 ---p 00000000 00:00 0 
63100000-63200000 rw-p 00000000 00:00 0 
63200000-63300000 rw-p 00000000 00:00 0 
63309000-6330c000 ---p 00000000 00:00 0 
6330c000-6335a000 rw-p 00000000 00:00 0          [stack:17037]
6335a000-6335d000 ---p 00000000 00:00 0 
6335d000-633ab000 rw-p 00000000 00:00 0          [stack:17036]
633ab000-633ac000 ---p 00000000 00:00 0 
633ac000-6342c000 rw-p 00000000 00:00 0          [stack:17035]
6342c000-6342f000 ---p 00000000 00:00 0 
6342f000-6347d000 rw-p 00000000 00:00 0          [stack:17034]
6347d000-63480000 ---p 00000000 00:00 0 
63480000-634fe000 rw-p 00000000 00:00 0          [stack:17033]
634fe000-63501000 ---p 00000000 00:00 0 
63501000-6357f000 rw-p 00000000 00:00 0          [stack:17032]
6357f000-63582000 ---p 00000000 00:00 0 
63582000-63600000 rw-p 00000000 00:00 0          [stack:17031]
63600000-63800000 r--p 00000000 08:06 1093651    /usr/lib/locale/locale-archive
63800000-6382b000 rw-p 00000000 00:00 0 
6382b000-63900000 ---p 00000000 00:00 0 
63900000-63a00000 rw-p 00000000 00:00 0 
63a0d000-63a10000 ---p 00000000 00:00 0 
63a10000-63a5e000 rw-p 00000000 00:00 0          [stack:17030]
63a5e000-63a61000 ---p 00000000 00:00 0 
63a61000-63aaf000 rw-p 00000000 00:00 0          [stack:17029]
63aaf000-63ab2000 ---p 00000000 00:00 0 
63ab2000-63b00000 rw-p 00000000 00:00 0          [stack:17028]
63b00000-63bfb000 rw-p 00000000 00:00 0 
63bfb000-63c00000 ---p 00000000 00:00 0 
63c0e000-63c0f000 ---p 00000000 00:00 0 
63c0f000-63cde000 rw-p 00000000 00:00 0          [stack:17027]
63cde000-63eb4000 r--s 03cae000 08:06 1516955    /usr/lib/jvm/java-8-oracle/jre/lib/rt.jar
63eb4000-642ba000 rw-p 00000000 00:00 0 
642ba000-64300000 ---p 00000000 00:00 0 
64300000-66700000 rw-p 00000000 00:00 0 
66700000-667e3000 rw-p 00000000 00:00 0 
667e3000-66800000 ---p 00000000 00:00 0 
66824000-6687f000 rw-p 00000000 00:00 0 
6687f000-66880000 ---p 00000000 00:00 0 
66880000-66900000 rw-p 00000000 00:00 0          [stack:17026]
66900000-66921000 rw-p 00000000 00:00 0 
66921000-66a00000 ---p 00000000 00:00 0 
66a00000-66b00000 rw-p 00000000 00:00 0 
66b00000-66b21000 rw-p 00000000 00:00 0 
66b21000-66c00000 ---p 00000000 00:00 0 
66c28000-66c29000 ---p 00000000 00:00 0 
66c29000-66cbe000 rw-p 00000000 00:00 0          [stack:17025]
66cbe000-66dff000 ---p 00000000 00:00 0 
66dff000-66e14000 rw-p 00000000 00:00 0 
66e14000-66f54000 ---p 00000000 00:00 0 
66f54000-66fa2000 rw-p 00000000 00:00 0 
66fa2000-66fff000 ---p 00000000 00:00 0 
66fff000-69980000 rw-p 00000000 00:00 0 
69980000-91ac0000 ---p 00000000 00:00 0 
91ac0000-9b5c0000 rw-p 00000000 00:00 0 
a3c71000-a3e00000 rw-p 00000000 00:00 0 
a3e00000-a3e63000 rw-p 00000000 00:00 0 
a3e63000-a3f00000 ---p 00000000 00:00 0 
a4000000-a4076000 rw-p 00000000 00:00 0 
a4076000-a4100000 ---p 00000000 00:00 0 
a410c000-a41c0000 rw-p 00000000 00:00 0 
a41c0000-a7000000 ---p 00000000 00:00 0 
a7006000-a703e000 r--s 002c7000 08:06 139494     /home/priya/matrix/Kurukshetra/app/build/intermediates/transforms/jarMerging/debug/jars/1/1f/combined.jar
a703e000-a703f000 ---p 00000000 00:00 0 
a703f000-a70bf000 rw-p 00000000 00:00 0          [stack:17024]
a70bf000-a70c0000 ---p 00000000 00:00 0 
a70c0000-a7156000 rw-p 00000000 00:00 0          [stack:17023]
a7156000-a7500000 ---p 00000000 00:00 0 
a7500000-a7a58000 rwxp 00000000 00:00 0 
a7a58000-b6500000 ---p 00000000 00:00 0 
b6500000-b65fa000 rw-p 00000000 00:00 0 
b65fa000-b6600000 ---p 00000000 00:00 0 
b6603000-b661b000 rw-p 00000000 00:00 0 
b661b000-b6634000 r-xp 00000000 08:06 1549768    /usr/lib/jvm/java-8-oracle/jre/lib/i386/libzip.so
b6634000-b6635000 rw-p 00018000 08:06 1549768    /usr/lib/jvm/java-8-oracle/jre/lib/i386/libzip.so
b6635000-b6640000 r-xp 00000000 08:06 1933402    /lib/i386-linux-gnu/libnss_files-2.19.so
b6640000-b6641000 r--p 0000a000 08:06 1933402    /lib/i386-linux-gnu/libnss_files-2.19.so
b6641000-b6642000 rw-p 0000b000 08:06 1933402    /lib/i386-linux-gnu/libnss_files-2.19.so
b6642000-b664c000 r-xp 00000000 08:06 1933406    /lib/i386-linux-gnu/libnss_nis-2.19.so
b664c000-b664d000 r--p 00009000 08:06 1933406    /lib/i386-linux-gnu/libnss_nis-2.19.so
b664d000-b664e000 rw-p 0000a000 08:06 1933406    /lib/i386-linux-gnu/libnss_nis-2.19.so
b664e000-b6663000 r-xp 00000000 08:06 1933415    /lib/i386-linux-gnu/libnsl-2.19.so
b6663000-b6664000 r--p 00015000 08:06 1933415    /lib/i386-linux-gnu/libnsl-2.19.so
b6664000-b6665000 rw-p 00016000 08:06 1933415    /lib/i386-linux-gnu/libnsl-2.19.so
b6665000-b6667000 rw-p 00000000 00:00 0 
b6667000-b666e000 r-xp 00000000 08:06 1933343    /lib/i386-linux-gnu/libnss_compat-2.19.so
b666e000-b666f000 r--p 00006000 08:06 1933343    /lib/i386-linux-gnu/libnss_compat-2.19.so
b666f000-b6670000 rw-p 00007000 08:06 1933343    /lib/i386-linux-gnu/libnss_compat-2.19.so
b6674000-b6676000 rw-p 00000000 00:00 0 
b6676000-b6685000 r--s 000df000 08:06 3122779    /home/priya/Android/Sdk/build-tools/23.0.2/lib/dx.jar
b6685000-b6686000 r--p 00850000 08:06 1093651    /usr/lib/locale/locale-archive
b6686000-b66aa000 r-xp 00000000 08:06 1549783    /usr/lib/jvm/java-8-oracle/jre/lib/i386/libjava.so
b66aa000-b66ab000 rw-p 00023000 08:06 1549783    /usr/lib/jvm/java-8-oracle/jre/lib/i386/libjava.so
b66ab000-b66b2000 r-xp 00000000 08:06 1933332    /lib/i386-linux-gnu/librt-2.19.so
b66b2000-b66b3000 r--p 00006000 08:06 1933332    /lib/i386-linux-gnu/librt-2.19.so
b66b3000-b66b4000 rw-p 00007000 08:06 1933332    /lib/i386-linux-gnu/librt-2.19.so
b66b4000-b66b7000 ---p 00000000 00:00 0 
b66b7000-b6705000 rw-p 00000000 00:00 0          [stack:17022]
b6705000-b6749000 r-xp 00000000 08:06 1933416    /lib/i386-linux-gnu/libm-2.19.so
b6749000-b674a000 r--p 00043000 08:06 1933416    /lib/i386-linux-gnu/libm-2.19.so
b674a000-b674b000 rw-p 00044000 08:06 1933416    /lib/i386-linux-gnu/libm-2.19.so
b674b000-b7088000 r-xp 00000000 08:06 1549788    /usr/lib/jvm/java-8-oracle/jre/lib/i386/server/libjvm.so
b7088000-b70f4000 rw-p 0093c000 08:06 1549788    /usr/lib/jvm/java-8-oracle/jre/lib/i386/server/libjvm.so
b70f4000-b7519000 rw-p 00000000 00:00 0 
b7519000-b76c2000 r-xp 00000000 08:06 1933403    /lib/i386-linux-gnu/libc-2.19.so
b76c2000-b76c4000 r--p 001a9000 08:06 1933403    /lib/i386-linux-gnu/libc-2.19.so
b76c4000-b76c5000 rw-p 001ab000 08:06 1933403    /lib/i386-linux-gnu/libc-2.19.so
b76c5000-b76c8000 rw-p 00000000 00:00 0 
b76c8000-b76cb000 r-xp 00000000 08:06 1933409    /lib/i386-linux-gnu/libdl-2.19.so
b76cb000-b76cc000 r--p 00002000 08:06 1933409    /lib/i386-linux-gnu/libdl-2.19.so
b76cc000-b76cd000 rw-p 00003000 08:06 1933409    /lib/i386-linux-gnu/libdl-2.19.so
b76cd000-b76e1000 r-xp 00000000 08:06 1550414    /usr/lib/jvm/java-8-oracle/lib/i386/jli/libjli.so
b76e1000-b76e2000 rw-p 00013000 08:06 1550414    /usr/lib/jvm/java-8-oracle/lib/i386/jli/libjli.so
b76e2000-b76e3000 rw-p 00000000 00:00 0 
b76e3000-b76fb000 r-xp 00000000 08:06 1933405    /lib/i386-linux-gnu/libpthread-2.19.so
b76fb000-b76fc000 r--p 00018000 08:06 1933405    /lib/i386-linux-gnu/libpthread-2.19.so
b76fc000-b76fd000 rw-p 00019000 08:06 1933405    /lib/i386-linux-gnu/libpthread-2.19.so
b76fd000-b76ff000 rw-p 00000000 00:00 0 
b76ff000-b7707000 rw-s 00000000 08:06 386023     /tmp/hsperfdata_priya/17017
b7707000-b7708000 rw-p 00000000 00:00 0 
b7708000-b7709000 ---p 00000000 00:00 0 
b7709000-b7714000 r-xp 00000000 08:06 1549739    /usr/lib/jvm/java-8-oracle/jre/lib/i386/libverify.so
b7714000-b7715000 rw-p 0000b000 08:06 1549739    /usr/lib/jvm/java-8-oracle/jre/lib/i386/libverify.so
b7715000-b7717000 rw-p 00000000 00:00 0 
b7717000-b7718000 r-xp 00000000 00:00 0          [vdso]
b7718000-b7738000 r-xp 00000000 08:06 1936058    /lib/i386-linux-gnu/ld-2.19.so
b7738000-b7739000 r--p 0001f000 08:06 1936058    /lib/i386-linux-gnu/ld-2.19.so
b7739000-b773a000 rw-p 00020000 08:06 1936058    /lib/i386-linux-gnu/ld-2.19.so
bfa34000-bfa35000 rwxp 00000000 00:00 0 
bfa67000-bfa88000 rw-p 00000000 00:00 0          [stack]

VM Arguments:
jvm_args: -Djava.awt.headless=true -Xmx1024M -Dfile.encoding=UTF-8 -Duser.country=IN -Duser.language=en -Duser.variant 
java_command: com.android.dx.command.Main --dex --num-threads=4 --multi-dex --main-dex-list /home/priya/matrix/Kurukshetra/app/build/intermediates/multi-dex/debug/maindexlist.txt --output /home/priya/matrix/Kurukshetra/app/build/intermediates/transforms/dex/debug/folders/1000/1f/main /home/priya/matrix/Kurukshetra/app/build/intermediates/transforms/jarMerging/debug/jars/1/1f/combined.jar
java_class_path (initial): /home/priya/Android/Sdk/build-tools/23.0.2/lib/dx.jar
Launcher Type: SUN_STANDARD

Environment Variables:
JAVA_HOME=/usr/lib/jvm/java-8-oracle
PATH=/usr/local/sbin:/usr/local/bin:/usr/sbin:/usr/bin:/sbin:/bin:/usr/games:/usr/local/games
LD_LIBRARY_PATH=matrix/android-studio/bin:
SHELL=/bin/bash
DISPLAY=:0

Signal Handlers:
SIGSEGV: [libjvm.so+0x894cb0], sa_mask[0]=11111111011111111101111111111110, sa_flags=SA_RESTART|SA_SIGINFO
SIGBUS: [libjvm.so+0x894cb0], sa_mask[0]=11111111011111111101111111111110, sa_flags=SA_RESTART|SA_SIGINFO
SIGFPE: [libjvm.so+0x71dd00], sa_mask[0]=11111111011111111101111111111110, sa_flags=SA_RESTART|SA_SIGINFO
SIGPIPE: [libjvm.so+0x71dd00], sa_mask[0]=11111111011111111101111111111110, sa_flags=SA_RESTART|SA_SIGINFO
SIGXFSZ: [libjvm.so+0x71dd00], sa_mask[0]=11111111011111111101111111111110, sa_flags=SA_RESTART|SA_SIGINFO
SIGILL: [libjvm.so+0x71dd00], sa_mask[0]=11111111011111111101111111111110, sa_flags=SA_RESTART|SA_SIGINFO
SIGUSR1: SIG_DFL, sa_mask[0]=00000000000000000000000000000000, sa_flags=none
SIGUSR2: [libjvm.so+0x71f4b0], sa_mask[0]=00100000000000000000000000000000, sa_flags=SA_RESTART|SA_SIGINFO
SIGHUP: [libjvm.so+0x7209b0], sa_mask[0]=11111111011111111101111111111110, sa_flags=SA_RESTART|SA_SIGINFO
SIGINT: [libjvm.so+0x7209b0], sa_mask[0]=11111111011111111101111111111110, sa_flags=SA_RESTART|SA_SIGINFO
SIGTERM: [libjvm.so+0x7209b0], sa_mask[0]=11111111011111111101111111111110, sa_flags=SA_RESTART|SA_SIGINFO
SIGQUIT: [libjvm.so+0x7209b0], sa_mask[0]=11111111011111111101111111111110, sa_flags=SA_RESTART|SA_SIGINFO


---------------  S Y S T E M  ---------------

OS:DISTRIB_ID=Ubuntu
DISTRIB_RELEASE=14.04
DISTRIB_CODENAME=trusty
DISTRIB_DESCRIPTION="Ubuntu 14.04.1 LTS"

uname:Linux 3.13.0-45-generic #74-Ubuntu SMP Tue Jan 13 19:37:48 UTC 2015 i686
libc:glibc 2.19 NPTL 2.19 
rlimit: STACK 8192k, CORE 0k, NPROC 31374, NOFILE 4096, AS infinity
load average:1.71 2.25 2.38

/proc/meminfo:
MemTotal:        4035208 kB
MemFree:          235224 kB
Buffers:           13224 kB
Cached:           777604 kB
SwapCached:            0 kB
Active:          2509608 kB
Inactive:         724956 kB
Active(anon):    2448352 kB
Inactive(anon):   666888 kB
Active(file):      61256 kB
Inactive(file):    58068 kB
Unevictable:          96 kB
Mlocked:              96 kB
HighTotal:       3182980 kB
HighFree:          48124 kB
LowTotal:         852228 kB
LowFree:          187100 kB
SwapTotal:             0 kB
SwapFree:              0 kB
Dirty:                 0 kB
Writeback:             0 kB
AnonPages:       2443812 kB
Mapped:           782788 kB
Shmem:            671396 kB
Slab:              55896 kB
SReclaimable:      28052 kB
SUnreclaim:        27844 kB
KernelStack:        5088 kB
PageTables:        17292 kB
NFS_Unstable:          0 kB
Bounce:                0 kB
WritebackTmp:          0 kB
CommitLimit:     2017604 kB
Committed_AS:    8140132 kB
VmallocTotal:     122880 kB
VmallocUsed:       73696 kB
VmallocChunk:      19840 kB
HardwareCorrupted:     0 kB
AnonHugePages:   1179648 kB
HugePages_Total:       0
HugePages_Free:        0
HugePages_Rsvd:        0
HugePages_Surp:        0
Hugepagesize:       2048 kB
DirectMap4k:       40952 kB
DirectMap2M:      872448 kB


CPU:total 4 (2 cores per cpu, 2 threads per core) family 6 model 69 stepping 1, cmov, cx8, fxsr, mmx, sse, sse2, sse3, ssse3, sse4.1, sse4.2, popcnt, avx, avx2, aes, clmul, erms, lzcnt, ht, tsc, tscinvbit, bmi1, bmi2

/proc/cpuinfo:
processor	: 0
vendor_id	: GenuineIntel
cpu family	: 6
model		: 69
model name	: Intel(R) Core(TM) i5-4210U CPU @ 1.70GHz
stepping	: 1
microcode	: 0x17
cpu MHz		: 782.000
cache size	: 3072 KB
physical id	: 0
siblings	: 4
core id		: 0
cpu cores	: 2
apicid		: 0
initial apicid	: 0
fdiv_bug	: no
f00f_bug	: no
coma_bug	: no
fpu		: yes
fpu_exception	: yes
cpuid level	: 13
wp		: yes
flags		: fpu vme de pse tsc msr pae mce cx8 apic sep mtrr pge mca cmov pat pse36 clflush dts acpi mmx fxsr sse sse2 ss ht tm pbe nx pdpe1gb rdtscp lm constant_tsc arch_perfmon pebs bts xtopology nonstop_tsc aperfmperf eagerfpu pni pclmulqdq dtes64 monitor ds_cpl vmx est tm2 ssse3 fma cx16 xtpr pdcm pcid sse4_1 sse4_2 movbe popcnt tsc_deadline_timer aes xsave avx f16c rdrand lahf_lm abm ida arat epb xsaveopt pln pts dtherm tpr_shadow vnmi flexpriority ept vpid fsgsbase tsc_adjust bmi1 avx2 smep bmi2 erms invpcid
bogomips	: 3392.19
clflush size	: 64
cache_alignment	: 64
address sizes	: 39 bits physical, 48 bits virtual
power management:

processor	: 1
vendor_id	: GenuineIntel
cpu family	: 6
model		: 69
model name	: Intel(R) Core(TM) i5-4210U CPU @ 1.70GHz
stepping	: 1
microcode	: 0x17
cpu MHz		: 782.000
cache size	: 3072 KB
physical id	: 0
siblings	: 4
core id		: 1
cpu cores	: 2
apicid		: 2
initial apicid	: 2
fdiv_bug	: no
f00f_bug	: no
coma_bug	: no
fpu		: yes
fpu_exception	: yes
cpuid level	: 13
wp		: yes
flags		: fpu vme de pse tsc msr pae mce cx8 apic sep mtrr pge mca cmov pat pse36 clflush dts acpi mmx fxsr sse sse2 ss ht tm pbe nx pdpe1gb rdtscp lm constant_tsc arch_perfmon pebs bts xtopology nonstop_tsc aperfmperf eagerfpu pni pclmulqdq dtes64 monitor ds_cpl vmx est tm2 ssse3 fma cx16 xtpr pdcm pcid sse4_1 sse4_2 movbe popcnt tsc_deadline_timer aes xsave avx f16c rdrand lahf_lm abm ida arat epb xsaveopt pln pts dtherm tpr_shadow vnmi flexpriority ept vpid fsgsbase tsc_adjust bmi1 avx2 smep bmi2 erms invpcid
bogomips	: 3392.19
clflush size	: 64
cache_alignment	: 64
address sizes	: 39 bits physical, 48 bits virtual
power management:

processor	: 2
vendor_id	: GenuineIntel
cpu family	: 6
model		: 69
model name	: Intel(R) Core(TM) i5-4210U CPU @ 1.70GHz
stepping	: 1
microcode	: 0x17
cpu MHz		: 782.000
cache size	: 3072 KB
physical id	: 0
siblings	: 4
core id		: 0
cpu cores	: 2
apicid		: 1
initial apicid	: 1
fdiv_bug	: no
f00f_bug	: no
coma_bug	: no
fpu		: yes
fpu_exception	: yes
cpuid level	: 13
wp		: yes
flags		: fpu vme de pse tsc msr pae mce cx8 apic sep mtrr pge mca cmov pat pse36 clflush dts acpi mmx fxsr sse sse2 ss ht tm pbe nx pdpe1gb rdtscp lm constant_tsc arch_perfmon pebs bts xtopology nonstop_tsc aperfmperf eagerfpu pni pclmulqdq dtes64 monitor ds_cpl vmx est tm2 ssse3 fma cx16 xtpr pdcm pcid sse4_1 sse4_2 movbe popcnt tsc_deadline_timer aes xsave avx f16c rdrand lahf_lm abm ida arat epb xsaveopt pln pts dtherm tpr_shadow vnmi flexpriority ept vpid fsgsbase tsc_adjust bmi1 avx2 smep bmi2 erms invpcid
bogomips	: 3392.19
clflush size	: 64
cache_alignment	: 64
address sizes	: 39 bits physical, 48 bits virtual
power management:

processor	: 3
vendor_id	: GenuineIntel
cpu family	: 6
model		: 69
model name	: Intel(R) Core(TM) i5-4210U CPU @ 1.70GHz
stepping	: 1
microcode	: 0x17
cpu MHz		: 1700.000
cache size	: 3072 KB
physical id	: 0
siblings	: 4
core id		: 1
cpu cores	: 2
apicid		: 3
initial apicid	: 3
fdiv_bug	: no
f00f_bug	: no
coma_bug	: no
fpu		: yes
fpu_exception	: yes
cpuid level	: 13
wp		: yes
flags		: fpu vme de pse tsc msr pae mce cx8 apic sep mtrr pge mca cmov pat pse36 clflush dts acpi mmx fxsr sse sse2 ss ht tm pbe nx pdpe1gb rdtscp lm constant_tsc arch_perfmon pebs bts xtopology nonstop_tsc aperfmperf eagerfpu pni pclmulqdq dtes64 monitor ds_cpl vmx est tm2 ssse3 fma cx16 xtpr pdcm pcid sse4_1 sse4_2 movbe popcnt tsc_deadline_timer aes xsave avx f16c rdrand lahf_lm abm ida arat epb xsaveopt pln pts dtherm tpr_shadow vnmi flexpriority ept vpid fsgsbase tsc_adjust bmi1 avx2 smep bmi2 erms invpcid
bogomips	: 3392.19
clflush size	: 64
cache_alignment	: 64
address sizes	: 39 bits physical, 48 bits virtual
power management:



Memory: 4k page, physical 4035208k(235224k free), swap 0k(0k free)

vm_info: Java HotSpot(TM) Server VM (25.31-b07) for linux-x86 JRE (1.8.0_31-b13), built on Dec 17 2014 20:50:14 by "java_re" with gcc 4.3.0 20080428 (Red Hat 4.3.0-8)

time: Sat Dec 19 03:14:17 2015
elapsed time: 2 seconds (0d 0h 0m 2s)

